[ 2016-02-25T15:13:45+08:00 ] 127.0.0.1 /js(object)/2-25/index.php
INFO: [ app_init ] --START--
INFO: Run Behavior\BuildLiteBehavior [ RunTime:0.000021s ]
INFO: [ app_init ] --END-- [ RunTime:0.000125s ]
INFO: [ app_begin ] --START--
INFO: Run Behavior\ReadHtmlCacheBehavior [ RunTime:0.000930s ]
INFO: [ app_begin ] --END-- [ RunTime:0.001056s ]
INFO: [ view_parse ] --START--
INFO: [ template_filter ] --START--
INFO: Run Behavior\ContentReplaceBehavior [ RunTime:0.000051s ]
INFO: [ template_filter ] --END-- [ RunTime:0.000141s ]
INFO: Run Behavior\ParseTemplateBehavior [ RunTime:0.008142s ]
INFO: [ view_parse ] --END-- [ RunTime:0.008309s ]
INFO: [ view_filter ] --START--
INFO: Run Behavior\WriteHtmlCacheBehavior [ RunTime:0.000757s ]
INFO: [ view_filter ] --END-- [ RunTime:0.000884s ]
INFO: [ app_end ] --START--
INFO: Run Behavior\ShowPageTraceBehavior [ RunTime:0.000824s ]
INFO: [ app_end ] --END-- [ RunTime:0.000908s ]

[ 2016-02-25T15:14:00+08:00 ] 127.0.0.1 /js(object)/2-25/index.php
INFO: [ app_init ] --START--
INFO: Run Behavior\BuildLiteBehavior [ RunTime:0.000034s ]
INFO: [ app_init ] --END-- [ RunTime:0.000553s ]
INFO: [ app_begin ] --START--
INFO: Run Behavior\ReadHtmlCacheBehavior [ RunTime:0.000554s ]
INFO: [ app_begin ] --END-- [ RunTime:0.000640s ]
INFO: [ view_parse ] --START--
INFO: Run Behavior\ParseTemplateBehavior [ RunTime:0.000312s ]
INFO: [ view_parse ] --END-- [ RunTime:0.000403s ]
INFO: [ view_filter ] --START--
INFO: Run Behavior\WriteHtmlCacheBehavior [ RunTime:0.000450s ]
INFO: [ view_filter ] --END-- [ RunTime:0.000647s ]
INFO: [ app_end ] --START--
INFO: Run Behavior\ShowPageTraceBehavior [ RunTime:0.000839s ]
INFO: [ app_end ] --END-- [ RunTime:0.000920s ]

[ 2016-02-25T15:43:57+08:00 ] 127.0.0.1 /js(object)/2-25/index.php
INFO: [ app_init ] --START--
INFO: Run Behavior\BuildLiteBehavior [ RunTime:0.000015s ]
INFO: [ app_init ] --END-- [ RunTime:0.000404s ]

[ 2016-02-25T16:10:37+08:00 ] 127.0.0.1 /js(object)/2-25/index.php
INFO: [ app_init ] --START--
INFO: Run Behavior\BuildLiteBehavior [ RunTime:0.000025s ]
INFO: [ app_init ] --END-- [ RunTime:0.000630s ]

[ 2016-02-25T16:10:47+08:00 ] 127.0.0.1 /js(object)/2-25/index.php
INFO: [ app_init ] --START--
INFO: Run Behavior\BuildLiteBehavior [ RunTime:0.000029s ]
INFO: [ app_init ] --END-- [ RunTime:0.000559s ]

[ 2016-02-25T16:12:25+08:00 ] 127.0.0.1 /js(object)/2-25/index.php
INFO: [ app_init ] --START--
INFO: Run Behavior\BuildLiteBehavior [ RunTime:0.000018s ]
INFO: [ app_init ] --END-- [ RunTime:0.000439s ]

[ 2016-02-25T16:14:31+08:00 ] 127.0.0.1 /js(object)/2-25/index.php
INFO: [ app_init ] --START--
INFO: Run Behavior\BuildLiteBehavior [ RunTime:0.000022s ]
INFO: [ app_init ] --END-- [ RunTime:0.000632s ]

[ 2016-02-25T16:16:23+08:00 ] 127.0.0.1 /js(object)/2-25/index.php
INFO: [ app_init ] --START--
INFO: Run Behavior\BuildLiteBehavior [ RunTime:0.000021s ]
INFO: [ app_init ] --END-- [ RunTime:0.000534s ]

[ 2016-02-25T16:18:17+08:00 ] 127.0.0.1 /js(object)/2-25/index.php
INFO: [ app_init ] --START--
INFO: Run Behavior\BuildLiteBehavior [ RunTime:0.000025s ]
INFO: [ app_init ] --END-- [ RunTime:0.000628s ]

[ 2016-02-25T16:18:17+08:00 ] 127.0.0.1 /js(object)/2-25/index.php
INFO: [ app_init ] --START--
INFO: Run Behavior\BuildLiteBehavior [ RunTime:0.000024s ]
INFO: [ app_init ] --END-- [ RunTime:0.000650s ]

[ 2016-02-25T16:18:18+08:00 ] 127.0.0.1 /js(object)/2-25/index.php
INFO: [ app_init ] --START--
INFO: Run Behavior\BuildLiteBehavior [ RunTime:0.000016s ]
INFO: [ app_init ] --END-- [ RunTime:0.000404s ]

[ 2016-02-25T16:18:18+08:00 ] 127.0.0.1 /js(object)/2-25/index.php
INFO: [ app_init ] --START--
INFO: Run Behavior\BuildLiteBehavior [ RunTime:0.000023s ]
INFO: [ app_init ] --END-- [ RunTime:0.000541s ]

[ 2016-02-25T16:18:18+08:00 ] 127.0.0.1 /js(object)/2-25/index.php
INFO: [ app_init ] --START--
INFO: Run Behavior\BuildLiteBehavior [ RunTime:0.000027s ]
INFO: [ app_init ] --END-- [ RunTime:0.000797s ]

[ 2016-02-25T16:18:18+08:00 ] 127.0.0.1 /js(object)/2-25/index.php
INFO: [ app_init ] --START--
INFO: Run Behavior\BuildLiteBehavior [ RunTime:0.000020s ]
INFO: [ app_init ] --END-- [ RunTime:0.000563s ]

[ 2016-02-25T16:18:18+08:00 ] 127.0.0.1 /js(object)/2-25/index.php
INFO: [ app_init ] --START--
INFO: Run Behavior\BuildLiteBehavior [ RunTime:0.000023s ]
INFO: [ app_init ] --END-- [ RunTime:0.000718s ]

[ 2016-02-25T16:18:18+08:00 ] 127.0.0.1 /js(object)/2-25/index.php
INFO: [ app_init ] --START--
INFO: Run Behavior\BuildLiteBehavior [ RunTime:0.000015s ]
INFO: [ app_init ] --END-- [ RunTime:0.000387s ]

[ 2016-02-25T16:18:19+08:00 ] 127.0.0.1 /js(object)/2-25/index.php
INFO: [ app_init ] --START--
INFO: Run Behavior\BuildLiteBehavior [ RunTime:0.000015s ]
INFO: [ app_init ] --END-- [ RunTime:0.000327s ]

[ 2016-02-25T16:18:19+08:00 ] 127.0.0.1 /js(object)/2-25/index.php
INFO: [ app_init ] --START--
INFO: Run Behavior\BuildLiteBehavior [ RunTime:0.000034s ]
INFO: [ app_init ] --END-- [ RunTime:0.000777s ]

[ 2016-02-25T16:18:19+08:00 ] 127.0.0.1 /js(object)/2-25/index.php
INFO: [ app_init ] --START--
INFO: Run Behavior\BuildLiteBehavior [ RunTime:0.000021s ]
INFO: [ app_init ] --END-- [ RunTime:0.000453s ]

[ 2016-02-25T16:18:19+08:00 ] 127.0.0.1 /js(object)/2-25/index.php
INFO: [ app_init ] --START--
INFO: Run Behavior\BuildLiteBehavior [ RunTime:0.000016s ]
INFO: [ app_init ] --END-- [ RunTime:0.000381s ]

[ 2016-02-25T16:19:26+08:00 ] 127.0.0.1 /js(object)/2-25/index.php
INFO: [ app_init ] --START--
INFO: Run Behavior\BuildLiteBehavior [ RunTime:0.000018s ]
INFO: [ app_init ] --END-- [ RunTime:0.000515s ]

[ 2016-02-25T16:19:27+08:00 ] 127.0.0.1 /js(object)/2-25/index.php
INFO: [ app_init ] --START--
INFO: Run Behavior\BuildLiteBehavior [ RunTime:0.000019s ]
INFO: [ app_init ] --END-- [ RunTime:0.000410s ]

[ 2016-02-25T16:19:27+08:00 ] 127.0.0.1 /js(object)/2-25/index.php
INFO: [ app_init ] --START--
INFO: Run Behavior\BuildLiteBehavior [ RunTime:0.000024s ]
INFO: [ app_init ] --END-- [ RunTime:0.000570s ]

[ 2016-02-25T16:19:27+08:00 ] 127.0.0.1 /js(object)/2-25/index.php
INFO: [ app_init ] --START--
INFO: Run Behavior\BuildLiteBehavior [ RunTime:0.000023s ]
INFO: [ app_init ] --END-- [ RunTime:0.000556s ]

[ 2016-02-25T16:19:27+08:00 ] 127.0.0.1 /js(object)/2-25/index.php
INFO: [ app_init ] --START--
INFO: Run Behavior\BuildLiteBehavior [ RunTime:0.000025s ]
INFO: [ app_init ] --END-- [ RunTime:0.000605s ]

[ 2016-02-25T16:19:27+08:00 ] 127.0.0.1 /js(object)/2-25/index.php
INFO: [ app_init ] --START--
INFO: Run Behavior\BuildLiteBehavior [ RunTime:0.000025s ]
INFO: [ app_init ] --END-- [ RunTime:0.000854s ]

[ 2016-02-25T16:19:27+08:00 ] 127.0.0.1 /js(object)/2-25/index.php
INFO: [ app_init ] --START--
INFO: Run Behavior\BuildLiteBehavior [ RunTime:0.000015s ]
INFO: [ app_init ] --END-- [ RunTime:0.000355s ]

[ 2016-02-25T16:19:33+08:00 ] 127.0.0.1 /js(object)/2-25/index.php
INFO: [ app_init ] --START--
INFO: Run Behavior\BuildLiteBehavior [ RunTime:0.000022s ]
INFO: [ app_init ] --END-- [ RunTime:0.000461s ]

[ 2016-02-25T16:24:13+08:00 ] 127.0.0.1 /js(object)/2-25/index.php
INFO: [ app_init ] --START--
INFO: Run Behavior\BuildLiteBehavior [ RunTime:0.000020s ]
INFO: [ app_init ] --END-- [ RunTime:0.000835s ]

[ 2016-02-25T16:25:29+08:00 ] 127.0.0.1 /js(object)/2-25/index.php
INFO: [ app_init ] --START--
INFO: Run Behavior\BuildLiteBehavior [ RunTime:0.000023s ]
INFO: [ app_init ] --END-- [ RunTime:0.000596s ]

[ 2016-02-25T16:25:30+08:00 ] 127.0.0.1 /js(object)/2-25/index.php
INFO: [ app_init ] --START--
INFO: Run Behavior\BuildLiteBehavior [ RunTime:0.000015s ]
INFO: [ app_init ] --END-- [ RunTime:0.000607s ]

[ 2016-02-25T16:25:30+08:00 ] 127.0.0.1 /js(object)/2-25/index.php
INFO: [ app_init ] --START--
INFO: Run Behavior\BuildLiteBehavior [ RunTime:0.000029s ]
INFO: [ app_init ] --END-- [ RunTime:0.000527s ]

[ 2016-02-25T16:25:30+08:00 ] 127.0.0.1 /js(object)/2-25/index.php
INFO: [ app_init ] --START--
INFO: Run Behavior\BuildLiteBehavior [ RunTime:0.000015s ]
INFO: [ app_init ] --END-- [ RunTime:0.000351s ]

[ 2016-02-25T16:25:30+08:00 ] 127.0.0.1 /js(object)/2-25/index.php
INFO: [ app_init ] --START--
INFO: Run Behavior\BuildLiteBehavior [ RunTime:0.000015s ]
INFO: [ app_init ] --END-- [ RunTime:0.000356s ]

[ 2016-02-25T16:25:34+08:00 ] 127.0.0.1 /js(object)/2-25/index.php
INFO: [ app_init ] --START--
INFO: Run Behavior\BuildLiteBehavior [ RunTime:0.000017s ]
INFO: [ app_init ] --END-- [ RunTime:0.000414s ]

[ 2016-02-25T16:25:46+08:00 ] 127.0.0.1 /js(object)/2-25/index.php/Home/Index/add/
INFO: [ app_init ] --START--
INFO: Run Behavior\BuildLiteBehavior [ RunTime:0.000029s ]
INFO: [ app_init ] --END-- [ RunTime:0.000754s ]
ERR: Think\Model:insert方法不存在！

[ 2016-02-25T16:28:53+08:00 ] 127.0.0.1 /js(object)/2-25/index.php/Home/Index/add/
INFO: [ app_init ] --START--
INFO: Run Behavior\BuildLiteBehavior [ RunTime:0.000016s ]
INFO: [ app_init ] --END-- [ RunTime:0.000432s ]

[ 2016-02-25T16:29:12+08:00 ] 127.0.0.1 /js(object)/2-25/index.php/Home/Index/add/
INFO: [ app_init ] --START--
INFO: Run Behavior\BuildLiteBehavior [ RunTime:0.000024s ]
INFO: [ app_init ] --END-- [ RunTime:0.000493s ]
ERR: Think\Model:insert方法不存在！

[ 2016-02-25T16:29:15+08:00 ] 127.0.0.1 /js(object)/2-25/index.php/Home/Index/add/
INFO: [ app_init ] --START--
INFO: Run Behavior\BuildLiteBehavior [ RunTime:0.000016s ]
INFO: [ app_init ] --END-- [ RunTime:0.000435s ]
ERR: Think\Model:insert方法不存在！

[ 2016-02-25T16:29:19+08:00 ] 127.0.0.1 /js(object)/2-25/index.php/Home/Index/add/
INFO: [ app_init ] --START--
INFO: Run Behavior\BuildLiteBehavior [ RunTime:0.000030s ]
INFO: [ app_init ] --END-- [ RunTime:0.000414s ]
ERR: Think\Model:insert方法不存在！

[ 2016-02-25T16:29:20+08:00 ] 127.0.0.1 /js(object)/2-25/index.php/Home/Index/add/
INFO: [ app_init ] --START--
INFO: Run Behavior\BuildLiteBehavior [ RunTime:0.000017s ]
INFO: [ app_init ] --END-- [ RunTime:0.000360s ]
ERR: Think\Model:insert方法不存在！

[ 2016-02-25T16:29:21+08:00 ] 127.0.0.1 /js(object)/2-25/index.php/Home/Index/add/
INFO: [ app_init ] --START--
INFO: Run Behavior\BuildLiteBehavior [ RunTime:0.000016s ]
INFO: [ app_init ] --END-- [ RunTime:0.000441s ]
ERR: Think\Model:insert方法不存在！

[ 2016-02-25T16:29:22+08:00 ] 127.0.0.1 /js(object)/2-25/index.php/Home/Index/add/
INFO: [ app_init ] --START--
INFO: Run Behavior\BuildLiteBehavior [ RunTime:0.000096s ]
INFO: [ app_init ] --END-- [ RunTime:0.000885s ]
ERR: Think\Model:insert方法不存在！

[ 2016-02-25T16:30:07+08:00 ] 127.0.0.1 /js(object)/2-25/index.php
INFO: [ app_init ] --START--
INFO: Run Behavior\BuildLiteBehavior [ RunTime:0.000017s ]
INFO: [ app_init ] --END-- [ RunTime:0.000403s ]

[ 2016-02-25T16:30:12+08:00 ] 127.0.0.1 /js(object)/2-25/index.php/Home/Index/add/
INFO: [ app_init ] --START--
INFO: Run Behavior\BuildLiteBehavior [ RunTime:0.000018s ]
INFO: [ app_init ] --END-- [ RunTime:0.000638s ]
ERR: Think\Model:insert方法不存在！

[ 2016-02-25T16:31:05+08:00 ] 127.0.0.1 /js(object)/2-25/index.php/Home/Index/add/
INFO: [ app_init ] --START--
INFO: Run Behavior\BuildLiteBehavior [ RunTime:0.000025s ]
INFO: [ app_init ] --END-- [ RunTime:0.000631s ]

[ 2016-02-25T16:31:06+08:00 ] 127.0.0.1 /js(object)/2-25/index.php/Home/Index/show.html
INFO: [ app_init ] --START--
INFO: Run Behavior\BuildLiteBehavior [ RunTime:0.000067s ]
INFO: [ app_init ] --END-- [ RunTime:0.001264s ]

[ 2016-02-25T16:31:06+08:00 ] 127.0.0.1 /js(object)/2-25/index.php/Home/Index/__root__/Public/Uploads/2016-02-25/56cebbc94de90.jpg
INFO: [ app_init ] --START--
INFO: Run Behavior\BuildLiteBehavior [ RunTime:0.000015s ]
INFO: [ app_init ] --END-- [ RunTime:0.000362s ]

[ 2016-02-25T16:31:32+08:00 ] 127.0.0.1 /js(object)/2-25/index.php/Home/Index/show.html
INFO: [ app_init ] --START--
INFO: Run Behavior\BuildLiteBehavior [ RunTime:0.000016s ]
INFO: [ app_init ] --END-- [ RunTime:0.000363s ]

[ 2016-02-25T16:31:56+08:00 ] 127.0.0.1 /js(object)/2-25/index.php/Home/Index/show.html
INFO: [ app_init ] --START--
INFO: Run Behavior\BuildLiteBehavior [ RunTime:0.000023s ]
INFO: [ app_init ] --END-- [ RunTime:0.000598s ]

[ 2016-02-25T16:32:02+08:00 ] 127.0.0.1 /js(object)/2-25/index.php/Home/Index/add/
INFO: [ app_init ] --START--
INFO: Run Behavior\BuildLiteBehavior [ RunTime:0.000014s ]
INFO: [ app_init ] --END-- [ RunTime:0.000374s ]

[ 2016-02-25T16:32:04+08:00 ] 127.0.0.1 /js(object)/2-25/index.php/Home/Index/show.html
INFO: [ app_init ] --START--
INFO: Run Behavior\BuildLiteBehavior [ RunTime:0.000031s ]
INFO: [ app_init ] --END-- [ RunTime:0.000972s ]

[ 2016-02-25T16:32:09+08:00 ] 127.0.0.1 /js(object)/2-25/index.php/Home/Index/show.html
INFO: [ app_init ] --START--
INFO: Run Behavior\BuildLiteBehavior [ RunTime:0.000018s ]
INFO: [ app_init ] --END-- [ RunTime:0.000604s ]

[ 2016-02-25T16:32:19+08:00 ] 127.0.0.1 /js(object)/2-25/index.php/Home/Index/add/
INFO: [ app_init ] --START--
INFO: Run Behavior\BuildLiteBehavior [ RunTime:0.000015s ]
INFO: [ app_init ] --END-- [ RunTime:0.000362s ]

[ 2016-02-25T16:32:20+08:00 ] 127.0.0.1 /js(object)/2-25/index.php/Home/Index/show.html
INFO: [ app_init ] --START--
INFO: Run Behavior\BuildLiteBehavior [ RunTime:0.000026s ]
INFO: [ app_init ] --END-- [ RunTime:0.000522s ]

[ 2016-02-25T16:32:22+08:00 ] 127.0.0.1 /js(object)/2-25/index.php/Home/Index/show.html
INFO: [ app_init ] --START--
INFO: Run Behavior\BuildLiteBehavior [ RunTime:0.000015s ]
INFO: [ app_init ] --END-- [ RunTime:0.000409s ]

[ 2016-02-25T16:32:30+08:00 ] 127.0.0.1 /js(object)/2-25/index.php/Home/Index/add/
INFO: [ app_init ] --START--
INFO: Run Behavior\BuildLiteBehavior [ RunTime:0.000015s ]
INFO: [ app_init ] --END-- [ RunTime:0.000389s ]

[ 2016-02-25T16:32:31+08:00 ] 127.0.0.1 /js(object)/2-25/index.php/Home/Index/show.html
INFO: [ app_init ] --START--
INFO: Run Behavior\BuildLiteBehavior [ RunTime:0.000023s ]
INFO: [ app_init ] --END-- [ RunTime:0.000717s ]

[ 2016-02-25T16:41:06+08:00 ] 127.0.0.1 /js(object)/2-25/index.php/Home/Index/show.html
INFO: [ app_init ] --START--
INFO: Run Behavior\BuildLiteBehavior [ RunTime:0.000016s ]
INFO: [ app_init ] --END-- [ RunTime:0.000406s ]

[ 2016-02-25T16:41:08+08:00 ] 127.0.0.1 /js(object)/2-25/index.php/Home/Index/delete
INFO: [ app_init ] --START--
INFO: Run Behavior\BuildLiteBehavior [ RunTime:0.000026s ]
INFO: [ app_init ] --END-- [ RunTime:0.000710s ]

[ 2016-02-25T16:42:40+08:00 ] 127.0.0.1 /js(object)/2-25/index.php/Home/Index/show.html
INFO: [ app_init ] --START--
INFO: Run Behavior\BuildLiteBehavior [ RunTime:0.000018s ]
INFO: [ app_init ] --END-- [ RunTime:0.000413s ]

[ 2016-02-25T16:42:42+08:00 ] 127.0.0.1 /js(object)/2-25/index.php/Home/Index/delete/id/4
INFO: [ app_init ] --START--
INFO: Run Behavior\BuildLiteBehavior [ RunTime:0.000016s ]
INFO: [ app_init ] --END-- [ RunTime:0.000363s ]

[ 2016-02-25T16:42:43+08:00 ] 127.0.0.1 /js(object)/2-25/index.php/Home/Index/show.html
INFO: [ app_init ] --START--
INFO: Run Behavior\BuildLiteBehavior [ RunTime:0.000028s ]
INFO: [ app_init ] --END-- [ RunTime:0.000893s ]

[ 2016-02-25T17:02:02+08:00 ] 127.0.0.1 /js(object)/2-25/index.php/Home/Index/show.html
INFO: [ app_init ] --START--
INFO: Run Behavior\BuildLiteBehavior [ RunTime:0.000031s ]
INFO: [ app_init ] --END-- [ RunTime:0.001876s ]

[ 2016-02-25T17:02:03+08:00 ] 127.0.0.1 /js(object)/2-25/index.php/Home/Index/delete/id/3
INFO: [ app_init ] --START--
INFO: Run Behavior\BuildLiteBehavior [ RunTime:0.000018s ]
INFO: [ app_init ] --END-- [ RunTime:0.000415s ]

[ 2016-02-25T17:02:04+08:00 ] 127.0.0.1 /js(object)/2-25/index.php/Home/Index/show.html
INFO: [ app_init ] --START--
INFO: Run Behavior\BuildLiteBehavior [ RunTime:0.000022s ]
INFO: [ app_init ] --END-- [ RunTime:0.000534s ]

[ 2016-02-25T17:02:07+08:00 ] 127.0.0.1 /js(object)/2-25/index.php/Home/Index/show_one/id/2
INFO: [ app_init ] --START--
INFO: Run Behavior\BuildLiteBehavior [ RunTime:0.000018s ]
INFO: [ app_init ] --END-- [ RunTime:0.000466s ]

[ 2016-02-25T17:03:07+08:00 ] 127.0.0.1 /js(object)/2-25/index.php/Home/Index/show.html
INFO: [ app_init ] --START--
INFO: Run Behavior\BuildLiteBehavior [ RunTime:0.000014s ]
INFO: [ app_init ] --END-- [ RunTime:0.000379s ]

[ 2016-02-25T17:03:08+08:00 ] 127.0.0.1 /js(object)/2-25/index.php/Home/Index/show_one/id/2
INFO: [ app_init ] --START--
INFO: Run Behavior\BuildLiteBehavior [ RunTime:0.000017s ]
INFO: [ app_init ] --END-- [ RunTime:0.000387s ]

[ 2016-02-25T18:17:19+08:00 ] 127.0.0.1 /js(object)/2-25/index.php/Home/Index/show_one/id/2
INFO: [ app_init ] --START--
INFO: Run Behavior\BuildLiteBehavior [ RunTime:0.000031s ]
INFO: [ app_init ] --END-- [ RunTime:0.000731s ]

[ 2016-02-25T18:21:32+08:00 ] 127.0.0.1 /js(object)/2-25/index.php/Home/Index/show.html
INFO: [ app_init ] --START--
INFO: Run Behavior\BuildLiteBehavior [ RunTime:0.000016s ]
INFO: [ app_init ] --END-- [ RunTime:0.000399s ]

[ 2016-02-25T18:21:33+08:00 ] 127.0.0.1 /js(object)/2-25/index.php/Home/Index/show.html
INFO: [ app_init ] --START--
INFO: Run Behavior\BuildLiteBehavior [ RunTime:0.000015s ]
INFO: [ app_init ] --END-- [ RunTime:0.000400s ]

[ 2016-02-25T18:21:34+08:00 ] 127.0.0.1 /js(object)/2-25/index.php/Home/Index/show_one/id/2
INFO: [ app_init ] --START--
INFO: Run Behavior\BuildLiteBehavior [ RunTime:0.000022s ]
INFO: [ app_init ] --END-- [ RunTime:0.000521s ]

[ 2016-02-25T18:21:46+08:00 ] 127.0.0.1 /js(object)/2-25/index.php/Home/Index/update/
INFO: [ app_init ] --START--
INFO: Run Behavior\BuildLiteBehavior [ RunTime:0.000016s ]
INFO: [ app_init ] --END-- [ RunTime:0.000358s ]

[ 2016-02-25T18:24:16+08:00 ] 127.0.0.1 /js(object)/2-25/index.php/Home/Index/add/
INFO: [ app_init ] --START--
INFO: Run Behavior\BuildLiteBehavior [ RunTime:0.000013s ]
INFO: [ app_init ] --END-- [ RunTime:0.000379s ]

[ 2016-02-25T18:24:17+08:00 ] 127.0.0.1 /js(object)/2-25/index.php/Home/Index/show.html
INFO: [ app_init ] --START--
INFO: Run Behavior\BuildLiteBehavior [ RunTime:0.000026s ]
INFO: [ app_init ] --END-- [ RunTime:0.000646s ]

[ 2016-02-25T18:24:19+08:00 ] 127.0.0.1 /js(object)/2-25/index.php/Home/Index/show.html
INFO: [ app_init ] --START--
INFO: Run Behavior\BuildLiteBehavior [ RunTime:0.000019s ]
INFO: [ app_init ] --END-- [ RunTime:0.000502s ]

[ 2016-02-25T18:24:23+08:00 ] 127.0.0.1 /js(object)/2-25/index.php
INFO: [ app_init ] --START--
INFO: Run Behavior\BuildLiteBehavior [ RunTime:0.000015s ]
INFO: [ app_init ] --END-- [ RunTime:0.000385s ]

[ 2016-02-25T18:24:29+08:00 ] 127.0.0.1 /js(object)/2-25/index.php/Home/Index/add/
INFO: [ app_init ] --START--
INFO: Run Behavior\BuildLiteBehavior [ RunTime:0.000015s ]
INFO: [ app_init ] --END-- [ RunTime:0.000412s ]

[ 2016-02-25T18:24:30+08:00 ] 127.0.0.1 /js(object)/2-25/index.php/Home/Index/show.html
INFO: [ app_init ] --START--
INFO: Run Behavior\BuildLiteBehavior [ RunTime:0.000022s ]
INFO: [ app_init ] --END-- [ RunTime:0.000534s ]

[ 2016-02-25T18:24:33+08:00 ] 127.0.0.1 /js(object)/2-25/index.php/Home/Index/show.html
INFO: [ app_init ] --START--
INFO: Run Behavior\BuildLiteBehavior [ RunTime:0.000013s ]
INFO: [ app_init ] --END-- [ RunTime:0.000382s ]

[ 2016-02-25T18:24:34+08:00 ] 127.0.0.1 /js(object)/2-25/index.php/Home/Index/show.html
INFO: [ app_init ] --START--
INFO: Run Behavior\BuildLiteBehavior [ RunTime:0.000129s ]
INFO: [ app_init ] --END-- [ RunTime:0.001209s ]

[ 2016-02-25T18:24:36+08:00 ] 127.0.0.1 /js(object)/2-25/index.php/Home/Index/show.html
INFO: [ app_init ] --START--
INFO: Run Behavior\BuildLiteBehavior [ RunTime:0.000018s ]
INFO: [ app_init ] --END-- [ RunTime:0.000573s ]

[ 2016-02-25T18:24:43+08:00 ] 127.0.0.1 /js(object)/2-25/index.php/Home/Index/add/
INFO: [ app_init ] --START--
INFO: Run Behavior\BuildLiteBehavior [ RunTime:0.000014s ]
INFO: [ app_init ] --END-- [ RunTime:0.000347s ]

[ 2016-02-25T18:24:44+08:00 ] 127.0.0.1 /js(object)/2-25/index.php/Home/Index/show.html
INFO: [ app_init ] --START--
INFO: Run Behavior\BuildLiteBehavior [ RunTime:0.000017s ]
INFO: [ app_init ] --END-- [ RunTime:0.000475s ]

[ 2016-02-25T18:24:57+08:00 ] 127.0.0.1 /js(object)/2-25/index.php/Home/Index/add/
INFO: [ app_init ] --START--
INFO: Run Behavior\BuildLiteBehavior [ RunTime:0.000018s ]
INFO: [ app_init ] --END-- [ RunTime:0.000517s ]

[ 2016-02-25T18:24:58+08:00 ] 127.0.0.1 /js(object)/2-25/index.php/Home/Index/show.html
INFO: [ app_init ] --START--
INFO: Run Behavior\BuildLiteBehavior [ RunTime:0.000077s ]
INFO: [ app_init ] --END-- [ RunTime:0.000859s ]

[ 2016-02-25T18:29:22+08:00 ] 127.0.0.1 /js(object)/2-25/index.php/Home/Index/show.html
INFO: [ app_init ] --START--
INFO: Run Behavior\BuildLiteBehavior [ RunTime:0.000014s ]
INFO: [ app_init ] --END-- [ RunTime:0.000471s ]

[ 2016-02-25T18:29:25+08:00 ] 127.0.0.1 /js(object)/2-25/index.php/Home/Index/show_one/id/8
INFO: [ app_init ] --START--
INFO: Run Behavior\BuildLiteBehavior [ RunTime:0.000016s ]
INFO: [ app_init ] --END-- [ RunTime:0.000955s ]

[ 2016-02-25T18:29:30+08:00 ] 127.0.0.1 /js(object)/2-25/index.php/Home/Index/update/
INFO: [ app_init ] --START--
INFO: Run Behavior\BuildLiteBehavior [ RunTime:0.000018s ]
INFO: [ app_init ] --END-- [ RunTime:0.000456s ]

[ 2016-02-25T18:35:40+08:00 ] 127.0.0.1 /js(object)/2-25/index.php/Home/Index/show_one/id/8
INFO: [ app_init ] --START--
INFO: Run Behavior\BuildLiteBehavior [ RunTime:0.000014s ]
INFO: [ app_init ] --END-- [ RunTime:0.000444s ]

[ 2016-02-25T18:35:44+08:00 ] 127.0.0.1 /js(object)/2-25/index.php/Home/Index/update/
INFO: [ app_init ] --START--
INFO: Run Behavior\BuildLiteBehavior [ RunTime:0.000026s ]
INFO: [ app_init ] --END-- [ RunTime:0.000723s ]

[ 2016-02-25T18:35:45+08:00 ] 127.0.0.1 /js(object)/2-25/index.php/Home/Index/show.html
INFO: [ app_init ] --START--
INFO: Run Behavior\BuildLiteBehavior [ RunTime:0.000013s ]
INFO: [ app_init ] --END-- [ RunTime:0.000435s ]

[ 2016-02-25T18:35:52+08:00 ] 127.0.0.1 /js(object)/2-25/index.php/Home/Index/show_one/id/8
INFO: [ app_init ] --START--
INFO: Run Behavior\BuildLiteBehavior [ RunTime:0.000014s ]
INFO: [ app_init ] --END-- [ RunTime:0.000461s ]

[ 2016-02-25T18:35:59+08:00 ] 127.0.0.1 /js(object)/2-25/index.php/Home/Index/update/
INFO: [ app_init ] --START--
INFO: Run Behavior\BuildLiteBehavior [ RunTime:0.000015s ]
INFO: [ app_init ] --END-- [ RunTime:0.000401s ]

[ 2016-02-25T18:36:00+08:00 ] 127.0.0.1 /js(object)/2-25/index.php/Home/Index/show.html
INFO: [ app_init ] --START--
INFO: Run Behavior\BuildLiteBehavior [ RunTime:0.000027s ]
INFO: [ app_init ] --END-- [ RunTime:0.000613s ]

[ 2016-02-25T18:37:42+08:00 ] 127.0.0.1 /js(object)/2-25/index.php/Home/Index/show.html
INFO: [ app_init ] --START--
INFO: Run Behavior\BuildLiteBehavior [ RunTime:0.000016s ]
INFO: [ app_init ] --END-- [ RunTime:0.000375s ]

[ 2016-02-25T18:37:45+08:00 ] 127.0.0.1 /js(object)/2-25/index.php/Home/Index/show_one/id/8
INFO: [ app_init ] --START--
INFO: Run Behavior\BuildLiteBehavior [ RunTime:0.000019s ]
INFO: [ app_init ] --END-- [ RunTime:0.000633s ]

[ 2016-02-25T18:37:52+08:00 ] 127.0.0.1 /js(object)/2-25/index.php/Home/Index/update/
INFO: [ app_init ] --START--
INFO: Run Behavior\BuildLiteBehavior [ RunTime:0.000023s ]
INFO: [ app_init ] --END-- [ RunTime:0.000527s ]

[ 2016-02-25T18:37:53+08:00 ] 127.0.0.1 /js(object)/2-25/index.php/Home/Index/show.html
INFO: [ app_init ] --START--
INFO: Run Behavior\BuildLiteBehavior [ RunTime:0.000031s ]
INFO: [ app_init ] --END-- [ RunTime:0.001053s ]

[ 2016-02-25T19:02:10+08:00 ] 127.0.0.1 /js(object)/2-25/index.php/Home/Index/show.html
INFO: [ app_init ] --START--
INFO: Run Behavior\BuildLiteBehavior [ RunTime:0.000100s ]
INFO: [ app_init ] --END-- [ RunTime:0.001381s ]

[ 2016-02-25T19:02:13+08:00 ] 127.0.0.1 /js(object)/2-25/index.php/Home/Index/show.html
INFO: [ app_init ] --START--
INFO: Run Behavior\BuildLiteBehavior [ RunTime:0.000033s ]
INFO: [ app_init ] --END-- [ RunTime:0.000539s ]

[ 2016-02-25T19:02:25+08:00 ] 127.0.0.1 /js(object)/2-25/index.php/Home/Index/update/
INFO: [ app_init ] --START--
INFO: Run Behavior\BuildLiteBehavior [ RunTime:0.000014s ]
INFO: [ app_init ] --END-- [ RunTime:0.000354s ]

[ 2016-02-25T19:02:26+08:00 ] 127.0.0.1 /js(object)/2-25/index.php/Home/Index/Fen.html
INFO: [ app_init ] --START--
INFO: Run Behavior\BuildLiteBehavior [ RunTime:0.000023s ]
INFO: [ app_init ] --END-- [ RunTime:0.000534s ]

[ 2016-02-25T19:02:33+08:00 ] 127.0.0.1 /js(object)/2-25/index.php/Home/Index/Fen.html
INFO: [ app_init ] --START--
INFO: Run Behavior\BuildLiteBehavior [ RunTime:0.000022s ]
INFO: [ app_init ] --END-- [ RunTime:0.000490s ]

[ 2016-02-25T19:02:53+08:00 ] 127.0.0.1 /js(object)/2-25/index.php/Home/Index/show.html
INFO: [ app_init ] --START--
INFO: Run Behavior\BuildLiteBehavior [ RunTime:0.000023s ]
INFO: [ app_init ] --END-- [ RunTime:0.000460s ]

[ 2016-02-25T19:04:10+08:00 ] 127.0.0.1 /js(object)/2-25/index.php/Home/Index/show.html
INFO: [ app_init ] --START--
INFO: Run Behavior\BuildLiteBehavior [ RunTime:0.000030s ]
INFO: [ app_init ] --END-- [ RunTime:0.001017s ]

[ 2016-02-25T19:05:16+08:00 ] 127.0.0.1 /js(object)/2-25/index.php/Home/Index/show.html
INFO: [ app_init ] --START--
INFO: Run Behavior\BuildLiteBehavior [ RunTime:0.000014s ]
INFO: [ app_init ] --END-- [ RunTime:0.000452s ]

[ 2016-02-25T19:05:19+08:00 ] 127.0.0.1 /js(object)/2-25/index.php/Home/Index/show.html
INFO: [ app_init ] --START--
INFO: Run Behavior\BuildLiteBehavior [ RunTime:0.000027s ]
INFO: [ app_init ] --END-- [ RunTime:0.000640s ]

[ 2016-02-25T19:06:03+08:00 ] 127.0.0.1 /js(object)/2-25/index.php/Home/Index/show.html
INFO: [ app_init ] --START--
INFO: Run Behavior\BuildLiteBehavior [ RunTime:0.000017s ]
INFO: [ app_init ] --END-- [ RunTime:0.000456s ]

[ 2016-02-25T19:06:06+08:00 ] 127.0.0.1 /js(object)/2-25/index.php/Home/Index/show.html
INFO: [ app_init ] --START--
INFO: Run Behavior\BuildLiteBehavior [ RunTime:0.000022s ]
INFO: [ app_init ] --END-- [ RunTime:0.000528s ]

[ 2016-02-25T19:06:09+08:00 ] 127.0.0.1 /js(object)/2-25/index.php/Home/Index/show.html
INFO: [ app_init ] --START--
INFO: Run Behavior\BuildLiteBehavior [ RunTime:0.000014s ]
INFO: [ app_init ] --END-- [ RunTime:0.000356s ]

[ 2016-02-25T19:06:09+08:00 ] 127.0.0.1 /js(object)/2-25/index.php/Home/Index/show.html
INFO: [ app_init ] --START--
INFO: Run Behavior\BuildLiteBehavior [ RunTime:0.000017s ]
INFO: [ app_init ] --END-- [ RunTime:0.000408s ]

[ 2016-02-25T19:06:10+08:00 ] 127.0.0.1 /js(object)/2-25/index.php/Home/Index/show.html
INFO: [ app_init ] --START--
INFO: Run Behavior\BuildLiteBehavior [ RunTime:0.000017s ]
INFO: [ app_init ] --END-- [ RunTime:0.000477s ]

[ 2016-02-25T19:06:11+08:00 ] 127.0.0.1 /js(object)/2-25/index.php/Home/Index/show.html
INFO: [ app_init ] --START--
INFO: Run Behavior\BuildLiteBehavior [ RunTime:0.000027s ]
INFO: [ app_init ] --END-- [ RunTime:0.000633s ]

[ 2016-02-25T19:06:11+08:00 ] 127.0.0.1 /js(object)/2-25/index.php/Home/Index/show.html
INFO: [ app_init ] --START--
INFO: Run Behavior\BuildLiteBehavior [ RunTime:0.000015s ]
INFO: [ app_init ] --END-- [ RunTime:0.000510s ]

[ 2016-02-25T19:07:13+08:00 ] 127.0.0.1 /js(object)/2-25/index.php/Home/Index/show.html
INFO: [ app_init ] --START--
INFO: Run Behavior\BuildLiteBehavior [ RunTime:0.000030s ]
INFO: [ app_init ] --END-- [ RunTime:0.000875s ]

[ 2016-02-25T19:07:16+08:00 ] 127.0.0.1 /js(object)/2-25/index.php/Home/Index/show.html
INFO: [ app_init ] --START--
INFO: Run Behavior\BuildLiteBehavior [ RunTime:0.000027s ]
INFO: [ app_init ] --END-- [ RunTime:0.000648s ]

[ 2016-02-25T19:07:17+08:00 ] 127.0.0.1 /js(object)/2-25/index.php/Home/Index/show.html
INFO: [ app_init ] --START--
INFO: Run Behavior\BuildLiteBehavior [ RunTime:0.000013s ]
INFO: [ app_init ] --END-- [ RunTime:0.000306s ]

[ 2016-02-25T19:07:18+08:00 ] 127.0.0.1 /js(object)/2-25/index.php/Home/Index/show.html
INFO: [ app_init ] --START--
INFO: Run Behavior\BuildLiteBehavior [ RunTime:0.000017s ]
INFO: [ app_init ] --END-- [ RunTime:0.000402s ]

[ 2016-02-25T19:07:18+08:00 ] 127.0.0.1 /js(object)/2-25/index.php/Home/Index/show.html
INFO: [ app_init ] --START--
INFO: Run Behavior\BuildLiteBehavior [ RunTime:0.000026s ]
INFO: [ app_init ] --END-- [ RunTime:0.000608s ]

[ 2016-02-25T19:07:19+08:00 ] 127.0.0.1 /js(object)/2-25/index.php/Home/Index/show.html
INFO: [ app_init ] --START--
INFO: Run Behavior\BuildLiteBehavior [ RunTime:0.000025s ]
INFO: [ app_init ] --END-- [ RunTime:0.000707s ]

[ 2016-02-25T19:08:16+08:00 ] 127.0.0.1 /js(object)/2-25/index.php/Home/Index/show.html
INFO: [ app_init ] --START--
INFO: Run Behavior\BuildLiteBehavior [ RunTime:0.000018s ]
INFO: [ app_init ] --END-- [ RunTime:0.000430s ]

[ 2016-02-25T19:11:50+08:00 ] 127.0.0.1 /js(object)/2-25/index.php/Home/Index/show.html
INFO: [ app_init ] --START--
INFO: Run Behavior\BuildLiteBehavior [ RunTime:0.000014s ]
INFO: [ app_init ] --END-- [ RunTime:0.000368s ]

[ 2016-02-25T19:11:52+08:00 ] 127.0.0.1 /js(object)/2-25/index.php/Home/Index/show.html
INFO: [ app_init ] --START--
INFO: Run Behavior\BuildLiteBehavior [ RunTime:0.000022s ]
INFO: [ app_init ] --END-- [ RunTime:0.000729s ]

[ 2016-02-25T19:11:52+08:00 ] 127.0.0.1 /js(object)/2-25/index.php/Home/Index/show.html
INFO: [ app_init ] --START--
INFO: Run Behavior\BuildLiteBehavior [ RunTime:0.000075s ]
INFO: [ app_init ] --END-- [ RunTime:0.002181s ]

[ 2016-02-25T19:11:53+08:00 ] 127.0.0.1 /js(object)/2-25/index.php/Home/Index/show.html
INFO: [ app_init ] --START--
INFO: Run Behavior\BuildLiteBehavior [ RunTime:0.000024s ]
INFO: [ app_init ] --END-- [ RunTime:0.000472s ]

[ 2016-02-25T19:11:53+08:00 ] 127.0.0.1 /js(object)/2-25/index.php/Home/Index/show.html
INFO: [ app_init ] --START--
INFO: Run Behavior\BuildLiteBehavior [ RunTime:0.000024s ]
INFO: [ app_init ] --END-- [ RunTime:0.000578s ]

[ 2016-02-25T19:11:53+08:00 ] 127.0.0.1 /js(object)/2-25/index.php/Home/Index/show.html
INFO: [ app_init ] --START--
INFO: Run Behavior\BuildLiteBehavior [ RunTime:0.000023s ]
INFO: [ app_init ] --END-- [ RunTime:0.000588s ]

[ 2016-02-25T19:11:53+08:00 ] 127.0.0.1 /js(object)/2-25/index.php/Home/Index/show.html
INFO: [ app_init ] --START--
INFO: Run Behavior\BuildLiteBehavior [ RunTime:0.000030s ]
INFO: [ app_init ] --END-- [ RunTime:0.000645s ]

[ 2016-02-25T19:11:53+08:00 ] 127.0.0.1 /js(object)/2-25/index.php/Home/Index/show.html
INFO: [ app_init ] --START--
INFO: Run Behavior\BuildLiteBehavior [ RunTime:0.000034s ]
INFO: [ app_init ] --END-- [ RunTime:0.000720s ]

[ 2016-02-25T19:11:54+08:00 ] 127.0.0.1 /js(object)/2-25/index.php/Home/Index/show.html
INFO: [ app_init ] --START--
INFO: Run Behavior\BuildLiteBehavior [ RunTime:0.000026s ]
INFO: [ app_init ] --END-- [ RunTime:0.000472s ]

[ 2016-02-25T19:11:54+08:00 ] 127.0.0.1 /js(object)/2-25/index.php/Home/Index/show.html
INFO: [ app_init ] --START--
INFO: Run Behavior\BuildLiteBehavior [ RunTime:0.000023s ]
INFO: [ app_init ] --END-- [ RunTime:0.000561s ]

[ 2016-02-25T19:11:54+08:00 ] 127.0.0.1 /js(object)/2-25/index.php/Home/Index/show.html
INFO: [ app_init ] --START--
INFO: Run Behavior\BuildLiteBehavior [ RunTime:0.000015s ]
INFO: [ app_init ] --END-- [ RunTime:0.000347s ]

[ 2016-02-25T19:11:54+08:00 ] 127.0.0.1 /js(object)/2-25/index.php/Home/Index/show.html
INFO: [ app_init ] --START--
INFO: Run Behavior\BuildLiteBehavior [ RunTime:0.000015s ]
INFO: [ app_init ] --END-- [ RunTime:0.000507s ]

[ 2016-02-25T19:11:54+08:00 ] 127.0.0.1 /js(object)/2-25/index.php/Home/Index/show.html
INFO: [ app_init ] --START--
INFO: Run Behavior\BuildLiteBehavior [ RunTime:0.000024s ]
INFO: [ app_init ] --END-- [ RunTime:0.000700s ]

[ 2016-02-25T19:11:54+08:00 ] 127.0.0.1 /js(object)/2-25/index.php/Home/Index/show.html
INFO: [ app_init ] --START--
INFO: Run Behavior\BuildLiteBehavior [ RunTime:0.000023s ]
INFO: [ app_init ] --END-- [ RunTime:0.000537s ]

[ 2016-02-25T19:24:26+08:00 ] 127.0.0.1 /js(object)/2-25/index.php/Home/Index/show.html
INFO: [ app_init ] --START--
INFO: Run Behavior\BuildLiteBehavior [ RunTime:0.000016s ]
INFO: [ app_init ] --END-- [ RunTime:0.000422s ]

[ 2016-02-25T19:24:27+08:00 ] 127.0.0.1 /js(object)/2-25/index.php/Home/Index/show.html
INFO: [ app_init ] --START--
INFO: Run Behavior\BuildLiteBehavior [ RunTime:0.000013s ]
INFO: [ app_init ] --END-- [ RunTime:0.000323s ]

[ 2016-02-25T19:24:28+08:00 ] 127.0.0.1 /js(object)/2-25/index.php/Home/Index/show.html
INFO: [ app_init ] --START--
INFO: Run Behavior\BuildLiteBehavior [ RunTime:0.000016s ]
INFO: [ app_init ] --END-- [ RunTime:0.000447s ]

[ 2016-02-25T19:24:29+08:00 ] 127.0.0.1 /js(object)/2-25/index.php/Home/Index/show.html
INFO: [ app_init ] --START--
INFO: Run Behavior\BuildLiteBehavior [ RunTime:0.000023s ]
INFO: [ app_init ] --END-- [ RunTime:0.000525s ]

[ 2016-02-25T19:25:03+08:00 ] 127.0.0.1 /js(object)/2-25/index.php/Home/Index/show.html
INFO: [ app_init ] --START--
INFO: Run Behavior\BuildLiteBehavior [ RunTime:0.000015s ]
INFO: [ app_init ] --END-- [ RunTime:0.000367s ]

[ 2016-02-25T19:25:06+08:00 ] 127.0.0.1 /js(object)/2-25/index.php/Home/Index/show/p/2.html
INFO: [ app_init ] --START--
INFO: Run Behavior\BuildLiteBehavior [ RunTime:0.000019s ]
INFO: [ app_init ] --END-- [ RunTime:0.000855s ]

[ 2016-02-25T19:25:07+08:00 ] 127.0.0.1 /js(object)/2-25/index.php/Home/Index/show/p/1.html
INFO: [ app_init ] --START--
INFO: Run Behavior\BuildLiteBehavior [ RunTime:0.000017s ]
INFO: [ app_init ] --END-- [ RunTime:0.000419s ]

[ 2016-02-25T19:25:08+08:00 ] 127.0.0.1 /js(object)/2-25/index.php/Home/Index/show/p/2.html
INFO: [ app_init ] --START--
INFO: Run Behavior\BuildLiteBehavior [ RunTime:0.000023s ]
INFO: [ app_init ] --END-- [ RunTime:0.000631s ]

[ 2016-02-25T19:25:09+08:00 ] 127.0.0.1 /js(object)/2-25/index.php/Home/Index/show/p/1.html
INFO: [ app_init ] --START--
INFO: Run Behavior\BuildLiteBehavior [ RunTime:0.000016s ]
INFO: [ app_init ] --END-- [ RunTime:0.000395s ]

[ 2016-02-25T19:25:10+08:00 ] 127.0.0.1 /js(object)/2-25/index.php/Home/Index/show/p/2.html
INFO: [ app_init ] --START--
INFO: Run Behavior\BuildLiteBehavior [ RunTime:0.000016s ]
INFO: [ app_init ] --END-- [ RunTime:0.000399s ]

[ 2016-02-25T19:27:05+08:00 ] 127.0.0.1 /js(object)/2-25/index.php/Home/Index/show/p/1.html
INFO: [ app_init ] --START--
INFO: Run Behavior\BuildLiteBehavior [ RunTime:0.000027s ]
INFO: [ app_init ] --END-- [ RunTime:0.000649s ]

[ 2016-02-25T19:27:07+08:00 ] 127.0.0.1 /js(object)/2-25/index.php/Home/Index/show/p/2.html
INFO: [ app_init ] --START--
INFO: Run Behavior\BuildLiteBehavior [ RunTime:0.000024s ]
INFO: [ app_init ] --END-- [ RunTime:0.000613s ]

[ 2016-02-25T19:34:20+08:00 ] 127.0.0.1 /js(object)/2-25/index.php/Home/Index/show/p/1.html
INFO: [ app_init ] --START--
INFO: Run Behavior\BuildLiteBehavior [ RunTime:0.000060s ]
INFO: [ app_init ] --END-- [ RunTime:0.000850s ]

[ 2016-02-25T19:34:23+08:00 ] 127.0.0.1 /js(object)/2-25/index.php/Home/Index/show/p/2.html
INFO: [ app_init ] --START--
INFO: Run Behavior\BuildLiteBehavior [ RunTime:0.000021s ]
INFO: [ app_init ] --END-- [ RunTime:0.000623s ]

[ 2016-02-25T19:34:26+08:00 ] 127.0.0.1 /js(object)/2-25/index.php/Home/Index/show_one/id/8
INFO: [ app_init ] --START--
INFO: Run Behavior\BuildLiteBehavior [ RunTime:0.000015s ]
INFO: [ app_init ] --END-- [ RunTime:0.000367s ]

[ 2016-02-25T19:34:33+08:00 ] 127.0.0.1 /js(object)/2-25/index.php/Home/Index/update/
INFO: [ app_init ] --START--
INFO: Run Behavior\BuildLiteBehavior [ RunTime:0.000068s ]
INFO: [ app_init ] --END-- [ RunTime:0.000695s ]

[ 2016-02-25T19:34:34+08:00 ] 127.0.0.1 /js(object)/2-25/index.php/Home/Index/show.html
INFO: [ app_init ] --START--
INFO: Run Behavior\BuildLiteBehavior [ RunTime:0.000022s ]
INFO: [ app_init ] --END-- [ RunTime:0.000552s ]

[ 2016-02-25T19:34:38+08:00 ] 127.0.0.1 /js(object)/2-25/index.php/Home/Index/show/p/2.html
INFO: [ app_init ] --START--
INFO: Run Behavior\BuildLiteBehavior [ RunTime:0.000015s ]
INFO: [ app_init ] --END-- [ RunTime:0.000438s ]

[ 2016-02-25T19:37:04+08:00 ] 127.0.0.1 /js(object)/2-25/index.php/Home/Index/show.html
INFO: [ app_init ] --START--
INFO: Run Behavior\BuildLiteBehavior [ RunTime:0.000025s ]
INFO: [ app_init ] --END-- [ RunTime:0.000722s ]

[ 2016-02-25T19:37:15+08:00 ] 127.0.0.1 /js(object)/2-25/index.php
INFO: [ app_init ] --START--
INFO: Run Behavior\BuildLiteBehavior [ RunTime:0.000017s ]
INFO: [ app_init ] --END-- [ RunTime:0.000442s ]

[ 2016-02-25T19:37:23+08:00 ] 127.0.0.1 /js(object)/2-25/index.php/Home/Index/add/
INFO: [ app_init ] --START--
INFO: Run Behavior\BuildLiteBehavior [ RunTime:0.000016s ]
INFO: [ app_init ] --END-- [ RunTime:0.000416s ]

[ 2016-02-25T19:37:24+08:00 ] 127.0.0.1 /js(object)/2-25/index.php/Home/Index/show.html
INFO: [ app_init ] --START--
INFO: Run Behavior\BuildLiteBehavior [ RunTime:0.000018s ]
INFO: [ app_init ] --END-- [ RunTime:0.000440s ]

[ 2016-02-25T19:37:28+08:00 ] 127.0.0.1 /js(object)/2-25/index.php/Home/Index/show.html
INFO: [ app_init ] --START--
INFO: Run Behavior\BuildLiteBehavior [ RunTime:0.000019s ]
INFO: [ app_init ] --END-- [ RunTime:0.000697s ]

[ 2016-02-25T19:37:35+08:00 ] 127.0.0.1 /js(object)/2-25/index.php/Home/Index/add/
INFO: [ app_init ] --START--
INFO: Run Behavior\BuildLiteBehavior [ RunTime:0.000024s ]
INFO: [ app_init ] --END-- [ RunTime:0.000647s ]

[ 2016-02-25T19:37:36+08:00 ] 127.0.0.1 /js(object)/2-25/index.php/Home/Index/show.html
INFO: [ app_init ] --START--
INFO: Run Behavior\BuildLiteBehavior [ RunTime:0.000015s ]
INFO: [ app_init ] --END-- [ RunTime:0.000430s ]

[ 2016-02-25T19:37:38+08:00 ] 127.0.0.1 /js(object)/2-25/index.php/Home/Index/show.html
INFO: [ app_init ] --START--
INFO: Run Behavior\BuildLiteBehavior [ RunTime:0.000034s ]
INFO: [ app_init ] --END-- [ RunTime:0.000793s ]

[ 2016-02-25T19:37:40+08:00 ] 127.0.0.1 /js(object)/2-25/index.php/Home/Index/show.html
INFO: [ app_init ] --START--
INFO: Run Behavior\BuildLiteBehavior [ RunTime:0.000024s ]
INFO: [ app_init ] --END-- [ RunTime:0.000656s ]

[ 2016-02-25T19:37:46+08:00 ] 127.0.0.1 /js(object)/2-25/index.php/Home/Index/add/
INFO: [ app_init ] --START--
INFO: Run Behavior\BuildLiteBehavior [ RunTime:0.000013s ]
INFO: [ app_init ] --END-- [ RunTime:0.000357s ]

[ 2016-02-25T19:37:47+08:00 ] 127.0.0.1 /js(object)/2-25/index.php/Home/Index/show.html
INFO: [ app_init ] --START--
INFO: Run Behavior\BuildLiteBehavior [ RunTime:0.000016s ]
INFO: [ app_init ] --END-- [ RunTime:0.000510s ]

[ 2016-02-25T19:37:49+08:00 ] 127.0.0.1 /js(object)/2-25/index.php/Home/Index/show/p/2.html
INFO: [ app_init ] --START--
INFO: Run Behavior\BuildLiteBehavior [ RunTime:0.000028s ]
INFO: [ app_init ] --END-- [ RunTime:0.000695s ]

[ 2016-02-25T19:37:51+08:00 ] 127.0.0.1 /js(object)/2-25/index.php/Home/Index/show/p/3.html
INFO: [ app_init ] --START--
INFO: Run Behavior\BuildLiteBehavior [ RunTime:0.000017s ]
INFO: [ app_init ] --END-- [ RunTime:0.000440s ]

[ 2016-02-25T19:38:03+08:00 ] 127.0.0.1 /js(object)/2-25/index.php/Home/Index/add/
INFO: [ app_init ] --START--
INFO: Run Behavior\BuildLiteBehavior [ RunTime:0.000017s ]
INFO: [ app_init ] --END-- [ RunTime:0.000412s ]

[ 2016-02-25T19:38:04+08:00 ] 127.0.0.1 /js(object)/2-25/index.php/Home/Index/show.html
INFO: [ app_init ] --START--
INFO: Run Behavior\BuildLiteBehavior [ RunTime:0.000024s ]
INFO: [ app_init ] --END-- [ RunTime:0.000773s ]

[ 2016-02-25T19:38:11+08:00 ] 127.0.0.1 /js(object)/2-25/index.php/Home/Index/add/
INFO: [ app_init ] --START--
INFO: Run Behavior\BuildLiteBehavior [ RunTime:0.000015s ]
INFO: [ app_init ] --END-- [ RunTime:0.000426s ]

[ 2016-02-25T19:38:13+08:00 ] 127.0.0.1 /js(object)/2-25/index.php/Home/Index/show.html
INFO: [ app_init ] --START--
INFO: Run Behavior\BuildLiteBehavior [ RunTime:0.000107s ]
INFO: [ app_init ] --END-- [ RunTime:0.001657s ]

[ 2016-02-25T19:38:15+08:00 ] 127.0.0.1 /js(object)/2-25/index.php/Home/Index/show/p/2.html
INFO: [ app_init ] --START--
INFO: Run Behavior\BuildLiteBehavior [ RunTime:0.000016s ]
INFO: [ app_init ] --END-- [ RunTime:0.000438s ]

[ 2016-02-25T19:38:17+08:00 ] 127.0.0.1 /js(object)/2-25/index.php/Home/Index/show/p/3.html
INFO: [ app_init ] --START--
INFO: Run Behavior\BuildLiteBehavior [ RunTime:0.000016s ]
INFO: [ app_init ] --END-- [ RunTime:0.000460s ]

[ 2016-02-25T19:38:19+08:00 ] 127.0.0.1 /js(object)/2-25/index.php/Home/Index/show/p/4.html
INFO: [ app_init ] --START--
INFO: Run Behavior\BuildLiteBehavior [ RunTime:0.000016s ]
INFO: [ app_init ] --END-- [ RunTime:0.000427s ]

[ 2016-02-25T19:38:20+08:00 ] 127.0.0.1 /js(object)/2-25/index.php/Home/Index/show/p/1.html
INFO: [ app_init ] --START--
INFO: Run Behavior\BuildLiteBehavior [ RunTime:0.000016s ]
INFO: [ app_init ] --END-- [ RunTime:0.000820s ]

[ 2016-02-25T21:30:51+08:00 ] 127.0.0.1 /js(object)/2-25/index.php
INFO: [ app_init ] --START--
INFO: Run Behavior\BuildLiteBehavior [ RunTime:0.000024s ]
INFO: [ app_init ] --END-- [ RunTime:0.000839s ]

[ 2016-02-25T21:30:59+08:00 ] 127.0.0.1 /js(object)/2-25/index.php/Home/Index/add/
INFO: [ app_init ] --START--
INFO: Run Behavior\BuildLiteBehavior [ RunTime:0.000018s ]
INFO: [ app_init ] --END-- [ RunTime:0.000537s ]

[ 2016-02-25T21:31:00+08:00 ] 127.0.0.1 /js(object)/2-25/index.php/Home/Index/show.html
INFO: [ app_init ] --START--
INFO: Run Behavior\BuildLiteBehavior [ RunTime:0.000034s ]
INFO: [ app_init ] --END-- [ RunTime:0.000754s ]

[ 2016-02-25T21:31:03+08:00 ] 127.0.0.1 /js(object)/2-25/index.php/Home/Index/show/p/2.html
INFO: [ app_init ] --START--
INFO: Run Behavior\BuildLiteBehavior [ RunTime:0.000015s ]
INFO: [ app_init ] --END-- [ RunTime:0.000358s ]

[ 2016-02-25T21:31:04+08:00 ] 127.0.0.1 /js(object)/2-25/index.php/Home/Index/show/p/3.html
INFO: [ app_init ] --START--
INFO: Run Behavior\BuildLiteBehavior [ RunTime:0.000014s ]
INFO: [ app_init ] --END-- [ RunTime:0.000347s ]

[ 2016-02-25T21:31:05+08:00 ] 127.0.0.1 /js(object)/2-25/index.php/Home/Index/show/p/4.html
INFO: [ app_init ] --START--
INFO: Run Behavior\BuildLiteBehavior [ RunTime:0.000026s ]
INFO: [ app_init ] --END-- [ RunTime:0.000774s ]

[ 2016-02-25T21:31:07+08:00 ] 127.0.0.1 /js(object)/2-25/index.php/Home/Index/delete/id/14
INFO: [ app_init ] --START--
INFO: Run Behavior\BuildLiteBehavior [ RunTime:0.000024s ]
INFO: [ app_init ] --END-- [ RunTime:0.000428s ]

[ 2016-02-25T21:31:08+08:00 ] 127.0.0.1 /js(object)/2-25/index.php/Home/Index/show.html
INFO: [ app_init ] --START--
INFO: Run Behavior\BuildLiteBehavior [ RunTime:0.000017s ]
INFO: [ app_init ] --END-- [ RunTime:0.000490s ]

[ 2016-02-25T21:31:11+08:00 ] 127.0.0.1 /js(object)/2-25/index.php/Home/Index/show/p/4.html
INFO: [ app_init ] --START--
INFO: Run Behavior\BuildLiteBehavior [ RunTime:0.000044s ]
INFO: [ app_init ] --END-- [ RunTime:0.001052s ]

[ 2016-02-25T21:31:12+08:00 ] 127.0.0.1 /js(object)/2-25/index.php/Home/Index/show_one/id/13
INFO: [ app_init ] --START--
INFO: Run Behavior\BuildLiteBehavior [ RunTime:0.000022s ]
INFO: [ app_init ] --END-- [ RunTime:0.000470s ]

[ 2016-02-25T21:31:17+08:00 ] 127.0.0.1 /js(object)/2-25/index.php/Home/Index/update/
INFO: [ app_init ] --START--
INFO: Run Behavior\BuildLiteBehavior [ RunTime:0.000025s ]
INFO: [ app_init ] --END-- [ RunTime:0.000555s ]

[ 2016-02-25T21:31:18+08:00 ] 127.0.0.1 /js(object)/2-25/index.php/Home/Index/show.html
INFO: [ app_init ] --START--
INFO: Run Behavior\BuildLiteBehavior [ RunTime:0.000018s ]
INFO: [ app_init ] --END-- [ RunTime:0.000374s ]

[ 2016-02-25T22:39:09+08:00 ] 127.0.0.1 /js(object)/2-25/index.php
INFO: [ app_init ] --START--
INFO: Run Behavior\BuildLiteBehavior [ RunTime:0.000014s ]
INFO: [ app_init ] --END-- [ RunTime:0.000458s ]

[ 2016-02-25T22:39:29+08:00 ] 127.0.0.1 /js(object)/2-25/index.php/Home/Index/add/
INFO: [ app_init ] --START--
INFO: Run Behavior\BuildLiteBehavior [ RunTime:0.000043s ]
INFO: [ app_init ] --END-- [ RunTime:0.001170s ]

[ 2016-02-25T22:39:30+08:00 ] 127.0.0.1 /js(object)/2-25/index.php/Home/Index/show.html
INFO: [ app_init ] --START--
INFO: Run Behavior\BuildLiteBehavior [ RunTime:0.000042s ]
INFO: [ app_init ] --END-- [ RunTime:0.001275s ]

[ 2016-02-25T22:39:33+08:00 ] 127.0.0.1 /js(object)/2-25/index.php/Home/Index/show/p/3.html
INFO: [ app_init ] --START--
INFO: Run Behavior\BuildLiteBehavior [ RunTime:0.000023s ]
INFO: [ app_init ] --END-- [ RunTime:0.000627s ]

[ 2016-02-25T22:39:36+08:00 ] 127.0.0.1 /js(object)/2-25/index.php/Home/Index/show/p/2.html
INFO: [ app_init ] --START--
INFO: Run Behavior\BuildLiteBehavior [ RunTime:0.000021s ]
INFO: [ app_init ] --END-- [ RunTime:0.000438s ]

[ 2016-02-25T22:39:41+08:00 ] 127.0.0.1 /js(object)/2-25/index.php/Home/Index/show/p/3.html
INFO: [ app_init ] --START--
INFO: Run Behavior\BuildLiteBehavior [ RunTime:0.000017s ]
INFO: [ app_init ] --END-- [ RunTime:0.000399s ]

[ 2016-02-25T22:39:46+08:00 ] 127.0.0.1 /js(object)/2-25/index.php/Home/Index/show/p/4.html
INFO: [ app_init ] --START--
INFO: Run Behavior\BuildLiteBehavior [ RunTime:0.000014s ]
INFO: [ app_init ] --END-- [ RunTime:0.000465s ]

[ 2016-02-25T22:39:50+08:00 ] 127.0.0.1 /js(object)/2-25/index.php/Home/Index/delete/id/15
INFO: [ app_init ] --START--
INFO: Run Behavior\BuildLiteBehavior [ RunTime:0.000025s ]
INFO: [ app_init ] --END-- [ RunTime:0.000565s ]

[ 2016-02-25T22:39:51+08:00 ] 127.0.0.1 /js(object)/2-25/index.php/Home/Index/show.html
INFO: [ app_init ] --START--
INFO: Run Behavior\BuildLiteBehavior [ RunTime:0.000023s ]
INFO: [ app_init ] --END-- [ RunTime:0.000665s ]

[ 2016-02-25T22:39:53+08:00 ] 127.0.0.1 /js(object)/2-25/index.php/Home/Index/show_one/id/5
INFO: [ app_init ] --START--
INFO: Run Behavior\BuildLiteBehavior [ RunTime:0.000025s ]
INFO: [ app_init ] --END-- [ RunTime:0.000539s ]

[ 2016-02-25T22:40:03+08:00 ] 127.0.0.1 /js(object)/2-25/index.php/Home/Index/update/
INFO: [ app_init ] --START--
INFO: Run Behavior\BuildLiteBehavior [ RunTime:0.000021s ]
INFO: [ app_init ] --END-- [ RunTime:0.000572s ]

[ 2016-02-25T22:40:04+08:00 ] 127.0.0.1 /js(object)/2-25/index.php/Home/Index/show.html
INFO: [ app_init ] --START--
INFO: Run Behavior\BuildLiteBehavior [ RunTime:0.000026s ]
INFO: [ app_init ] --END-- [ RunTime:0.000825s ]

[ 2016-02-25T22:40:09+08:00 ] 127.0.0.1 /js(object)/2-25/index.php/Home/Index/show.html
INFO: [ app_init ] --START--
INFO: Run Behavior\BuildLiteBehavior [ RunTime:0.000055s ]
INFO: [ app_init ] --END-- [ RunTime:0.001227s ]

[ 2016-02-25T22:40:12+08:00 ] 127.0.0.1 /js(object)/2-25/index.php/Home/Index/show.html
INFO: [ app_init ] --START--
INFO: Run Behavior\BuildLiteBehavior [ RunTime:0.000026s ]
INFO: [ app_init ] --END-- [ RunTime:0.000642s ]

