[ 2016-03-05T14:59:44+08:00 ] 127.0.0.1 /js(object)/3-6/index.php
INFO: [ app_init ] --START--
INFO: Run Behavior\BuildLiteBehavior [ RunTime:0.000028s ]
INFO: [ app_init ] --END-- [ RunTime:0.000245s ]
INFO: [ app_begin ] --START--
INFO: Run Behavior\ReadHtmlCacheBehavior [ RunTime:0.001347s ]
INFO: [ app_begin ] --END-- [ RunTime:0.001495s ]
INFO: [ view_parse ] --START--
INFO: [ template_filter ] --START--
INFO: Run Behavior\ContentReplaceBehavior [ RunTime:0.000073s ]
INFO: [ template_filter ] --END-- [ RunTime:0.000190s ]
INFO: Run Behavior\ParseTemplateBehavior [ RunTime:0.009390s ]
INFO: [ view_parse ] --END-- [ RunTime:0.009514s ]
INFO: [ view_filter ] --START--
INFO: Run Behavior\WriteHtmlCacheBehavior [ RunTime:0.000581s ]
INFO: [ view_filter ] --END-- [ RunTime:0.000675s ]
INFO: [ app_end ] --START--
INFO: Run Behavior\ShowPageTraceBehavior [ RunTime:0.001062s ]
INFO: [ app_end ] --END-- [ RunTime:0.001177s ]

[ 2016-03-05T15:43:57+08:00 ] 127.0.0.1 /js(object)/3-6/index.php
INFO: [ app_init ] --START--
INFO: Run Behavior\BuildLiteBehavior [ RunTime:0.000017s ]
INFO: [ app_init ] --END-- [ RunTime:0.000447s ]
ERR: 模板不存在:./Apps/Home/View/Index/index.html

[ 2016-03-05T15:44:31+08:00 ] 127.0.0.1 /js(object)/3-6/index.php
INFO: [ app_init ] --START--
INFO: Run Behavior\BuildLiteBehavior [ RunTime:0.000016s ]
INFO: [ app_init ] --END-- [ RunTime:0.000396s ]
ERR: 模板不存在:./Apps/Home/View/Index/login.html

[ 2016-03-05T15:44:39+08:00 ] 127.0.0.1 /js(object)/3-6/index.php
INFO: [ app_init ] --START--
INFO: Run Behavior\BuildLiteBehavior [ RunTime:0.000027s ]
INFO: [ app_init ] --END-- [ RunTime:0.000692s ]
ERR: 模板不存在:./Apps/Home/View/Index/login.html

[ 2016-03-05T15:45:01+08:00 ] 127.0.0.1 /js(object)/3-6/index.php
INFO: [ app_init ] --START--
INFO: Run Behavior\BuildLiteBehavior [ RunTime:0.000021s ]
INFO: [ app_init ] --END-- [ RunTime:0.000450s ]
ERR: 非法操作:index

[ 2016-03-05T15:45:48+08:00 ] 127.0.0.1 /js(object)/3-6/index.php
INFO: [ app_init ] --START--
INFO: Run Behavior\BuildLiteBehavior [ RunTime:0.000015s ]
INFO: [ app_init ] --END-- [ RunTime:0.000424s ]
ERR: 非法操作:index

[ 2016-03-05T15:45:49+08:00 ] 127.0.0.1 /js(object)/3-6/index.php
INFO: [ app_init ] --START--
INFO: Run Behavior\BuildLiteBehavior [ RunTime:0.000017s ]
INFO: [ app_init ] --END-- [ RunTime:0.000452s ]
ERR: 非法操作:index

[ 2016-03-05T15:45:58+08:00 ] 127.0.0.1 /js(object)/3-6/index.php
INFO: [ app_init ] --START--
INFO: Run Behavior\BuildLiteBehavior [ RunTime:0.000015s ]
INFO: [ app_init ] --END-- [ RunTime:0.000534s ]
ERR: 非法操作:index

[ 2016-03-05T15:47:48+08:00 ] 127.0.0.1 /js(object)/3-6/index.php
INFO: [ app_init ] --START--
INFO: Run Behavior\BuildLiteBehavior [ RunTime:0.000013s ]
INFO: [ app_init ] --END-- [ RunTime:0.000314s ]
ERR: 模板不存在:./Apps/Home/View/Index/login.html

[ 2016-03-05T15:49:29+08:00 ] 127.0.0.1 /js(object)/3-6/index.php
INFO: [ app_init ] --START--
INFO: Run Behavior\BuildLiteBehavior [ RunTime:0.000018s ]
INFO: [ app_init ] --END-- [ RunTime:0.000467s ]
ERR: 模板不存在:./Apps/Home/View/Index/login.html

[ 2016-03-05T15:50:52+08:00 ] 127.0.0.1 /js(object)/3-6/index.php
INFO: [ app_init ] --START--
INFO: Run Behavior\BuildLiteBehavior [ RunTime:0.000014s ]
INFO: [ app_init ] --END-- [ RunTime:0.000358s ]

[ 2016-03-05T15:53:00+08:00 ] 127.0.0.1 /js(object)/3-6/index.php
INFO: [ app_init ] --START--
INFO: Run Behavior\BuildLiteBehavior [ RunTime:0.000018s ]
INFO: [ app_init ] --END-- [ RunTime:0.000518s ]

[ 2016-03-05T15:54:04+08:00 ] 127.0.0.1 /js(object)/3-6/index.php
INFO: [ app_init ] --START--
INFO: Run Behavior\BuildLiteBehavior [ RunTime:0.000030s ]
INFO: [ app_init ] --END-- [ RunTime:0.000680s ]

[ 2016-03-05T15:54:05+08:00 ] 127.0.0.1 /js(object)/3-6/index.php
INFO: [ app_init ] --START--
INFO: Run Behavior\BuildLiteBehavior [ RunTime:0.000015s ]
INFO: [ app_init ] --END-- [ RunTime:0.000372s ]

[ 2016-03-05T15:54:05+08:00 ] 127.0.0.1 /js(object)/3-6/index.php
INFO: [ app_init ] --START--
INFO: Run Behavior\BuildLiteBehavior [ RunTime:0.000022s ]
INFO: [ app_init ] --END-- [ RunTime:0.001055s ]

[ 2016-03-05T15:54:07+08:00 ] 127.0.0.1 /js(object)/3-6/index.php
INFO: [ app_init ] --START--
INFO: Run Behavior\BuildLiteBehavior [ RunTime:0.000027s ]
INFO: [ app_init ] --END-- [ RunTime:0.000683s ]

[ 2016-03-05T15:54:16+08:00 ] 127.0.0.1 /js(object)/3-6/index.php/Home/Index/login_check/
INFO: [ app_init ] --START--
INFO: Run Behavior\BuildLiteBehavior [ RunTime:0.000030s ]
INFO: [ app_init ] --END-- [ RunTime:0.000614s ]
ERR: 非法操作:login_check

[ 2016-03-05T16:07:31+08:00 ] 127.0.0.1 /js(object)/3-6/index.php
INFO: [ app_init ] --START--
INFO: Run Behavior\BuildLiteBehavior [ RunTime:0.000017s ]
INFO: [ app_init ] --END-- [ RunTime:0.000451s ]

[ 2016-03-05T16:07:42+08:00 ] 127.0.0.1 /js(object)/3-6/index.php/Home/Index/login_check/
INFO: [ app_init ] --START--
INFO: Run Behavior\BuildLiteBehavior [ RunTime:0.000030s ]
INFO: [ app_init ] --END-- [ RunTime:0.000697s ]
ERR: 非法操作:login_check

[ 2016-03-05T16:10:57+08:00 ] 127.0.0.1 /js(object)/3-6/index.php
INFO: [ app_init ] --START--
INFO: Run Behavior\BuildLiteBehavior [ RunTime:0.000014s ]
INFO: [ app_init ] --END-- [ RunTime:0.000078s ]

[ 2016-03-05T16:11:06+08:00 ] 127.0.0.1 /js(object)/3-6/index.php/Home/Index/login_check/
INFO: [ app_init ] --START--
INFO: Run Behavior\BuildLiteBehavior [ RunTime:0.000026s ]
INFO: [ app_init ] --END-- [ RunTime:0.000153s ]
ERR: 非法操作:login_check

[ 2016-03-05T16:15:05+08:00 ] 127.0.0.1 /js(object)/3-6/index.php
INFO: [ app_init ] --START--
INFO: Run Behavior\BuildLiteBehavior [ RunTime:0.000019s ]
INFO: [ app_init ] --END-- [ RunTime:0.000128s ]

[ 2016-03-05T16:15:05+08:00 ] 127.0.0.1 /js(object)/3-6/index.php
INFO: [ app_init ] --START--
INFO: Run Behavior\BuildLiteBehavior [ RunTime:0.000022s ]
INFO: [ app_init ] --END-- [ RunTime:0.000120s ]

[ 2016-03-05T16:15:07+08:00 ] 127.0.0.1 /js(object)/3-6/index.php
INFO: [ app_init ] --START--
INFO: Run Behavior\BuildLiteBehavior [ RunTime:0.000014s ]
INFO: [ app_init ] --END-- [ RunTime:0.000085s ]

[ 2016-03-05T16:15:36+08:00 ] 127.0.0.1 /js(object)/3-6/index.php/Home/Index/login_check/
INFO: [ app_init ] --START--
INFO: Run Behavior\BuildLiteBehavior [ RunTime:0.000022s ]
INFO: [ app_init ] --END-- [ RunTime:0.000127s ]
ERR: 非法操作:login_check

[ 2016-03-05T16:16:29+08:00 ] 127.0.0.1 /js(object)/3-6/index.php
INFO: [ app_init ] --START--
INFO: Run Behavior\BuildLiteBehavior [ RunTime:0.000022s ]
INFO: [ app_init ] --END-- [ RunTime:0.000120s ]

[ 2016-03-05T16:16:48+08:00 ] 127.0.0.1 /js(object)/3-6/index.php
INFO: [ app_init ] --START--
INFO: Run Behavior\BuildLiteBehavior [ RunTime:0.000022s ]
INFO: [ app_init ] --END-- [ RunTime:0.000123s ]

[ 2016-03-05T16:17:23+08:00 ] 127.0.0.1 /js(object)/3-6/index.php/Home/Index/login_check/
INFO: [ app_init ] --START--
INFO: Run Behavior\BuildLiteBehavior [ RunTime:0.000021s ]
INFO: [ app_init ] --END-- [ RunTime:0.000110s ]

[ 2016-03-05T16:17:23+08:00 ] 127.0.0.1 /js(object)/3-6/index.php
INFO: [ app_init ] --START--
INFO: Run Behavior\BuildLiteBehavior [ RunTime:0.000020s ]
INFO: [ app_init ] --END-- [ RunTime:0.000116s ]

[ 2016-03-05T16:17:23+08:00 ] 127.0.0.1 /js(object)/3-6/index.php
INFO: [ app_init ] --START--
INFO: Run Behavior\BuildLiteBehavior [ RunTime:0.000014s ]
INFO: [ app_init ] --END-- [ RunTime:0.000084s ]

[ 2016-03-05T16:17:23+08:00 ] 127.0.0.1 /js(object)/3-6/index.php
INFO: [ app_init ] --START--
INFO: Run Behavior\BuildLiteBehavior [ RunTime:0.000014s ]
INFO: [ app_init ] --END-- [ RunTime:0.000075s ]

[ 2016-03-05T16:17:23+08:00 ] 127.0.0.1 /js(object)/3-6/index.php
INFO: [ app_init ] --START--
INFO: Run Behavior\BuildLiteBehavior [ RunTime:0.000012s ]
INFO: [ app_init ] --END-- [ RunTime:0.000072s ]

[ 2016-03-05T16:19:08+08:00 ] 127.0.0.1 /js(object)/3-6/index.php
INFO: [ app_init ] --START--
INFO: Run Behavior\BuildLiteBehavior [ RunTime:0.000016s ]
INFO: [ app_init ] --END-- [ RunTime:0.000100s ]
ERR: 模板不存在:./Apps/Home/View/Index/login.html

[ 2016-03-05T16:20:45+08:00 ] 127.0.0.1 /js(object)/3-6/index.php
INFO: [ app_init ] --START--
INFO: Run Behavior\BuildLiteBehavior [ RunTime:0.000013s ]
INFO: [ app_init ] --END-- [ RunTime:0.000073s ]

[ 2016-03-05T16:20:48+08:00 ] 127.0.0.1 /js(object)/3-6/index.php
INFO: [ app_init ] --START--
INFO: Run Behavior\BuildLiteBehavior [ RunTime:0.000012s ]
INFO: [ app_init ] --END-- [ RunTime:0.000072s ]

[ 2016-03-05T16:20:51+08:00 ] 127.0.0.1 /js(object)/3-6/index.php/Home/Login/login.html
INFO: [ app_init ] --START--
INFO: Run Behavior\BuildLiteBehavior [ RunTime:0.000020s ]
INFO: [ app_init ] --END-- [ RunTime:0.000105s ]

[ 2016-03-05T16:20:53+08:00 ] 127.0.0.1 /js(object)/3-6/index.php/Home/Login/login.html
INFO: [ app_init ] --START--
INFO: Run Behavior\BuildLiteBehavior [ RunTime:0.000019s ]
INFO: [ app_init ] --END-- [ RunTime:0.000112s ]

[ 2016-03-05T16:20:56+08:00 ] 127.0.0.1 /js(object)/3-6/index.php/Home/Login/login.html
INFO: [ app_init ] --START--
INFO: Run Behavior\BuildLiteBehavior [ RunTime:0.000015s ]
INFO: [ app_init ] --END-- [ RunTime:0.000068s ]

[ 2016-03-05T16:21:57+08:00 ] 127.0.0.1 /js(object)/3-6/index.php/Home/Login/login_check/
INFO: [ app_init ] --START--
INFO: Run Behavior\BuildLiteBehavior [ RunTime:0.000029s ]
INFO: [ app_init ] --END-- [ RunTime:0.000156s ]

[ 2016-03-05T16:22:36+08:00 ] 127.0.0.1 /js(object)/3-6/index.php/Home/Login/login.html
INFO: [ app_init ] --START--
INFO: Run Behavior\BuildLiteBehavior [ RunTime:0.000012s ]
INFO: [ app_init ] --END-- [ RunTime:0.000067s ]

[ 2016-03-05T16:22:37+08:00 ] 127.0.0.1 /js(object)/3-6/index.php
INFO: [ app_init ] --START--
INFO: Run Behavior\BuildLiteBehavior [ RunTime:0.000012s ]
INFO: [ app_init ] --END-- [ RunTime:0.000067s ]

[ 2016-03-05T16:22:41+08:00 ] 127.0.0.1 /js(object)/3-6/index.php/Home/Login/login.html
INFO: [ app_init ] --START--
INFO: Run Behavior\BuildLiteBehavior [ RunTime:0.000022s ]
INFO: [ app_init ] --END-- [ RunTime:0.000124s ]

[ 2016-03-05T16:23:46+08:00 ] 127.0.0.1 /js(object)/3-6/index.php/Home/Login/login.html
INFO: [ app_init ] --START--
INFO: Run Behavior\BuildLiteBehavior [ RunTime:0.000013s ]
INFO: [ app_init ] --END-- [ RunTime:0.000075s ]

[ 2016-03-05T16:23:49+08:00 ] 127.0.0.1 /js(object)/3-6/index.php
INFO: [ app_init ] --START--
INFO: Run Behavior\BuildLiteBehavior [ RunTime:0.000014s ]
INFO: [ app_init ] --END-- [ RunTime:0.000074s ]

[ 2016-03-05T16:23:52+08:00 ] 127.0.0.1 /js(object)/3-6/index.php/Home/Login/login.html
INFO: [ app_init ] --START--
INFO: Run Behavior\BuildLiteBehavior [ RunTime:0.000015s ]
INFO: [ app_init ] --END-- [ RunTime:0.000081s ]

[ 2016-03-05T16:24:46+08:00 ] 127.0.0.1 /js(object)/3-6/index.php
INFO: [ app_init ] --START--
INFO: Run Behavior\BuildLiteBehavior [ RunTime:0.000027s ]
INFO: [ app_init ] --END-- [ RunTime:0.000141s ]

[ 2016-03-05T16:24:49+08:00 ] 127.0.0.1 /js(object)/3-6/index.php/Home/Login/login.html
INFO: [ app_init ] --START--
INFO: Run Behavior\BuildLiteBehavior [ RunTime:0.000020s ]
INFO: [ app_init ] --END-- [ RunTime:0.000101s ]

[ 2016-03-05T16:25:16+08:00 ] 127.0.0.1 /js(object)/3-6/index.php/Home/Login/login.html
INFO: [ app_init ] --START--
INFO: Run Behavior\BuildLiteBehavior [ RunTime:0.000013s ]
INFO: [ app_init ] --END-- [ RunTime:0.000077s ]

[ 2016-03-05T16:25:16+08:00 ] 127.0.0.1 /js(object)/3-6/index.php/Home/Login/login.html
INFO: [ app_init ] --START--
INFO: Run Behavior\BuildLiteBehavior [ RunTime:0.000019s ]
INFO: [ app_init ] --END-- [ RunTime:0.000092s ]

[ 2016-03-05T16:25:16+08:00 ] 127.0.0.1 /js(object)/3-6/index.php/Home/Login/login.html
INFO: [ app_init ] --START--
INFO: Run Behavior\BuildLiteBehavior [ RunTime:0.000015s ]
INFO: [ app_init ] --END-- [ RunTime:0.000082s ]

[ 2016-03-05T16:25:18+08:00 ] 127.0.0.1 /js(object)/3-6/index.php/Home/Login/login.html
INFO: [ app_init ] --START--
INFO: Run Behavior\BuildLiteBehavior [ RunTime:0.000015s ]
INFO: [ app_init ] --END-- [ RunTime:0.000080s ]

[ 2016-03-05T16:25:38+08:00 ] 127.0.0.1 /js(object)/3-6/index.php
INFO: [ app_init ] --START--
INFO: Run Behavior\BuildLiteBehavior [ RunTime:0.000025s ]
INFO: [ app_init ] --END-- [ RunTime:0.000142s ]

[ 2016-03-05T16:25:41+08:00 ] 127.0.0.1 /js(object)/3-6/index.php/Home/Login/login.html
INFO: [ app_init ] --START--
INFO: Run Behavior\BuildLiteBehavior [ RunTime:0.000014s ]
INFO: [ app_init ] --END-- [ RunTime:0.000073s ]

[ 2016-03-05T16:26:29+08:00 ] 127.0.0.1 /js(object)/3-6/index.php
INFO: [ app_init ] --START--
INFO: Run Behavior\BuildLiteBehavior [ RunTime:0.000026s ]
INFO: [ app_init ] --END-- [ RunTime:0.000139s ]

[ 2016-03-05T16:26:32+08:00 ] 127.0.0.1 /js(object)/3-6/index.php/Home/Index/index.html
INFO: [ app_init ] --START--
INFO: Run Behavior\BuildLiteBehavior [ RunTime:0.000016s ]
INFO: [ app_init ] --END-- [ RunTime:0.000082s ]

[ 2016-03-05T16:26:35+08:00 ] 127.0.0.1 /js(object)/3-6/index.php/Home/Index/index.html
INFO: [ app_init ] --START--
INFO: Run Behavior\BuildLiteBehavior [ RunTime:0.000022s ]
INFO: [ app_init ] --END-- [ RunTime:0.000205s ]

[ 2016-03-05T16:26:38+08:00 ] 127.0.0.1 /js(object)/3-6/index.php/Home/Index/index.html
INFO: [ app_init ] --START--
INFO: Run Behavior\BuildLiteBehavior [ RunTime:0.000021s ]
INFO: [ app_init ] --END-- [ RunTime:0.000120s ]

[ 2016-03-05T16:26:42+08:00 ] 127.0.0.1 /js(object)/3-6/index.php/Home/Index/index.html
INFO: [ app_init ] --START--
INFO: Run Behavior\BuildLiteBehavior [ RunTime:0.000019s ]
INFO: [ app_init ] --END-- [ RunTime:0.000103s ]

[ 2016-03-05T16:26:45+08:00 ] 127.0.0.1 /js(object)/3-6/index.php/Home/Index/index.html
INFO: [ app_init ] --START--
INFO: Run Behavior\BuildLiteBehavior [ RunTime:0.000025s ]
INFO: [ app_init ] --END-- [ RunTime:0.000144s ]

[ 2016-03-05T16:26:48+08:00 ] 127.0.0.1 /js(object)/3-6/index.php/Home/Index/index.html
INFO: [ app_init ] --START--
INFO: Run Behavior\BuildLiteBehavior [ RunTime:0.000016s ]
INFO: [ app_init ] --END-- [ RunTime:0.000086s ]

[ 2016-03-05T16:26:51+08:00 ] 127.0.0.1 /js(object)/3-6/index.php/Home/Index/index.html
INFO: [ app_init ] --START--
INFO: Run Behavior\BuildLiteBehavior [ RunTime:0.000018s ]
INFO: [ app_init ] --END-- [ RunTime:0.000101s ]

[ 2016-03-05T16:26:54+08:00 ] 127.0.0.1 /js(object)/3-6/index.php/Home/Index/index.html
INFO: [ app_init ] --START--
INFO: Run Behavior\BuildLiteBehavior [ RunTime:0.000014s ]
INFO: [ app_init ] --END-- [ RunTime:0.000074s ]

[ 2016-03-05T16:26:57+08:00 ] 127.0.0.1 /js(object)/3-6/index.php/Home/Index/index.html
INFO: [ app_init ] --START--
INFO: Run Behavior\BuildLiteBehavior [ RunTime:0.000021s ]
INFO: [ app_init ] --END-- [ RunTime:0.000115s ]

[ 2016-03-05T16:27:00+08:00 ] 127.0.0.1 /js(object)/3-6/index.php/Home/Index/index.html
INFO: [ app_init ] --START--
INFO: Run Behavior\BuildLiteBehavior [ RunTime:0.000016s ]
INFO: [ app_init ] --END-- [ RunTime:0.000097s ]

[ 2016-03-05T16:27:04+08:00 ] 127.0.0.1 /js(object)/3-6/index.php/Home/Index/index.html
INFO: [ app_init ] --START--
INFO: Run Behavior\BuildLiteBehavior [ RunTime:0.000033s ]
INFO: [ app_init ] --END-- [ RunTime:0.000167s ]

[ 2016-03-05T16:27:07+08:00 ] 127.0.0.1 /js(object)/3-6/index.php/Home/Index/index.html
INFO: [ app_init ] --START--
INFO: Run Behavior\BuildLiteBehavior [ RunTime:0.000026s ]
INFO: [ app_init ] --END-- [ RunTime:0.000184s ]

[ 2016-03-05T16:27:10+08:00 ] 127.0.0.1 /js(object)/3-6/index.php/Home/Index/index.html
INFO: [ app_init ] --START--
INFO: Run Behavior\BuildLiteBehavior [ RunTime:0.000014s ]
INFO: [ app_init ] --END-- [ RunTime:0.000073s ]

[ 2016-03-05T16:27:13+08:00 ] 127.0.0.1 /js(object)/3-6/index.php/Home/Index/index.html
INFO: [ app_init ] --START--
INFO: Run Behavior\BuildLiteBehavior [ RunTime:0.000016s ]
INFO: [ app_init ] --END-- [ RunTime:0.000085s ]

[ 2016-03-05T16:27:16+08:00 ] 127.0.0.1 /js(object)/3-6/index.php/Home/Index/index.html
INFO: [ app_init ] --START--
INFO: Run Behavior\BuildLiteBehavior [ RunTime:0.000023s ]
INFO: [ app_init ] --END-- [ RunTime:0.000133s ]

[ 2016-03-05T16:27:19+08:00 ] 127.0.0.1 /js(object)/3-6/index.php/Home/Index/index.html
INFO: [ app_init ] --START--
INFO: Run Behavior\BuildLiteBehavior [ RunTime:0.000021s ]
INFO: [ app_init ] --END-- [ RunTime:0.000110s ]

[ 2016-03-05T16:27:22+08:00 ] 127.0.0.1 /js(object)/3-6/index.php/Home/Index/index.html
INFO: [ app_init ] --START--
INFO: Run Behavior\BuildLiteBehavior [ RunTime:0.000015s ]
INFO: [ app_init ] --END-- [ RunTime:0.000078s ]

[ 2016-03-05T16:27:26+08:00 ] 127.0.0.1 /js(object)/3-6/index.php/Home/Index/index.html
INFO: [ app_init ] --START--
INFO: Run Behavior\BuildLiteBehavior [ RunTime:0.000021s ]
INFO: [ app_init ] --END-- [ RunTime:0.000093s ]

[ 2016-03-05T16:27:29+08:00 ] 127.0.0.1 /js(object)/3-6/index.php/Home/Index/index.html
INFO: [ app_init ] --START--
INFO: Run Behavior\BuildLiteBehavior [ RunTime:0.000015s ]
INFO: [ app_init ] --END-- [ RunTime:0.000083s ]

[ 2016-03-05T16:27:32+08:00 ] 127.0.0.1 /js(object)/3-6/index.php/Home/Index/index.html
INFO: [ app_init ] --START--
INFO: Run Behavior\BuildLiteBehavior [ RunTime:0.000019s ]
INFO: [ app_init ] --END-- [ RunTime:0.000085s ]

[ 2016-03-05T16:27:35+08:00 ] 127.0.0.1 /js(object)/3-6/index.php/Home/Index/index.html
INFO: [ app_init ] --START--
INFO: Run Behavior\BuildLiteBehavior [ RunTime:0.000018s ]
INFO: [ app_init ] --END-- [ RunTime:0.000096s ]

[ 2016-03-05T16:27:38+08:00 ] 127.0.0.1 /js(object)/3-6/index.php/Home/Index/index.html
INFO: [ app_init ] --START--
INFO: Run Behavior\BuildLiteBehavior [ RunTime:0.000035s ]
INFO: [ app_init ] --END-- [ RunTime:0.000308s ]

[ 2016-03-05T16:27:41+08:00 ] 127.0.0.1 /js(object)/3-6/index.php/Home/Index/index.html
INFO: [ app_init ] --START--
INFO: Run Behavior\BuildLiteBehavior [ RunTime:0.000013s ]
INFO: [ app_init ] --END-- [ RunTime:0.000073s ]

[ 2016-03-05T16:27:44+08:00 ] 127.0.0.1 /js(object)/3-6/index.php/Home/Index/index.html
INFO: [ app_init ] --START--
INFO: Run Behavior\BuildLiteBehavior [ RunTime:0.000024s ]
INFO: [ app_init ] --END-- [ RunTime:0.000138s ]

[ 2016-03-05T16:27:47+08:00 ] 127.0.0.1 /js(object)/3-6/index.php/Home/Index/index.html
INFO: [ app_init ] --START--
INFO: Run Behavior\BuildLiteBehavior [ RunTime:0.000017s ]
INFO: [ app_init ] --END-- [ RunTime:0.000098s ]

[ 2016-03-05T16:27:51+08:00 ] 127.0.0.1 /js(object)/3-6/index.php/Home/Index/index.html
INFO: [ app_init ] --START--
INFO: Run Behavior\BuildLiteBehavior [ RunTime:0.000014s ]
INFO: [ app_init ] --END-- [ RunTime:0.000072s ]

[ 2016-03-05T16:27:54+08:00 ] 127.0.0.1 /js(object)/3-6/index.php/Home/Index/index.html
INFO: [ app_init ] --START--
INFO: Run Behavior\BuildLiteBehavior [ RunTime:0.000014s ]
INFO: [ app_init ] --END-- [ RunTime:0.000076s ]

[ 2016-03-05T16:27:57+08:00 ] 127.0.0.1 /js(object)/3-6/index.php/Home/Index/index.html
INFO: [ app_init ] --START--
INFO: Run Behavior\BuildLiteBehavior [ RunTime:0.000044s ]
INFO: [ app_init ] --END-- [ RunTime:0.000184s ]

[ 2016-03-05T16:28:00+08:00 ] 127.0.0.1 /js(object)/3-6/index.php/Home/Index/index.html
INFO: [ app_init ] --START--
INFO: Run Behavior\BuildLiteBehavior [ RunTime:0.000055s ]
INFO: [ app_init ] --END-- [ RunTime:0.000303s ]

[ 2016-03-05T16:28:03+08:00 ] 127.0.0.1 /js(object)/3-6/index.php/Home/Index/index.html
INFO: [ app_init ] --START--
INFO: Run Behavior\BuildLiteBehavior [ RunTime:0.000016s ]
INFO: [ app_init ] --END-- [ RunTime:0.000083s ]

[ 2016-03-05T16:28:06+08:00 ] 127.0.0.1 /js(object)/3-6/index.php/Home/Index/index.html
INFO: [ app_init ] --START--
INFO: Run Behavior\BuildLiteBehavior [ RunTime:0.000014s ]
INFO: [ app_init ] --END-- [ RunTime:0.000071s ]

[ 2016-03-05T16:28:09+08:00 ] 127.0.0.1 /js(object)/3-6/index.php/Home/Index/index.html
INFO: [ app_init ] --START--
INFO: Run Behavior\BuildLiteBehavior [ RunTime:0.000022s ]
INFO: [ app_init ] --END-- [ RunTime:0.000124s ]

[ 2016-03-05T16:28:13+08:00 ] 127.0.0.1 /js(object)/3-6/index.php/Home/Index/index.html
INFO: [ app_init ] --START--
INFO: Run Behavior\BuildLiteBehavior [ RunTime:0.000015s ]
INFO: [ app_init ] --END-- [ RunTime:0.000091s ]

[ 2016-03-05T16:28:16+08:00 ] 127.0.0.1 /js(object)/3-6/index.php/Home/Index/index.html
INFO: [ app_init ] --START--
INFO: Run Behavior\BuildLiteBehavior [ RunTime:0.000022s ]
INFO: [ app_init ] --END-- [ RunTime:0.000122s ]

[ 2016-03-05T16:28:19+08:00 ] 127.0.0.1 /js(object)/3-6/index.php/Home/Index/index.html
INFO: [ app_init ] --START--
INFO: Run Behavior\BuildLiteBehavior [ RunTime:0.000013s ]
INFO: [ app_init ] --END-- [ RunTime:0.000088s ]

[ 2016-03-05T16:28:22+08:00 ] 127.0.0.1 /js(object)/3-6/index.php/Home/Index/index.html
INFO: [ app_init ] --START--
INFO: Run Behavior\BuildLiteBehavior [ RunTime:0.000014s ]
INFO: [ app_init ] --END-- [ RunTime:0.000078s ]

[ 2016-03-05T16:28:25+08:00 ] 127.0.0.1 /js(object)/3-6/index.php/Home/Index/index.html
INFO: [ app_init ] --START--
INFO: Run Behavior\BuildLiteBehavior [ RunTime:0.000014s ]
INFO: [ app_init ] --END-- [ RunTime:0.000081s ]

[ 2016-03-05T16:28:28+08:00 ] 127.0.0.1 /js(object)/3-6/index.php/Home/Index/index.html
INFO: [ app_init ] --START--
INFO: Run Behavior\BuildLiteBehavior [ RunTime:0.000014s ]
INFO: [ app_init ] --END-- [ RunTime:0.000069s ]

[ 2016-03-05T16:28:31+08:00 ] 127.0.0.1 /js(object)/3-6/index.php/Home/Index/index.html
INFO: [ app_init ] --START--
INFO: Run Behavior\BuildLiteBehavior [ RunTime:0.000030s ]
INFO: [ app_init ] --END-- [ RunTime:0.000234s ]

[ 2016-03-05T16:28:35+08:00 ] 127.0.0.1 /js(object)/3-6/index.php/Home/Index/index.html
INFO: [ app_init ] --START--
INFO: Run Behavior\BuildLiteBehavior [ RunTime:0.000014s ]
INFO: [ app_init ] --END-- [ RunTime:0.000071s ]

[ 2016-03-05T16:28:38+08:00 ] 127.0.0.1 /js(object)/3-6/index.php/Home/Index/index.html
INFO: [ app_init ] --START--
INFO: Run Behavior\BuildLiteBehavior [ RunTime:0.000041s ]
INFO: [ app_init ] --END-- [ RunTime:0.000215s ]

[ 2016-03-05T16:28:41+08:00 ] 127.0.0.1 /js(object)/3-6/index.php/Home/Index/index.html
INFO: [ app_init ] --START--
INFO: Run Behavior\BuildLiteBehavior [ RunTime:0.000015s ]
INFO: [ app_init ] --END-- [ RunTime:0.000084s ]

[ 2016-03-05T16:28:44+08:00 ] 127.0.0.1 /js(object)/3-6/index.php/Home/Index/index.html
INFO: [ app_init ] --START--
INFO: Run Behavior\BuildLiteBehavior [ RunTime:0.000026s ]
INFO: [ app_init ] --END-- [ RunTime:0.000130s ]

[ 2016-03-05T16:28:47+08:00 ] 127.0.0.1 /js(object)/3-6/index.php/Home/Index/index.html
INFO: [ app_init ] --START--
INFO: Run Behavior\BuildLiteBehavior [ RunTime:0.000024s ]
INFO: [ app_init ] --END-- [ RunTime:0.000142s ]

[ 2016-03-05T16:28:50+08:00 ] 127.0.0.1 /js(object)/3-6/index.php/Home/Index/index.html
INFO: [ app_init ] --START--
INFO: Run Behavior\BuildLiteBehavior [ RunTime:0.000030s ]
INFO: [ app_init ] --END-- [ RunTime:0.000142s ]

[ 2016-03-05T16:28:53+08:00 ] 127.0.0.1 /js(object)/3-6/index.php/Home/Index/index.html
INFO: [ app_init ] --START--
INFO: Run Behavior\BuildLiteBehavior [ RunTime:0.000022s ]
INFO: [ app_init ] --END-- [ RunTime:0.000108s ]

[ 2016-03-05T16:28:57+08:00 ] 127.0.0.1 /js(object)/3-6/index.php/Home/Index/index.html
INFO: [ app_init ] --START--
INFO: Run Behavior\BuildLiteBehavior [ RunTime:0.000027s ]
INFO: [ app_init ] --END-- [ RunTime:0.000133s ]

[ 2016-03-05T16:29:00+08:00 ] 127.0.0.1 /js(object)/3-6/index.php/Home/Index/index.html
INFO: [ app_init ] --START--
INFO: Run Behavior\BuildLiteBehavior [ RunTime:0.000013s ]
INFO: [ app_init ] --END-- [ RunTime:0.000079s ]

[ 2016-03-05T16:29:03+08:00 ] 127.0.0.1 /js(object)/3-6/index.php/Home/Index/index.html
INFO: [ app_init ] --START--
INFO: Run Behavior\BuildLiteBehavior [ RunTime:0.000017s ]
INFO: [ app_init ] --END-- [ RunTime:0.000085s ]

[ 2016-03-05T16:29:06+08:00 ] 127.0.0.1 /js(object)/3-6/index.php/Home/Index/index.html
INFO: [ app_init ] --START--
INFO: Run Behavior\BuildLiteBehavior [ RunTime:0.000024s ]
INFO: [ app_init ] --END-- [ RunTime:0.000146s ]

[ 2016-03-05T16:29:09+08:00 ] 127.0.0.1 /js(object)/3-6/index.php/Home/Index/index.html
INFO: [ app_init ] --START--
INFO: Run Behavior\BuildLiteBehavior [ RunTime:0.000024s ]
INFO: [ app_init ] --END-- [ RunTime:0.000141s ]

[ 2016-03-05T16:29:12+08:00 ] 127.0.0.1 /js(object)/3-6/index.php/Home/Index/index.html
INFO: [ app_init ] --START--
INFO: Run Behavior\BuildLiteBehavior [ RunTime:0.000013s ]
INFO: [ app_init ] --END-- [ RunTime:0.000069s ]

[ 2016-03-05T16:29:15+08:00 ] 127.0.0.1 /js(object)/3-6/index.php/Home/Index/index.html
INFO: [ app_init ] --START--
INFO: Run Behavior\BuildLiteBehavior [ RunTime:0.000022s ]
INFO: [ app_init ] --END-- [ RunTime:0.000102s ]

[ 2016-03-05T16:29:18+08:00 ] 127.0.0.1 /js(object)/3-6/index.php/Home/Index/index.html
INFO: [ app_init ] --START--
INFO: Run Behavior\BuildLiteBehavior [ RunTime:0.000015s ]
INFO: [ app_init ] --END-- [ RunTime:0.000073s ]

[ 2016-03-05T16:29:22+08:00 ] 127.0.0.1 /js(object)/3-6/index.php/Home/Index/index.html
INFO: [ app_init ] --START--
INFO: Run Behavior\BuildLiteBehavior [ RunTime:0.000014s ]
INFO: [ app_init ] --END-- [ RunTime:0.000080s ]

[ 2016-03-05T16:29:25+08:00 ] 127.0.0.1 /js(object)/3-6/index.php/Home/Index/index.html
INFO: [ app_init ] --START--
INFO: Run Behavior\BuildLiteBehavior [ RunTime:0.000021s ]
INFO: [ app_init ] --END-- [ RunTime:0.000106s ]

[ 2016-03-05T16:29:28+08:00 ] 127.0.0.1 /js(object)/3-6/index.php/Home/Index/index.html
INFO: [ app_init ] --START--
INFO: Run Behavior\BuildLiteBehavior [ RunTime:0.000021s ]
INFO: [ app_init ] --END-- [ RunTime:0.000110s ]

[ 2016-03-05T16:29:31+08:00 ] 127.0.0.1 /js(object)/3-6/index.php/Home/Index/index.html
INFO: [ app_init ] --START--
INFO: Run Behavior\BuildLiteBehavior [ RunTime:0.000016s ]
INFO: [ app_init ] --END-- [ RunTime:0.000183s ]

[ 2016-03-05T16:29:34+08:00 ] 127.0.0.1 /js(object)/3-6/index.php/Home/Index/index.html
INFO: [ app_init ] --START--
INFO: Run Behavior\BuildLiteBehavior [ RunTime:0.000015s ]
INFO: [ app_init ] --END-- [ RunTime:0.000076s ]

[ 2016-03-05T16:29:37+08:00 ] 127.0.0.1 /js(object)/3-6/index.php/Home/Index/index.html
INFO: [ app_init ] --START--
INFO: Run Behavior\BuildLiteBehavior [ RunTime:0.000022s ]
INFO: [ app_init ] --END-- [ RunTime:0.000115s ]

[ 2016-03-05T16:29:40+08:00 ] 127.0.0.1 /js(object)/3-6/index.php/Home/Index/index.html
INFO: [ app_init ] --START--
INFO: Run Behavior\BuildLiteBehavior [ RunTime:0.000012s ]
INFO: [ app_init ] --END-- [ RunTime:0.000061s ]

[ 2016-03-05T16:29:43+08:00 ] 127.0.0.1 /js(object)/3-6/index.php/Home/Index/index.html
INFO: [ app_init ] --START--
INFO: Run Behavior\BuildLiteBehavior [ RunTime:0.000020s ]
INFO: [ app_init ] --END-- [ RunTime:0.000116s ]

[ 2016-03-05T16:29:47+08:00 ] 127.0.0.1 /js(object)/3-6/index.php/Home/Index/index.html
INFO: [ app_init ] --START--
INFO: Run Behavior\BuildLiteBehavior [ RunTime:0.000013s ]
INFO: [ app_init ] --END-- [ RunTime:0.000073s ]

[ 2016-03-05T16:29:50+08:00 ] 127.0.0.1 /js(object)/3-6/index.php/Home/Index/index.html
INFO: [ app_init ] --START--
INFO: Run Behavior\BuildLiteBehavior [ RunTime:0.000056s ]
INFO: [ app_init ] --END-- [ RunTime:0.000178s ]

[ 2016-03-05T16:29:53+08:00 ] 127.0.0.1 /js(object)/3-6/index.php/Home/Index/index.html
INFO: [ app_init ] --START--
INFO: Run Behavior\BuildLiteBehavior [ RunTime:0.000014s ]
INFO: [ app_init ] --END-- [ RunTime:0.000075s ]

[ 2016-03-05T16:29:56+08:00 ] 127.0.0.1 /js(object)/3-6/index.php/Home/Index/index.html
INFO: [ app_init ] --START--
INFO: Run Behavior\BuildLiteBehavior [ RunTime:0.000013s ]
INFO: [ app_init ] --END-- [ RunTime:0.000070s ]

[ 2016-03-05T16:29:59+08:00 ] 127.0.0.1 /js(object)/3-6/index.php/Home/Index/index.html
INFO: [ app_init ] --START--
INFO: Run Behavior\BuildLiteBehavior [ RunTime:0.000018s ]
INFO: [ app_init ] --END-- [ RunTime:0.000082s ]

[ 2016-03-05T16:30:02+08:00 ] 127.0.0.1 /js(object)/3-6/index.php/Home/Index/index.html
INFO: [ app_init ] --START--
INFO: Run Behavior\BuildLiteBehavior [ RunTime:0.000027s ]
INFO: [ app_init ] --END-- [ RunTime:0.000151s ]

[ 2016-03-05T16:30:05+08:00 ] 127.0.0.1 /js(object)/3-6/index.php/Home/Index/index.html
INFO: [ app_init ] --START--
INFO: Run Behavior\BuildLiteBehavior [ RunTime:0.000023s ]
INFO: [ app_init ] --END-- [ RunTime:0.000121s ]

[ 2016-03-05T16:30:08+08:00 ] 127.0.0.1 /js(object)/3-6/index.php/Home/Index/index.html
INFO: [ app_init ] --START--
INFO: Run Behavior\BuildLiteBehavior [ RunTime:0.000017s ]
INFO: [ app_init ] --END-- [ RunTime:0.000092s ]

[ 2016-03-05T16:30:12+08:00 ] 127.0.0.1 /js(object)/3-6/index.php/Home/Index/index.html
INFO: [ app_init ] --START--
INFO: Run Behavior\BuildLiteBehavior [ RunTime:0.000020s ]
INFO: [ app_init ] --END-- [ RunTime:0.000113s ]

[ 2016-03-05T16:30:15+08:00 ] 127.0.0.1 /js(object)/3-6/index.php/Home/Index/index.html
INFO: [ app_init ] --START--
INFO: Run Behavior\BuildLiteBehavior [ RunTime:0.000015s ]
INFO: [ app_init ] --END-- [ RunTime:0.000086s ]

[ 2016-03-05T16:30:18+08:00 ] 127.0.0.1 /js(object)/3-6/index.php/Home/Index/index.html
INFO: [ app_init ] --START--
INFO: Run Behavior\BuildLiteBehavior [ RunTime:0.000014s ]
INFO: [ app_init ] --END-- [ RunTime:0.000080s ]

[ 2016-03-05T16:30:21+08:00 ] 127.0.0.1 /js(object)/3-6/index.php/Home/Index/index.html
INFO: [ app_init ] --START--
INFO: Run Behavior\BuildLiteBehavior [ RunTime:0.000013s ]
INFO: [ app_init ] --END-- [ RunTime:0.000064s ]

[ 2016-03-05T16:30:24+08:00 ] 127.0.0.1 /js(object)/3-6/index.php/Home/Index/index.html
INFO: [ app_init ] --START--
INFO: Run Behavior\BuildLiteBehavior [ RunTime:0.000026s ]
INFO: [ app_init ] --END-- [ RunTime:0.000141s ]

[ 2016-03-05T16:30:27+08:00 ] 127.0.0.1 /js(object)/3-6/index.php/Home/Index/index.html
INFO: [ app_init ] --START--
INFO: Run Behavior\BuildLiteBehavior [ RunTime:0.000015s ]
INFO: [ app_init ] --END-- [ RunTime:0.000077s ]

[ 2016-03-05T16:30:30+08:00 ] 127.0.0.1 /js(object)/3-6/index.php/Home/Index/index.html
INFO: [ app_init ] --START--
INFO: Run Behavior\BuildLiteBehavior [ RunTime:0.000020s ]
INFO: [ app_init ] --END-- [ RunTime:0.000112s ]

[ 2016-03-05T16:30:34+08:00 ] 127.0.0.1 /js(object)/3-6/index.php/Home/Index/index.html
INFO: [ app_init ] --START--
INFO: Run Behavior\BuildLiteBehavior [ RunTime:0.000022s ]
INFO: [ app_init ] --END-- [ RunTime:0.000132s ]

[ 2016-03-05T16:30:37+08:00 ] 127.0.0.1 /js(object)/3-6/index.php/Home/Index/index.html
INFO: [ app_init ] --START--
INFO: Run Behavior\BuildLiteBehavior [ RunTime:0.000012s ]
INFO: [ app_init ] --END-- [ RunTime:0.000062s ]

[ 2016-03-05T16:30:40+08:00 ] 127.0.0.1 /js(object)/3-6/index.php/Home/Index/index.html
INFO: [ app_init ] --START--
INFO: Run Behavior\BuildLiteBehavior [ RunTime:0.000014s ]
INFO: [ app_init ] --END-- [ RunTime:0.000071s ]

[ 2016-03-05T16:30:43+08:00 ] 127.0.0.1 /js(object)/3-6/index.php/Home/Index/index.html
INFO: [ app_init ] --START--
INFO: Run Behavior\BuildLiteBehavior [ RunTime:0.000016s ]
INFO: [ app_init ] --END-- [ RunTime:0.000082s ]

[ 2016-03-05T16:30:46+08:00 ] 127.0.0.1 /js(object)/3-6/index.php/Home/Index/index.html
INFO: [ app_init ] --START--
INFO: Run Behavior\BuildLiteBehavior [ RunTime:0.000019s ]
INFO: [ app_init ] --END-- [ RunTime:0.000115s ]

[ 2016-03-05T16:30:49+08:00 ] 127.0.0.1 /js(object)/3-6/index.php/Home/Index/index.html
INFO: [ app_init ] --START--
INFO: Run Behavior\BuildLiteBehavior [ RunTime:0.000014s ]
INFO: [ app_init ] --END-- [ RunTime:0.000075s ]

[ 2016-03-05T16:30:52+08:00 ] 127.0.0.1 /js(object)/3-6/index.php/Home/Index/index.html
INFO: [ app_init ] --START--
INFO: Run Behavior\BuildLiteBehavior [ RunTime:0.000015s ]
INFO: [ app_init ] --END-- [ RunTime:0.000077s ]

[ 2016-03-05T16:30:56+08:00 ] 127.0.0.1 /js(object)/3-6/index.php/Home/Index/index.html
INFO: [ app_init ] --START--
INFO: Run Behavior\BuildLiteBehavior [ RunTime:0.000026s ]
INFO: [ app_init ] --END-- [ RunTime:0.000153s ]

[ 2016-03-05T16:30:59+08:00 ] 127.0.0.1 /js(object)/3-6/index.php/Home/Index/index.html
INFO: [ app_init ] --START--
INFO: Run Behavior\BuildLiteBehavior [ RunTime:0.000024s ]
INFO: [ app_init ] --END-- [ RunTime:0.000273s ]

[ 2016-03-05T16:31:02+08:00 ] 127.0.0.1 /js(object)/3-6/index.php/Home/Index/index.html
INFO: [ app_init ] --START--
INFO: Run Behavior\BuildLiteBehavior [ RunTime:0.000024s ]
INFO: [ app_init ] --END-- [ RunTime:0.000210s ]

[ 2016-03-05T16:31:05+08:00 ] 127.0.0.1 /js(object)/3-6/index.php/Home/Index/index.html
INFO: [ app_init ] --START--
INFO: Run Behavior\BuildLiteBehavior [ RunTime:0.000017s ]
INFO: [ app_init ] --END-- [ RunTime:0.000084s ]

[ 2016-03-05T16:31:08+08:00 ] 127.0.0.1 /js(object)/3-6/index.php/Home/Index/index.html
INFO: [ app_init ] --START--
INFO: Run Behavior\BuildLiteBehavior [ RunTime:0.000017s ]
INFO: [ app_init ] --END-- [ RunTime:0.000084s ]

[ 2016-03-05T16:31:11+08:00 ] 127.0.0.1 /js(object)/3-6/index.php/Home/Index/index.html
INFO: [ app_init ] --START--
INFO: Run Behavior\BuildLiteBehavior [ RunTime:0.000024s ]
INFO: [ app_init ] --END-- [ RunTime:0.000123s ]

[ 2016-03-05T16:31:15+08:00 ] 127.0.0.1 /js(object)/3-6/index.php/Home/Index/index.html
INFO: [ app_init ] --START--
INFO: Run Behavior\BuildLiteBehavior [ RunTime:0.000018s ]
INFO: [ app_init ] --END-- [ RunTime:0.000102s ]

[ 2016-03-05T16:31:18+08:00 ] 127.0.0.1 /js(object)/3-6/index.php/Home/Index/index.html
INFO: [ app_init ] --START--
INFO: Run Behavior\BuildLiteBehavior [ RunTime:0.000025s ]
INFO: [ app_init ] --END-- [ RunTime:0.000121s ]

[ 2016-03-05T16:31:21+08:00 ] 127.0.0.1 /js(object)/3-6/index.php/Home/Index/index.html
INFO: [ app_init ] --START--
INFO: Run Behavior\BuildLiteBehavior [ RunTime:0.000015s ]
INFO: [ app_init ] --END-- [ RunTime:0.000073s ]

[ 2016-03-05T16:31:24+08:00 ] 127.0.0.1 /js(object)/3-6/index.php/Home/Index/index.html
INFO: [ app_init ] --START--
INFO: Run Behavior\BuildLiteBehavior [ RunTime:0.000020s ]
INFO: [ app_init ] --END-- [ RunTime:0.000115s ]

[ 2016-03-05T16:31:27+08:00 ] 127.0.0.1 /js(object)/3-6/index.php/Home/Index/index.html
INFO: [ app_init ] --START--
INFO: Run Behavior\BuildLiteBehavior [ RunTime:0.000019s ]
INFO: [ app_init ] --END-- [ RunTime:0.000107s ]

[ 2016-03-05T16:31:30+08:00 ] 127.0.0.1 /js(object)/3-6/index.php/Home/Index/index.html
INFO: [ app_init ] --START--
INFO: Run Behavior\BuildLiteBehavior [ RunTime:0.000020s ]
INFO: [ app_init ] --END-- [ RunTime:0.000109s ]

[ 2016-03-05T16:31:33+08:00 ] 127.0.0.1 /js(object)/3-6/index.php/Home/Index/index.html
INFO: [ app_init ] --START--
INFO: Run Behavior\BuildLiteBehavior [ RunTime:0.000031s ]
INFO: [ app_init ] --END-- [ RunTime:0.000145s ]

[ 2016-03-05T16:31:37+08:00 ] 127.0.0.1 /js(object)/3-6/index.php/Home/Index/index.html
INFO: [ app_init ] --START--
INFO: Run Behavior\BuildLiteBehavior [ RunTime:0.000035s ]
INFO: [ app_init ] --END-- [ RunTime:0.000232s ]

[ 2016-03-05T16:31:40+08:00 ] 127.0.0.1 /js(object)/3-6/index.php/Home/Index/index.html
INFO: [ app_init ] --START--
INFO: Run Behavior\BuildLiteBehavior [ RunTime:0.000022s ]
INFO: [ app_init ] --END-- [ RunTime:0.000114s ]

[ 2016-03-05T16:31:43+08:00 ] 127.0.0.1 /js(object)/3-6/index.php/Home/Index/index.html
INFO: [ app_init ] --START--
INFO: Run Behavior\BuildLiteBehavior [ RunTime:0.000015s ]
INFO: [ app_init ] --END-- [ RunTime:0.000081s ]

[ 2016-03-05T16:31:46+08:00 ] 127.0.0.1 /js(object)/3-6/index.php/Home/Index/index.html
INFO: [ app_init ] --START--
INFO: Run Behavior\BuildLiteBehavior [ RunTime:0.000014s ]
INFO: [ app_init ] --END-- [ RunTime:0.000082s ]

[ 2016-03-05T16:31:49+08:00 ] 127.0.0.1 /js(object)/3-6/index.php/Home/Index/index.html
INFO: [ app_init ] --START--
INFO: Run Behavior\BuildLiteBehavior [ RunTime:0.000022s ]
INFO: [ app_init ] --END-- [ RunTime:0.000303s ]

[ 2016-03-05T16:31:52+08:00 ] 127.0.0.1 /js(object)/3-6/index.php/Home/Index/index.html
INFO: [ app_init ] --START--
INFO: Run Behavior\BuildLiteBehavior [ RunTime:0.000026s ]
INFO: [ app_init ] --END-- [ RunTime:0.000139s ]

[ 2016-03-05T16:31:55+08:00 ] 127.0.0.1 /js(object)/3-6/index.php/Home/Index/index.html
INFO: [ app_init ] --START--
INFO: Run Behavior\BuildLiteBehavior [ RunTime:0.000015s ]
INFO: [ app_init ] --END-- [ RunTime:0.000080s ]

[ 2016-03-05T16:31:58+08:00 ] 127.0.0.1 /js(object)/3-6/index.php/Home/Index/index.html
INFO: [ app_init ] --START--
INFO: Run Behavior\BuildLiteBehavior [ RunTime:0.000016s ]
INFO: [ app_init ] --END-- [ RunTime:0.000087s ]

[ 2016-03-05T16:32:02+08:00 ] 127.0.0.1 /js(object)/3-6/index.php/Home/Index/index.html
INFO: [ app_init ] --START--
INFO: Run Behavior\BuildLiteBehavior [ RunTime:0.000019s ]
INFO: [ app_init ] --END-- [ RunTime:0.000107s ]

[ 2016-03-05T16:32:05+08:00 ] 127.0.0.1 /js(object)/3-6/index.php/Home/Index/index.html
INFO: [ app_init ] --START--
INFO: Run Behavior\BuildLiteBehavior [ RunTime:0.000029s ]
INFO: [ app_init ] --END-- [ RunTime:0.000134s ]

[ 2016-03-05T16:32:08+08:00 ] 127.0.0.1 /js(object)/3-6/index.php/Home/Index/index.html
INFO: [ app_init ] --START--
INFO: Run Behavior\BuildLiteBehavior [ RunTime:0.000029s ]
INFO: [ app_init ] --END-- [ RunTime:0.000108s ]

[ 2016-03-05T16:32:11+08:00 ] 127.0.0.1 /js(object)/3-6/index.php/Home/Index/index.html
INFO: [ app_init ] --START--
INFO: Run Behavior\BuildLiteBehavior [ RunTime:0.000019s ]
INFO: [ app_init ] --END-- [ RunTime:0.000117s ]

[ 2016-03-05T16:32:14+08:00 ] 127.0.0.1 /js(object)/3-6/index.php/Home/Index/index.html
INFO: [ app_init ] --START--
INFO: Run Behavior\BuildLiteBehavior [ RunTime:0.000020s ]
INFO: [ app_init ] --END-- [ RunTime:0.000121s ]

[ 2016-03-05T16:32:18+08:00 ] 127.0.0.1 /js(object)/3-6/index.php/Home/Index/index.html
INFO: [ app_init ] --START--
INFO: Run Behavior\BuildLiteBehavior [ RunTime:0.000014s ]
INFO: [ app_init ] --END-- [ RunTime:0.000079s ]

[ 2016-03-05T16:32:21+08:00 ] 127.0.0.1 /js(object)/3-6/index.php/Home/Index/index.html
INFO: [ app_init ] --START--
INFO: Run Behavior\BuildLiteBehavior [ RunTime:0.000048s ]
INFO: [ app_init ] --END-- [ RunTime:0.000275s ]

[ 2016-03-05T16:32:24+08:00 ] 127.0.0.1 /js(object)/3-6/index.php/Home/Index/index.html
INFO: [ app_init ] --START--
INFO: Run Behavior\BuildLiteBehavior [ RunTime:0.000019s ]
INFO: [ app_init ] --END-- [ RunTime:0.000107s ]

[ 2016-03-05T16:32:27+08:00 ] 127.0.0.1 /js(object)/3-6/index.php/Home/Index/index.html
INFO: [ app_init ] --START--
INFO: Run Behavior\BuildLiteBehavior [ RunTime:0.000012s ]
INFO: [ app_init ] --END-- [ RunTime:0.000062s ]

[ 2016-03-05T16:32:30+08:00 ] 127.0.0.1 /js(object)/3-6/index.php/Home/Index/index.html
INFO: [ app_init ] --START--
INFO: Run Behavior\BuildLiteBehavior [ RunTime:0.000016s ]
INFO: [ app_init ] --END-- [ RunTime:0.000080s ]

[ 2016-03-05T16:32:33+08:00 ] 127.0.0.1 /js(object)/3-6/index.php/Home/Index/index.html
INFO: [ app_init ] --START--
INFO: Run Behavior\BuildLiteBehavior [ RunTime:0.000014s ]
INFO: [ app_init ] --END-- [ RunTime:0.000077s ]

[ 2016-03-05T16:32:36+08:00 ] 127.0.0.1 /js(object)/3-6/index.php/Home/Index/index.html
INFO: [ app_init ] --START--
INFO: Run Behavior\BuildLiteBehavior [ RunTime:0.000030s ]
INFO: [ app_init ] --END-- [ RunTime:0.000151s ]

[ 2016-03-05T16:32:39+08:00 ] 127.0.0.1 /js(object)/3-6/index.php/Home/Index/index.html
INFO: [ app_init ] --START--
INFO: Run Behavior\BuildLiteBehavior [ RunTime:0.000014s ]
INFO: [ app_init ] --END-- [ RunTime:0.000070s ]

[ 2016-03-05T16:32:43+08:00 ] 127.0.0.1 /js(object)/3-6/index.php/Home/Index/index.html
INFO: [ app_init ] --START--
INFO: Run Behavior\BuildLiteBehavior [ RunTime:0.000022s ]
INFO: [ app_init ] --END-- [ RunTime:0.000127s ]

[ 2016-03-05T16:32:46+08:00 ] 127.0.0.1 /js(object)/3-6/index.php/Home/Login/logimn.html
INFO: [ app_init ] --START--
INFO: Run Behavior\BuildLiteBehavior [ RunTime:0.000021s ]
INFO: [ app_init ] --END-- [ RunTime:0.000115s ]
ERR: 非法操作:logimn

[ 2016-03-05T16:33:00+08:00 ] 127.0.0.1 /js(object)/3-6/index.php
INFO: [ app_init ] --START--
INFO: Run Behavior\BuildLiteBehavior [ RunTime:0.000024s ]
INFO: [ app_init ] --END-- [ RunTime:0.000135s ]

[ 2016-03-05T16:33:03+08:00 ] 127.0.0.1 /js(object)/3-6/index.php/Home/Login/login.html
INFO: [ app_init ] --START--
INFO: Run Behavior\BuildLiteBehavior [ RunTime:0.000015s ]
INFO: [ app_init ] --END-- [ RunTime:0.000077s ]

[ 2016-03-05T16:34:55+08:00 ] 127.0.0.1 /js(object)/3-6/index.php/Home/Login/login.html
INFO: [ app_init ] --START--
INFO: Run Behavior\BuildLiteBehavior [ RunTime:0.000013s ]
INFO: [ app_init ] --END-- [ RunTime:0.000071s ]

[ 2016-03-05T16:34:58+08:00 ] 127.0.0.1 /js(object)/3-6/index.php/Home/Login/login_check/
INFO: [ app_init ] --START--
INFO: Run Behavior\BuildLiteBehavior [ RunTime:0.000020s ]
INFO: [ app_init ] --END-- [ RunTime:0.000102s ]

[ 2016-03-05T16:35:30+08:00 ] 127.0.0.1 /js(object)/3-6/index.php/Home/Login/login.html
INFO: [ app_init ] --START--
INFO: Run Behavior\BuildLiteBehavior [ RunTime:0.000017s ]
INFO: [ app_init ] --END-- [ RunTime:0.000093s ]

[ 2016-03-05T16:36:00+08:00 ] 127.0.0.1 /js(object)/3-6/index.php/Home/Login/login.html
INFO: [ app_init ] --START--
INFO: Run Behavior\BuildLiteBehavior [ RunTime:0.000013s ]
INFO: [ app_init ] --END-- [ RunTime:0.000070s ]

[ 2016-03-05T16:36:09+08:00 ] 127.0.0.1 /js(object)/3-6/index.php/Home/Login/login_check/
INFO: [ app_init ] --START--
INFO: Run Behavior\BuildLiteBehavior [ RunTime:0.000019s ]
INFO: [ app_init ] --END-- [ RunTime:0.000090s ]

[ 2016-03-05T16:38:17+08:00 ] 127.0.0.1 /js(object)/3-6/index.php/Home/Login/login.html
INFO: [ app_init ] --START--
INFO: Run Behavior\BuildLiteBehavior [ RunTime:0.000015s ]
INFO: [ app_init ] --END-- [ RunTime:0.000082s ]

[ 2016-03-05T16:38:19+08:00 ] 127.0.0.1 /js(object)/3-6/index.php/Home/Login/login_check/
INFO: [ app_init ] --START--
INFO: Run Behavior\BuildLiteBehavior [ RunTime:0.000022s ]
INFO: [ app_init ] --END-- [ RunTime:0.000117s ]

[ 2016-03-05T16:39:11+08:00 ] 127.0.0.1 /js(object)/3-6/index.php/Home/Login/login.html
INFO: [ app_init ] --START--
INFO: Run Behavior\BuildLiteBehavior [ RunTime:0.000027s ]
INFO: [ app_init ] --END-- [ RunTime:0.000178s ]

[ 2016-03-05T16:39:11+08:00 ] 127.0.0.1 /js(object)/3-6/index.php/Home/Login/login.html
INFO: [ app_init ] --START--
INFO: Run Behavior\BuildLiteBehavior [ RunTime:0.000022s ]
INFO: [ app_init ] --END-- [ RunTime:0.000106s ]

[ 2016-03-05T16:39:14+08:00 ] 127.0.0.1 /js(object)/3-6/index.php/Home/Login/login_check/
INFO: [ app_init ] --START--
INFO: Run Behavior\BuildLiteBehavior [ RunTime:0.000026s ]
INFO: [ app_init ] --END-- [ RunTime:0.000141s ]

[ 2016-03-05T16:39:25+08:00 ] 127.0.0.1 /js(object)/3-6/index.php/Home/Login/login.html
INFO: [ app_init ] --START--
INFO: Run Behavior\BuildLiteBehavior [ RunTime:0.000024s ]
INFO: [ app_init ] --END-- [ RunTime:0.000136s ]

[ 2016-03-05T16:39:25+08:00 ] 127.0.0.1 /js(object)/3-6/index.php/Home/Login/login.html
INFO: [ app_init ] --START--
INFO: Run Behavior\BuildLiteBehavior [ RunTime:0.000017s ]
INFO: [ app_init ] --END-- [ RunTime:0.000087s ]

[ 2016-03-05T16:39:28+08:00 ] 127.0.0.1 /js(object)/3-6/index.php/Home/Login/login_check/
INFO: [ app_init ] --START--
INFO: Run Behavior\BuildLiteBehavior [ RunTime:0.000014s ]
INFO: [ app_init ] --END-- [ RunTime:0.000070s ]

[ 2016-03-05T16:40:09+08:00 ] 127.0.0.1 /js(object)/3-6/index.php/Home/Login/login_check/
INFO: [ app_init ] --START--
INFO: Run Behavior\BuildLiteBehavior [ RunTime:0.000019s ]
INFO: [ app_init ] --END-- [ RunTime:0.000108s ]

[ 2016-03-05T16:40:27+08:00 ] 127.0.0.1 /js(object)/3-6/index.php/Home/Login/login_check/
INFO: [ app_init ] --START--
INFO: Run Behavior\BuildLiteBehavior [ RunTime:0.000025s ]
INFO: [ app_init ] --END-- [ RunTime:0.000163s ]

[ 2016-03-05T16:40:54+08:00 ] 127.0.0.1 /js(object)/3-6/index.php/Home/Login/login_check/
INFO: [ app_init ] --START--
INFO: Run Behavior\BuildLiteBehavior [ RunTime:0.000019s ]
INFO: [ app_init ] --END-- [ RunTime:0.000096s ]

[ 2016-03-05T16:42:07+08:00 ] 127.0.0.1 /js(object)/3-6/index.php/Home/Login/login.html
INFO: [ app_init ] --START--
INFO: Run Behavior\BuildLiteBehavior [ RunTime:0.000015s ]
INFO: [ app_init ] --END-- [ RunTime:0.000078s ]

[ 2016-03-05T16:42:07+08:00 ] 127.0.0.1 /js(object)/3-6/index.php/Home/Login/login.html
INFO: [ app_init ] --START--
INFO: Run Behavior\BuildLiteBehavior [ RunTime:0.000015s ]
INFO: [ app_init ] --END-- [ RunTime:0.000104s ]

[ 2016-03-05T16:42:14+08:00 ] 127.0.0.1 /js(object)/3-6/index.php/Home/Login/login_check/
INFO: [ app_init ] --START--
INFO: Run Behavior\BuildLiteBehavior [ RunTime:0.000017s ]
INFO: [ app_init ] --END-- [ RunTime:0.000101s ]

[ 2016-03-05T16:42:22+08:00 ] 127.0.0.1 /js(object)/3-6/index.php/Home/Login/login_check/
INFO: [ app_init ] --START--
INFO: Run Behavior\BuildLiteBehavior [ RunTime:0.000023s ]
INFO: [ app_init ] --END-- [ RunTime:0.000124s ]

[ 2016-03-05T16:43:07+08:00 ] 127.0.0.1 /js(object)/3-6/index.php/Home/Login/login.html
INFO: [ app_init ] --START--
INFO: Run Behavior\BuildLiteBehavior [ RunTime:0.000015s ]
INFO: [ app_init ] --END-- [ RunTime:0.000083s ]

[ 2016-03-05T16:43:07+08:00 ] 127.0.0.1 /js(object)/3-6/index.php/Home/Login/login.html
INFO: [ app_init ] --START--
INFO: Run Behavior\BuildLiteBehavior [ RunTime:0.000015s ]
INFO: [ app_init ] --END-- [ RunTime:0.000077s ]

[ 2016-03-05T16:43:07+08:00 ] 127.0.0.1 /js(object)/3-6/index.php/Home/Login/login.html
INFO: [ app_init ] --START--
INFO: Run Behavior\BuildLiteBehavior [ RunTime:0.000024s ]
INFO: [ app_init ] --END-- [ RunTime:0.000113s ]

[ 2016-03-05T16:43:11+08:00 ] 127.0.0.1 /js(object)/3-6/index.php/Home/Login/login_check/
INFO: [ app_init ] --START--
INFO: Run Behavior\BuildLiteBehavior [ RunTime:0.000025s ]
INFO: [ app_init ] --END-- [ RunTime:0.000145s ]

[ 2016-03-05T16:43:27+08:00 ] 127.0.0.1 /js(object)/3-6/index.php/Home/Login/login.html
INFO: [ app_init ] --START--
INFO: Run Behavior\BuildLiteBehavior [ RunTime:0.000013s ]
INFO: [ app_init ] --END-- [ RunTime:0.000069s ]

[ 2016-03-05T16:43:30+08:00 ] 127.0.0.1 /js(object)/3-6/index.php/Home/Login/login_check/
INFO: [ app_init ] --START--
INFO: Run Behavior\BuildLiteBehavior [ RunTime:0.000021s ]
INFO: [ app_init ] --END-- [ RunTime:0.000123s ]

[ 2016-03-05T16:45:01+08:00 ] 127.0.0.1 /js(object)/3-6/index.php
INFO: [ app_init ] --START--
INFO: Run Behavior\BuildLiteBehavior [ RunTime:0.000024s ]
INFO: [ app_init ] --END-- [ RunTime:0.000139s ]

[ 2016-03-05T16:45:03+08:00 ] 127.0.0.1 /js(object)/3-6/index.php/Home/Login/login.html
INFO: [ app_init ] --START--
INFO: Run Behavior\BuildLiteBehavior [ RunTime:0.000022s ]
INFO: [ app_init ] --END-- [ RunTime:0.000124s ]

[ 2016-03-05T16:45:10+08:00 ] 127.0.0.1 /js(object)/3-6/index.php/Home/Login/login_check/
INFO: [ app_init ] --START--
INFO: Run Behavior\BuildLiteBehavior [ RunTime:0.000022s ]
INFO: [ app_init ] --END-- [ RunTime:0.000130s ]

[ 2016-03-05T16:45:51+08:00 ] 127.0.0.1 /js(object)/3-6/index.php/Home/Login/login_check/
INFO: [ app_init ] --START--
INFO: Run Behavior\BuildLiteBehavior [ RunTime:0.000023s ]
INFO: [ app_init ] --END-- [ RunTime:0.000128s ]

[ 2016-03-05T16:46:38+08:00 ] 127.0.0.1 /js(object)/3-6/index.php/Home/Login/login_check/
INFO: [ app_init ] --START--
INFO: Run Behavior\BuildLiteBehavior [ RunTime:0.000024s ]
INFO: [ app_init ] --END-- [ RunTime:0.000138s ]

[ 2016-03-05T16:47:06+08:00 ] 127.0.0.1 /js(object)/3-6/index.php/Home/Login/login.html
INFO: [ app_init ] --START--
INFO: Run Behavior\BuildLiteBehavior [ RunTime:0.000012s ]
INFO: [ app_init ] --END-- [ RunTime:0.000066s ]

[ 2016-03-05T16:47:13+08:00 ] 127.0.0.1 /js(object)/3-6/index.php/Home/Login/login_check/
INFO: [ app_init ] --START--
INFO: Run Behavior\BuildLiteBehavior [ RunTime:0.000021s ]
INFO: [ app_init ] --END-- [ RunTime:0.000137s ]

[ 2016-03-05T16:48:03+08:00 ] 127.0.0.1 /js(object)/3-6/index.php/Home/Login/login_check/
INFO: [ app_init ] --START--
INFO: Run Behavior\BuildLiteBehavior [ RunTime:0.000018s ]
INFO: [ app_init ] --END-- [ RunTime:0.000104s ]

[ 2016-03-05T16:48:27+08:00 ] 127.0.0.1 /js(object)/3-6/index.php/Home/Login/login.html
INFO: [ app_init ] --START--
INFO: Run Behavior\BuildLiteBehavior [ RunTime:0.000014s ]
INFO: [ app_init ] --END-- [ RunTime:0.000071s ]

[ 2016-03-05T16:48:27+08:00 ] 127.0.0.1 /js(object)/3-6/index.php/Home/Login/login.html
INFO: [ app_init ] --START--
INFO: Run Behavior\BuildLiteBehavior [ RunTime:0.000013s ]
INFO: [ app_init ] --END-- [ RunTime:0.000067s ]

[ 2016-03-05T16:48:27+08:00 ] 127.0.0.1 /js(object)/3-6/index.php/Home/Login/login.html
INFO: [ app_init ] --START--
INFO: Run Behavior\BuildLiteBehavior [ RunTime:0.000014s ]
INFO: [ app_init ] --END-- [ RunTime:0.000077s ]

[ 2016-03-05T16:48:39+08:00 ] 127.0.0.1 /js(object)/3-6/index.php/Home/Login/login_check/
INFO: [ app_init ] --START--
INFO: Run Behavior\BuildLiteBehavior [ RunTime:0.000040s ]
INFO: [ app_init ] --END-- [ RunTime:0.000165s ]

[ 2016-03-05T16:48:51+08:00 ] 127.0.0.1 /js(object)/3-6/index.php/Home/Login/login_check/
INFO: [ app_init ] --START--
INFO: Run Behavior\BuildLiteBehavior [ RunTime:0.000019s ]
INFO: [ app_init ] --END-- [ RunTime:0.000103s ]

[ 2016-03-05T16:49:48+08:00 ] 127.0.0.1 /js(object)/3-6/index.php/Home/Login/login.html
INFO: [ app_init ] --START--
INFO: Run Behavior\BuildLiteBehavior [ RunTime:0.000016s ]
INFO: [ app_init ] --END-- [ RunTime:0.000085s ]

[ 2016-03-05T16:49:48+08:00 ] 127.0.0.1 /js(object)/3-6/index.php/Home/Login/login.html
INFO: [ app_init ] --START--
INFO: Run Behavior\BuildLiteBehavior [ RunTime:0.000012s ]
INFO: [ app_init ] --END-- [ RunTime:0.000065s ]

[ 2016-03-05T16:49:51+08:00 ] 127.0.0.1 /js(object)/3-6/index.php/Home/Login/login_check/
INFO: [ app_init ] --START--
INFO: Run Behavior\BuildLiteBehavior [ RunTime:0.000022s ]
INFO: [ app_init ] --END-- [ RunTime:0.000121s ]

[ 2016-03-05T16:49:55+08:00 ] 127.0.0.1 /js(object)/3-6/index.php/Home/Login/login.html
INFO: [ app_init ] --START--
INFO: Run Behavior\BuildLiteBehavior [ RunTime:0.000012s ]
INFO: [ app_init ] --END-- [ RunTime:0.000064s ]

[ 2016-03-05T16:49:55+08:00 ] 127.0.0.1 /js(object)/3-6/index.php/Home/Login/login.html
INFO: [ app_init ] --START--
INFO: Run Behavior\BuildLiteBehavior [ RunTime:0.000015s ]
INFO: [ app_init ] --END-- [ RunTime:0.000073s ]

[ 2016-03-05T16:51:41+08:00 ] 127.0.0.1 /js(object)/3-6/index.php/Home/Login/login.html
INFO: [ app_init ] --START--
INFO: Run Behavior\BuildLiteBehavior [ RunTime:0.000021s ]
INFO: [ app_init ] --END-- [ RunTime:0.000124s ]

[ 2016-03-05T16:51:47+08:00 ] 127.0.0.1 /js(object)/3-6/index.php/Home/Login/login_check/
INFO: [ app_init ] --START--
INFO: Run Behavior\BuildLiteBehavior [ RunTime:0.000023s ]
INFO: [ app_init ] --END-- [ RunTime:0.000136s ]

[ 2016-03-05T16:53:47+08:00 ] 127.0.0.1 /js(object)/3-6/index.php/Home/Login/login_check/
INFO: [ app_init ] --START--
INFO: Run Behavior\BuildLiteBehavior [ RunTime:0.000028s ]
INFO: [ app_init ] --END-- [ RunTime:0.000136s ]

[ 2016-03-05T16:53:54+08:00 ] 127.0.0.1 /js(object)/3-6/index.php/Home/Login/login_check/
INFO: [ app_init ] --START--
INFO: Run Behavior\BuildLiteBehavior [ RunTime:0.000023s ]
INFO: [ app_init ] --END-- [ RunTime:0.000117s ]

[ 2016-03-05T16:58:36+08:00 ] 127.0.0.1 /js(object)/3-6/index.php/Home/Login/login.html
INFO: [ app_init ] --START--
INFO: Run Behavior\BuildLiteBehavior [ RunTime:0.000016s ]
INFO: [ app_init ] --END-- [ RunTime:0.000085s ]

[ 2016-03-05T16:58:45+08:00 ] 127.0.0.1 /js(object)/3-6/index.php/Home/Login/login_check/
INFO: [ app_init ] --START--
INFO: Run Behavior\BuildLiteBehavior [ RunTime:0.000023s ]
INFO: [ app_init ] --END-- [ RunTime:0.000099s ]

[ 2016-03-05T16:59:00+08:00 ] 127.0.0.1 /js(object)/3-6/index.php/Home/Login/login_check/
INFO: [ app_init ] --START--
INFO: Run Behavior\BuildLiteBehavior [ RunTime:0.000021s ]
INFO: [ app_init ] --END-- [ RunTime:0.000126s ]

[ 2016-03-05T16:59:09+08:00 ] 127.0.0.1 /js(object)/3-6/index.php/Home/Login/login_check/
INFO: [ app_init ] --START--
INFO: Run Behavior\BuildLiteBehavior [ RunTime:0.000021s ]
INFO: [ app_init ] --END-- [ RunTime:0.000128s ]

[ 2016-03-05T16:59:24+08:00 ] 127.0.0.1 /js(object)/3-6/index.php/Home/Login/login.html
INFO: [ app_init ] --START--
INFO: Run Behavior\BuildLiteBehavior [ RunTime:0.000013s ]
INFO: [ app_init ] --END-- [ RunTime:0.000061s ]

[ 2016-03-05T16:59:33+08:00 ] 127.0.0.1 /js(object)/3-6/index.php/Home/Login/login_check/
INFO: [ app_init ] --START--
INFO: Run Behavior\BuildLiteBehavior [ RunTime:0.000018s ]
INFO: [ app_init ] --END-- [ RunTime:0.000096s ]

[ 2016-03-05T17:00:41+08:00 ] 127.0.0.1 /js(object)/3-6/index.php/Home/Login/login.html
INFO: [ app_init ] --START--
INFO: Run Behavior\BuildLiteBehavior [ RunTime:0.000019s ]
INFO: [ app_init ] --END-- [ RunTime:0.000108s ]

[ 2016-03-05T17:00:41+08:00 ] 127.0.0.1 /js(object)/3-6/index.php/Home/Login/login.html
INFO: [ app_init ] --START--
INFO: Run Behavior\BuildLiteBehavior [ RunTime:0.000011s ]
INFO: [ app_init ] --END-- [ RunTime:0.000062s ]

[ 2016-03-05T17:00:55+08:00 ] 127.0.0.1 /js(object)/3-6/index.php/Home/Login/login_check/
INFO: [ app_init ] --START--
INFO: Run Behavior\BuildLiteBehavior [ RunTime:0.000025s ]
INFO: [ app_init ] --END-- [ RunTime:0.000123s ]

[ 2016-03-05T17:01:31+08:00 ] 127.0.0.1 /js(object)/3-6/index.php/Home/Login/login.html
INFO: [ app_init ] --START--
INFO: Run Behavior\BuildLiteBehavior [ RunTime:0.000016s ]
INFO: [ app_init ] --END-- [ RunTime:0.000086s ]

[ 2016-03-05T17:01:39+08:00 ] 127.0.0.1 /js(object)/3-6/index.php/Home/Login/login_check/
INFO: [ app_init ] --START--
INFO: Run Behavior\BuildLiteBehavior [ RunTime:0.000023s ]
INFO: [ app_init ] --END-- [ RunTime:0.000116s ]

[ 2016-03-05T19:43:26+08:00 ] 127.0.0.1 /js(object)/3-6/index.php/Home/Login/login_check/
INFO: [ app_init ] --START--
INFO: Run Behavior\BuildLiteBehavior [ RunTime:0.000026s ]
INFO: [ app_init ] --END-- [ RunTime:0.000139s ]

[ 2016-03-05T19:43:43+08:00 ] 127.0.0.1 /js(object)/3-6/index.php
INFO: [ app_init ] --START--
INFO: Run Behavior\BuildLiteBehavior [ RunTime:0.000021s ]
INFO: [ app_init ] --END-- [ RunTime:0.000090s ]

[ 2016-03-05T19:43:46+08:00 ] 127.0.0.1 /js(object)/3-6/index.php/Home/Login/login.html
INFO: [ app_init ] --START--
INFO: Run Behavior\BuildLiteBehavior [ RunTime:0.000024s ]
INFO: [ app_init ] --END-- [ RunTime:0.000120s ]

[ 2016-03-05T19:44:08+08:00 ] 127.0.0.1 /js(object)/3-6/index.php/Home/Login/login_check/
INFO: [ app_init ] --START--
INFO: Run Behavior\BuildLiteBehavior [ RunTime:0.000017s ]
INFO: [ app_init ] --END-- [ RunTime:0.000088s ]

[ 2016-03-05T19:47:41+08:00 ] 127.0.0.1 /js(object)/3-6/index.php/Home/Login/login_check/
INFO: [ app_init ] --START--
INFO: Run Behavior\BuildLiteBehavior [ RunTime:0.000013s ]
INFO: [ app_init ] --END-- [ RunTime:0.000073s ]

[ 2016-03-05T19:47:48+08:00 ] 127.0.0.1 /js(object)/3-6/index.php/Home/Login/login_check/
INFO: [ app_init ] --START--
INFO: Run Behavior\BuildLiteBehavior [ RunTime:0.000012s ]
INFO: [ app_init ] --END-- [ RunTime:0.000063s ]

[ 2016-03-05T19:48:03+08:00 ] 127.0.0.1 /js(object)/3-6/index.php
INFO: [ app_init ] --START--
INFO: Run Behavior\BuildLiteBehavior [ RunTime:0.000016s ]
INFO: [ app_init ] --END-- [ RunTime:0.000081s ]

[ 2016-03-05T19:48:05+08:00 ] 127.0.0.1 /js(object)/3-6/index.php/Home/Login/login.html
INFO: [ app_init ] --START--
INFO: Run Behavior\BuildLiteBehavior [ RunTime:0.000038s ]
INFO: [ app_init ] --END-- [ RunTime:0.000214s ]

[ 2016-03-05T19:48:29+08:00 ] 127.0.0.1 /js(object)/3-6/index.php/Home/Login/login_check/
INFO: [ app_init ] --START--
INFO: Run Behavior\BuildLiteBehavior [ RunTime:0.000040s ]
INFO: [ app_init ] --END-- [ RunTime:0.000122s ]

[ 2016-03-05T19:49:42+08:00 ] 127.0.0.1 /js(object)/3-6/index.php/Home/Login/login_check/
INFO: [ app_init ] --START--
INFO: Run Behavior\BuildLiteBehavior [ RunTime:0.000022s ]
INFO: [ app_init ] --END-- [ RunTime:0.000131s ]

[ 2016-03-05T19:49:47+08:00 ] 127.0.0.1 /js(object)/3-6/index.php/Home/Login/login_check/
INFO: [ app_init ] --START--
INFO: Run Behavior\BuildLiteBehavior [ RunTime:0.000018s ]
INFO: [ app_init ] --END-- [ RunTime:0.000104s ]

[ 2016-03-05T19:50:00+08:00 ] 127.0.0.1 /js(object)/3-6/index.php/Home/Login/login_check/
INFO: [ app_init ] --START--
INFO: Run Behavior\BuildLiteBehavior [ RunTime:0.000019s ]
INFO: [ app_init ] --END-- [ RunTime:0.000130s ]

[ 2016-03-05T19:50:14+08:00 ] 127.0.0.1 /js(object)/3-6/index.php/Home/Login/login_check/
INFO: [ app_init ] --START--
INFO: Run Behavior\BuildLiteBehavior [ RunTime:0.000023s ]
INFO: [ app_init ] --END-- [ RunTime:0.000141s ]

[ 2016-03-05T19:51:30+08:00 ] 127.0.0.1 /js(object)/3-6/index.php/Home/Login/login.html
INFO: [ app_init ] --START--
INFO: Run Behavior\BuildLiteBehavior [ RunTime:0.000012s ]
INFO: [ app_init ] --END-- [ RunTime:0.000067s ]

[ 2016-03-05T19:51:53+08:00 ] 127.0.0.1 /js(object)/3-6/index.php/Home/Login/login_check/
INFO: [ app_init ] --START--
INFO: Run Behavior\BuildLiteBehavior [ RunTime:0.000022s ]
INFO: [ app_init ] --END-- [ RunTime:0.000119s ]

[ 2016-03-05T19:58:47+08:00 ] 127.0.0.1 /js(object)/3-6/index.php/Home/Login/login_check/
INFO: [ app_init ] --START--
INFO: Run Behavior\BuildLiteBehavior [ RunTime:0.000015s ]
INFO: [ app_init ] --END-- [ RunTime:0.000091s ]

[ 2016-03-05T19:58:49+08:00 ] 127.0.0.1 /js(object)/3-6/index.php/Home/Index/index.html
INFO: [ app_init ] --START--
INFO: Run Behavior\BuildLiteBehavior [ RunTime:0.000031s ]
INFO: [ app_init ] --END-- [ RunTime:0.000171s ]

[ 2016-03-05T20:01:25+08:00 ] 127.0.0.1 /js(object)/3-6/index.php/Home/Index/index.html
INFO: [ app_init ] --START--
INFO: Run Behavior\BuildLiteBehavior [ RunTime:0.000013s ]
INFO: [ app_init ] --END-- [ RunTime:0.000072s ]

[ 2016-03-05T20:21:58+08:00 ] 127.0.0.1 /js(object)/3-6/index.php/Home/Index/index.html
INFO: [ app_init ] --START--
INFO: Run Behavior\BuildLiteBehavior [ RunTime:0.000013s ]
INFO: [ app_init ] --END-- [ RunTime:0.000073s ]
ERR: Think\Model:show方法不存在！

[ 2016-03-05T20:22:48+08:00 ] 127.0.0.1 /js(object)/3-6/index.php/Home/Index/index.html
INFO: [ app_init ] --START--
INFO: Run Behavior\BuildLiteBehavior [ RunTime:0.000017s ]
INFO: [ app_init ] --END-- [ RunTime:0.000095s ]

[ 2016-03-05T20:23:28+08:00 ] 127.0.0.1 /js(object)/3-6/index.php/Home/Index/index.html
INFO: [ app_init ] --START--
INFO: Run Behavior\BuildLiteBehavior [ RunTime:0.000021s ]
INFO: [ app_init ] --END-- [ RunTime:0.000121s ]

[ 2016-03-05T20:24:17+08:00 ] 127.0.0.1 /js(object)/3-6/index.php/Home/Index/index.html
INFO: [ app_init ] --START--
INFO: Run Behavior\BuildLiteBehavior [ RunTime:0.000013s ]
INFO: [ app_init ] --END-- [ RunTime:0.000081s ]

