[ 2016-03-07T07:47:35+08:00 ] 127.0.0.1 /js(object)/3-7/index.php
INFO: [ app_init ] --START--
INFO: Run Behavior\BuildLiteBehavior [ RunTime:0.000013s ]
INFO: [ app_init ] --END-- [ RunTime:0.000364s ]

[ 2016-03-07T07:49:44+08:00 ] 127.0.0.1 /js(object)/3-7/index.php
INFO: [ app_init ] --START--
INFO: Run Behavior\BuildLiteBehavior [ RunTime:0.000023s ]
INFO: [ app_init ] --END-- [ RunTime:0.000486s ]

[ 2016-03-07T07:50:34+08:00 ] 127.0.0.1 /js(object)/3-7/index.php/Home/Index/add/
INFO: [ app_init ] --START--
INFO: Run Behavior\BuildLiteBehavior [ RunTime:0.000014s ]
INFO: [ app_init ] --END-- [ RunTime:0.000460s ]

[ 2016-03-07T07:50:35+08:00 ] 127.0.0.1 /js(object)/3-7/index.php
INFO: [ app_init ] --START--
INFO: Run Behavior\BuildLiteBehavior [ RunTime:0.000033s ]
INFO: [ app_init ] --END-- [ RunTime:0.000960s ]

[ 2016-03-07T07:52:24+08:00 ] 127.0.0.1 /js(object)/3-7/index.php/Home/Index/add/
INFO: [ app_init ] --START--
INFO: Run Behavior\BuildLiteBehavior [ RunTime:0.000018s ]
INFO: [ app_init ] --END-- [ RunTime:0.000601s ]

[ 2016-03-07T07:52:25+08:00 ] 127.0.0.1 /js(object)/3-7/index.php
INFO: [ app_init ] --START--
INFO: Run Behavior\BuildLiteBehavior [ RunTime:0.000032s ]
INFO: [ app_init ] --END-- [ RunTime:0.000733s ]

[ 2016-03-07T07:57:52+08:00 ] 127.0.0.1 /js(object)/3-7/index.php
INFO: [ app_init ] --START--
INFO: Run Behavior\BuildLiteBehavior [ RunTime:0.000016s ]
INFO: [ app_init ] --END-- [ RunTime:0.000708s ]

[ 2016-03-07T07:57:58+08:00 ] 127.0.0.1 /js(object)/3-7/index.php/Home/Index/add/
INFO: [ app_init ] --START--
INFO: Run Behavior\BuildLiteBehavior [ RunTime:0.000028s ]
INFO: [ app_init ] --END-- [ RunTime:0.000643s ]

[ 2016-03-07T07:57:59+08:00 ] 127.0.0.1 /js(object)/3-7/index.php
INFO: [ app_init ] --START--
INFO: Run Behavior\BuildLiteBehavior [ RunTime:0.000038s ]
INFO: [ app_init ] --END-- [ RunTime:0.000951s ]

[ 2016-03-07T07:58:29+08:00 ] 127.0.0.1 /js(object)/3-7/index.php
INFO: [ app_init ] --START--
INFO: Run Behavior\BuildLiteBehavior [ RunTime:0.000018s ]
INFO: [ app_init ] --END-- [ RunTime:0.000369s ]
ERR: Think\Model:look方法不存在！

[ 2016-03-07T07:58:32+08:00 ] 127.0.0.1 /js(object)/3-7/index.php
INFO: [ app_init ] --START--
INFO: Run Behavior\BuildLiteBehavior [ RunTime:0.000036s ]
INFO: [ app_init ] --END-- [ RunTime:0.000729s ]
ERR: Think\Model:look方法不存在！

[ 2016-03-07T08:01:01+08:00 ] 127.0.0.1 /js(object)/3-7/index.php
INFO: [ app_init ] --START--
INFO: Run Behavior\BuildLiteBehavior [ RunTime:0.000103s ]
INFO: [ app_init ] --END-- [ RunTime:0.001425s ]
ERR: SQLSTATE[42000]: Syntax error or access violation: 1066 Not unique table/alias: 'Note'

[ 2016-03-07T08:02:50+08:00 ] 127.0.0.1 /js(object)/3-7/index.php
INFO: [ app_init ] --START--
INFO: Run Behavior\BuildLiteBehavior [ RunTime:0.000023s ]
INFO: [ app_init ] --END-- [ RunTime:0.000570s ]
ERR: SQLSTATE[42000]: Syntax error or access violation: 1066 Not unique table/alias: 'Note'

[ 2016-03-07T08:02:57+08:00 ] 127.0.0.1 /js(object)/3-7/index.php
INFO: [ app_init ] --START--
INFO: Run Behavior\BuildLiteBehavior [ RunTime:0.000016s ]
INFO: [ app_init ] --END-- [ RunTime:0.000520s ]
ERR: SQLSTATE[42000]: Syntax error or access violation: 1066 Not unique table/alias: 'Note'

[ 2016-03-07T08:06:49+08:00 ] 127.0.0.1 /js(object)/3-7/index.php
INFO: [ app_init ] --START--
INFO: Run Behavior\BuildLiteBehavior [ RunTime:0.000018s ]
INFO: [ app_init ] --END-- [ RunTime:0.001413s ]

[ 2016-03-07T08:07:02+08:00 ] 127.0.0.1 /js(object)/3-7/index.php/Home/Index/add/
INFO: [ app_init ] --START--
INFO: Run Behavior\BuildLiteBehavior [ RunTime:0.000034s ]
INFO: [ app_init ] --END-- [ RunTime:0.000862s ]

[ 2016-03-07T08:07:03+08:00 ] 127.0.0.1 /js(object)/3-7/index.php
INFO: [ app_init ] --START--
INFO: Run Behavior\BuildLiteBehavior [ RunTime:0.000023s ]
INFO: [ app_init ] --END-- [ RunTime:0.000526s ]

[ 2016-03-07T08:07:21+08:00 ] 127.0.0.1 /js(object)/3-7/index.php/Home/Index/deng_out/
INFO: [ app_init ] --START--
INFO: Run Behavior\BuildLiteBehavior [ RunTime:0.000016s ]
INFO: [ app_init ] --END-- [ RunTime:0.000384s ]
ERR: 非法操作:deng_out

[ 2016-03-07T08:08:08+08:00 ] 127.0.0.1 /js(object)/3-7/index.php
INFO: [ app_init ] --START--
INFO: Run Behavior\BuildLiteBehavior [ RunTime:0.000023s ]
INFO: [ app_init ] --END-- [ RunTime:0.000575s ]

[ 2016-03-07T08:08:10+08:00 ] 127.0.0.1 /js(object)/3-7/index.php/Home/Index/deng_out/
INFO: [ app_init ] --START--
INFO: Run Behavior\BuildLiteBehavior [ RunTime:0.000018s ]
INFO: [ app_init ] --END-- [ RunTime:0.000378s ]

[ 2016-03-07T08:08:12+08:00 ] 127.0.0.1 /js(object)/3-7/index.php/Home/Deng/login.html
INFO: [ app_init ] --START--
INFO: Run Behavior\BuildLiteBehavior [ RunTime:0.000024s ]
INFO: [ app_init ] --END-- [ RunTime:0.000556s ]

[ 2016-03-07T08:08:55+08:00 ] 127.0.0.1 /js(object)/3-7/index.php/Home/Deng/deng_check/
INFO: [ app_init ] --START--
INFO: Run Behavior\BuildLiteBehavior [ RunTime:0.000037s ]
INFO: [ app_init ] --END-- [ RunTime:0.000839s ]

[ 2016-03-07T08:08:55+08:00 ] 127.0.0.1 /js(object)/3-7/index.php/Home/Index/index.html
INFO: [ app_init ] --START--
INFO: Run Behavior\BuildLiteBehavior [ RunTime:0.000072s ]
INFO: [ app_init ] --END-- [ RunTime:0.000834s ]

[ 2016-03-07T08:09:03+08:00 ] 127.0.0.1 /js(object)/3-7/index.php/Home/Index/index.html
INFO: [ app_init ] --START--
INFO: Run Behavior\BuildLiteBehavior [ RunTime:0.000030s ]
INFO: [ app_init ] --END-- [ RunTime:0.000930s ]

[ 2016-03-07T08:09:06+08:00 ] 127.0.0.1 /js(object)/3-7/index.php/Home/Index/index.html
INFO: [ app_init ] --START--
INFO: Run Behavior\BuildLiteBehavior [ RunTime:0.000014s ]
INFO: [ app_init ] --END-- [ RunTime:0.000324s ]

[ 2016-03-07T08:09:06+08:00 ] 127.0.0.1 /js(object)/3-7/index.php/Home/Index/index.html
INFO: [ app_init ] --START--
INFO: Run Behavior\BuildLiteBehavior [ RunTime:0.000022s ]
INFO: [ app_init ] --END-- [ RunTime:0.000507s ]

[ 2016-03-07T08:09:06+08:00 ] 127.0.0.1 /js(object)/3-7/index.php/Home/Index/index.html
INFO: [ app_init ] --START--
INFO: Run Behavior\BuildLiteBehavior [ RunTime:0.000017s ]
INFO: [ app_init ] --END-- [ RunTime:0.000405s ]

[ 2016-03-07T08:09:07+08:00 ] 127.0.0.1 /js(object)/3-7/index.php/Home/Index/index.html
INFO: [ app_init ] --START--
INFO: Run Behavior\BuildLiteBehavior [ RunTime:0.000016s ]
INFO: [ app_init ] --END-- [ RunTime:0.000447s ]

[ 2016-03-07T08:09:08+08:00 ] 127.0.0.1 /js(object)/3-7/index.php/Home/Index/index.html
INFO: [ app_init ] --START--
INFO: Run Behavior\BuildLiteBehavior [ RunTime:0.000016s ]
INFO: [ app_init ] --END-- [ RunTime:0.000365s ]

[ 2016-03-07T08:11:04+08:00 ] 127.0.0.1 /js(object)/3-7/index.php/Home/Index/index.html
INFO: [ app_init ] --START--
INFO: Run Behavior\BuildLiteBehavior [ RunTime:0.000017s ]
INFO: [ app_init ] --END-- [ RunTime:0.000435s ]

[ 2016-03-07T08:11:05+08:00 ] 127.0.0.1 /js(object)/3-7/index.php/Home/Index/find
INFO: [ app_init ] --START--
INFO: Run Behavior\BuildLiteBehavior [ RunTime:0.000019s ]
INFO: [ app_init ] --END-- [ RunTime:0.000479s ]

[ 2016-03-07T08:11:15+08:00 ] 127.0.0.1 /js(object)/3-7/index.php/Home/Index/find
INFO: [ app_init ] --START--
INFO: Run Behavior\BuildLiteBehavior [ RunTime:0.000023s ]
INFO: [ app_init ] --END-- [ RunTime:0.000530s ]

[ 2016-03-07T08:11:19+08:00 ] 127.0.0.1 /js(object)/3-7/index.php/Home/Index/index.html
INFO: [ app_init ] --START--
INFO: Run Behavior\BuildLiteBehavior [ RunTime:0.000016s ]
INFO: [ app_init ] --END-- [ RunTime:0.000404s ]

[ 2016-03-07T08:11:26+08:00 ] 127.0.0.1 /js(object)/3-7/index.php/Home/Index/deng_out/
INFO: [ app_init ] --START--
INFO: Run Behavior\BuildLiteBehavior [ RunTime:0.000019s ]
INFO: [ app_init ] --END-- [ RunTime:0.000498s ]

[ 2016-03-07T08:11:28+08:00 ] 127.0.0.1 /js(object)/3-7/index.php/Home/Deng/login.html
INFO: [ app_init ] --START--
INFO: Run Behavior\BuildLiteBehavior [ RunTime:0.000016s ]
INFO: [ app_init ] --END-- [ RunTime:0.000391s ]

[ 2016-03-07T08:11:59+08:00 ] 127.0.0.1 /js(object)/3-7/index.php/Home/Deng/deng_check/
INFO: [ app_init ] --START--
INFO: Run Behavior\BuildLiteBehavior [ RunTime:0.000023s ]
INFO: [ app_init ] --END-- [ RunTime:0.000637s ]

[ 2016-03-07T08:11:59+08:00 ] 127.0.0.1 /js(object)/3-7/index.php/Home/Index/index.html
INFO: [ app_init ] --START--
INFO: Run Behavior\BuildLiteBehavior [ RunTime:0.000017s ]
INFO: [ app_init ] --END-- [ RunTime:0.000442s ]

[ 2016-03-07T08:12:06+08:00 ] 127.0.0.1 /js(object)/3-7/index.php/Home/Index/find
INFO: [ app_init ] --START--
INFO: Run Behavior\BuildLiteBehavior [ RunTime:0.000016s ]
INFO: [ app_init ] --END-- [ RunTime:0.000368s ]

[ 2016-03-07T08:12:06+08:00 ] 127.0.0.1 /js(object)/3-7/index.php/Home/Index/find
INFO: [ app_init ] --START--
INFO: Run Behavior\BuildLiteBehavior [ RunTime:0.000014s ]
INFO: [ app_init ] --END-- [ RunTime:0.000353s ]

[ 2016-03-07T08:12:10+08:00 ] 127.0.0.1 /js(object)/3-7/index.php/Home/Index/find
INFO: [ app_init ] --START--
INFO: Run Behavior\BuildLiteBehavior [ RunTime:0.000016s ]
INFO: [ app_init ] --END-- [ RunTime:0.000360s ]

[ 2016-03-07T08:14:04+08:00 ] 127.0.0.1 /js(object)/3-7/index.php/Home/Index/deng_out/
INFO: [ app_init ] --START--
INFO: Run Behavior\BuildLiteBehavior [ RunTime:0.000034s ]
INFO: [ app_init ] --END-- [ RunTime:0.000687s ]

[ 2016-03-07T08:14:06+08:00 ] 127.0.0.1 /js(object)/3-7/index.php/Home/Deng/login.html
INFO: [ app_init ] --START--
INFO: Run Behavior\BuildLiteBehavior [ RunTime:0.000017s ]
INFO: [ app_init ] --END-- [ RunTime:0.000405s ]

[ 2016-03-07T08:14:08+08:00 ] 127.0.0.1 /js(object)/3-7/index.php/Home/Deng/deng_check/
INFO: [ app_init ] --START--
INFO: Run Behavior\BuildLiteBehavior [ RunTime:0.000016s ]
INFO: [ app_init ] --END-- [ RunTime:0.000366s ]

[ 2016-03-07T08:14:18+08:00 ] 127.0.0.1 /js(object)/3-7/index.php/Home/Deng/deng_check/
INFO: [ app_init ] --START--
INFO: Run Behavior\BuildLiteBehavior [ RunTime:0.000024s ]
INFO: [ app_init ] --END-- [ RunTime:0.000581s ]

[ 2016-03-07T08:14:19+08:00 ] 127.0.0.1 /js(object)/3-7/index.php/Home/Index/index.html
INFO: [ app_init ] --START--
INFO: Run Behavior\BuildLiteBehavior [ RunTime:0.000023s ]
INFO: [ app_init ] --END-- [ RunTime:0.000696s ]

[ 2016-03-07T08:14:35+08:00 ] 127.0.0.1 /js(object)/3-7/index.php/Home/Index/deng_out/
INFO: [ app_init ] --START--
INFO: Run Behavior\BuildLiteBehavior [ RunTime:0.000015s ]
INFO: [ app_init ] --END-- [ RunTime:0.000325s ]

[ 2016-03-07T08:14:37+08:00 ] 127.0.0.1 /js(object)/3-7/index.php/Home/Deng/login.html
INFO: [ app_init ] --START--
INFO: Run Behavior\BuildLiteBehavior [ RunTime:0.000113s ]
INFO: [ app_init ] --END-- [ RunTime:0.001216s ]

[ 2016-03-07T08:14:43+08:00 ] 127.0.0.1 /js(object)/3-7/index.php/Home/Deng/deng_check/
INFO: [ app_init ] --START--
INFO: Run Behavior\BuildLiteBehavior [ RunTime:0.000031s ]
INFO: [ app_init ] --END-- [ RunTime:0.000653s ]

[ 2016-03-07T08:14:45+08:00 ] 127.0.0.1 /js(object)/3-7/index.php/Home/Index/index.html
INFO: [ app_init ] --START--
INFO: Run Behavior\BuildLiteBehavior [ RunTime:0.000013s ]
INFO: [ app_init ] --END-- [ RunTime:0.000305s ]

[ 2016-03-07T08:14:47+08:00 ] 127.0.0.1 /js(object)/3-7/index.php/Home/Index/find
INFO: [ app_init ] --START--
INFO: Run Behavior\BuildLiteBehavior [ RunTime:0.000013s ]
INFO: [ app_init ] --END-- [ RunTime:0.000349s ]

[ 2016-03-07T08:14:52+08:00 ] 127.0.0.1 /js(object)/3-7/index.php/Home/Index/add/
INFO: [ app_init ] --START--
INFO: Run Behavior\BuildLiteBehavior [ RunTime:0.000016s ]
INFO: [ app_init ] --END-- [ RunTime:0.000423s ]

[ 2016-03-07T08:14:54+08:00 ] 127.0.0.1 /js(object)/3-7/index.php/Home/Index/index.html
INFO: [ app_init ] --START--
INFO: Run Behavior\BuildLiteBehavior [ RunTime:0.000026s ]
INFO: [ app_init ] --END-- [ RunTime:0.000530s ]

[ 2016-03-07T08:14:54+08:00 ] 127.0.0.1 /js(object)/3-7/index.php/Home/Index/deng_out/
INFO: [ app_init ] --START--
INFO: Run Behavior\BuildLiteBehavior [ RunTime:0.000023s ]
INFO: [ app_init ] --END-- [ RunTime:0.000504s ]

[ 2016-03-07T08:14:56+08:00 ] 127.0.0.1 /js(object)/3-7/index.php/Home/Deng/login.html
INFO: [ app_init ] --START--
INFO: Run Behavior\BuildLiteBehavior [ RunTime:0.000034s ]
INFO: [ app_init ] --END-- [ RunTime:0.000695s ]

[ 2016-03-07T08:15:02+08:00 ] 127.0.0.1 /js(object)/3-7/index.php/Home/Index/deng_out/
INFO: [ app_init ] --START--
INFO: Run Behavior\BuildLiteBehavior [ RunTime:0.000015s ]
INFO: [ app_init ] --END-- [ RunTime:0.000370s ]

[ 2016-03-07T08:15:05+08:00 ] 127.0.0.1 /js(object)/3-7/index.php/Home/Deng/deng.html
INFO: [ app_init ] --START--
INFO: Run Behavior\BuildLiteBehavior [ RunTime:0.000019s ]
INFO: [ app_init ] --END-- [ RunTime:0.000491s ]

[ 2016-03-07T08:15:24+08:00 ] 127.0.0.1 /js(object)/3-7/index.php/Home/Deng/deng_check/
INFO: [ app_init ] --START--
INFO: Run Behavior\BuildLiteBehavior [ RunTime:0.000026s ]
INFO: [ app_init ] --END-- [ RunTime:0.000912s ]

[ 2016-03-07T08:15:25+08:00 ] 127.0.0.1 /js(object)/3-7/index.php/Home/Index/index.html
INFO: [ app_init ] --START--
INFO: Run Behavior\BuildLiteBehavior [ RunTime:0.000015s ]
INFO: [ app_init ] --END-- [ RunTime:0.000361s ]

[ 2016-03-07T08:15:28+08:00 ] 127.0.0.1 /js(object)/3-7/index.php/Home/Index/find
INFO: [ app_init ] --START--
INFO: Run Behavior\BuildLiteBehavior [ RunTime:0.000016s ]
INFO: [ app_init ] --END-- [ RunTime:0.000389s ]

[ 2016-03-07T08:15:41+08:00 ] 127.0.0.1 /js(object)/3-7/index.php/Home/Index/index.html
INFO: [ app_init ] --START--
INFO: Run Behavior\BuildLiteBehavior [ RunTime:0.000015s ]
INFO: [ app_init ] --END-- [ RunTime:0.000340s ]

[ 2016-03-07T08:16:54+08:00 ] 127.0.0.1 /js(object)/3-7/index.php/Home/Index/index.html
INFO: [ app_init ] --START--
INFO: Run Behavior\BuildLiteBehavior [ RunTime:0.000017s ]
INFO: [ app_init ] --END-- [ RunTime:0.000462s ]

[ 2016-03-07T08:16:55+08:00 ] 127.0.0.1 /js(object)/3-7/index.php/Home/Index/index.html
INFO: [ app_init ] --START--
INFO: Run Behavior\BuildLiteBehavior [ RunTime:0.000022s ]
INFO: [ app_init ] --END-- [ RunTime:0.000504s ]

[ 2016-03-07T08:16:57+08:00 ] 127.0.0.1 /js(object)/3-7/index.php/Home/Index/find
INFO: [ app_init ] --START--
INFO: Run Behavior\BuildLiteBehavior [ RunTime:0.000034s ]
INFO: [ app_init ] --END-- [ RunTime:0.000741s ]

[ 2016-03-07T08:17:00+08:00 ] 127.0.0.1 /js(object)/3-7/index.php/Home/Index/find
INFO: [ app_init ] --START--
INFO: Run Behavior\BuildLiteBehavior [ RunTime:0.000015s ]
INFO: [ app_init ] --END-- [ RunTime:0.000374s ]

[ 2016-03-07T08:17:06+08:00 ] 127.0.0.1 /js(object)/3-7/index.php/Home/Index/find
INFO: [ app_init ] --START--
INFO: Run Behavior\BuildLiteBehavior [ RunTime:0.000029s ]
INFO: [ app_init ] --END-- [ RunTime:0.000590s ]

[ 2016-03-07T08:17:20+08:00 ] 127.0.0.1 /js(object)/3-7/index.php/Home/Index/index.html
INFO: [ app_init ] --START--
INFO: Run Behavior\BuildLiteBehavior [ RunTime:0.000024s ]
INFO: [ app_init ] --END-- [ RunTime:0.000407s ]

[ 2016-03-07T08:17:22+08:00 ] 127.0.0.1 /js(object)/3-7/index.php/Home/Index/find
INFO: [ app_init ] --START--
INFO: Run Behavior\BuildLiteBehavior [ RunTime:0.000015s ]
INFO: [ app_init ] --END-- [ RunTime:0.000378s ]

[ 2016-03-07T08:17:28+08:00 ] 127.0.0.1 /js(object)/3-7/index.php/Home/Index/deng_out/
INFO: [ app_init ] --START--
INFO: Run Behavior\BuildLiteBehavior [ RunTime:0.000019s ]
INFO: [ app_init ] --END-- [ RunTime:0.000392s ]

[ 2016-03-07T08:17:30+08:00 ] 127.0.0.1 /js(object)/3-7/index.php/Home/Deng/login.html
INFO: [ app_init ] --START--
INFO: Run Behavior\BuildLiteBehavior [ RunTime:0.000019s ]
INFO: [ app_init ] --END-- [ RunTime:0.000470s ]

[ 2016-03-07T08:18:03+08:00 ] 127.0.0.1 /js(object)/3-7/index.php/Home/Deng/deng_check/
INFO: [ app_init ] --START--
INFO: Run Behavior\BuildLiteBehavior [ RunTime:0.000031s ]
INFO: [ app_init ] --END-- [ RunTime:0.000663s ]

[ 2016-03-07T08:20:12+08:00 ] 127.0.0.1 /js(object)/3-7/index.php/Home/Deng/deng_check/
INFO: [ app_init ] --START--
INFO: Run Behavior\BuildLiteBehavior [ RunTime:0.000019s ]
INFO: [ app_init ] --END-- [ RunTime:0.000566s ]

[ 2016-03-07T08:20:13+08:00 ] 127.0.0.1 /js(object)/3-7/index.php/Home/Index/index.html
INFO: [ app_init ] --START--
INFO: Run Behavior\BuildLiteBehavior [ RunTime:0.000025s ]
INFO: [ app_init ] --END-- [ RunTime:0.000553s ]

[ 2016-03-07T08:20:26+08:00 ] 127.0.0.1 /js(object)/3-7/index.php/Home/Index/add/
INFO: [ app_init ] --START--
INFO: Run Behavior\BuildLiteBehavior [ RunTime:0.000017s ]
INFO: [ app_init ] --END-- [ RunTime:0.000417s ]

[ 2016-03-07T08:20:27+08:00 ] 127.0.0.1 /js(object)/3-7/index.php/Home/Index/index.html
INFO: [ app_init ] --START--
INFO: Run Behavior\BuildLiteBehavior [ RunTime:0.000017s ]
INFO: [ app_init ] --END-- [ RunTime:0.000376s ]

[ 2016-03-07T08:20:31+08:00 ] 127.0.0.1 /js(object)/3-7/index.php/Home/Index/deng_out/
INFO: [ app_init ] --START--
INFO: Run Behavior\BuildLiteBehavior [ RunTime:0.000020s ]
INFO: [ app_init ] --END-- [ RunTime:0.000421s ]

[ 2016-03-07T08:20:33+08:00 ] 127.0.0.1 /js(object)/3-7/index.php/Home/Deng/login.html
INFO: [ app_init ] --START--
INFO: Run Behavior\BuildLiteBehavior [ RunTime:0.000037s ]
INFO: [ app_init ] --END-- [ RunTime:0.000474s ]

[ 2016-03-07T08:20:56+08:00 ] 127.0.0.1 /js(object)/3-7/index.php/Home/Deng/deng_check/
INFO: [ app_init ] --START--
INFO: Run Behavior\BuildLiteBehavior [ RunTime:0.000029s ]
INFO: [ app_init ] --END-- [ RunTime:0.000971s ]

[ 2016-03-07T08:20:57+08:00 ] 127.0.0.1 /js(object)/3-7/index.php/Home/Index/index.html
INFO: [ app_init ] --START--
INFO: Run Behavior\BuildLiteBehavior [ RunTime:0.000026s ]
INFO: [ app_init ] --END-- [ RunTime:0.000634s ]

[ 2016-03-07T08:20:59+08:00 ] 127.0.0.1 /js(object)/3-7/index.php/Home/Index/find
INFO: [ app_init ] --START--
INFO: Run Behavior\BuildLiteBehavior [ RunTime:0.000019s ]
INFO: [ app_init ] --END-- [ RunTime:0.000442s ]

[ 2016-03-07T08:21:03+08:00 ] 127.0.0.1 /js(object)/3-7/index.php/Home/Index/index.html
INFO: [ app_init ] --START--
INFO: Run Behavior\BuildLiteBehavior [ RunTime:0.000015s ]
INFO: [ app_init ] --END-- [ RunTime:0.000447s ]

[ 2016-03-07T08:21:05+08:00 ] 127.0.0.1 /js(object)/3-7/index.php/Home/Index/deng_out/
INFO: [ app_init ] --START--
INFO: Run Behavior\BuildLiteBehavior [ RunTime:0.000030s ]
INFO: [ app_init ] --END-- [ RunTime:0.000786s ]

[ 2016-03-07T08:21:07+08:00 ] 127.0.0.1 /js(object)/3-7/index.php/Home/Deng/login.html
INFO: [ app_init ] --START--
INFO: Run Behavior\BuildLiteBehavior [ RunTime:0.000018s ]
INFO: [ app_init ] --END-- [ RunTime:0.000428s ]

[ 2016-03-07T08:21:24+08:00 ] 127.0.0.1 /js(object)/3-7/index.php/Home/Deng/deng_check/
INFO: [ app_init ] --START--
INFO: Run Behavior\BuildLiteBehavior [ RunTime:0.000024s ]
INFO: [ app_init ] --END-- [ RunTime:0.000572s ]

[ 2016-03-07T08:21:25+08:00 ] 127.0.0.1 /js(object)/3-7/index.php/Home/Index/index.html
INFO: [ app_init ] --START--
INFO: Run Behavior\BuildLiteBehavior [ RunTime:0.000015s ]
INFO: [ app_init ] --END-- [ RunTime:0.000369s ]

[ 2016-03-07T08:21:27+08:00 ] 127.0.0.1 /js(object)/3-7/index.php/Home/Index/find
INFO: [ app_init ] --START--
INFO: Run Behavior\BuildLiteBehavior [ RunTime:0.000027s ]
INFO: [ app_init ] --END-- [ RunTime:0.000540s ]

[ 2016-03-07T08:21:31+08:00 ] 127.0.0.1 /js(object)/3-7/index.php/Home/Index/index.html
INFO: [ app_init ] --START--
INFO: Run Behavior\BuildLiteBehavior [ RunTime:0.000021s ]
INFO: [ app_init ] --END-- [ RunTime:0.000522s ]

[ 2016-03-07T08:22:49+08:00 ] 127.0.0.1 /js(object)/3-7/index.php/Home/Index/index.html
INFO: [ app_init ] --START--
INFO: Run Behavior\BuildLiteBehavior [ RunTime:0.000017s ]
INFO: [ app_init ] --END-- [ RunTime:0.000458s ]

[ 2016-03-07T08:22:51+08:00 ] 127.0.0.1 /js(object)/3-7/index.php/Home/Index/find
INFO: [ app_init ] --START--
INFO: Run Behavior\BuildLiteBehavior [ RunTime:0.000019s ]
INFO: [ app_init ] --END-- [ RunTime:0.000487s ]

[ 2016-03-07T08:23:09+08:00 ] 127.0.0.1 /js(object)/3-7/index.php/Home/Index/index.html
INFO: [ app_init ] --START--
INFO: Run Behavior\BuildLiteBehavior [ RunTime:0.000024s ]
INFO: [ app_init ] --END-- [ RunTime:0.000570s ]

[ 2016-03-07T08:23:11+08:00 ] 127.0.0.1 /js(object)/3-7/index.php/Home/Index/find
INFO: [ app_init ] --START--
INFO: Run Behavior\BuildLiteBehavior [ RunTime:0.000019s ]
INFO: [ app_init ] --END-- [ RunTime:0.000467s ]

[ 2016-03-07T08:23:42+08:00 ] 127.0.0.1 /js(object)/3-7/index.php/Home/Index/index.html
INFO: [ app_init ] --START--
INFO: Run Behavior\BuildLiteBehavior [ RunTime:0.000025s ]
INFO: [ app_init ] --END-- [ RunTime:0.000483s ]

[ 2016-03-07T08:23:53+08:00 ] 127.0.0.1 /js(object)/3-7/index.php
INFO: [ app_init ] --START--
INFO: Run Behavior\BuildLiteBehavior [ RunTime:0.000025s ]
INFO: [ app_init ] --END-- [ RunTime:0.000486s ]

[ 2016-03-07T08:24:27+08:00 ] 127.0.0.1 /js(object)/3-7/index.php
INFO: [ app_init ] --START--
INFO: Run Behavior\BuildLiteBehavior [ RunTime:0.000027s ]
INFO: [ app_init ] --END-- [ RunTime:0.000655s ]

[ 2016-03-07T08:24:28+08:00 ] 127.0.0.1 /js(object)/3-7/index.php/Home/Index/find
INFO: [ app_init ] --START--
INFO: Run Behavior\BuildLiteBehavior [ RunTime:0.000015s ]
INFO: [ app_init ] --END-- [ RunTime:0.000344s ]

[ 2016-03-07T08:24:45+08:00 ] 127.0.0.1 /js(object)/3-7/index.php/Home/Index/find
INFO: [ app_init ] --START--
INFO: Run Behavior\BuildLiteBehavior [ RunTime:0.000015s ]
INFO: [ app_init ] --END-- [ RunTime:0.000552s ]

[ 2016-03-07T08:24:48+08:00 ] 127.0.0.1 /js(object)/3-7/index.php/Home/Index/find
INFO: [ app_init ] --START--
INFO: Run Behavior\BuildLiteBehavior [ RunTime:0.000030s ]
INFO: [ app_init ] --END-- [ RunTime:0.000969s ]

[ 2016-03-07T08:24:58+08:00 ] 127.0.0.1 /js(object)/3-7/index.php/Home/Index/find
INFO: [ app_init ] --START--
INFO: Run Behavior\BuildLiteBehavior [ RunTime:0.000018s ]
INFO: [ app_init ] --END-- [ RunTime:0.000453s ]

[ 2016-03-07T08:25:01+08:00 ] 127.0.0.1 /js(object)/3-7/index.php/Home/Index/find
INFO: [ app_init ] --START--
INFO: Run Behavior\BuildLiteBehavior [ RunTime:0.000017s ]
INFO: [ app_init ] --END-- [ RunTime:0.000343s ]

[ 2016-03-07T08:25:04+08:00 ] 127.0.0.1 /js(object)/3-7/index.php
INFO: [ app_init ] --START--
INFO: Run Behavior\BuildLiteBehavior [ RunTime:0.000017s ]
INFO: [ app_init ] --END-- [ RunTime:0.000414s ]

[ 2016-03-07T08:25:05+08:00 ] 127.0.0.1 /js(object)/3-7/index.php/Home/Index/find
INFO: [ app_init ] --START--
INFO: Run Behavior\BuildLiteBehavior [ RunTime:0.000034s ]
INFO: [ app_init ] --END-- [ RunTime:0.000774s ]

[ 2016-03-07T08:25:18+08:00 ] 127.0.0.1 /js(object)/3-7/index.php/Home/Index/find
INFO: [ app_init ] --START--
INFO: Run Behavior\BuildLiteBehavior [ RunTime:0.000035s ]
INFO: [ app_init ] --END-- [ RunTime:0.000669s ]

[ 2016-03-07T08:25:23+08:00 ] 127.0.0.1 /js(object)/3-7/index.php/Home/Index/deng_out/
INFO: [ app_init ] --START--
INFO: Run Behavior\BuildLiteBehavior [ RunTime:0.000015s ]
INFO: [ app_init ] --END-- [ RunTime:0.000392s ]

[ 2016-03-07T08:25:25+08:00 ] 127.0.0.1 /js(object)/3-7/index.php/Home/Deng/login.html
INFO: [ app_init ] --START--
INFO: Run Behavior\BuildLiteBehavior [ RunTime:0.000030s ]
INFO: [ app_init ] --END-- [ RunTime:0.000762s ]

[ 2016-03-07T08:25:39+08:00 ] 127.0.0.1 /js(object)/3-7/index.php/Home/Deng/deng_check/
INFO: [ app_init ] --START--
INFO: Run Behavior\BuildLiteBehavior [ RunTime:0.000026s ]
INFO: [ app_init ] --END-- [ RunTime:0.000468s ]

[ 2016-03-07T08:25:40+08:00 ] 127.0.0.1 /js(object)/3-7/index.php/Home/Index/index.html
INFO: [ app_init ] --START--
INFO: Run Behavior\BuildLiteBehavior [ RunTime:0.000014s ]
INFO: [ app_init ] --END-- [ RunTime:0.000364s ]

[ 2016-03-07T08:25:43+08:00 ] 127.0.0.1 /js(object)/3-7/index.php/Home/Index/find
INFO: [ app_init ] --START--
INFO: Run Behavior\BuildLiteBehavior [ RunTime:0.000025s ]
INFO: [ app_init ] --END-- [ RunTime:0.000593s ]

[ 2016-03-07T08:25:45+08:00 ] 127.0.0.1 /js(object)/3-7/index.php/Home/Index/find
INFO: [ app_init ] --START--
INFO: Run Behavior\BuildLiteBehavior [ RunTime:0.000014s ]
INFO: [ app_init ] --END-- [ RunTime:0.000340s ]

[ 2016-03-07T08:25:49+08:00 ] 127.0.0.1 /js(object)/3-7/index.php/Home/Index/index.html
INFO: [ app_init ] --START--
INFO: Run Behavior\BuildLiteBehavior [ RunTime:0.000028s ]
INFO: [ app_init ] --END-- [ RunTime:0.000547s ]

[ 2016-03-07T08:26:26+08:00 ] 127.0.0.1 /js(object)/3-7/index.php/Home/Index/deng_out/
INFO: [ app_init ] --START--
INFO: Run Behavior\BuildLiteBehavior [ RunTime:0.000017s ]
INFO: [ app_init ] --END-- [ RunTime:0.000543s ]

[ 2016-03-07T08:26:28+08:00 ] 127.0.0.1 /js(object)/3-7/index.php/Home/Deng/login.html
INFO: [ app_init ] --START--
INFO: Run Behavior\BuildLiteBehavior [ RunTime:0.000016s ]
INFO: [ app_init ] --END-- [ RunTime:0.000385s ]

[ 2016-03-07T08:26:38+08:00 ] 127.0.0.1 /js(object)/3-7/index.php/Home/Deng/deng_check/
INFO: [ app_init ] --START--
INFO: Run Behavior\BuildLiteBehavior [ RunTime:0.000028s ]
INFO: [ app_init ] --END-- [ RunTime:0.000616s ]

[ 2016-03-07T08:26:39+08:00 ] 127.0.0.1 /js(object)/3-7/index.php/Home/Index/index.html
INFO: [ app_init ] --START--
INFO: Run Behavior\BuildLiteBehavior [ RunTime:0.000019s ]
INFO: [ app_init ] --END-- [ RunTime:0.000455s ]

[ 2016-03-07T08:27:08+08:00 ] 127.0.0.1 /js(object)/3-7/index.php/Home/Index/add/
INFO: [ app_init ] --START--
INFO: Run Behavior\BuildLiteBehavior [ RunTime:0.000029s ]
INFO: [ app_init ] --END-- [ RunTime:0.000799s ]

[ 2016-03-07T08:27:09+08:00 ] 127.0.0.1 /js(object)/3-7/index.php/Home/Index/index.html
INFO: [ app_init ] --START--
INFO: Run Behavior\BuildLiteBehavior [ RunTime:0.000034s ]
INFO: [ app_init ] --END-- [ RunTime:0.000705s ]

[ 2016-03-07T08:27:49+08:00 ] 127.0.0.1 /js(object)/3-7/index.php/Home/Index/add/
INFO: [ app_init ] --START--
INFO: Run Behavior\BuildLiteBehavior [ RunTime:0.000018s ]
INFO: [ app_init ] --END-- [ RunTime:0.000475s ]

[ 2016-03-07T08:27:50+08:00 ] 127.0.0.1 /js(object)/3-7/index.php/Home/Index/index.html
INFO: [ app_init ] --START--
INFO: Run Behavior\BuildLiteBehavior [ RunTime:0.000027s ]
INFO: [ app_init ] --END-- [ RunTime:0.000821s ]

[ 2016-03-07T08:28:02+08:00 ] 127.0.0.1 /js(object)/3-7/index.php/Home/Index/add/
INFO: [ app_init ] --START--
INFO: Run Behavior\BuildLiteBehavior [ RunTime:0.000027s ]
INFO: [ app_init ] --END-- [ RunTime:0.000554s ]

[ 2016-03-07T08:28:03+08:00 ] 127.0.0.1 /js(object)/3-7/index.php/Home/Index/index.html
INFO: [ app_init ] --START--
INFO: Run Behavior\BuildLiteBehavior [ RunTime:0.000022s ]
INFO: [ app_init ] --END-- [ RunTime:0.000618s ]

[ 2016-03-07T08:28:07+08:00 ] 127.0.0.1 /js(object)/3-7/index.php/Home/Index/deng_out/
INFO: [ app_init ] --START--
INFO: Run Behavior\BuildLiteBehavior [ RunTime:0.000015s ]
INFO: [ app_init ] --END-- [ RunTime:0.000359s ]

[ 2016-03-07T08:28:09+08:00 ] 127.0.0.1 /js(object)/3-7/index.php/Home/Deng/login.html
INFO: [ app_init ] --START--
INFO: Run Behavior\BuildLiteBehavior [ RunTime:0.000028s ]
INFO: [ app_init ] --END-- [ RunTime:0.000683s ]

[ 2016-03-07T08:28:23+08:00 ] 127.0.0.1 /js(object)/3-7/index.php/Home/Deng/deng_check/
INFO: [ app_init ] --START--
INFO: Run Behavior\BuildLiteBehavior [ RunTime:0.000017s ]
INFO: [ app_init ] --END-- [ RunTime:0.000396s ]

[ 2016-03-07T08:28:24+08:00 ] 127.0.0.1 /js(object)/3-7/index.php/Home/Index/index.html
INFO: [ app_init ] --START--
INFO: Run Behavior\BuildLiteBehavior [ RunTime:0.000026s ]
INFO: [ app_init ] --END-- [ RunTime:0.000517s ]

[ 2016-03-07T08:28:27+08:00 ] 127.0.0.1 /js(object)/3-7/index.php/Home/Index/find
INFO: [ app_init ] --START--
INFO: Run Behavior\BuildLiteBehavior [ RunTime:0.000015s ]
INFO: [ app_init ] --END-- [ RunTime:0.000382s ]

[ 2016-03-07T08:28:59+08:00 ] 127.0.0.1 /js(object)/3-7/index.php/Home/Index/index.html
INFO: [ app_init ] --START--
INFO: Run Behavior\BuildLiteBehavior [ RunTime:0.000029s ]
INFO: [ app_init ] --END-- [ RunTime:0.000672s ]

[ 2016-03-07T08:29:02+08:00 ] 127.0.0.1 /js(object)/3-7/index.php/Home/Index/deng_out/
INFO: [ app_init ] --START--
INFO: Run Behavior\BuildLiteBehavior [ RunTime:0.000015s ]
INFO: [ app_init ] --END-- [ RunTime:0.000386s ]

[ 2016-03-07T08:29:04+08:00 ] 127.0.0.1 /js(object)/3-7/index.php/Home/Deng/login.html
INFO: [ app_init ] --START--
INFO: Run Behavior\BuildLiteBehavior [ RunTime:0.000023s ]
INFO: [ app_init ] --END-- [ RunTime:0.000542s ]

[ 2016-03-07T08:29:18+08:00 ] 127.0.0.1 /js(object)/3-7/index.php/Home/Deng/deng_check/
INFO: [ app_init ] --START--
INFO: Run Behavior\BuildLiteBehavior [ RunTime:0.000117s ]
INFO: [ app_init ] --END-- [ RunTime:0.000825s ]

[ 2016-03-07T08:29:19+08:00 ] 127.0.0.1 /js(object)/3-7/index.php/Home/Index/index.html
INFO: [ app_init ] --START--
INFO: Run Behavior\BuildLiteBehavior [ RunTime:0.000013s ]
INFO: [ app_init ] --END-- [ RunTime:0.000301s ]

[ 2016-03-07T08:29:21+08:00 ] 127.0.0.1 /js(object)/3-7/index.php/Home/Index/find
INFO: [ app_init ] --START--
INFO: Run Behavior\BuildLiteBehavior [ RunTime:0.000025s ]
INFO: [ app_init ] --END-- [ RunTime:0.000570s ]

[ 2016-03-07T10:51:40+08:00 ] 127.0.0.1 /js(object)/3-8/index.php
INFO: [ app_init ] --START--
INFO: Run Behavior\BuildLiteBehavior [ RunTime:0.000019s ]
INFO: [ app_init ] --END-- [ RunTime:0.000560s ]

[ 2016-03-07T10:59:21+08:00 ] 127.0.0.1 /js(object)/3-8/index.php
INFO: [ app_init ] --START--
INFO: Run Behavior\BuildLiteBehavior [ RunTime:0.000017s ]
INFO: [ app_init ] --END-- [ RunTime:0.000461s ]
ERR: 模板不存在:./Apps/Home/View/Index/index.html

[ 2016-03-07T11:00:16+08:00 ] 127.0.0.1 /js(object)/3-8/index.php
INFO: [ app_init ] --START--
INFO: Run Behavior\BuildLiteBehavior [ RunTime:0.000026s ]
INFO: [ app_init ] --END-- [ RunTime:0.000603s ]
ERR: 模板不存在:./Apps/Home/View/Index/login.html

[ 2016-03-07T11:00:18+08:00 ] 127.0.0.1 /js(object)/3-8/index.php
INFO: [ app_init ] --START--
INFO: Run Behavior\BuildLiteBehavior [ RunTime:0.000015s ]
INFO: [ app_init ] --END-- [ RunTime:0.000356s ]
ERR: 模板不存在:./Apps/Home/View/Index/login.html

[ 2016-03-07T11:00:25+08:00 ] 127.0.0.1 /js(object)/3-8/index.php
INFO: [ app_init ] --START--
INFO: Run Behavior\BuildLiteBehavior [ RunTime:0.000015s ]
INFO: [ app_init ] --END-- [ RunTime:0.000413s ]
ERR: 模板不存在:./Apps/Home/View/Index/login.html

[ 2016-03-07T11:02:03+08:00 ] 127.0.0.1 /js(object)/3-8/index.php
INFO: [ app_init ] --START--
INFO: Run Behavior\BuildLiteBehavior [ RunTime:0.000014s ]
INFO: [ app_init ] --END-- [ RunTime:0.000456s ]
ERR: 模板不存在:./Apps/Home/View/Index/index.html

[ 2016-03-07T11:02:06+08:00 ] 127.0.0.1 /js(object)/3-8/index.php
INFO: [ app_init ] --START--
INFO: Run Behavior\BuildLiteBehavior [ RunTime:0.000018s ]
INFO: [ app_init ] --END-- [ RunTime:0.000413s ]
ERR: 模板不存在:./Apps/Home/View/Index/index.html

[ 2016-03-07T11:08:07+08:00 ] 127.0.0.1 /js(object)/3-8/index.php
INFO: [ app_init ] --START--
INFO: Run Behavior\BuildLiteBehavior [ RunTime:0.000017s ]
INFO: [ app_init ] --END-- [ RunTime:0.000448s ]
ERR: 模板不存在:./Apps/Home/View/Index/login.html

[ 2016-03-07T11:08:08+08:00 ] 127.0.0.1 /js(object)/3-8/index.php
INFO: [ app_init ] --START--
INFO: Run Behavior\BuildLiteBehavior [ RunTime:0.000012s ]
INFO: [ app_init ] --END-- [ RunTime:0.000362s ]
ERR: 模板不存在:./Apps/Home/View/Index/login.html

[ 2016-03-07T11:08:13+08:00 ] 127.0.0.1 /js(object)/3-8/index.php
INFO: [ app_init ] --START--
INFO: Run Behavior\BuildLiteBehavior [ RunTime:0.000017s ]
INFO: [ app_init ] --END-- [ RunTime:0.000403s ]
ERR: 模板不存在:./Apps/Home/View/Index/login.html

[ 2016-03-07T11:09:45+08:00 ] 127.0.0.1 /js(object)/3-8/index.php
INFO: [ app_init ] --START--
INFO: Run Behavior\BuildLiteBehavior [ RunTime:0.000019s ]
INFO: [ app_init ] --END-- [ RunTime:0.000520s ]
ERR: 模板不存在:./Apps/Home/View/Index/index.html

[ 2016-03-07T11:09:47+08:00 ] 127.0.0.1 /js(object)/3-8/index.php
INFO: [ app_init ] --START--
INFO: Run Behavior\BuildLiteBehavior [ RunTime:0.000028s ]
INFO: [ app_init ] --END-- [ RunTime:0.000802s ]
ERR: 模板不存在:./Apps/Home/View/Index/index.html

[ 2016-03-07T11:09:48+08:00 ] 127.0.0.1 /js(object)/3-8/index.php
INFO: [ app_init ] --START--
INFO: Run Behavior\BuildLiteBehavior [ RunTime:0.000016s ]
INFO: [ app_init ] --END-- [ RunTime:0.000432s ]
ERR: 模板不存在:./Apps/Home/View/Index/index.html

[ 2016-03-07T11:09:48+08:00 ] 127.0.0.1 /js(object)/3-8/index.php
INFO: [ app_init ] --START--
INFO: Run Behavior\BuildLiteBehavior [ RunTime:0.000040s ]
INFO: [ app_init ] --END-- [ RunTime:0.000655s ]
ERR: 模板不存在:./Apps/Home/View/Index/index.html

[ 2016-03-07T11:09:49+08:00 ] 127.0.0.1 /js(object)/3-8/index.php
INFO: [ app_init ] --START--
INFO: Run Behavior\BuildLiteBehavior [ RunTime:0.000020s ]
INFO: [ app_init ] --END-- [ RunTime:0.000406s ]
ERR: 模板不存在:./Apps/Home/View/Index/index.html

[ 2016-03-07T11:09:50+08:00 ] 127.0.0.1 /js(object)/3-8/index.php
INFO: [ app_init ] --START--
INFO: Run Behavior\BuildLiteBehavior [ RunTime:0.000013s ]
INFO: [ app_init ] --END-- [ RunTime:0.000299s ]
ERR: 模板不存在:./Apps/Home/View/Index/index.html

[ 2016-03-07T11:09:51+08:00 ] 127.0.0.1 /js(object)/3-8/index.php
INFO: [ app_init ] --START--
INFO: Run Behavior\BuildLiteBehavior [ RunTime:0.000015s ]
INFO: [ app_init ] --END-- [ RunTime:0.000358s ]
ERR: 模板不存在:./Apps/Home/View/Index/index.html

[ 2016-03-07T11:11:35+08:00 ] 127.0.0.1 /js(object)/3-8/index.php
INFO: [ app_init ] --START--
INFO: Run Behavior\BuildLiteBehavior [ RunTime:0.000013s ]
INFO: [ app_init ] --END-- [ RunTime:0.000350s ]
ERR: 模板不存在:./Apps/Home/View/Index/index.html

[ 2016-03-07T11:11:38+08:00 ] 127.0.0.1 /js(object)/3-8/index.php
INFO: [ app_init ] --START--
INFO: Run Behavior\BuildLiteBehavior [ RunTime:0.000015s ]
INFO: [ app_init ] --END-- [ RunTime:0.000355s ]
ERR: 模板不存在:./Apps/Home/View/Index/index.html

[ 2016-03-07T11:15:36+08:00 ] 127.0.0.1 /js(object)/3-8/index.php
INFO: [ app_init ] --START--
INFO: Run Behavior\BuildLiteBehavior [ RunTime:0.000029s ]
INFO: [ app_init ] --END-- [ RunTime:0.000627s ]
ERR: 模板不存在:./Apps/Home/View/Index/index.html

[ 2016-03-07T11:15:37+08:00 ] 127.0.0.1 /js(object)/3-8/index.php
INFO: [ app_init ] --START--
INFO: Run Behavior\BuildLiteBehavior [ RunTime:0.000023s ]
INFO: [ app_init ] --END-- [ RunTime:0.000497s ]
ERR: 模板不存在:./Apps/Home/View/Index/index.html

[ 2016-03-07T11:15:40+08:00 ] 127.0.0.1 /js(object)/3-8/index.php
INFO: [ app_init ] --START--
INFO: Run Behavior\BuildLiteBehavior [ RunTime:0.000016s ]
INFO: [ app_init ] --END-- [ RunTime:0.000369s ]
ERR: 模板不存在:./Apps/Home/View/Index/index.html

[ 2016-03-07T11:16:26+08:00 ] 127.0.0.1 /js(object)/3-8/index.php
INFO: [ app_init ] --START--
INFO: Run Behavior\BuildLiteBehavior [ RunTime:0.000015s ]
INFO: [ app_init ] --END-- [ RunTime:0.000355s ]

[ 2016-03-07T11:16:27+08:00 ] 127.0.0.1 /js(object)/3-8/index.php
INFO: [ app_init ] --START--
INFO: Run Behavior\BuildLiteBehavior [ RunTime:0.000014s ]
INFO: [ app_init ] --END-- [ RunTime:0.000349s ]

[ 2016-03-07T11:16:31+08:00 ] 127.0.0.1 /js(object)/3-8/index.php
INFO: [ app_init ] --START--
INFO: Run Behavior\BuildLiteBehavior [ RunTime:0.000016s ]
INFO: [ app_init ] --END-- [ RunTime:0.000391s ]

[ 2016-03-07T11:18:28+08:00 ] 127.0.0.1 /js(object)/3-8/index.php
INFO: [ app_init ] --START--
INFO: Run Behavior\BuildLiteBehavior [ RunTime:0.000026s ]
INFO: [ app_init ] --END-- [ RunTime:0.000577s ]
ERR: 模板不存在:./Apps/Home/View/Index/index.html

[ 2016-03-07T11:18:30+08:00 ] 127.0.0.1 /js(object)/3-8/index.php
INFO: [ app_init ] --START--
INFO: Run Behavior\BuildLiteBehavior [ RunTime:0.000023s ]
INFO: [ app_init ] --END-- [ RunTime:0.000592s ]
ERR: 模板不存在:./Apps/Home/View/Index/index.html

[ 2016-03-07T11:21:00+08:00 ] 127.0.0.1 /js(object)/3-8/index.php
INFO: [ app_init ] --START--
INFO: Run Behavior\BuildLiteBehavior [ RunTime:0.000028s ]
INFO: [ app_init ] --END-- [ RunTime:0.000567s ]
ERR: 模板不存在:./Apps/Home/View/Index/index.html

[ 2016-03-07T11:22:54+08:00 ] 127.0.0.1 /js(object)/3-8/index.php
INFO: [ app_init ] --START--
INFO: Run Behavior\BuildLiteBehavior [ RunTime:0.000021s ]
INFO: [ app_init ] --END-- [ RunTime:0.000513s ]

[ 2016-03-07T11:22:56+08:00 ] 127.0.0.1 /js(object)/3-8/index.php/Home/Login/login.html
INFO: [ app_init ] --START--
INFO: Run Behavior\BuildLiteBehavior [ RunTime:0.000030s ]
INFO: [ app_init ] --END-- [ RunTime:0.000712s ]

[ 2016-03-07T11:25:09+08:00 ] 127.0.0.1 /js(object)/3-8/index.php/Home/Login/login.html
INFO: [ app_init ] --START--
INFO: Run Behavior\BuildLiteBehavior [ RunTime:0.000017s ]
INFO: [ app_init ] --END-- [ RunTime:0.000417s ]

[ 2016-03-07T11:35:59+08:00 ] 127.0.0.1 /js(object)/3-8/index.php/Home/Login/login.html
INFO: [ app_init ] --START--
INFO: Run Behavior\BuildLiteBehavior [ RunTime:0.000024s ]
INFO: [ app_init ] --END-- [ RunTime:0.000597s ]

[ 2016-03-07T11:36:00+08:00 ] 127.0.0.1 /js(object)/3-8/index.php/Home/Login/login.html
INFO: [ app_init ] --START--
INFO: Run Behavior\BuildLiteBehavior [ RunTime:0.000020s ]
INFO: [ app_init ] --END-- [ RunTime:0.000627s ]

[ 2016-03-07T11:36:01+08:00 ] 127.0.0.1 /js(object)/3-8/index.php/Home/Login/login.html
INFO: [ app_init ] --START--
INFO: Run Behavior\BuildLiteBehavior [ RunTime:0.000024s ]
INFO: [ app_init ] --END-- [ RunTime:0.000602s ]

[ 2016-03-07T11:36:01+08:00 ] 127.0.0.1 /js(object)/3-8/index.php/Home/Login/login.html
INFO: [ app_init ] --START--
INFO: Run Behavior\BuildLiteBehavior [ RunTime:0.000015s ]
INFO: [ app_init ] --END-- [ RunTime:0.000406s ]

[ 2016-03-07T11:36:46+08:00 ] 127.0.0.1 /js(object)/3-8/index.php/Home/Login/login_check/
INFO: [ app_init ] --START--
INFO: Run Behavior\BuildLiteBehavior [ RunTime:0.000018s ]
INFO: [ app_init ] --END-- [ RunTime:0.000454s ]

[ 2016-03-07T12:01:10+08:00 ] 127.0.0.1 /js(object)/3-8/index.php/Home/Login/login.html
INFO: [ app_init ] --START--
INFO: Run Behavior\BuildLiteBehavior [ RunTime:0.000028s ]
INFO: [ app_init ] --END-- [ RunTime:0.001111s ]

[ 2016-03-07T12:01:23+08:00 ] 127.0.0.1 /js(object)/3-8/index.php/Home/Login/login_check/
INFO: [ app_init ] --START--
INFO: Run Behavior\BuildLiteBehavior [ RunTime:0.000028s ]
INFO: [ app_init ] --END-- [ RunTime:0.000580s ]

[ 2016-03-07T12:01:25+08:00 ] 127.0.0.1 /js(object)/3-8/index.php/Home/Index/index.html
INFO: [ app_init ] --START--
INFO: Run Behavior\BuildLiteBehavior [ RunTime:0.000026s ]
INFO: [ app_init ] --END-- [ RunTime:0.000674s ]

[ 2016-03-07T13:25:57+08:00 ] 127.0.0.1 /js(object)/3-8/index.php/Home/Index/index.html
INFO: [ app_init ] --START--
INFO: Run Behavior\BuildLiteBehavior [ RunTime:0.000017s ]
INFO: [ app_init ] --END-- [ RunTime:0.000473s ]

[ 2016-03-07T13:26:00+08:00 ] 127.0.0.1 /js(object)/3-8/index.php/Home/Index/index.html
INFO: [ app_init ] --START--
INFO: Run Behavior\BuildLiteBehavior [ RunTime:0.000020s ]
INFO: [ app_init ] --END-- [ RunTime:0.000499s ]

[ 2016-03-07T13:26:01+08:00 ] 127.0.0.1 /js(object)/3-8/index.php/Home/Index/index.html
INFO: [ app_init ] --START--
INFO: Run Behavior\BuildLiteBehavior [ RunTime:0.000017s ]
INFO: [ app_init ] --END-- [ RunTime:0.000434s ]

[ 2016-03-07T13:29:14+08:00 ] 127.0.0.1 /js(object)/3-8/index.php/Home/Index/index.html
INFO: [ app_init ] --START--
INFO: Run Behavior\BuildLiteBehavior [ RunTime:0.000026s ]
INFO: [ app_init ] --END-- [ RunTime:0.000676s ]

[ 2016-03-07T13:43:56+08:00 ] 127.0.0.1 /js(object)/3-8/index.php/Home/Index/index.html
INFO: [ app_init ] --START--
INFO: Run Behavior\BuildLiteBehavior [ RunTime:0.000020s ]
INFO: [ app_init ] --END-- [ RunTime:0.000710s ]

[ 2016-03-07T13:43:57+08:00 ] 127.0.0.1 /js(object)/3-8/index.php/Home/Index/index.html
INFO: [ app_init ] --START--
INFO: Run Behavior\BuildLiteBehavior [ RunTime:0.000015s ]
INFO: [ app_init ] --END-- [ RunTime:0.000378s ]

[ 2016-03-07T14:04:44+08:00 ] 127.0.0.1 /js(object)/3-8/index.php/Home/Index/index.html
INFO: [ app_init ] --START--
INFO: Run Behavior\BuildLiteBehavior [ RunTime:0.000015s ]
INFO: [ app_init ] --END-- [ RunTime:0.000423s ]

[ 2016-03-07T14:04:45+08:00 ] 127.0.0.1 /js(object)/3-8/index.php/Home/Index/index.html
INFO: [ app_init ] --START--
INFO: Run Behavior\BuildLiteBehavior [ RunTime:0.000026s ]
INFO: [ app_init ] --END-- [ RunTime:0.000453s ]

[ 2016-03-07T14:04:55+08:00 ] 127.0.0.1 /js(object)/3-8/index.php/Home/Index/index.html
INFO: [ app_init ] --START--
INFO: Run Behavior\BuildLiteBehavior [ RunTime:0.000014s ]
INFO: [ app_init ] --END-- [ RunTime:0.000372s ]

[ 2016-03-07T14:05:42+08:00 ] 127.0.0.1 /js(object)/3-8/index.php/Home/Index/index.html
INFO: [ app_init ] --START--
INFO: Run Behavior\BuildLiteBehavior [ RunTime:0.000015s ]
INFO: [ app_init ] --END-- [ RunTime:0.000350s ]

[ 2016-03-07T14:05:43+08:00 ] 127.0.0.1 /js(object)/3-8/index.php/Home/Index/index.html
INFO: [ app_init ] --START--
INFO: Run Behavior\BuildLiteBehavior [ RunTime:0.000020s ]
INFO: [ app_init ] --END-- [ RunTime:0.000491s ]

[ 2016-03-07T14:05:44+08:00 ] 127.0.0.1 /js(object)/3-8/index.php/Home/Index/index.html
INFO: [ app_init ] --START--
INFO: Run Behavior\BuildLiteBehavior [ RunTime:0.000034s ]
INFO: [ app_init ] --END-- [ RunTime:0.001026s ]

[ 2016-03-07T14:05:45+08:00 ] 127.0.0.1 /js(object)/3-8/index.php/Home/Index/index.html
INFO: [ app_init ] --START--
INFO: Run Behavior\BuildLiteBehavior [ RunTime:0.000016s ]
INFO: [ app_init ] --END-- [ RunTime:0.000403s ]

[ 2016-03-07T14:05:57+08:00 ] 127.0.0.1 /js(object)/3-8/index.php/Home/Index/add/
INFO: [ app_init ] --START--
INFO: Run Behavior\BuildLiteBehavior [ RunTime:0.000016s ]
INFO: [ app_init ] --END-- [ RunTime:0.000415s ]

[ 2016-03-07T14:07:37+08:00 ] 127.0.0.1 /js(object)/3-8/index.php/Home/Index/index.html
INFO: [ app_init ] --START--
INFO: Run Behavior\BuildLiteBehavior [ RunTime:0.000016s ]
INFO: [ app_init ] --END-- [ RunTime:0.000693s ]

[ 2016-03-07T14:07:37+08:00 ] 127.0.0.1 /js(object)/3-8/index.php/Home/Index/index.html
INFO: [ app_init ] --START--
INFO: Run Behavior\BuildLiteBehavior [ RunTime:0.000025s ]
INFO: [ app_init ] --END-- [ RunTime:0.000549s ]

[ 2016-03-07T14:07:39+08:00 ] 127.0.0.1 /js(object)/3-8/index.php/Home/Index/index.html
INFO: [ app_init ] --START--
INFO: Run Behavior\BuildLiteBehavior [ RunTime:0.000025s ]
INFO: [ app_init ] --END-- [ RunTime:0.000527s ]

[ 2016-03-07T14:07:41+08:00 ] 127.0.0.1 /js(object)/3-8/index.php/Home/Index/add/
INFO: [ app_init ] --START--
INFO: Run Behavior\BuildLiteBehavior [ RunTime:0.000020s ]
INFO: [ app_init ] --END-- [ RunTime:0.000395s ]

[ 2016-03-07T14:08:13+08:00 ] 127.0.0.1 /js(object)/3-8/index.php/Home/Index/index.html
INFO: [ app_init ] --START--
INFO: Run Behavior\BuildLiteBehavior [ RunTime:0.000015s ]
INFO: [ app_init ] --END-- [ RunTime:0.000388s ]

[ 2016-03-07T14:08:14+08:00 ] 127.0.0.1 /js(object)/3-8/index.php/Home/Index/index.html
INFO: [ app_init ] --START--
INFO: Run Behavior\BuildLiteBehavior [ RunTime:0.000024s ]
INFO: [ app_init ] --END-- [ RunTime:0.000510s ]

[ 2016-03-07T14:08:15+08:00 ] 127.0.0.1 /js(object)/3-8/index.php/Home/Index/index.html
INFO: [ app_init ] --START--
INFO: Run Behavior\BuildLiteBehavior [ RunTime:0.000018s ]
INFO: [ app_init ] --END-- [ RunTime:0.000368s ]

[ 2016-03-07T14:08:16+08:00 ] 127.0.0.1 /js(object)/3-8/index.php/Home/Index/index.html
INFO: [ app_init ] --START--
INFO: Run Behavior\BuildLiteBehavior [ RunTime:0.000018s ]
INFO: [ app_init ] --END-- [ RunTime:0.000423s ]

[ 2016-03-07T14:08:18+08:00 ] 127.0.0.1 /js(object)/3-8/index.php/Home/Index/login_out/
INFO: [ app_init ] --START--
INFO: Run Behavior\BuildLiteBehavior [ RunTime:0.000028s ]
INFO: [ app_init ] --END-- [ RunTime:0.000391s ]
ERR: 非法操作:login_out

[ 2016-03-07T14:08:55+08:00 ] 127.0.0.1 /js(object)/3-8/index.php/Home/Index/login_out/
INFO: [ app_init ] --START--
INFO: Run Behavior\BuildLiteBehavior [ RunTime:0.000019s ]
INFO: [ app_init ] --END-- [ RunTime:0.000491s ]
ERR: 非法操作:login_out

[ 2016-03-07T14:09:00+08:00 ] 127.0.0.1 /js(object)/3-8/index.php/Home/Index/index.html
INFO: [ app_init ] --START--
INFO: Run Behavior\BuildLiteBehavior [ RunTime:0.000017s ]
INFO: [ app_init ] --END-- [ RunTime:0.000379s ]

[ 2016-03-07T14:09:01+08:00 ] 127.0.0.1 /js(object)/3-8/index.php/Home/Index/login_out/
INFO: [ app_init ] --START--
INFO: Run Behavior\BuildLiteBehavior [ RunTime:0.000023s ]
INFO: [ app_init ] --END-- [ RunTime:0.000392s ]
ERR: 非法操作:login_out

[ 2016-03-07T14:09:06+08:00 ] 127.0.0.1 /js(object)/3-8/index.php/Home/Index/index.html
INFO: [ app_init ] --START--
INFO: Run Behavior\BuildLiteBehavior [ RunTime:0.000036s ]
INFO: [ app_init ] --END-- [ RunTime:0.000534s ]

[ 2016-03-07T14:09:07+08:00 ] 127.0.0.1 /js(object)/3-8/index.php/Home/Index/index.html
INFO: [ app_init ] --START--
INFO: Run Behavior\BuildLiteBehavior [ RunTime:0.000018s ]
INFO: [ app_init ] --END-- [ RunTime:0.000515s ]

[ 2016-03-07T14:09:08+08:00 ] 127.0.0.1 /js(object)/3-8/index.php/Home/Index/add/
INFO: [ app_init ] --START--
INFO: Run Behavior\BuildLiteBehavior [ RunTime:0.000029s ]
INFO: [ app_init ] --END-- [ RunTime:0.000885s ]

[ 2016-03-07T14:09:09+08:00 ] 127.0.0.1 /js(object)/3-8/index.php/Home/Index/index.html
INFO: [ app_init ] --START--
INFO: Run Behavior\BuildLiteBehavior [ RunTime:0.000035s ]
INFO: [ app_init ] --END-- [ RunTime:0.000823s ]

[ 2016-03-07T14:10:03+08:00 ] 127.0.0.1 /js(object)/3-8/index.php/Home/Index/index.html
INFO: [ app_init ] --START--
INFO: Run Behavior\BuildLiteBehavior [ RunTime:0.000014s ]
INFO: [ app_init ] --END-- [ RunTime:0.000434s ]

[ 2016-03-07T14:10:10+08:00 ] 127.0.0.1 /js(object)/3-8/index.php/Home/Index/add/
INFO: [ app_init ] --START--
INFO: Run Behavior\BuildLiteBehavior [ RunTime:0.000020s ]
INFO: [ app_init ] --END-- [ RunTime:0.000430s ]

[ 2016-03-07T14:10:11+08:00 ] 127.0.0.1 /js(object)/3-8/index.php/Home/Index/index.html
INFO: [ app_init ] --START--
INFO: Run Behavior\BuildLiteBehavior [ RunTime:0.000040s ]
INFO: [ app_init ] --END-- [ RunTime:0.000895s ]

[ 2016-03-07T14:11:18+08:00 ] 127.0.0.1 /js(object)/3-8/index.php/Home/Index/index.html
INFO: [ app_init ] --START--
INFO: Run Behavior\BuildLiteBehavior [ RunTime:0.000016s ]
INFO: [ app_init ] --END-- [ RunTime:0.000389s ]

[ 2016-03-07T14:11:33+08:00 ] 127.0.0.1 /js(object)/3-8/index.php/Home/Index/add/
INFO: [ app_init ] --START--
INFO: Run Behavior\BuildLiteBehavior [ RunTime:0.000023s ]
INFO: [ app_init ] --END-- [ RunTime:0.000610s ]

[ 2016-03-07T14:11:34+08:00 ] 127.0.0.1 /js(object)/3-8/index.php/Home/Index/index.html
INFO: [ app_init ] --START--
INFO: Run Behavior\BuildLiteBehavior [ RunTime:0.000052s ]
INFO: [ app_init ] --END-- [ RunTime:0.001339s ]

[ 2016-03-07T14:11:48+08:00 ] 127.0.0.1 /js(object)/3-8/index.php/Home/Index/login_out/
INFO: [ app_init ] --START--
INFO: Run Behavior\BuildLiteBehavior [ RunTime:0.000029s ]
INFO: [ app_init ] --END-- [ RunTime:0.000536s ]
ERR: 非法操作:login_out

[ 2016-03-07T14:13:12+08:00 ] 127.0.0.1 /js(object)/3-8/index.php/Home/Index/login_out/
INFO: [ app_init ] --START--
INFO: Run Behavior\BuildLiteBehavior [ RunTime:0.000029s ]
INFO: [ app_init ] --END-- [ RunTime:0.000637s ]
ERR: 非法操作:login_out

[ 2016-03-07T14:14:03+08:00 ] 127.0.0.1 /js(object)/3-8/index.php/Home/Index/index.html
INFO: [ app_init ] --START--
INFO: Run Behavior\BuildLiteBehavior [ RunTime:0.000023s ]
INFO: [ app_init ] --END-- [ RunTime:0.000622s ]

[ 2016-03-07T14:14:04+08:00 ] 127.0.0.1 /js(object)/3-8/index.php/Home/Index/login_out/
INFO: [ app_init ] --START--
INFO: Run Behavior\BuildLiteBehavior [ RunTime:0.000014s ]
INFO: [ app_init ] --END-- [ RunTime:0.000375s ]

[ 2016-03-07T14:14:06+08:00 ] 127.0.0.1 /js(object)/3-8/index.php/Home/Index/login.html
INFO: [ app_init ] --START--
INFO: Run Behavior\BuildLiteBehavior [ RunTime:0.000020s ]
INFO: [ app_init ] --END-- [ RunTime:0.000457s ]

[ 2016-03-07T14:14:08+08:00 ] 127.0.0.1 /js(object)/3-8/index.php/Home/Login/login.html
INFO: [ app_init ] --START--
INFO: Run Behavior\BuildLiteBehavior [ RunTime:0.000027s ]
INFO: [ app_init ] --END-- [ RunTime:0.000527s ]

[ 2016-03-07T14:14:32+08:00 ] 127.0.0.1 /js(object)/3-8/index.php/Home/Login/login.html
INFO: [ app_init ] --START--
INFO: Run Behavior\BuildLiteBehavior [ RunTime:0.000022s ]
INFO: [ app_init ] --END-- [ RunTime:0.000532s ]

[ 2016-03-07T14:14:37+08:00 ] 127.0.0.1 /js(object)/3-8/index.php/Home/Login/login_check/
INFO: [ app_init ] --START--
INFO: Run Behavior\BuildLiteBehavior [ RunTime:0.000024s ]
INFO: [ app_init ] --END-- [ RunTime:0.000564s ]

[ 2016-03-07T14:14:39+08:00 ] 127.0.0.1 /js(object)/3-8/index.php/Home/Index/index.html
INFO: [ app_init ] --START--
INFO: Run Behavior\BuildLiteBehavior [ RunTime:0.000022s ]
INFO: [ app_init ] --END-- [ RunTime:0.000547s ]

[ 2016-03-07T14:14:43+08:00 ] 127.0.0.1 /js(object)/3-8/index.php/Home/Index/find/
INFO: [ app_init ] --START--
INFO: Run Behavior\BuildLiteBehavior [ RunTime:0.000019s ]
INFO: [ app_init ] --END-- [ RunTime:0.000439s ]
ERR: Think\Model:show方法不存在！

[ 2016-03-07T14:16:34+08:00 ] 127.0.0.1 /js(object)/3-8/index.php/Home/Index/find/
INFO: [ app_init ] --START--
INFO: Run Behavior\BuildLiteBehavior [ RunTime:0.000015s ]
INFO: [ app_init ] --END-- [ RunTime:0.000461s ]
ERR: Think\Model:update方法不存在！

[ 2016-03-07T14:16:36+08:00 ] 127.0.0.1 /js(object)/3-8/index.php/Home/Index/find/
INFO: [ app_init ] --START--
INFO: Run Behavior\BuildLiteBehavior [ RunTime:0.000015s ]
INFO: [ app_init ] --END-- [ RunTime:0.000346s ]
ERR: Think\Model:update方法不存在！

[ 2016-03-07T14:16:40+08:00 ] 127.0.0.1 /js(object)/3-8/index.php/Home/Index/find/
INFO: [ app_init ] --START--
INFO: Run Behavior\BuildLiteBehavior [ RunTime:0.000016s ]
INFO: [ app_init ] --END-- [ RunTime:0.000342s ]
ERR: Think\Model:update方法不存在！

[ 2016-03-07T14:18:15+08:00 ] 127.0.0.1 /js(object)/3-8/index.php/Home/Index/find/
INFO: [ app_init ] --START--
INFO: Run Behavior\BuildLiteBehavior [ RunTime:0.000026s ]
INFO: [ app_init ] --END-- [ RunTime:0.000624s ]
ERR: 模板不存在:./Apps/Home/View/Index/find.html

[ 2016-03-07T14:18:17+08:00 ] 127.0.0.1 /js(object)/3-8/index.php/Home/Index/find/
INFO: [ app_init ] --START--
INFO: Run Behavior\BuildLiteBehavior [ RunTime:0.000013s ]
INFO: [ app_init ] --END-- [ RunTime:0.000306s ]
ERR: 模板不存在:./Apps/Home/View/Index/find.html

[ 2016-03-07T14:20:28+08:00 ] 127.0.0.1 /js(object)/3-8/index.php/Home/Index/find/
INFO: [ app_init ] --START--
INFO: Run Behavior\BuildLiteBehavior [ RunTime:0.000023s ]
INFO: [ app_init ] --END-- [ RunTime:0.000665s ]

[ 2016-03-07T14:20:30+08:00 ] 127.0.0.1 /js(object)/3-8/index.php/Home/Index/find/
INFO: [ app_init ] --START--
INFO: Run Behavior\BuildLiteBehavior [ RunTime:0.000017s ]
INFO: [ app_init ] --END-- [ RunTime:0.000368s ]

[ 2016-03-07T14:20:30+08:00 ] 127.0.0.1 /js(object)/3-8/index.php/Home/Index/find/
INFO: [ app_init ] --START--
INFO: Run Behavior\BuildLiteBehavior [ RunTime:0.000013s ]
INFO: [ app_init ] --END-- [ RunTime:0.000308s ]

[ 2016-03-07T14:20:31+08:00 ] 127.0.0.1 /js(object)/3-8/index.php/Home/Index/find/
INFO: [ app_init ] --START--
INFO: Run Behavior\BuildLiteBehavior [ RunTime:0.000013s ]
INFO: [ app_init ] --END-- [ RunTime:0.000297s ]

[ 2016-03-07T14:21:19+08:00 ] 127.0.0.1 /js(object)/3-8/index.php/Home/Index/find/
INFO: [ app_init ] --START--
INFO: Run Behavior\BuildLiteBehavior [ RunTime:0.000027s ]
INFO: [ app_init ] --END-- [ RunTime:0.000633s ]

[ 2016-03-07T14:22:06+08:00 ] 127.0.0.1 /js(object)/3-8/index.php/Home/Index/find/
INFO: [ app_init ] --START--
INFO: Run Behavior\BuildLiteBehavior [ RunTime:0.000017s ]
INFO: [ app_init ] --END-- [ RunTime:0.000465s ]

[ 2016-03-07T14:23:39+08:00 ] 127.0.0.1 /js(object)/3-8/index.php/Home/Index/find/
INFO: [ app_init ] --START--
INFO: Run Behavior\BuildLiteBehavior [ RunTime:0.000018s ]
INFO: [ app_init ] --END-- [ RunTime:0.000468s ]

[ 2016-03-07T14:25:30+08:00 ] 127.0.0.1 /js(object)/3-8/index.php/Home/Index/index.html
INFO: [ app_init ] --START--
INFO: Run Behavior\BuildLiteBehavior [ RunTime:0.000015s ]
INFO: [ app_init ] --END-- [ RunTime:0.000408s ]

[ 2016-03-07T14:25:33+08:00 ] 127.0.0.1 /js(object)/3-8/index.php/Home/Index/find/
INFO: [ app_init ] --START--
INFO: Run Behavior\BuildLiteBehavior [ RunTime:0.000023s ]
INFO: [ app_init ] --END-- [ RunTime:0.000516s ]

[ 2016-03-07T14:25:49+08:00 ] 127.0.0.1 /js(object)/3-8/index.php/Home/Index/index.html
INFO: [ app_init ] --START--
INFO: Run Behavior\BuildLiteBehavior [ RunTime:0.000022s ]
INFO: [ app_init ] --END-- [ RunTime:0.000473s ]

[ 2016-03-07T14:26:03+08:00 ] 127.0.0.1 /js(object)/3-8/index.php/Home/Index/index.html
INFO: [ app_init ] --START--
INFO: Run Behavior\BuildLiteBehavior [ RunTime:0.000025s ]
INFO: [ app_init ] --END-- [ RunTime:0.000915s ]

[ 2016-03-07T14:26:51+08:00 ] 127.0.0.1 /js(object)/3-8/index.php/Home/Index/index.html
INFO: [ app_init ] --START--
INFO: Run Behavior\BuildLiteBehavior [ RunTime:0.000018s ]
INFO: [ app_init ] --END-- [ RunTime:0.000453s ]

[ 2016-03-07T14:26:53+08:00 ] 127.0.0.1 /js(object)/3-8/index.php/Home/Index/find/
INFO: [ app_init ] --START--
INFO: Run Behavior\BuildLiteBehavior [ RunTime:0.000013s ]
INFO: [ app_init ] --END-- [ RunTime:0.000315s ]

[ 2016-03-07T14:46:03+08:00 ] 127.0.0.1 /js(object)/3-8/index.php/Home/Index/index.html
INFO: [ app_init ] --START--
INFO: Run Behavior\BuildLiteBehavior [ RunTime:0.000020s ]
INFO: [ app_init ] --END-- [ RunTime:0.000461s ]

[ 2016-03-07T14:46:04+08:00 ] 127.0.0.1 /js(object)/3-8/index.php/Home/Index/index.html
INFO: [ app_init ] --START--
INFO: Run Behavior\BuildLiteBehavior [ RunTime:0.000018s ]
INFO: [ app_init ] --END-- [ RunTime:0.000363s ]

[ 2016-03-07T14:46:06+08:00 ] 127.0.0.1 /js(object)/3-8/index.php/Home/Index/index.html
INFO: [ app_init ] --START--
INFO: Run Behavior\BuildLiteBehavior [ RunTime:0.000025s ]
INFO: [ app_init ] --END-- [ RunTime:0.000592s ]

[ 2016-03-07T14:46:07+08:00 ] 127.0.0.1 /js(object)/3-8/index.php/Home/Index/find/
INFO: [ app_init ] --START--
INFO: Run Behavior\BuildLiteBehavior [ RunTime:0.000017s ]
INFO: [ app_init ] --END-- [ RunTime:0.000305s ]

[ 2016-03-07T14:46:08+08:00 ] 127.0.0.1 /js(object)/3-8/index.php/Home/Index/index/
INFO: [ app_init ] --START--
INFO: Run Behavior\BuildLiteBehavior [ RunTime:0.000023s ]
INFO: [ app_init ] --END-- [ RunTime:0.000554s ]

[ 2016-03-07T14:46:35+08:00 ] 127.0.0.1 /js(object)/3-8/index.php/Home/Index/index/
INFO: [ app_init ] --START--
INFO: Run Behavior\BuildLiteBehavior [ RunTime:0.000017s ]
INFO: [ app_init ] --END-- [ RunTime:0.000362s ]

[ 2016-03-07T14:46:37+08:00 ] 127.0.0.1 /js(object)/3-8/index.php/Home/Index/login_out/
INFO: [ app_init ] --START--
INFO: Run Behavior\BuildLiteBehavior [ RunTime:0.000021s ]
INFO: [ app_init ] --END-- [ RunTime:0.000888s ]

[ 2016-03-07T14:46:39+08:00 ] 127.0.0.1 /js(object)/3-8/index.php/Home/Index/login.html
INFO: [ app_init ] --START--
INFO: Run Behavior\BuildLiteBehavior [ RunTime:0.000035s ]
INFO: [ app_init ] --END-- [ RunTime:0.000731s ]

[ 2016-03-07T14:46:41+08:00 ] 127.0.0.1 /js(object)/3-8/index.php/Home/Login/login.html
INFO: [ app_init ] --START--
INFO: Run Behavior\BuildLiteBehavior [ RunTime:0.000036s ]
INFO: [ app_init ] --END-- [ RunTime:0.000778s ]

[ 2016-03-07T14:47:10+08:00 ] 127.0.0.1 /js(object)/3-8/index.php/Home/Login/login_check/
INFO: [ app_init ] --START--
INFO: Run Behavior\BuildLiteBehavior [ RunTime:0.000030s ]
INFO: [ app_init ] --END-- [ RunTime:0.000677s ]

[ 2016-03-07T14:47:12+08:00 ] 127.0.0.1 /js(object)/3-8/index.php/Home/Index/index.html
INFO: [ app_init ] --START--
INFO: Run Behavior\BuildLiteBehavior [ RunTime:0.000014s ]
INFO: [ app_init ] --END-- [ RunTime:0.000349s ]

[ 2016-03-07T14:47:14+08:00 ] 127.0.0.1 /js(object)/3-8/index.php/Home/Index/find/
INFO: [ app_init ] --START--
INFO: Run Behavior\BuildLiteBehavior [ RunTime:0.000017s ]
INFO: [ app_init ] --END-- [ RunTime:0.000390s ]

[ 2016-03-07T14:47:17+08:00 ] 127.0.0.1 /js(object)/3-8/index.php/Home/Index/index/
INFO: [ app_init ] --START--
INFO: Run Behavior\BuildLiteBehavior [ RunTime:0.000016s ]
INFO: [ app_init ] --END-- [ RunTime:0.000350s ]

[ 2016-03-07T14:47:18+08:00 ] 127.0.0.1 /js(object)/3-8/index.php/Home/Index/index/
INFO: [ app_init ] --START--
INFO: Run Behavior\BuildLiteBehavior [ RunTime:0.000077s ]
INFO: [ app_init ] --END-- [ RunTime:0.001508s ]

[ 2016-03-07T16:33:06+08:00 ] 127.0.0.1 /js(object)/3-8/index.php
INFO: [ app_init ] --START--
INFO: Run Behavior\BuildLiteBehavior [ RunTime:0.000020s ]
INFO: [ app_init ] --END-- [ RunTime:0.000444s ]

[ 2016-03-07T16:33:13+08:00 ] 127.0.0.1 /js(object)/3-8/index.php
INFO: [ app_init ] --START--
INFO: Run Behavior\BuildLiteBehavior [ RunTime:0.000025s ]
INFO: [ app_init ] --END-- [ RunTime:0.000580s ]

[ 2016-03-07T16:33:18+08:00 ] 127.0.0.1 /js(object)/3-8/index.php/Home/Index/login_out/
INFO: [ app_init ] --START--
INFO: Run Behavior\BuildLiteBehavior [ RunTime:0.000017s ]
INFO: [ app_init ] --END-- [ RunTime:0.000420s ]

[ 2016-03-07T16:33:20+08:00 ] 127.0.0.1 /js(object)/3-8/index.php/Home/Index/login.html
INFO: [ app_init ] --START--
INFO: Run Behavior\BuildLiteBehavior [ RunTime:0.000029s ]
INFO: [ app_init ] --END-- [ RunTime:0.000553s ]

[ 2016-03-07T16:33:22+08:00 ] 127.0.0.1 /js(object)/3-8/index.php/Home/Login/login.html
INFO: [ app_init ] --START--
INFO: Run Behavior\BuildLiteBehavior [ RunTime:0.000032s ]
INFO: [ app_init ] --END-- [ RunTime:0.000655s ]

[ 2016-03-07T16:33:39+08:00 ] 127.0.0.1 /js(object)/3-8/index.php/Home/Login/login_check/
INFO: [ app_init ] --START--
INFO: Run Behavior\BuildLiteBehavior [ RunTime:0.000025s ]
INFO: [ app_init ] --END-- [ RunTime:0.000515s ]

[ 2016-03-07T16:33:59+08:00 ] 127.0.0.1 /js(object)/3-8/index.php/Home/Login/login_check/
INFO: [ app_init ] --START--
INFO: Run Behavior\BuildLiteBehavior [ RunTime:0.000028s ]
INFO: [ app_init ] --END-- [ RunTime:0.000645s ]

[ 2016-03-07T16:34:21+08:00 ] 127.0.0.1 /js(object)/3-8/index.php/Home/Login/login.html
INFO: [ app_init ] --START--
INFO: Run Behavior\BuildLiteBehavior [ RunTime:0.000019s ]
INFO: [ app_init ] --END-- [ RunTime:0.000646s ]

[ 2016-03-07T16:34:26+08:00 ] 127.0.0.1 /js(object)/3-8/index.php/Home/Login/login_check/
INFO: [ app_init ] --START--
INFO: Run Behavior\BuildLiteBehavior [ RunTime:0.000024s ]
INFO: [ app_init ] --END-- [ RunTime:0.000590s ]

[ 2016-03-07T16:34:28+08:00 ] 127.0.0.1 /js(object)/3-8/index.php/Home/Index/index.html
INFO: [ app_init ] --START--
INFO: Run Behavior\BuildLiteBehavior [ RunTime:0.000014s ]
INFO: [ app_init ] --END-- [ RunTime:0.000339s ]

[ 2016-03-07T16:35:47+08:00 ] 127.0.0.1 /js(object)/3-8/index.php/Home/Index/login_out/
INFO: [ app_init ] --START--
INFO: Run Behavior\BuildLiteBehavior [ RunTime:0.000025s ]
INFO: [ app_init ] --END-- [ RunTime:0.000931s ]

[ 2016-03-07T16:35:49+08:00 ] 127.0.0.1 /js(object)/3-8/index.php/Home/Index/login.html
INFO: [ app_init ] --START--
INFO: Run Behavior\BuildLiteBehavior [ RunTime:0.000024s ]
INFO: [ app_init ] --END-- [ RunTime:0.000519s ]

[ 2016-03-07T16:35:51+08:00 ] 127.0.0.1 /js(object)/3-8/index.php/Home/Login/login.html
INFO: [ app_init ] --START--
INFO: Run Behavior\BuildLiteBehavior [ RunTime:0.000022s ]
INFO: [ app_init ] --END-- [ RunTime:0.000508s ]

[ 2016-03-07T16:36:02+08:00 ] 127.0.0.1 /js(object)/3-8/index.php
INFO: [ app_init ] --START--
INFO: Run Behavior\BuildLiteBehavior [ RunTime:0.000015s ]
INFO: [ app_init ] --END-- [ RunTime:0.000351s ]

[ 2016-03-07T16:36:05+08:00 ] 127.0.0.1 /js(object)/3-8/index.php/Home/Login/login.html
INFO: [ app_init ] --START--
INFO: Run Behavior\BuildLiteBehavior [ RunTime:0.000019s ]
INFO: [ app_init ] --END-- [ RunTime:0.000462s ]

[ 2016-03-07T16:36:08+08:00 ] 127.0.0.1 /js(object)/3-8/index.php/Home/Login/login.html
INFO: [ app_init ] --START--
INFO: Run Behavior\BuildLiteBehavior [ RunTime:0.000014s ]
INFO: [ app_init ] --END-- [ RunTime:0.000350s ]

