[ 2016-02-28T10:19:27+08:00 ] 127.0.0.1 /js(object)/2-25/index.php
INFO: [ app_init ] --START--
INFO: Run Behavior\BuildLiteBehavior [ RunTime:0.000016s ]
INFO: [ app_init ] --END-- [ RunTime:0.000422s ]

[ 2016-02-28T10:19:46+08:00 ] 127.0.0.1 /js(object)/2-25/index.php/Home/Index/add/
INFO: [ app_init ] --START--
INFO: Run Behavior\BuildLiteBehavior [ RunTime:0.000017s ]
INFO: [ app_init ] --END-- [ RunTime:0.000365s ]

[ 2016-02-28T10:19:47+08:00 ] 127.0.0.1 /js(object)/2-25/index.php/Home/Index/show.html
INFO: [ app_init ] --START--
INFO: Run Behavior\BuildLiteBehavior [ RunTime:0.000101s ]
INFO: [ app_init ] --END-- [ RunTime:0.001847s ]

[ 2016-02-28T10:19:51+08:00 ] 127.0.0.1 /js(object)/2-25/index.php/Home/Index/show/p/5.html
INFO: [ app_init ] --START--
INFO: Run Behavior\BuildLiteBehavior [ RunTime:0.000012s ]
INFO: [ app_init ] --END-- [ RunTime:0.000332s ]

[ 2016-02-28T10:19:55+08:00 ] 127.0.0.1 /js(object)/2-25/index.php/Home/Index/show_one/id/21
INFO: [ app_init ] --START--
INFO: Run Behavior\BuildLiteBehavior [ RunTime:0.000028s ]
INFO: [ app_init ] --END-- [ RunTime:0.000804s ]

[ 2016-02-28T10:20:03+08:00 ] 127.0.0.1 /js(object)/2-25/index.php/Home/Index/update/
INFO: [ app_init ] --START--
INFO: Run Behavior\BuildLiteBehavior [ RunTime:0.000028s ]
INFO: [ app_init ] --END-- [ RunTime:0.000634s ]

[ 2016-02-28T10:20:04+08:00 ] 127.0.0.1 /js(object)/2-25/index.php/Home/Index/show.html
INFO: [ app_init ] --START--
INFO: Run Behavior\BuildLiteBehavior [ RunTime:0.000032s ]
INFO: [ app_init ] --END-- [ RunTime:0.000779s ]

[ 2016-02-28T10:20:08+08:00 ] 127.0.0.1 /js(object)/2-25/index.php/Home/Index/show/p/5.html
INFO: [ app_init ] --START--
INFO: Run Behavior\BuildLiteBehavior [ RunTime:0.000025s ]
INFO: [ app_init ] --END-- [ RunTime:0.000689s ]

[ 2016-02-28T10:20:27+08:00 ] 127.0.0.1 /js(object)/2-25/index.php/Home/Index/delete/id/21
INFO: [ app_init ] --START--
INFO: Run Behavior\BuildLiteBehavior [ RunTime:0.000013s ]
INFO: [ app_init ] --END-- [ RunTime:0.000345s ]

[ 2016-02-28T10:20:28+08:00 ] 127.0.0.1 /js(object)/2-25/index.php/Home/Index/show.html
INFO: [ app_init ] --START--
INFO: Run Behavior\BuildLiteBehavior [ RunTime:0.000152s ]
INFO: [ app_init ] --END-- [ RunTime:0.002956s ]

[ 2016-02-28T10:20:30+08:00 ] 127.0.0.1 /js(object)/2-25/index.php/Home/Index/show/p/5.html
INFO: [ app_init ] --START--
INFO: Run Behavior\BuildLiteBehavior [ RunTime:0.000015s ]
INFO: [ app_init ] --END-- [ RunTime:0.000349s ]

[ 2016-02-28T12:06:07+08:00 ] 127.0.0.1 /js(object)/2-25/index.php
INFO: [ app_init ] --START--
INFO: Run Behavior\BuildLiteBehavior [ RunTime:0.000018s ]
INFO: [ app_init ] --END-- [ RunTime:0.000468s ]

[ 2016-02-28T12:06:12+08:00 ] 127.0.0.1 /js(object)/2-25/index.php/Home/Index/add/
INFO: [ app_init ] --START--
INFO: Run Behavior\BuildLiteBehavior [ RunTime:0.000014s ]
INFO: [ app_init ] --END-- [ RunTime:0.000340s ]

[ 2016-02-28T12:06:14+08:00 ] 127.0.0.1 /js(object)/2-25/index.php/Home/Index/show.html
INFO: [ app_init ] --START--
INFO: Run Behavior\BuildLiteBehavior [ RunTime:0.000027s ]
INFO: [ app_init ] --END-- [ RunTime:0.000634s ]

[ 2016-02-28T12:06:16+08:00 ] 127.0.0.1 /js(object)/2-25/index.php/Home/Index/show/p/5.html
INFO: [ app_init ] --START--
INFO: Run Behavior\BuildLiteBehavior [ RunTime:0.000025s ]
INFO: [ app_init ] --END-- [ RunTime:0.000550s ]

[ 2016-02-28T12:06:18+08:00 ] 127.0.0.1 /js(object)/2-25/index.php/Home/Index/delete/id/22
INFO: [ app_init ] --START--
INFO: Run Behavior\BuildLiteBehavior [ RunTime:0.000016s ]
INFO: [ app_init ] --END-- [ RunTime:0.000435s ]

[ 2016-02-28T12:06:19+08:00 ] 127.0.0.1 /js(object)/2-25/index.php/Home/Index/show.html
INFO: [ app_init ] --START--
INFO: Run Behavior\BuildLiteBehavior [ RunTime:0.000034s ]
INFO: [ app_init ] --END-- [ RunTime:0.000839s ]

[ 2016-02-28T12:06:21+08:00 ] 127.0.0.1 /js(object)/2-25/index.php/Home/Index/show_one/id/5
INFO: [ app_init ] --START--
INFO: Run Behavior\BuildLiteBehavior [ RunTime:0.000015s ]
INFO: [ app_init ] --END-- [ RunTime:0.000424s ]

[ 2016-02-28T12:06:24+08:00 ] 127.0.0.1 /js(object)/2-25/index.php/Home/Index/show/p/5.html
INFO: [ app_init ] --START--
INFO: Run Behavior\BuildLiteBehavior [ RunTime:0.000018s ]
INFO: [ app_init ] --END-- [ RunTime:0.000419s ]

[ 2016-02-28T12:06:26+08:00 ] 127.0.0.1 /js(object)/2-25/index.php/Home/Index/show_one/id/20
INFO: [ app_init ] --START--
INFO: Run Behavior\BuildLiteBehavior [ RunTime:0.000023s ]
INFO: [ app_init ] --END-- [ RunTime:0.000562s ]

[ 2016-02-28T12:06:30+08:00 ] 127.0.0.1 /js(object)/2-25/index.php/Home/Index/update/
INFO: [ app_init ] --START--
INFO: Run Behavior\BuildLiteBehavior [ RunTime:0.000018s ]
INFO: [ app_init ] --END-- [ RunTime:0.000418s ]

[ 2016-02-28T12:06:31+08:00 ] 127.0.0.1 /js(object)/2-25/index.php/Home/Index/show.html
INFO: [ app_init ] --START--
INFO: Run Behavior\BuildLiteBehavior [ RunTime:0.000039s ]
INFO: [ app_init ] --END-- [ RunTime:0.000797s ]

[ 2016-02-28T12:19:50+08:00 ] 127.0.0.1 /js(object)/2-27/index.php
INFO: [ app_init ] --START--
INFO: Run Behavior\BuildLiteBehavior [ RunTime:0.000016s ]
INFO: [ app_init ] --END-- [ RunTime:0.000430s ]

[ 2016-02-28T12:20:09+08:00 ] 127.0.0.1 /js(object)/2-27/index.php/Home/Index/add/
INFO: [ app_init ] --START--
INFO: Run Behavior\BuildLiteBehavior [ RunTime:0.000017s ]
INFO: [ app_init ] --END-- [ RunTime:0.000530s ]

[ 2016-02-28T12:22:22+08:00 ] 127.0.0.1 /js(object)/2-27/index.php
INFO: [ app_init ] --START--
INFO: Run Behavior\BuildLiteBehavior [ RunTime:0.000017s ]
INFO: [ app_init ] --END-- [ RunTime:0.000464s ]

[ 2016-02-28T12:24:55+08:00 ] 127.0.0.1 /js(object)/2-27/index.php
INFO: [ app_init ] --START--
INFO: Run Behavior\BuildLiteBehavior [ RunTime:0.000025s ]
INFO: [ app_init ] --END-- [ RunTime:0.000716s ]

[ 2016-02-28T12:24:56+08:00 ] 127.0.0.1 /js(object)/2-27/index.php
INFO: [ app_init ] --START--
INFO: Run Behavior\BuildLiteBehavior [ RunTime:0.000014s ]
INFO: [ app_init ] --END-- [ RunTime:0.000389s ]

[ 2016-02-28T12:24:57+08:00 ] 127.0.0.1 /js(object)/2-27/index.php
INFO: [ app_init ] --START--
INFO: Run Behavior\BuildLiteBehavior [ RunTime:0.000015s ]
INFO: [ app_init ] --END-- [ RunTime:0.000382s ]

[ 2016-02-28T12:24:58+08:00 ] 127.0.0.1 /js(object)/2-27/index.php
INFO: [ app_init ] --START--
INFO: Run Behavior\BuildLiteBehavior [ RunTime:0.000015s ]
INFO: [ app_init ] --END-- [ RunTime:0.000387s ]

[ 2016-02-28T12:24:58+08:00 ] 127.0.0.1 /js(object)/2-27/index.php
INFO: [ app_init ] --START--
INFO: Run Behavior\BuildLiteBehavior [ RunTime:0.000017s ]
INFO: [ app_init ] --END-- [ RunTime:0.000382s ]

[ 2016-02-28T12:25:12+08:00 ] 127.0.0.1 /js(object)/2-27/index.php/Home/Index/add/
INFO: [ app_init ] --START--
INFO: Run Behavior\BuildLiteBehavior [ RunTime:0.000013s ]
INFO: [ app_init ] --END-- [ RunTime:0.000329s ]
ERR: Think\Model:insert方法不存在！

[ 2016-02-28T12:25:39+08:00 ] 127.0.0.1 /js(object)/2-27/index.php
INFO: [ app_init ] --START--
INFO: Run Behavior\BuildLiteBehavior [ RunTime:0.000059s ]
INFO: [ app_init ] --END-- [ RunTime:0.001135s ]

[ 2016-02-28T12:25:53+08:00 ] 127.0.0.1 /js(object)/2-27/index.php/Home/Index/add/
INFO: [ app_init ] --START--
INFO: Run Behavior\BuildLiteBehavior [ RunTime:0.000014s ]
INFO: [ app_init ] --END-- [ RunTime:0.000359s ]

[ 2016-02-28T12:25:54+08:00 ] 127.0.0.1 /js(object)/2-27/index.php/Home/Index/show.html
INFO: [ app_init ] --START--
INFO: Run Behavior\BuildLiteBehavior [ RunTime:0.000057s ]
INFO: [ app_init ] --END-- [ RunTime:0.001581s ]

[ 2016-02-28T12:30:59+08:00 ] 127.0.0.1 /js(object)/2-27/index.php/Home/Index/show.html
INFO: [ app_init ] --START--
INFO: Run Behavior\BuildLiteBehavior [ RunTime:0.000016s ]
INFO: [ app_init ] --END-- [ RunTime:0.000427s ]

[ 2016-02-28T12:31:01+08:00 ] 127.0.0.1 /js(object)/2-27/index.php/Home/Index/show.html
INFO: [ app_init ] --START--
INFO: Run Behavior\BuildLiteBehavior [ RunTime:0.000026s ]
INFO: [ app_init ] --END-- [ RunTime:0.000533s ]

[ 2016-02-28T12:31:04+08:00 ] 127.0.0.1 /js(object)/2-27/index.php/Home/Index/show/p/2.html
INFO: [ app_init ] --START--
INFO: Run Behavior\BuildLiteBehavior [ RunTime:0.000015s ]
INFO: [ app_init ] --END-- [ RunTime:0.000344s ]

[ 2016-02-28T12:31:06+08:00 ] 127.0.0.1 /js(object)/2-27/index.php/Home/Index/show/p/3.html
INFO: [ app_init ] --START--
INFO: Run Behavior\BuildLiteBehavior [ RunTime:0.000016s ]
INFO: [ app_init ] --END-- [ RunTime:0.000378s ]

[ 2016-02-28T12:31:06+08:00 ] 127.0.0.1 /js(object)/2-27/index.php/Home/Index/show/p/4.html
INFO: [ app_init ] --START--
INFO: Run Behavior\BuildLiteBehavior [ RunTime:0.000025s ]
INFO: [ app_init ] --END-- [ RunTime:0.000526s ]

[ 2016-02-28T12:31:10+08:00 ] 127.0.0.1 /js(object)/2-27/index.php/Home/Index/show/p/4.html
INFO: [ app_init ] --START--
INFO: Run Behavior\BuildLiteBehavior [ RunTime:0.000015s ]
INFO: [ app_init ] --END-- [ RunTime:0.000408s ]

[ 2016-02-28T12:31:29+08:00 ] 127.0.0.1 /js(object)/2-27/index.php/Home/Index/add/
INFO: [ app_init ] --START--
INFO: Run Behavior\BuildLiteBehavior [ RunTime:0.000015s ]
INFO: [ app_init ] --END-- [ RunTime:0.000428s ]

[ 2016-02-28T12:31:30+08:00 ] 127.0.0.1 /js(object)/2-27/index.php/Home/Index/show.html
INFO: [ app_init ] --START--
INFO: Run Behavior\BuildLiteBehavior [ RunTime:0.000022s ]
INFO: [ app_init ] --END-- [ RunTime:0.000561s ]

[ 2016-02-28T12:31:32+08:00 ] 127.0.0.1 /js(object)/2-27/index.php/Home/Index/show/p/5.html
INFO: [ app_init ] --START--
INFO: Run Behavior\BuildLiteBehavior [ RunTime:0.000017s ]
INFO: [ app_init ] --END-- [ RunTime:0.000420s ]

[ 2016-02-28T12:31:34+08:00 ] 127.0.0.1 /js(object)/2-27/index.php/Home/Index/show/p/4.html
INFO: [ app_init ] --START--
INFO: Run Behavior\BuildLiteBehavior [ RunTime:0.000015s ]
INFO: [ app_init ] --END-- [ RunTime:0.000376s ]

[ 2016-02-28T12:31:59+08:00 ] 127.0.0.1 /js(object)/2-27/index.php/Home/Index/show/p/4.html
INFO: [ app_init ] --START--
INFO: Run Behavior\BuildLiteBehavior [ RunTime:0.000015s ]
INFO: [ app_init ] --END-- [ RunTime:0.000604s ]

[ 2016-02-28T12:32:02+08:00 ] 127.0.0.1 /js(object)/2-27/index.php/Home/Index/show/p/4.html
INFO: [ app_init ] --START--
INFO: Run Behavior\BuildLiteBehavior [ RunTime:0.000014s ]
INFO: [ app_init ] --END-- [ RunTime:0.000363s ]

[ 2016-02-28T12:32:07+08:00 ] 127.0.0.1 /js(object)/2-27/index.php/Home/Index/show/p/5.html
INFO: [ app_init ] --START--
INFO: Run Behavior\BuildLiteBehavior [ RunTime:0.000031s ]
INFO: [ app_init ] --END-- [ RunTime:0.000790s ]

[ 2016-02-28T12:32:09+08:00 ] 127.0.0.1 /js(object)/2-27/index.php/Home/Index/show/p/5.html
INFO: [ app_init ] --START--
INFO: Run Behavior\BuildLiteBehavior [ RunTime:0.000026s ]
INFO: [ app_init ] --END-- [ RunTime:0.000715s ]

[ 2016-02-28T12:32:21+08:00 ] 127.0.0.1 /js(object)/2-27/index.php
INFO: [ app_init ] --START--
INFO: Run Behavior\BuildLiteBehavior [ RunTime:0.000035s ]
INFO: [ app_init ] --END-- [ RunTime:0.000956s ]

[ 2016-02-28T12:32:36+08:00 ] 127.0.0.1 /js(object)/2-27/index.php/Home/Index/add/
INFO: [ app_init ] --START--
INFO: Run Behavior\BuildLiteBehavior [ RunTime:0.000018s ]
INFO: [ app_init ] --END-- [ RunTime:0.000501s ]

[ 2016-02-28T12:32:37+08:00 ] 127.0.0.1 /js(object)/2-27/index.php/Home/Index/show.html
INFO: [ app_init ] --START--
INFO: Run Behavior\BuildLiteBehavior [ RunTime:0.000030s ]
INFO: [ app_init ] --END-- [ RunTime:0.000791s ]

[ 2016-02-28T12:32:40+08:00 ] 127.0.0.1 /js(object)/2-27/index.php/Home/Index/show.html
INFO: [ app_init ] --START--
INFO: Run Behavior\BuildLiteBehavior [ RunTime:0.000024s ]
INFO: [ app_init ] --END-- [ RunTime:0.000760s ]

[ 2016-02-28T12:33:44+08:00 ] 127.0.0.1 /js(object)/2-27/index.php/Home/Index/show.html
INFO: [ app_init ] --START--
INFO: Run Behavior\BuildLiteBehavior [ RunTime:0.000024s ]
INFO: [ app_init ] --END-- [ RunTime:0.000732s ]

[ 2016-02-28T12:33:46+08:00 ] 127.0.0.1 /js(object)/2-27/index.php/Home/Index/show.html
INFO: [ app_init ] --START--
INFO: Run Behavior\BuildLiteBehavior [ RunTime:0.000021s ]
INFO: [ app_init ] --END-- [ RunTime:0.000526s ]

[ 2016-02-28T12:34:26+08:00 ] 127.0.0.1 /js(object)/2-27/index.php/Home/Index/show.html
INFO: [ app_init ] --START--
INFO: Run Behavior\BuildLiteBehavior [ RunTime:0.000024s ]
INFO: [ app_init ] --END-- [ RunTime:0.000570s ]

[ 2016-02-28T12:34:29+08:00 ] 127.0.0.1 /js(object)/2-27/index.php/Home/Index/delete/id/15
INFO: [ app_init ] --START--
INFO: Run Behavior\BuildLiteBehavior [ RunTime:0.000023s ]
INFO: [ app_init ] --END-- [ RunTime:0.000546s ]

[ 2016-02-28T12:35:19+08:00 ] 127.0.0.1 /js(object)/2-27/index.php/Home/Index/show.html
INFO: [ app_init ] --START--
INFO: Run Behavior\BuildLiteBehavior [ RunTime:0.000032s ]
INFO: [ app_init ] --END-- [ RunTime:0.000826s ]

[ 2016-02-28T12:35:21+08:00 ] 127.0.0.1 /js(object)/2-27/index.php/Home/Index/show.html
INFO: [ app_init ] --START--
INFO: Run Behavior\BuildLiteBehavior [ RunTime:0.000018s ]
INFO: [ app_init ] --END-- [ RunTime:0.001095s ]

[ 2016-02-28T12:37:05+08:00 ] 127.0.0.1 /js(object)/2-27/index.php/Home/Index/show.html
INFO: [ app_init ] --START--
INFO: Run Behavior\BuildLiteBehavior [ RunTime:0.000022s ]
INFO: [ app_init ] --END-- [ RunTime:0.000593s ]

[ 2016-02-28T12:38:54+08:00 ] 127.0.0.1 /js(object)/2-27/index.php/Home/Index/show.html
INFO: [ app_init ] --START--
INFO: Run Behavior\BuildLiteBehavior [ RunTime:0.000026s ]
INFO: [ app_init ] --END-- [ RunTime:0.000747s ]
ERR: Think\Model:look方法不存在！

[ 2016-02-28T12:39:26+08:00 ] 127.0.0.1 /js(object)/2-27/index.php/Home/Index/show.html
INFO: [ app_init ] --START--
INFO: Run Behavior\BuildLiteBehavior [ RunTime:0.000026s ]
INFO: [ app_init ] --END-- [ RunTime:0.000656s ]

[ 2016-02-28T12:39:28+08:00 ] 127.0.0.1 /js(object)/2-27/index.php/Home/Index/show.html
INFO: [ app_init ] --START--
INFO: Run Behavior\BuildLiteBehavior [ RunTime:0.000047s ]
INFO: [ app_init ] --END-- [ RunTime:0.001181s ]

[ 2016-02-28T12:40:34+08:00 ] 127.0.0.1 /js(object)/2-27/index.php
INFO: [ app_init ] --START--
INFO: Run Behavior\BuildLiteBehavior [ RunTime:0.000061s ]
INFO: [ app_init ] --END-- [ RunTime:0.001534s ]

[ 2016-02-28T12:40:50+08:00 ] 127.0.0.1 /js(object)/2-27/index.php/Home/Index/add/
INFO: [ app_init ] --START--
INFO: Run Behavior\BuildLiteBehavior [ RunTime:0.000013s ]
INFO: [ app_init ] --END-- [ RunTime:0.000373s ]

[ 2016-02-28T12:40:51+08:00 ] 127.0.0.1 /js(object)/2-27/index.php/Home/Index/show.html
INFO: [ app_init ] --START--
INFO: Run Behavior\BuildLiteBehavior [ RunTime:0.000042s ]
INFO: [ app_init ] --END-- [ RunTime:0.000974s ]

[ 2016-02-28T12:40:53+08:00 ] 127.0.0.1 /js(object)/2-27/index.php/Home/Index/show.html
INFO: [ app_init ] --START--
INFO: Run Behavior\BuildLiteBehavior [ RunTime:0.000015s ]
INFO: [ app_init ] --END-- [ RunTime:0.000367s ]

[ 2016-02-28T12:41:56+08:00 ] 127.0.0.1 /js(object)/2-27/index.php/Home/Index/show.html
INFO: [ app_init ] --START--
INFO: Run Behavior\BuildLiteBehavior [ RunTime:0.000031s ]
INFO: [ app_init ] --END-- [ RunTime:0.000977s ]

[ 2016-02-28T12:41:59+08:00 ] 127.0.0.1 /js(object)/2-27/index.php/Home/Index/show.html
INFO: [ app_init ] --START--
INFO: Run Behavior\BuildLiteBehavior [ RunTime:0.000015s ]
INFO: [ app_init ] --END-- [ RunTime:0.000348s ]

[ 2016-02-28T12:42:01+08:00 ] 127.0.0.1 /js(object)/2-27/index.php/Home/Index/show/p/2.html
INFO: [ app_init ] --START--
INFO: Run Behavior\BuildLiteBehavior [ RunTime:0.000022s ]
INFO: [ app_init ] --END-- [ RunTime:0.000806s ]

[ 2016-02-28T12:42:04+08:00 ] 127.0.0.1 /js(object)/2-27/index.php/Home/Index/show/p/2.html
INFO: [ app_init ] --START--
INFO: Run Behavior\BuildLiteBehavior [ RunTime:0.000015s ]
INFO: [ app_init ] --END-- [ RunTime:0.000407s ]

[ 2016-02-28T12:42:06+08:00 ] 127.0.0.1 /js(object)/2-27/index.php/Home/Index/show/p/2.html
INFO: [ app_init ] --START--
INFO: Run Behavior\BuildLiteBehavior [ RunTime:0.000021s ]
INFO: [ app_init ] --END-- [ RunTime:0.000637s ]

[ 2016-02-28T12:42:11+08:00 ] 127.0.0.1 /js(object)/2-27/index.php/Home/Index/delete/id/16
INFO: [ app_init ] --START--
INFO: Run Behavior\BuildLiteBehavior [ RunTime:0.000016s ]
INFO: [ app_init ] --END-- [ RunTime:0.000380s ]

[ 2016-02-28T12:42:16+08:00 ] 127.0.0.1 /js(object)/2-27/index.php/Home/Index/show.html
INFO: [ app_init ] --START--
INFO: Run Behavior\BuildLiteBehavior [ RunTime:0.000027s ]
INFO: [ app_init ] --END-- [ RunTime:0.000526s ]

[ 2016-02-28T12:47:44+08:00 ] 127.0.0.1 /js(object)/2-27/index.php/Home/Index/show/p/5.html
INFO: [ app_init ] --START--
INFO: Run Behavior\BuildLiteBehavior [ RunTime:0.000013s ]
INFO: [ app_init ] --END-- [ RunTime:0.000342s ]

[ 2016-02-28T12:47:46+08:00 ] 127.0.0.1 /js(object)/2-27/index.php/Home/Index/show/p/1.html
INFO: [ app_init ] --START--
INFO: Run Behavior\BuildLiteBehavior [ RunTime:0.000020s ]
INFO: [ app_init ] --END-- [ RunTime:0.000570s ]

[ 2016-02-28T12:47:52+08:00 ] 127.0.0.1 /js(object)/2-27/index.php/Home/Index/show/p/1.html
INFO: [ app_init ] --START--
INFO: Run Behavior\BuildLiteBehavior [ RunTime:0.000045s ]
INFO: [ app_init ] --END-- [ RunTime:0.001294s ]

[ 2016-02-28T12:47:54+08:00 ] 127.0.0.1 /js(object)/2-27/index.php/Home/Index/show/p/1.html
INFO: [ app_init ] --START--
INFO: Run Behavior\BuildLiteBehavior [ RunTime:0.000014s ]
INFO: [ app_init ] --END-- [ RunTime:0.000415s ]

[ 2016-02-28T12:47:56+08:00 ] 127.0.0.1 /js(object)/2-27/index.php/Home/Index/show/p/1.html
INFO: [ app_init ] --START--
INFO: Run Behavior\BuildLiteBehavior [ RunTime:0.000017s ]
INFO: [ app_init ] --END-- [ RunTime:0.000331s ]

[ 2016-02-28T12:48:00+08:00 ] 127.0.0.1 /js(object)/2-27/index.php/Home/Index/show/p/2.html
INFO: [ app_init ] --START--
INFO: Run Behavior\BuildLiteBehavior [ RunTime:0.000022s ]
INFO: [ app_init ] --END-- [ RunTime:0.000565s ]

[ 2016-02-28T12:48:02+08:00 ] 127.0.0.1 /js(object)/2-27/index.php/Home/Index/delete/id/4
INFO: [ app_init ] --START--
INFO: Run Behavior\BuildLiteBehavior [ RunTime:0.000025s ]
INFO: [ app_init ] --END-- [ RunTime:0.000579s ]

[ 2016-02-28T12:48:05+08:00 ] 127.0.0.1 /js(object)/2-27/index.php/Home/Index/show_one/id/4
INFO: [ app_init ] --START--
INFO: Run Behavior\BuildLiteBehavior [ RunTime:0.000022s ]
INFO: [ app_init ] --END-- [ RunTime:0.000528s ]

[ 2016-02-28T12:49:20+08:00 ] 127.0.0.1 /js(object)/2-27/index.php/Home/Index/show/p/2.html
INFO: [ app_init ] --START--
INFO: Run Behavior\BuildLiteBehavior [ RunTime:0.000018s ]
INFO: [ app_init ] --END-- [ RunTime:0.000540s ]

[ 2016-02-28T12:49:22+08:00 ] 127.0.0.1 /js(object)/2-27/index.php/Home/Index/show_one/id/4
INFO: [ app_init ] --START--
INFO: Run Behavior\BuildLiteBehavior [ RunTime:0.000013s ]
INFO: [ app_init ] --END-- [ RunTime:0.000329s ]

[ 2016-02-28T12:49:45+08:00 ] 127.0.0.1 /js(object)/2-27/index.php
INFO: [ app_init ] --START--
INFO: Run Behavior\BuildLiteBehavior [ RunTime:0.000021s ]
INFO: [ app_init ] --END-- [ RunTime:0.000649s ]

[ 2016-02-28T12:50:00+08:00 ] 127.0.0.1 /js(object)/2-27/index.php/Home/Index/add/
INFO: [ app_init ] --START--
INFO: Run Behavior\BuildLiteBehavior [ RunTime:0.000014s ]
INFO: [ app_init ] --END-- [ RunTime:0.000339s ]

[ 2016-02-28T12:50:01+08:00 ] 127.0.0.1 /js(object)/2-27/index.php/Home/Index/show.html
INFO: [ app_init ] --START--
INFO: Run Behavior\BuildLiteBehavior [ RunTime:0.000038s ]
INFO: [ app_init ] --END-- [ RunTime:0.001061s ]

[ 2016-02-28T12:50:20+08:00 ] 127.0.0.1 /js(object)/2-27/index.php/Home/Index/add/
INFO: [ app_init ] --START--
INFO: Run Behavior\BuildLiteBehavior [ RunTime:0.000018s ]
INFO: [ app_init ] --END-- [ RunTime:0.000672s ]

[ 2016-02-28T12:50:21+08:00 ] 127.0.0.1 /js(object)/2-27/index.php/Home/Index/show.html
INFO: [ app_init ] --START--
INFO: Run Behavior\BuildLiteBehavior [ RunTime:0.000027s ]
INFO: [ app_init ] --END-- [ RunTime:0.000776s ]

[ 2016-02-28T12:50:24+08:00 ] 127.0.0.1 /js(object)/2-27/index.php/Home/Index/show.html
INFO: [ app_init ] --START--
INFO: Run Behavior\BuildLiteBehavior [ RunTime:0.000015s ]
INFO: [ app_init ] --END-- [ RunTime:0.000493s ]

[ 2016-02-28T12:50:27+08:00 ] 127.0.0.1 /js(object)/2-27/index.php/Home/Index/show/p/2.html
INFO: [ app_init ] --START--
INFO: Run Behavior\BuildLiteBehavior [ RunTime:0.000013s ]
INFO: [ app_init ] --END-- [ RunTime:0.000354s ]

[ 2016-02-28T12:50:30+08:00 ] 127.0.0.1 /js(object)/2-27/index.php/Home/Index/show_one/id/18
INFO: [ app_init ] --START--
INFO: Run Behavior\BuildLiteBehavior [ RunTime:0.000032s ]
INFO: [ app_init ] --END-- [ RunTime:0.000743s ]

[ 2016-02-28T12:50:34+08:00 ] 127.0.0.1 /js(object)/2-27/index.php/Home/Index/show/p/2.html
INFO: [ app_init ] --START--
INFO: Run Behavior\BuildLiteBehavior [ RunTime:0.000029s ]
INFO: [ app_init ] --END-- [ RunTime:0.000960s ]

[ 2016-02-28T12:50:36+08:00 ] 127.0.0.1 /js(object)/2-27/index.php/Home/Index/show/p/2.html
INFO: [ app_init ] --START--
INFO: Run Behavior\BuildLiteBehavior [ RunTime:0.000015s ]
INFO: [ app_init ] --END-- [ RunTime:0.000346s ]

[ 2016-02-28T12:50:51+08:00 ] 127.0.0.1 /js(object)/2-27/index.php/Home/Index/show_one/id/18
INFO: [ app_init ] --START--
INFO: Run Behavior\BuildLiteBehavior [ RunTime:0.000026s ]
INFO: [ app_init ] --END-- [ RunTime:0.000523s ]

[ 2016-02-28T12:51:14+08:00 ] 127.0.0.1 /js(object)/2-27/index.php
INFO: [ app_init ] --START--
INFO: Run Behavior\BuildLiteBehavior [ RunTime:0.000018s ]
INFO: [ app_init ] --END-- [ RunTime:0.000394s ]

[ 2016-02-28T12:51:29+08:00 ] 127.0.0.1 /js(object)/2-27/index.php/Home/Index/add/
INFO: [ app_init ] --START--
INFO: Run Behavior\BuildLiteBehavior [ RunTime:0.000012s ]
INFO: [ app_init ] --END-- [ RunTime:0.000378s ]

[ 2016-02-28T12:51:30+08:00 ] 127.0.0.1 /js(object)/2-27/index.php/Home/Index/show.html
INFO: [ app_init ] --START--
INFO: Run Behavior\BuildLiteBehavior [ RunTime:0.000035s ]
INFO: [ app_init ] --END-- [ RunTime:0.000945s ]

[ 2016-02-28T12:51:32+08:00 ] 127.0.0.1 /js(object)/2-27/index.php/Home/Index/show/p/3.html
INFO: [ app_init ] --START--
INFO: Run Behavior\BuildLiteBehavior [ RunTime:0.000012s ]
INFO: [ app_init ] --END-- [ RunTime:0.000294s ]

[ 2016-02-28T12:51:35+08:00 ] 127.0.0.1 /js(object)/2-27/index.php/Home/Index/show_one/id/19
INFO: [ app_init ] --START--
INFO: Run Behavior\BuildLiteBehavior [ RunTime:0.000027s ]
INFO: [ app_init ] --END-- [ RunTime:0.000602s ]

[ 2016-02-28T12:51:56+08:00 ] 127.0.0.1 /js(object)/2-27/index.php/Home/Index/update/
INFO: [ app_init ] --START--
INFO: Run Behavior\BuildLiteBehavior [ RunTime:0.000013s ]
INFO: [ app_init ] --END-- [ RunTime:0.000349s ]
ERR: Think\Model:update方法不存在！

[ 2016-02-28T12:53:49+08:00 ] 127.0.0.1 /js(object)/2-27/index.php/Home/Index/show_one/id/19
INFO: [ app_init ] --START--
INFO: Run Behavior\BuildLiteBehavior [ RunTime:0.000022s ]
INFO: [ app_init ] --END-- [ RunTime:0.000686s ]

[ 2016-02-28T12:53:51+08:00 ] 127.0.0.1 /js(object)/2-27/index.php/Home/Index/show_one/id/19
INFO: [ app_init ] --START--
INFO: Run Behavior\BuildLiteBehavior [ RunTime:0.000027s ]
INFO: [ app_init ] --END-- [ RunTime:0.000706s ]

[ 2016-02-28T12:54:09+08:00 ] 127.0.0.1 /js(object)/2-27/index.php/Home/Index/update/
INFO: [ app_init ] --START--
INFO: Run Behavior\BuildLiteBehavior [ RunTime:0.000015s ]
INFO: [ app_init ] --END-- [ RunTime:0.000375s ]
ERR: Think\Model:update方法不存在！

[ 2016-02-28T12:54:24+08:00 ] 127.0.0.1 /js(object)/2-27/index.php/Home/Index/show/p/3.html
INFO: [ app_init ] --START--
INFO: Run Behavior\BuildLiteBehavior [ RunTime:0.000023s ]
INFO: [ app_init ] --END-- [ RunTime:0.000556s ]

[ 2016-02-28T12:54:25+08:00 ] 127.0.0.1 /js(object)/2-27/index.php/Home/Index/delete/id/19
INFO: [ app_init ] --START--
INFO: Run Behavior\BuildLiteBehavior [ RunTime:0.000025s ]
INFO: [ app_init ] --END-- [ RunTime:0.000590s ]

[ 2016-02-28T12:54:30+08:00 ] 127.0.0.1 /js(object)/2-27/index.php/Home/Index/show/p/2.html
INFO: [ app_init ] --START--
INFO: Run Behavior\BuildLiteBehavior [ RunTime:0.000017s ]
INFO: [ app_init ] --END-- [ RunTime:0.000395s ]

[ 2016-02-28T12:56:56+08:00 ] 127.0.0.1 /js(object)/2-27/index.php
INFO: [ app_init ] --START--
INFO: Run Behavior\BuildLiteBehavior [ RunTime:0.000023s ]
INFO: [ app_init ] --END-- [ RunTime:0.000619s ]

[ 2016-02-28T12:57:10+08:00 ] 127.0.0.1 /js(object)/2-27/index.php/Home/Index/add/
INFO: [ app_init ] --START--
INFO: Run Behavior\BuildLiteBehavior [ RunTime:0.000014s ]
INFO: [ app_init ] --END-- [ RunTime:0.000371s ]

[ 2016-02-28T12:57:11+08:00 ] 127.0.0.1 /js(object)/2-27/index.php/Home/Index/show.html
INFO: [ app_init ] --START--
INFO: Run Behavior\BuildLiteBehavior [ RunTime:0.000028s ]
INFO: [ app_init ] --END-- [ RunTime:0.000717s ]

[ 2016-02-28T12:57:14+08:00 ] 127.0.0.1 /js(object)/2-27/index.php/Home/Index/show.html
INFO: [ app_init ] --START--
INFO: Run Behavior\BuildLiteBehavior [ RunTime:0.000016s ]
INFO: [ app_init ] --END-- [ RunTime:0.000368s ]

[ 2016-02-28T19:50:11+08:00 ] 127.0.0.1 /js(object)/2-27/index.php
INFO: [ app_init ] --START--
INFO: Run Behavior\BuildLiteBehavior [ RunTime:0.000017s ]
INFO: [ app_init ] --END-- [ RunTime:0.000484s ]

[ 2016-02-28T19:50:24+08:00 ] 127.0.0.1 /js(object)/2-27/index.php/Home/Index/add/
INFO: [ app_init ] --START--
INFO: Run Behavior\BuildLiteBehavior [ RunTime:0.000027s ]
INFO: [ app_init ] --END-- [ RunTime:0.000645s ]

[ 2016-02-28T19:50:25+08:00 ] 127.0.0.1 /js(object)/2-27/index.php/Home/Index/show.html
INFO: [ app_init ] --START--
INFO: Run Behavior\BuildLiteBehavior [ RunTime:0.000016s ]
INFO: [ app_init ] --END-- [ RunTime:0.000377s ]

[ 2016-02-28T19:50:31+08:00 ] 127.0.0.1 /js(object)/2-27/index.php/Home/Index/delete/id/1
INFO: [ app_init ] --START--
INFO: Run Behavior\BuildLiteBehavior [ RunTime:0.000016s ]
INFO: [ app_init ] --END-- [ RunTime:0.000566s ]

[ 2016-02-28T19:51:51+08:00 ] 127.0.0.1 /js(object)/2-27/index.php/Home/Index/show.html
INFO: [ app_init ] --START--
INFO: Run Behavior\BuildLiteBehavior [ RunTime:0.000024s ]
INFO: [ app_init ] --END-- [ RunTime:0.000701s ]

[ 2016-02-28T19:51:52+08:00 ] 127.0.0.1 /js(object)/2-27/index.php/Home/Index/show.html
INFO: [ app_init ] --START--
INFO: Run Behavior\BuildLiteBehavior [ RunTime:0.000023s ]
INFO: [ app_init ] --END-- [ RunTime:0.000424s ]

[ 2016-02-28T19:51:54+08:00 ] 127.0.0.1 /js(object)/2-27/index.php/Home/Index/delete/id/1
INFO: [ app_init ] --START--
INFO: Run Behavior\BuildLiteBehavior [ RunTime:0.000019s ]
INFO: [ app_init ] --END-- [ RunTime:0.000425s ]
ERR: Think\Model:deletee方法不存在！

[ 2016-02-28T19:52:35+08:00 ] 127.0.0.1 /js(object)/2-27/index.php/Home/Index/delete/id/1
INFO: [ app_init ] --START--
INFO: Run Behavior\BuildLiteBehavior [ RunTime:0.000017s ]
INFO: [ app_init ] --END-- [ RunTime:0.000564s ]
ERR: Think\Model:deletee方法不存在！

[ 2016-02-28T19:52:39+08:00 ] 127.0.0.1 /js(object)/2-27/index.php/Home/Index/show.html
INFO: [ app_init ] --START--
INFO: Run Behavior\BuildLiteBehavior [ RunTime:0.000020s ]
INFO: [ app_init ] --END-- [ RunTime:0.000906s ]

[ 2016-02-28T19:52:40+08:00 ] 127.0.0.1 /js(object)/2-27/index.php/Home/Index/show.html
INFO: [ app_init ] --START--
INFO: Run Behavior\BuildLiteBehavior [ RunTime:0.000027s ]
INFO: [ app_init ] --END-- [ RunTime:0.000720s ]

[ 2016-02-28T19:52:43+08:00 ] 127.0.0.1 /js(object)/2-27/index.php/Home/Index/delete/id/1
INFO: [ app_init ] --START--
INFO: Run Behavior\BuildLiteBehavior [ RunTime:0.000025s ]
INFO: [ app_init ] --END-- [ RunTime:0.000579s ]
ERR: Think\Model:deletee方法不存在！

[ 2016-02-28T19:53:06+08:00 ] 127.0.0.1 /js(object)/2-27/index.php/Home/Index/show.html
INFO: [ app_init ] --START--
INFO: Run Behavior\BuildLiteBehavior [ RunTime:0.000022s ]
INFO: [ app_init ] --END-- [ RunTime:0.000585s ]

[ 2016-02-28T19:53:07+08:00 ] 127.0.0.1 /js(object)/2-27/index.php/Home/Index/show.html
INFO: [ app_init ] --START--
INFO: Run Behavior\BuildLiteBehavior [ RunTime:0.000027s ]
INFO: [ app_init ] --END-- [ RunTime:0.000586s ]

[ 2016-02-28T19:53:08+08:00 ] 127.0.0.1 /js(object)/2-27/index.php/Home/Index/delete/id/1
INFO: [ app_init ] --START--
INFO: Run Behavior\BuildLiteBehavior [ RunTime:0.000017s ]
INFO: [ app_init ] --END-- [ RunTime:0.000470s ]
ERR: Think\Model:deletee方法不存在！

[ 2016-02-28T19:53:37+08:00 ] 127.0.0.1 /js(object)/2-27/index.php/Home/Index/delete/id/1
INFO: [ app_init ] --START--
INFO: Run Behavior\BuildLiteBehavior [ RunTime:0.000026s ]
INFO: [ app_init ] --END-- [ RunTime:0.000533s ]

[ 2016-02-28T19:54:15+08:00 ] 127.0.0.1 /js(object)/2-27/index.php/Home/Index/show_one/id/1
INFO: [ app_init ] --START--
INFO: Run Behavior\BuildLiteBehavior [ RunTime:0.000024s ]
INFO: [ app_init ] --END-- [ RunTime:0.000562s ]

[ 2016-02-28T19:54:44+08:00 ] 127.0.0.1 /js(object)/2-27/index.php/Home/Index/show.html
INFO: [ app_init ] --START--
INFO: Run Behavior\BuildLiteBehavior [ RunTime:0.000023s ]
INFO: [ app_init ] --END-- [ RunTime:0.000616s ]

[ 2016-02-28T19:54:45+08:00 ] 127.0.0.1 /js(object)/2-27/index.php/Home/Index/show.html
INFO: [ app_init ] --START--
INFO: Run Behavior\BuildLiteBehavior [ RunTime:0.000025s ]
INFO: [ app_init ] --END-- [ RunTime:0.000562s ]

[ 2016-02-28T19:54:47+08:00 ] 127.0.0.1 /js(object)/2-27/index.php/Home/Index/delete/id/2
INFO: [ app_init ] --START--
INFO: Run Behavior\BuildLiteBehavior [ RunTime:0.000013s ]
INFO: [ app_init ] --END-- [ RunTime:0.000377s ]
ERR: Think\Model:del方法不存在！

[ 2016-02-28T19:55:28+08:00 ] 127.0.0.1 /js(object)/2-27/index.php/Home/Index/delete/id/2
INFO: [ app_init ] --START--
INFO: Run Behavior\BuildLiteBehavior [ RunTime:0.000023s ]
INFO: [ app_init ] --END-- [ RunTime:0.000578s ]

[ 2016-02-28T19:55:29+08:00 ] 127.0.0.1 /js(object)/2-27/index.php/Home/Index/show.html
INFO: [ app_init ] --START--
INFO: Run Behavior\BuildLiteBehavior [ RunTime:0.000013s ]
INFO: [ app_init ] --END-- [ RunTime:0.000418s ]

[ 2016-02-28T19:55:34+08:00 ] 127.0.0.1 /js(object)/2-27/index.php/Home/Index/delete/id/1
INFO: [ app_init ] --START--
INFO: Run Behavior\BuildLiteBehavior [ RunTime:0.000024s ]
INFO: [ app_init ] --END-- [ RunTime:0.000651s ]

[ 2016-02-28T19:55:35+08:00 ] 127.0.0.1 /js(object)/2-27/index.php/Home/Index/show.html
INFO: [ app_init ] --START--
INFO: Run Behavior\BuildLiteBehavior [ RunTime:0.000038s ]
INFO: [ app_init ] --END-- [ RunTime:0.000974s ]

[ 2016-02-28T19:55:37+08:00 ] 127.0.0.1 /js(object)/2-27/index.php/Home/Index/delete/id/3
INFO: [ app_init ] --START--
INFO: Run Behavior\BuildLiteBehavior [ RunTime:0.000016s ]
INFO: [ app_init ] --END-- [ RunTime:0.000416s ]

[ 2016-02-28T19:55:38+08:00 ] 127.0.0.1 /js(object)/2-27/index.php/Home/Index/show.html
INFO: [ app_init ] --START--
INFO: Run Behavior\BuildLiteBehavior [ RunTime:0.000052s ]
INFO: [ app_init ] --END-- [ RunTime:0.001175s ]

[ 2016-02-28T19:55:39+08:00 ] 127.0.0.1 /js(object)/2-27/index.php/Home/Index/delete/id/4
INFO: [ app_init ] --START--
INFO: Run Behavior\BuildLiteBehavior [ RunTime:0.000015s ]
INFO: [ app_init ] --END-- [ RunTime:0.000410s ]

[ 2016-02-28T19:55:40+08:00 ] 127.0.0.1 /js(object)/2-27/index.php/Home/Index/show.html
INFO: [ app_init ] --START--
INFO: Run Behavior\BuildLiteBehavior [ RunTime:0.000016s ]
INFO: [ app_init ] --END-- [ RunTime:0.000449s ]

[ 2016-02-28T19:55:42+08:00 ] 127.0.0.1 /js(object)/2-27/index.php/Home/Index/show/p/2.html
INFO: [ app_init ] --START--
INFO: Run Behavior\BuildLiteBehavior [ RunTime:0.000015s ]
INFO: [ app_init ] --END-- [ RunTime:0.000382s ]

[ 2016-02-28T19:55:44+08:00 ] 127.0.0.1 /js(object)/2-27/index.php/Home/Index/show/p/1.html
INFO: [ app_init ] --START--
INFO: Run Behavior\BuildLiteBehavior [ RunTime:0.000025s ]
INFO: [ app_init ] --END-- [ RunTime:0.000700s ]

[ 2016-02-28T19:55:45+08:00 ] 127.0.0.1 /js(object)/2-27/index.php/Home/Index/show/p/2.html
INFO: [ app_init ] --START--
INFO: Run Behavior\BuildLiteBehavior [ RunTime:0.000017s ]
INFO: [ app_init ] --END-- [ RunTime:0.000402s ]

[ 2016-02-28T19:55:46+08:00 ] 127.0.0.1 /js(object)/2-27/index.php/Home/Index/show/p/1.html
INFO: [ app_init ] --START--
INFO: Run Behavior\BuildLiteBehavior [ RunTime:0.000014s ]
INFO: [ app_init ] --END-- [ RunTime:0.000341s ]

[ 2016-02-28T19:55:47+08:00 ] 127.0.0.1 /js(object)/2-27/index.php/Home/Index/delete/id/17
INFO: [ app_init ] --START--
INFO: Run Behavior\BuildLiteBehavior [ RunTime:0.000025s ]
INFO: [ app_init ] --END-- [ RunTime:0.000530s ]

[ 2016-02-28T19:55:48+08:00 ] 127.0.0.1 /js(object)/2-27/index.php/Home/Index/show.html
INFO: [ app_init ] --START--
INFO: Run Behavior\BuildLiteBehavior [ RunTime:0.000021s ]
INFO: [ app_init ] --END-- [ RunTime:0.000496s ]

[ 2016-02-28T19:56:00+08:00 ] 127.0.0.1 /js(object)/2-27/index.php/Home/Index/show_one/id/18
INFO: [ app_init ] --START--
INFO: Run Behavior\BuildLiteBehavior [ RunTime:0.000023s ]
INFO: [ app_init ] --END-- [ RunTime:0.000571s ]

[ 2016-02-28T19:56:08+08:00 ] 127.0.0.1 /js(object)/2-27/index.php/Home/Index/show_one/id/19
INFO: [ app_init ] --START--
INFO: Run Behavior\BuildLiteBehavior [ RunTime:0.000015s ]
INFO: [ app_init ] --END-- [ RunTime:0.000387s ]

[ 2016-02-28T19:56:47+08:00 ] 127.0.0.1 /js(object)/2-27/index.php
INFO: [ app_init ] --START--
INFO: Run Behavior\BuildLiteBehavior [ RunTime:0.000023s ]
INFO: [ app_init ] --END-- [ RunTime:0.000534s ]

[ 2016-02-28T19:57:20+08:00 ] 127.0.0.1 /js(object)/2-27/index.php/Home/Index/add/
INFO: [ app_init ] --START--
INFO: Run Behavior\BuildLiteBehavior [ RunTime:0.000013s ]
INFO: [ app_init ] --END-- [ RunTime:0.000344s ]

[ 2016-02-28T19:57:21+08:00 ] 127.0.0.1 /js(object)/2-27/index.php/Home/Index/show.html
INFO: [ app_init ] --START--
INFO: Run Behavior\BuildLiteBehavior [ RunTime:0.000015s ]
INFO: [ app_init ] --END-- [ RunTime:0.000382s ]

[ 2016-02-28T19:57:28+08:00 ] 127.0.0.1 /js(object)/2-27/index.php/Home/Index/show/p/2.html
INFO: [ app_init ] --START--
INFO: Run Behavior\BuildLiteBehavior [ RunTime:0.000027s ]
INFO: [ app_init ] --END-- [ RunTime:0.000644s ]

[ 2016-02-28T19:57:30+08:00 ] 127.0.0.1 /js(object)/2-27/index.php/Home/Index/show/p/1.html
INFO: [ app_init ] --START--
INFO: Run Behavior\BuildLiteBehavior [ RunTime:0.000024s ]
INFO: [ app_init ] --END-- [ RunTime:0.000675s ]

[ 2016-02-28T19:57:32+08:00 ] 127.0.0.1 /js(object)/2-27/index.php/Home/Index/show/p/2.html
INFO: [ app_init ] --START--
INFO: Run Behavior\BuildLiteBehavior [ RunTime:0.000015s ]
INFO: [ app_init ] --END-- [ RunTime:0.000344s ]

[ 2016-02-28T19:57:51+08:00 ] 127.0.0.1 /js(object)/2-27/index.php/Home/Index/show/p/1.html
INFO: [ app_init ] --START--
INFO: Run Behavior\BuildLiteBehavior [ RunTime:0.000016s ]
INFO: [ app_init ] --END-- [ RunTime:0.000419s ]

[ 2016-02-28T19:57:53+08:00 ] 127.0.0.1 /js(object)/2-27/index.php/Home/Index/show/p/2.html
INFO: [ app_init ] --START--
INFO: Run Behavior\BuildLiteBehavior [ RunTime:0.000024s ]
INFO: [ app_init ] --END-- [ RunTime:0.000656s ]

[ 2016-02-28T20:21:25+08:00 ] 127.0.0.1 /js(object)/2-27/index.php
INFO: [ app_init ] --START--
INFO: Run Behavior\BuildLiteBehavior [ RunTime:0.000017s ]
INFO: [ app_init ] --END-- [ RunTime:0.000578s ]

[ 2016-02-28T20:21:40+08:00 ] 127.0.0.1 /js(object)/2-27/index.php/Home/Index/add/
INFO: [ app_init ] --START--
INFO: Run Behavior\BuildLiteBehavior [ RunTime:0.000012s ]
INFO: [ app_init ] --END-- [ RunTime:0.000336s ]

[ 2016-02-28T20:21:41+08:00 ] 127.0.0.1 /js(object)/2-27/index.php/Home/Index/show.html
INFO: [ app_init ] --START--
INFO: Run Behavior\BuildLiteBehavior [ RunTime:0.000035s ]
INFO: [ app_init ] --END-- [ RunTime:0.000847s ]

[ 2016-02-28T20:21:43+08:00 ] 127.0.0.1 /js(object)/2-27/index.php/Home/Index/show/p/2.html
INFO: [ app_init ] --START--
INFO: Run Behavior\BuildLiteBehavior [ RunTime:0.000020s ]
INFO: [ app_init ] --END-- [ RunTime:0.000558s ]

[ 2016-02-28T20:21:45+08:00 ] 127.0.0.1 /js(object)/2-27/index.php/Home/Index/show/p/1.html
INFO: [ app_init ] --START--
INFO: Run Behavior\BuildLiteBehavior [ RunTime:0.000023s ]
INFO: [ app_init ] --END-- [ RunTime:0.000576s ]

[ 2016-02-28T20:27:21+08:00 ] 127.0.0.1 /js(object)/2-27/index.php
INFO: [ app_init ] --START--
INFO: Run Behavior\BuildLiteBehavior [ RunTime:0.000016s ]
INFO: [ app_init ] --END-- [ RunTime:0.000430s ]

[ 2016-02-28T20:27:36+08:00 ] 127.0.0.1 /js(object)/2-27/index.php/Home/Index/add/
INFO: [ app_init ] --START--
INFO: Run Behavior\BuildLiteBehavior [ RunTime:0.000012s ]
INFO: [ app_init ] --END-- [ RunTime:0.000298s ]

[ 2016-02-28T20:27:38+08:00 ] 127.0.0.1 /js(object)/2-27/index.php/Home/Index/show.html
INFO: [ app_init ] --START--
INFO: Run Behavior\BuildLiteBehavior [ RunTime:0.000027s ]
INFO: [ app_init ] --END-- [ RunTime:0.000718s ]

[ 2016-02-28T20:27:40+08:00 ] 127.0.0.1 /js(object)/2-27/index.php/Home/Index/show/p/3.html
INFO: [ app_init ] --START--
INFO: Run Behavior\BuildLiteBehavior [ RunTime:0.000015s ]
INFO: [ app_init ] --END-- [ RunTime:0.000375s ]

[ 2016-02-28T20:27:43+08:00 ] 127.0.0.1 /js(object)/2-27/index.php/Home/Index/show/p/2.html
INFO: [ app_init ] --START--
INFO: Run Behavior\BuildLiteBehavior [ RunTime:0.000016s ]
INFO: [ app_init ] --END-- [ RunTime:0.000375s ]

[ 2016-02-28T20:27:45+08:00 ] 127.0.0.1 /js(object)/2-27/index.php/Home/Index/show/p/1.html
INFO: [ app_init ] --START--
INFO: Run Behavior\BuildLiteBehavior [ RunTime:0.000016s ]
INFO: [ app_init ] --END-- [ RunTime:0.000400s ]

[ 2016-02-28T20:27:46+08:00 ] 127.0.0.1 /js(object)/2-27/index.php/Home/Index/show/p/3.html
INFO: [ app_init ] --START--
INFO: Run Behavior\BuildLiteBehavior [ RunTime:0.000025s ]
INFO: [ app_init ] --END-- [ RunTime:0.000871s ]

[ 2016-02-28T20:27:49+08:00 ] 127.0.0.1 /js(object)/2-27/index.php/Home/Index/show/p/2.html
INFO: [ app_init ] --START--
INFO: Run Behavior\BuildLiteBehavior [ RunTime:0.000022s ]
INFO: [ app_init ] --END-- [ RunTime:0.000752s ]

[ 2016-02-28T20:28:21+08:00 ] 127.0.0.1 /js(object)/2-27/index.php/Home/Index/show/p/3.html
INFO: [ app_init ] --START--
INFO: Run Behavior\BuildLiteBehavior [ RunTime:0.000027s ]
INFO: [ app_init ] --END-- [ RunTime:0.000627s ]

[ 2016-02-28T20:28:42+08:00 ] 127.0.0.1 /js(object)/2-27/index.php/Home/Index/show/p/3.html
INFO: [ app_init ] --START--
INFO: Run Behavior\BuildLiteBehavior [ RunTime:0.000012s ]
INFO: [ app_init ] --END-- [ RunTime:0.000334s ]

[ 2016-02-28T20:28:42+08:00 ] 127.0.0.1 /js(object)/2-27/index.php/Home/Index/show/p/3.html
INFO: [ app_init ] --START--
INFO: Run Behavior\BuildLiteBehavior [ RunTime:0.000020s ]
INFO: [ app_init ] --END-- [ RunTime:0.000385s ]

[ 2016-02-28T20:28:43+08:00 ] 127.0.0.1 /js(object)/2-27/index.php/Home/Index/show/p/3.html
INFO: [ app_init ] --START--
INFO: Run Behavior\BuildLiteBehavior [ RunTime:0.000016s ]
INFO: [ app_init ] --END-- [ RunTime:0.000383s ]

[ 2016-02-28T20:28:44+08:00 ] 127.0.0.1 /js(object)/2-27/index.php/Home/Index/show/p/3.html
INFO: [ app_init ] --START--
INFO: Run Behavior\BuildLiteBehavior [ RunTime:0.000014s ]
INFO: [ app_init ] --END-- [ RunTime:0.000359s ]

[ 2016-02-28T20:28:45+08:00 ] 127.0.0.1 /js(object)/2-27/index.php/Home/Index/show/p/3.html
INFO: [ app_init ] --START--
INFO: Run Behavior\BuildLiteBehavior [ RunTime:0.000026s ]
INFO: [ app_init ] --END-- [ RunTime:0.000599s ]

[ 2016-02-28T20:28:45+08:00 ] 127.0.0.1 /js(object)/2-27/index.php/Home/Index/show/p/3.html
INFO: [ app_init ] --START--
INFO: Run Behavior\BuildLiteBehavior [ RunTime:0.000023s ]
INFO: [ app_init ] --END-- [ RunTime:0.000445s ]

[ 2016-02-28T20:28:48+08:00 ] 127.0.0.1 /js(object)/2-27/index.php/Home/Index/show/p/2.html
INFO: [ app_init ] --START--
INFO: Run Behavior\BuildLiteBehavior [ RunTime:0.000015s ]
INFO: [ app_init ] --END-- [ RunTime:0.000369s ]

[ 2016-02-28T20:28:50+08:00 ] 127.0.0.1 /js(object)/2-27/index.php/Home/Index/delete/id/23
INFO: [ app_init ] --START--
INFO: Run Behavior\BuildLiteBehavior [ RunTime:0.000053s ]
INFO: [ app_init ] --END-- [ RunTime:0.000483s ]

[ 2016-02-28T20:28:51+08:00 ] 127.0.0.1 /js(object)/2-27/index.php/Home/Index/show.html
INFO: [ app_init ] --START--
INFO: Run Behavior\BuildLiteBehavior [ RunTime:0.000023s ]
INFO: [ app_init ] --END-- [ RunTime:0.000599s ]

[ 2016-02-28T20:28:53+08:00 ] 127.0.0.1 /js(object)/2-27/index.php/Home/Index/show/p/2.html
INFO: [ app_init ] --START--
INFO: Run Behavior\BuildLiteBehavior [ RunTime:0.000015s ]
INFO: [ app_init ] --END-- [ RunTime:0.000422s ]

[ 2016-02-28T20:28:58+08:00 ] 127.0.0.1 /js(object)/2-27/index.php/Home/Index/show_one/id/24
INFO: [ app_init ] --START--
INFO: Run Behavior\BuildLiteBehavior [ RunTime:0.000013s ]
INFO: [ app_init ] --END-- [ RunTime:0.000344s ]

[ 2016-02-28T20:29:06+08:00 ] 127.0.0.1 /js(object)/2-27/index.php/Home/Index/show_one/id/24
INFO: [ app_init ] --START--
INFO: Run Behavior\BuildLiteBehavior [ RunTime:0.000022s ]
INFO: [ app_init ] --END-- [ RunTime:0.000476s ]

[ 2016-02-28T20:29:21+08:00 ] 127.0.0.1 /js(object)/2-27/index.php/Home/Index/update/
INFO: [ app_init ] --START--
INFO: Run Behavior\BuildLiteBehavior [ RunTime:0.000020s ]
INFO: [ app_init ] --END-- [ RunTime:0.000505s ]

[ 2016-02-28T20:29:22+08:00 ] 127.0.0.1 /js(object)/2-27/index.php/Home/Index/show.html
INFO: [ app_init ] --START--
INFO: Run Behavior\BuildLiteBehavior [ RunTime:0.000013s ]
INFO: [ app_init ] --END-- [ RunTime:0.000419s ]

[ 2016-02-28T20:29:24+08:00 ] 127.0.0.1 /js(object)/2-27/index.php/Home/Index/show/p/2.html
INFO: [ app_init ] --START--
INFO: Run Behavior\BuildLiteBehavior [ RunTime:0.000015s ]
INFO: [ app_init ] --END-- [ RunTime:0.000338s ]

[ 2016-02-28T20:29:28+08:00 ] 127.0.0.1 /js(object)/2-27/index.php/Home/Index/show/p/2.html
INFO: [ app_init ] --START--
INFO: Run Behavior\BuildLiteBehavior [ RunTime:0.000017s ]
INFO: [ app_init ] --END-- [ RunTime:0.000476s ]

[ 2016-02-28T20:29:32+08:00 ] 127.0.0.1 /js(object)/2-27/index.php/Home/Index/delete/id/24
INFO: [ app_init ] --START--
INFO: Run Behavior\BuildLiteBehavior [ RunTime:0.000113s ]
INFO: [ app_init ] --END-- [ RunTime:0.000647s ]

[ 2016-02-28T20:29:33+08:00 ] 127.0.0.1 /js(object)/2-27/index.php/Home/Index/show.html
INFO: [ app_init ] --START--
INFO: Run Behavior\BuildLiteBehavior [ RunTime:0.000023s ]
INFO: [ app_init ] --END-- [ RunTime:0.000577s ]

[ 2016-02-28T20:29:38+08:00 ] 127.0.0.1 /js(object)/2-27/index.php/Home/Index/show.html
INFO: [ app_init ] --START--
INFO: Run Behavior\BuildLiteBehavior [ RunTime:0.000026s ]
INFO: [ app_init ] --END-- [ RunTime:0.000718s ]

[ 2016-02-28T20:30:56+08:00 ] 127.0.0.1 /js(object)/2-27/index.php/Home/Index/show.html
INFO: [ app_init ] --START--
INFO: Run Behavior\BuildLiteBehavior [ RunTime:0.000014s ]
INFO: [ app_init ] --END-- [ RunTime:0.000441s ]

[ 2016-02-28T20:31:00+08:00 ] 127.0.0.1 /js(object)/2-27/index.php/Home/Index/show/p/2.html
INFO: [ app_init ] --START--
INFO: Run Behavior\BuildLiteBehavior [ RunTime:0.000015s ]
INFO: [ app_init ] --END-- [ RunTime:0.000377s ]

[ 2016-02-28T20:31:02+08:00 ] 127.0.0.1 /js(object)/2-27/index.php/Home/Index/show/p/1.html
INFO: [ app_init ] --START--
INFO: Run Behavior\BuildLiteBehavior [ RunTime:0.000015s ]
INFO: [ app_init ] --END-- [ RunTime:0.000389s ]

[ 2016-02-28T20:31:03+08:00 ] 127.0.0.1 /js(object)/2-27/index.php/Home/Index/show_one/id/18
INFO: [ app_init ] --START--
INFO: Run Behavior\BuildLiteBehavior [ RunTime:0.000025s ]
INFO: [ app_init ] --END-- [ RunTime:0.000601s ]

[ 2016-02-28T20:31:49+08:00 ] 127.0.0.1 /js(object)/2-27/index.php/Home/Index/show_one/id/18
INFO: [ app_init ] --START--
INFO: Run Behavior\BuildLiteBehavior [ RunTime:0.000016s ]
INFO: [ app_init ] --END-- [ RunTime:0.000454s ]

[ 2016-02-28T20:32:26+08:00 ] 127.0.0.1 /js(object)/2-27/index.php/Home/Index/show_one/id/18
INFO: [ app_init ] --START--
INFO: Run Behavior\BuildLiteBehavior [ RunTime:0.000021s ]
INFO: [ app_init ] --END-- [ RunTime:0.000625s ]

[ 2016-02-28T20:33:01+08:00 ] 127.0.0.1 /js(object)/2-27/index.php/Home/Index/show/p/1.html
INFO: [ app_init ] --START--
INFO: Run Behavior\BuildLiteBehavior [ RunTime:0.000018s ]
INFO: [ app_init ] --END-- [ RunTime:0.000478s ]

[ 2016-02-28T20:33:02+08:00 ] 127.0.0.1 /js(object)/2-27/index.php/Home/Index/show_one/id/18
INFO: [ app_init ] --START--
INFO: Run Behavior\BuildLiteBehavior [ RunTime:0.000022s ]
INFO: [ app_init ] --END-- [ RunTime:0.000584s ]

[ 2016-02-28T20:33:09+08:00 ] 127.0.0.1 /js(object)/2-27/index.php/Home/Index/show_one/id/18
INFO: [ app_init ] --START--
INFO: Run Behavior\BuildLiteBehavior [ RunTime:0.000022s ]
INFO: [ app_init ] --END-- [ RunTime:0.000538s ]

[ 2016-02-28T20:33:27+08:00 ] 127.0.0.1 /js(object)/2-27/index.php/Home/Index/show/p/1.html
INFO: [ app_init ] --START--
INFO: Run Behavior\BuildLiteBehavior [ RunTime:0.000018s ]
INFO: [ app_init ] --END-- [ RunTime:0.000447s ]

[ 2016-02-28T20:33:28+08:00 ] 127.0.0.1 /js(object)/2-27/index.php/Home/Index/show_one/id/18
INFO: [ app_init ] --START--
INFO: Run Behavior\BuildLiteBehavior [ RunTime:0.000023s ]
INFO: [ app_init ] --END-- [ RunTime:0.000480s ]

[ 2016-02-28T20:35:29+08:00 ] 127.0.0.1 /js(object)/2-27/index.php/Home/Index/show/p/1.html
INFO: [ app_init ] --START--
INFO: Run Behavior\BuildLiteBehavior [ RunTime:0.000014s ]
INFO: [ app_init ] --END-- [ RunTime:0.000391s ]

[ 2016-02-28T20:35:30+08:00 ] 127.0.0.1 /js(object)/2-27/index.php/Home/Index/show_one/id/18
INFO: [ app_init ] --START--
INFO: Run Behavior\BuildLiteBehavior [ RunTime:0.000020s ]
INFO: [ app_init ] --END-- [ RunTime:0.000383s ]

[ 2016-02-28T20:35:35+08:00 ] 127.0.0.1 /js(object)/2-27/index.php/Home/Index/update/
INFO: [ app_init ] --START--
INFO: Run Behavior\BuildLiteBehavior [ RunTime:0.000026s ]
INFO: [ app_init ] --END-- [ RunTime:0.000409s ]

[ 2016-02-28T20:37:47+08:00 ] 127.0.0.1 /js(object)/2-27/index.php/Home/Index/update/
INFO: [ app_init ] --START--
INFO: Run Behavior\BuildLiteBehavior [ RunTime:0.000024s ]
INFO: [ app_init ] --END-- [ RunTime:0.000639s ]

[ 2016-02-28T20:37:50+08:00 ] 127.0.0.1 /js(object)/2-27/index.php/Home/Index/show_one/id/18
INFO: [ app_init ] --START--
INFO: Run Behavior\BuildLiteBehavior [ RunTime:0.000020s ]
INFO: [ app_init ] --END-- [ RunTime:0.000516s ]

[ 2016-02-28T20:37:53+08:00 ] 127.0.0.1 /js(object)/2-27/index.php/Home/Index/update/
INFO: [ app_init ] --START--
INFO: Run Behavior\BuildLiteBehavior [ RunTime:0.000023s ]
INFO: [ app_init ] --END-- [ RunTime:0.000564s ]

[ 2016-02-28T20:41:12+08:00 ] 127.0.0.1 /js(object)/2-27/index.php
INFO: [ app_init ] --START--
INFO: Run Behavior\BuildLiteBehavior [ RunTime:0.000017s ]
INFO: [ app_init ] --END-- [ RunTime:0.000442s ]

[ 2016-02-28T20:41:21+08:00 ] 127.0.0.1 /js(object)/2-27/index.php/Home/Index/add/
INFO: [ app_init ] --START--
INFO: Run Behavior\BuildLiteBehavior [ RunTime:0.000023s ]
INFO: [ app_init ] --END-- [ RunTime:0.000599s ]

[ 2016-02-28T20:41:22+08:00 ] 127.0.0.1 /js(object)/2-27/index.php/Home/Index/show.html
INFO: [ app_init ] --START--
INFO: Run Behavior\BuildLiteBehavior [ RunTime:0.000026s ]
INFO: [ app_init ] --END-- [ RunTime:0.000510s ]

[ 2016-02-28T20:41:25+08:00 ] 127.0.0.1 /js(object)/2-27/index.php/Home/Index/show/p/2.html
INFO: [ app_init ] --START--
INFO: Run Behavior\BuildLiteBehavior [ RunTime:0.000015s ]
INFO: [ app_init ] --END-- [ RunTime:0.000406s ]

[ 2016-02-28T20:41:33+08:00 ] 127.0.0.1 /js(object)/2-27/index.php
INFO: [ app_init ] --START--
INFO: Run Behavior\BuildLiteBehavior [ RunTime:0.000042s ]
INFO: [ app_init ] --END-- [ RunTime:0.001177s ]

[ 2016-02-28T20:41:41+08:00 ] 127.0.0.1 /js(object)/2-27/index.php/Home/Index/add/
INFO: [ app_init ] --START--
INFO: Run Behavior\BuildLiteBehavior [ RunTime:0.000062s ]
INFO: [ app_init ] --END-- [ RunTime:0.000839s ]

[ 2016-02-28T20:41:42+08:00 ] 127.0.0.1 /js(object)/2-27/index.php/Home/Index/show.html
INFO: [ app_init ] --START--
INFO: Run Behavior\BuildLiteBehavior [ RunTime:0.000015s ]
INFO: [ app_init ] --END-- [ RunTime:0.000392s ]

[ 2016-02-28T20:41:44+08:00 ] 127.0.0.1 /js(object)/2-27/index.php/Home/Index/show/p/3.html
INFO: [ app_init ] --START--
INFO: Run Behavior\BuildLiteBehavior [ RunTime:0.000015s ]
INFO: [ app_init ] --END-- [ RunTime:0.000379s ]

[ 2016-02-28T20:42:26+08:00 ] 127.0.0.1 /js(object)/2-27/index.php/Home/Index/show/p/2.html
INFO: [ app_init ] --START--
INFO: Run Behavior\BuildLiteBehavior [ RunTime:0.000014s ]
INFO: [ app_init ] --END-- [ RunTime:0.000481s ]

[ 2016-02-28T20:42:28+08:00 ] 127.0.0.1 /js(object)/2-27/index.php/Home/Index/show_one/id/25
INFO: [ app_init ] --START--
INFO: Run Behavior\BuildLiteBehavior [ RunTime:0.000015s ]
INFO: [ app_init ] --END-- [ RunTime:0.000379s ]

[ 2016-02-28T20:43:09+08:00 ] 127.0.0.1 /js(object)/2-27/index.php/Home/Index/show_one/id/22
INFO: [ app_init ] --START--
INFO: Run Behavior\BuildLiteBehavior [ RunTime:0.000018s ]
INFO: [ app_init ] --END-- [ RunTime:0.000659s ]

[ 2016-02-28T20:44:16+08:00 ] 127.0.0.1 /js(object)/2-27/index.php/Home/Index/show_one/id/22
INFO: [ app_init ] --START--
INFO: Run Behavior\BuildLiteBehavior [ RunTime:0.000013s ]
INFO: [ app_init ] --END-- [ RunTime:0.000324s ]

[ 2016-02-28T20:44:23+08:00 ] 127.0.0.1 /js(object)/2-27/index.php/Home/Index/update/
INFO: [ app_init ] --START--
INFO: Run Behavior\BuildLiteBehavior [ RunTime:0.000013s ]
INFO: [ app_init ] --END-- [ RunTime:0.000383s ]

[ 2016-02-28T20:45:54+08:00 ] 127.0.0.1 /js(object)/2-27/index.php/Home/Index/show_one/id/22
INFO: [ app_init ] --START--
INFO: Run Behavior\BuildLiteBehavior [ RunTime:0.000016s ]
INFO: [ app_init ] --END-- [ RunTime:0.000403s ]

[ 2016-02-28T20:46:07+08:00 ] 127.0.0.1 /js(object)/2-27/index.php/Home/Index/update/
INFO: [ app_init ] --START--
INFO: Run Behavior\BuildLiteBehavior [ RunTime:0.000021s ]
INFO: [ app_init ] --END-- [ RunTime:0.000582s ]

[ 2016-02-28T20:47:35+08:00 ] 127.0.0.1 /js(object)/2-27/index.php/Home/Index/show_one/id/22
INFO: [ app_init ] --START--
INFO: Run Behavior\BuildLiteBehavior [ RunTime:0.000035s ]
INFO: [ app_init ] --END-- [ RunTime:0.000566s ]

[ 2016-02-28T20:47:37+08:00 ] 127.0.0.1 /js(object)/2-27/index.php/Home/Index/update/
INFO: [ app_init ] --START--
INFO: Run Behavior\BuildLiteBehavior [ RunTime:0.000085s ]
INFO: [ app_init ] --END-- [ RunTime:0.001177s ]

[ 2016-02-28T20:47:57+08:00 ] 127.0.0.1 /js(object)/2-27/index.php/Home/Index/update/
INFO: [ app_init ] --START--
INFO: Run Behavior\BuildLiteBehavior [ RunTime:0.000015s ]
INFO: [ app_init ] --END-- [ RunTime:0.000344s ]

[ 2016-02-28T20:48:00+08:00 ] 127.0.0.1 /js(object)/2-27/index.php/Home/Index/show_one/id/22
INFO: [ app_init ] --START--
INFO: Run Behavior\BuildLiteBehavior [ RunTime:0.000014s ]
INFO: [ app_init ] --END-- [ RunTime:0.000389s ]

[ 2016-02-28T20:48:01+08:00 ] 127.0.0.1 /js(object)/2-27/index.php/Home/Index/update/
INFO: [ app_init ] --START--
INFO: Run Behavior\BuildLiteBehavior [ RunTime:0.000016s ]
INFO: [ app_init ] --END-- [ RunTime:0.000423s ]

[ 2016-02-28T20:49:19+08:00 ] 127.0.0.1 /js(object)/2-27/index.php/Home/Index/show/p/2.html
INFO: [ app_init ] --START--
INFO: Run Behavior\BuildLiteBehavior [ RunTime:0.000030s ]
INFO: [ app_init ] --END-- [ RunTime:0.001023s ]

[ 2016-02-28T20:49:19+08:00 ] 127.0.0.1 /js(object)/2-27/index.php/Home/Index/show/p/2.html
INFO: [ app_init ] --START--
INFO: Run Behavior\BuildLiteBehavior [ RunTime:0.000016s ]
INFO: [ app_init ] --END-- [ RunTime:0.000367s ]

[ 2016-02-28T20:49:20+08:00 ] 127.0.0.1 /js(object)/2-27/index.php/Home/Index/show_one/id/22
INFO: [ app_init ] --START--
INFO: Run Behavior\BuildLiteBehavior [ RunTime:0.000014s ]
INFO: [ app_init ] --END-- [ RunTime:0.000340s ]

[ 2016-02-28T20:49:25+08:00 ] 127.0.0.1 /js(object)/2-27/index.php/Home/Index/update/
INFO: [ app_init ] --START--
INFO: Run Behavior\BuildLiteBehavior [ RunTime:0.000015s ]
INFO: [ app_init ] --END-- [ RunTime:0.000446s ]

[ 2016-02-28T20:51:37+08:00 ] 127.0.0.1 /js(object)/2-27/index.php/Home/Index/show/p/2.html
INFO: [ app_init ] --START--
INFO: Run Behavior\BuildLiteBehavior [ RunTime:0.000013s ]
INFO: [ app_init ] --END-- [ RunTime:0.000451s ]

[ 2016-02-28T20:51:37+08:00 ] 127.0.0.1 /js(object)/2-27/index.php/Home/Index/show/p/2.html
INFO: [ app_init ] --START--
INFO: Run Behavior\BuildLiteBehavior [ RunTime:0.000026s ]
INFO: [ app_init ] --END-- [ RunTime:0.000560s ]

[ 2016-02-28T20:51:38+08:00 ] 127.0.0.1 /js(object)/2-27/index.php/Home/Index/show/p/2.html
INFO: [ app_init ] --START--
INFO: Run Behavior\BuildLiteBehavior [ RunTime:0.000024s ]
INFO: [ app_init ] --END-- [ RunTime:0.000598s ]

[ 2016-02-28T20:51:39+08:00 ] 127.0.0.1 /js(object)/2-27/index.php/Home/Index/show_one/id/25
INFO: [ app_init ] --START--
INFO: Run Behavior\BuildLiteBehavior [ RunTime:0.000016s ]
INFO: [ app_init ] --END-- [ RunTime:0.000377s ]

[ 2016-02-28T20:51:47+08:00 ] 127.0.0.1 /js(object)/2-27/index.php/Home/Index/update/
INFO: [ app_init ] --START--
INFO: Run Behavior\BuildLiteBehavior [ RunTime:0.000014s ]
INFO: [ app_init ] --END-- [ RunTime:0.000419s ]

[ 2016-02-28T20:54:54+08:00 ] 127.0.0.1 /js(object)/2-27/index.php/Home/Index/show/p/2.html
INFO: [ app_init ] --START--
INFO: Run Behavior\BuildLiteBehavior [ RunTime:0.000023s ]
INFO: [ app_init ] --END-- [ RunTime:0.000627s ]

[ 2016-02-28T20:54:54+08:00 ] 127.0.0.1 /js(object)/2-27/index.php/Home/Index/show/p/2.html
INFO: [ app_init ] --START--
INFO: Run Behavior\BuildLiteBehavior [ RunTime:0.000018s ]
INFO: [ app_init ] --END-- [ RunTime:0.000573s ]

[ 2016-02-28T20:54:55+08:00 ] 127.0.0.1 /js(object)/2-27/index.php/Home/Index/show_one/id/21
INFO: [ app_init ] --START--
INFO: Run Behavior\BuildLiteBehavior [ RunTime:0.000016s ]
INFO: [ app_init ] --END-- [ RunTime:0.000420s ]

[ 2016-02-28T20:55:00+08:00 ] 127.0.0.1 /js(object)/2-27/index.php/Home/Index/update/
INFO: [ app_init ] --START--
INFO: Run Behavior\BuildLiteBehavior [ RunTime:0.000018s ]
INFO: [ app_init ] --END-- [ RunTime:0.000493s ]

[ 2016-02-28T20:57:55+08:00 ] 127.0.0.1 /js(object)/2-27/index.php/Home/Index/show/p/2.html
INFO: [ app_init ] --START--
INFO: Run Behavior\BuildLiteBehavior [ RunTime:0.000014s ]
INFO: [ app_init ] --END-- [ RunTime:0.000397s ]

[ 2016-02-28T20:57:56+08:00 ] 127.0.0.1 /js(object)/2-27/index.php/Home/Index/show_one/id/21
INFO: [ app_init ] --START--
INFO: Run Behavior\BuildLiteBehavior [ RunTime:0.000017s ]
INFO: [ app_init ] --END-- [ RunTime:0.000382s ]

[ 2016-02-28T20:58:02+08:00 ] 127.0.0.1 /js(object)/2-27/index.php/Home/Index/update/
INFO: [ app_init ] --START--
INFO: Run Behavior\BuildLiteBehavior [ RunTime:0.000020s ]
INFO: [ app_init ] --END-- [ RunTime:0.000562s ]

[ 2016-02-28T20:58:45+08:00 ] 127.0.0.1 /js(object)/2-27/index.php/Home/Index/show/p/2.html
INFO: [ app_init ] --START--
INFO: Run Behavior\BuildLiteBehavior [ RunTime:0.000019s ]
INFO: [ app_init ] --END-- [ RunTime:0.000484s ]

[ 2016-02-28T20:58:46+08:00 ] 127.0.0.1 /js(object)/2-27/index.php/Home/Index/show_one/id/21
INFO: [ app_init ] --START--
INFO: Run Behavior\BuildLiteBehavior [ RunTime:0.000089s ]
INFO: [ app_init ] --END-- [ RunTime:0.001182s ]

[ 2016-02-28T20:58:56+08:00 ] 127.0.0.1 /js(object)/2-27/index.php/Home/Index/update/
INFO: [ app_init ] --START--
INFO: Run Behavior\BuildLiteBehavior [ RunTime:0.000023s ]
INFO: [ app_init ] --END-- [ RunTime:0.000750s ]

[ 2016-02-28T20:58:57+08:00 ] 127.0.0.1 /js(object)/2-27/index.php/Home/Index/show.html
INFO: [ app_init ] --START--
INFO: Run Behavior\BuildLiteBehavior [ RunTime:0.000032s ]
INFO: [ app_init ] --END-- [ RunTime:0.000951s ]

[ 2016-02-28T20:59:02+08:00 ] 127.0.0.1 /js(object)/2-27/index.php/Home/Index/show/p/3.html
INFO: [ app_init ] --START--
INFO: Run Behavior\BuildLiteBehavior [ RunTime:0.000019s ]
INFO: [ app_init ] --END-- [ RunTime:0.000497s ]

[ 2016-02-28T21:31:51+08:00 ] 127.0.0.1 /js(object)/2-27/index.php
INFO: [ app_init ] --START--
INFO: Run Behavior\BuildLiteBehavior [ RunTime:0.000016s ]
INFO: [ app_init ] --END-- [ RunTime:0.000452s ]

[ 2016-02-28T21:32:05+08:00 ] 127.0.0.1 /js(object)/2-27/index.php/Home/Index/add/
INFO: [ app_init ] --START--
INFO: Run Behavior\BuildLiteBehavior [ RunTime:0.000017s ]
INFO: [ app_init ] --END-- [ RunTime:0.000399s ]

[ 2016-02-28T21:32:06+08:00 ] 127.0.0.1 /js(object)/2-27/index.php/Home/Index/show.html
INFO: [ app_init ] --START--
INFO: Run Behavior\BuildLiteBehavior [ RunTime:0.000024s ]
INFO: [ app_init ] --END-- [ RunTime:0.000751s ]

[ 2016-02-28T21:32:08+08:00 ] 127.0.0.1 /js(object)/2-27/index.php/Home/Index/show/p/3.html
INFO: [ app_init ] --START--
INFO: Run Behavior\BuildLiteBehavior [ RunTime:0.000013s ]
INFO: [ app_init ] --END-- [ RunTime:0.000391s ]

[ 2016-02-28T21:32:10+08:00 ] 127.0.0.1 /js(object)/2-27/index.php/Home/Index/show_one/id/27
INFO: [ app_init ] --START--
INFO: Run Behavior\BuildLiteBehavior [ RunTime:0.000054s ]
INFO: [ app_init ] --END-- [ RunTime:0.000817s ]

[ 2016-02-28T21:32:28+08:00 ] 127.0.0.1 /js(object)/2-27/index.php/Home/Index/update/
INFO: [ app_init ] --START--
INFO: Run Behavior\BuildLiteBehavior [ RunTime:0.000014s ]
INFO: [ app_init ] --END-- [ RunTime:0.000465s ]

[ 2016-02-28T21:32:29+08:00 ] 127.0.0.1 /js(object)/2-27/index.php/Home/Index/show.html
INFO: [ app_init ] --START--
INFO: Run Behavior\BuildLiteBehavior [ RunTime:0.000016s ]
INFO: [ app_init ] --END-- [ RunTime:0.000386s ]

[ 2016-02-28T21:32:31+08:00 ] 127.0.0.1 /js(object)/2-27/index.php/Home/Index/show/p/3.html
INFO: [ app_init ] --START--
INFO: Run Behavior\BuildLiteBehavior [ RunTime:0.000015s ]
INFO: [ app_init ] --END-- [ RunTime:0.000406s ]

[ 2016-02-28T22:39:57+08:00 ] 127.0.0.1 /js(object)/2-27/index.php/Home/Index/show.html
INFO: [ app_init ] --START--
INFO: Run Behavior\BuildLiteBehavior [ RunTime:0.000027s ]
INFO: [ app_init ] --END-- [ RunTime:0.000804s ]

