[ 2016-02-27T16:31:41+08:00 ] 127.0.0.1 /js(object)/2-24/ThinkPHP/index.php
INFO: [ app_init ] --START--
INFO: Run Behavior\BuildLiteBehavior [ RunTime:0.000014s ]
INFO: [ app_init ] --END-- [ RunTime:0.000091s ]

[ 2016-02-27T16:31:50+08:00 ] 127.0.0.1 /js(object)/2-24/ThinkPHP/index.php/Home/Index/upload
INFO: [ app_init ] --START--
INFO: Run Behavior\BuildLiteBehavior [ RunTime:0.000012s ]
INFO: [ app_init ] --END-- [ RunTime:0.000062s ]
ERR: Think\Model:insert方法不存在！

[ 2016-02-27T16:33:44+08:00 ] 127.0.0.1 /js(object)/2-24/ThinkPHP/index.php/Home/Index/upload
INFO: [ app_init ] --START--
INFO: Run Behavior\BuildLiteBehavior [ RunTime:0.000020s ]
INFO: [ app_init ] --END-- [ RunTime:0.000114s ]

[ 2016-02-27T16:33:54+08:00 ] 127.0.0.1 /js(object)/2-24/ThinkPHP/index.php/Home/Index/upload
INFO: [ app_init ] --START--
INFO: Run Behavior\BuildLiteBehavior [ RunTime:0.000012s ]
INFO: [ app_init ] --END-- [ RunTime:0.000067s ]

[ 2016-02-27T16:33:55+08:00 ] 127.0.0.1 /js(object)/2-24/ThinkPHP/index.php/Home/Index/show.html
INFO: [ app_init ] --START--
INFO: Run Behavior\BuildLiteBehavior [ RunTime:0.000024s ]
INFO: [ app_init ] --END-- [ RunTime:0.000108s ]

[ 2016-02-27T16:34:00+08:00 ] 127.0.0.1 /js(object)/2-24/ThinkPHP/index.php/Home/Index/show.html
INFO: [ app_init ] --START--
INFO: Run Behavior\BuildLiteBehavior [ RunTime:0.000019s ]
INFO: [ app_init ] --END-- [ RunTime:0.000103s ]

[ 2016-02-27T16:40:53+08:00 ] 127.0.0.1 /js(object)/2-24/ThinkPHP/index.php/Home/Index/show.html
INFO: [ app_init ] --START--
INFO: Run Behavior\BuildLiteBehavior [ RunTime:0.000012s ]
INFO: [ app_init ] --END-- [ RunTime:0.000074s ]

[ 2016-02-27T16:41:09+08:00 ] 127.0.0.1 /js(object)/2-24/ThinkPHP/index.php/Home/Index/show.html
INFO: [ app_init ] --START--
INFO: Run Behavior\BuildLiteBehavior [ RunTime:0.000016s ]
INFO: [ app_init ] --END-- [ RunTime:0.000063s ]

[ 2016-02-27T16:41:15+08:00 ] 127.0.0.1 /js(object)/2-24/ThinkPHP/index.php/Home/Index/upload
INFO: [ app_init ] --START--
INFO: Run Behavior\BuildLiteBehavior [ RunTime:0.000019s ]
INFO: [ app_init ] --END-- [ RunTime:0.000104s ]

[ 2016-02-27T16:41:21+08:00 ] 127.0.0.1 /js(object)/2-24/ThinkPHP/index.php
INFO: [ app_init ] --START--
INFO: Run Behavior\BuildLiteBehavior [ RunTime:0.000013s ]
INFO: [ app_init ] --END-- [ RunTime:0.000065s ]

[ 2016-02-27T16:41:26+08:00 ] 127.0.0.1 /js(object)/2-24/ThinkPHP/index.php
INFO: [ app_init ] --START--
INFO: Run Behavior\BuildLiteBehavior [ RunTime:0.000015s ]
INFO: [ app_init ] --END-- [ RunTime:0.000080s ]

[ 2016-02-27T16:41:30+08:00 ] 127.0.0.1 /js(object)/2-24/ThinkPHP/index.php/Home/Index/upload
INFO: [ app_init ] --START--
INFO: Run Behavior\BuildLiteBehavior [ RunTime:0.000012s ]
INFO: [ app_init ] --END-- [ RunTime:0.000060s ]

[ 2016-02-27T16:42:28+08:00 ] 127.0.0.1 /js(object)/2-24/ThinkPHP/index.php
INFO: [ app_init ] --START--
INFO: Run Behavior\BuildLiteBehavior [ RunTime:0.000016s ]
INFO: [ app_init ] --END-- [ RunTime:0.000088s ]

[ 2016-02-27T16:42:29+08:00 ] 127.0.0.1 /js(object)/2-24/ThinkPHP/index.php
INFO: [ app_init ] --START--
INFO: Run Behavior\BuildLiteBehavior [ RunTime:0.000013s ]
INFO: [ app_init ] --END-- [ RunTime:0.000066s ]

[ 2016-02-27T16:42:34+08:00 ] 127.0.0.1 /js(object)/2-24/ThinkPHP/index.php/Home/Index/upload
INFO: [ app_init ] --START--
INFO: Run Behavior\BuildLiteBehavior [ RunTime:0.000016s ]
INFO: [ app_init ] --END-- [ RunTime:0.000072s ]

[ 2016-02-27T16:42:35+08:00 ] 127.0.0.1 /js(object)/2-24/ThinkPHP/index.php/Home/Index/show.html
INFO: [ app_init ] --START--
INFO: Run Behavior\BuildLiteBehavior [ RunTime:0.000020s ]
INFO: [ app_init ] --END-- [ RunTime:0.000122s ]

[ 2016-02-27T16:43:56+08:00 ] 127.0.0.1 /js(object)/2-24/ThinkPHP/index.php/Home/Index/show.html
INFO: [ app_init ] --START--
INFO: Run Behavior\BuildLiteBehavior [ RunTime:0.000012s ]
INFO: [ app_init ] --END-- [ RunTime:0.000081s ]

[ 2016-02-27T16:45:20+08:00 ] 127.0.0.1 /js(object)/2-24/ThinkPHP/index.php/Home/Index/show.html
INFO: [ app_init ] --START--
INFO: Run Behavior\BuildLiteBehavior [ RunTime:0.000012s ]
INFO: [ app_init ] --END-- [ RunTime:0.000065s ]

[ 2016-02-27T16:45:21+08:00 ] 127.0.0.1 /js(object)/2-24/ThinkPHP/index.php/Home/Index/Public/Uploads/2016-02-25/56cf00725c1b3.jpg
INFO: [ app_init ] --START--
INFO: Run Behavior\BuildLiteBehavior [ RunTime:0.000022s ]
INFO: [ app_init ] --END-- [ RunTime:0.000107s ]

[ 2016-02-27T16:45:21+08:00 ] 127.0.0.1 /js(object)/2-24/ThinkPHP/index.php/Home/Index/Public/Uploads/2016-02-25/56cf02f935545.jpg
INFO: [ app_init ] --START--
INFO: Run Behavior\BuildLiteBehavior [ RunTime:0.000021s ]
INFO: [ app_init ] --END-- [ RunTime:0.000117s ]

[ 2016-02-27T16:45:21+08:00 ] 127.0.0.1 /js(object)/2-24/ThinkPHP/index.php/Home/Index/Public/Uploads/2016-02-25/56cf11e0b9dac.jpg
INFO: [ app_init ] --START--
INFO: Run Behavior\BuildLiteBehavior [ RunTime:0.000023s ]
INFO: [ app_init ] --END-- [ RunTime:0.000119s ]

[ 2016-02-27T16:45:30+08:00 ] 127.0.0.1 /js(object)/2-24/ThinkPHP/index.php/Home/Index/show.html
INFO: [ app_init ] --START--
INFO: Run Behavior\BuildLiteBehavior [ RunTime:0.000014s ]
INFO: [ app_init ] --END-- [ RunTime:0.000073s ]

[ 2016-02-27T16:45:30+08:00 ] 127.0.0.1 /js(object)/2-24/ThinkPHP/index.php/Home/Index/Public/Uploads/2016-02-25/56cf00725c1b3.jpg
INFO: [ app_init ] --START--
INFO: Run Behavior\BuildLiteBehavior [ RunTime:0.000019s ]
INFO: [ app_init ] --END-- [ RunTime:0.000109s ]

[ 2016-02-27T16:45:30+08:00 ] 127.0.0.1 /js(object)/2-24/ThinkPHP/index.php/Home/Index/Public/Uploads/2016-02-25/56cf02f935545.jpg
INFO: [ app_init ] --START--
INFO: Run Behavior\BuildLiteBehavior [ RunTime:0.000021s ]
INFO: [ app_init ] --END-- [ RunTime:0.000124s ]

[ 2016-02-27T16:45:30+08:00 ] 127.0.0.1 /js(object)/2-24/ThinkPHP/index.php/Home/Index/Public/Uploads/2016-02-25/56cf11e0b9dac.jpg
INFO: [ app_init ] --START--
INFO: Run Behavior\BuildLiteBehavior [ RunTime:0.000038s ]
INFO: [ app_init ] --END-- [ RunTime:0.000136s ]

[ 2016-02-27T16:45:36+08:00 ] 127.0.0.1 /js(object)/2-24/ThinkPHP/index.php/Home/Index/show.html
INFO: [ app_init ] --START--
INFO: Run Behavior\BuildLiteBehavior [ RunTime:0.000014s ]
INFO: [ app_init ] --END-- [ RunTime:0.000067s ]

[ 2016-02-27T16:45:36+08:00 ] 127.0.0.1 /js(object)/2-24/ThinkPHP/index.php/Home/Index/Public/Uploads/2016-02-25/56cf00725c1b3.jpg
INFO: [ app_init ] --START--
INFO: Run Behavior\BuildLiteBehavior [ RunTime:0.000030s ]
INFO: [ app_init ] --END-- [ RunTime:0.000130s ]

[ 2016-02-27T16:45:36+08:00 ] 127.0.0.1 /js(object)/2-24/ThinkPHP/index.php/Home/Index/Public/Uploads/2016-02-25/56cf02f935545.jpg
INFO: [ app_init ] --START--
INFO: Run Behavior\BuildLiteBehavior [ RunTime:0.000023s ]
INFO: [ app_init ] --END-- [ RunTime:0.000116s ]

[ 2016-02-27T16:45:36+08:00 ] 127.0.0.1 /js(object)/2-24/ThinkPHP/index.php/Home/Index/Public/Uploads/2016-02-25/56cf11e0b9dac.jpg
INFO: [ app_init ] --START--
INFO: Run Behavior\BuildLiteBehavior [ RunTime:0.000030s ]
INFO: [ app_init ] --END-- [ RunTime:0.000166s ]

[ 2016-02-27T16:45:39+08:00 ] 127.0.0.1 /js(object)/2-24/ThinkPHP/index.php/Home/Index/show.html
INFO: [ app_init ] --START--
INFO: Run Behavior\BuildLiteBehavior [ RunTime:0.000011s ]
INFO: [ app_init ] --END-- [ RunTime:0.000063s ]

[ 2016-02-27T16:45:39+08:00 ] 127.0.0.1 /js(object)/2-24/ThinkPHP/index.php/Home/Index/Public/Uploads/2016-02-25/56cf02f935545.jpg
INFO: [ app_init ] --START--
INFO: Run Behavior\BuildLiteBehavior [ RunTime:0.000022s ]
INFO: [ app_init ] --END-- [ RunTime:0.000108s ]

[ 2016-02-27T16:45:39+08:00 ] 127.0.0.1 /js(object)/2-24/ThinkPHP/index.php/Home/Index/Public/Uploads/2016-02-25/56cf11e0b9dac.jpg
INFO: [ app_init ] --START--
INFO: Run Behavior\BuildLiteBehavior [ RunTime:0.000017s ]
INFO: [ app_init ] --END-- [ RunTime:0.000095s ]

[ 2016-02-27T16:45:39+08:00 ] 127.0.0.1 /js(object)/2-24/ThinkPHP/index.php/Home/Index/Public/Uploads/2016-02-25/56cf00725c1b3.jpg
INFO: [ app_init ] --START--
INFO: Run Behavior\BuildLiteBehavior [ RunTime:0.000023s ]
INFO: [ app_init ] --END-- [ RunTime:0.000126s ]

[ 2016-02-27T16:46:05+08:00 ] 127.0.0.1 /js(object)/2-24/ThinkPHP/index.php/Home/Index/show.html
INFO: [ app_init ] --START--
INFO: Run Behavior\BuildLiteBehavior [ RunTime:0.000019s ]
INFO: [ app_init ] --END-- [ RunTime:0.000094s ]

[ 2016-02-27T16:46:05+08:00 ] 127.0.0.1 /js(object)/2-24/ThinkPHP/index.php/Home/Index/Public/Uploads/2016-02-25/56cf02f935545.jpg
INFO: [ app_init ] --START--
INFO: Run Behavior\BuildLiteBehavior [ RunTime:0.000023s ]
INFO: [ app_init ] --END-- [ RunTime:0.000113s ]

[ 2016-02-27T16:46:05+08:00 ] 127.0.0.1 /js(object)/2-24/ThinkPHP/index.php/Home/Index/Public/Uploads/2016-02-25/56cf00725c1b3.jpg
INFO: [ app_init ] --START--
INFO: Run Behavior\BuildLiteBehavior [ RunTime:0.000019s ]
INFO: [ app_init ] --END-- [ RunTime:0.000104s ]

[ 2016-02-27T16:46:05+08:00 ] 127.0.0.1 /js(object)/2-24/ThinkPHP/index.php/Home/Index/Public/Uploads/2016-02-25/56cf11e0b9dac.jpg
INFO: [ app_init ] --START--
INFO: Run Behavior\BuildLiteBehavior [ RunTime:0.000013s ]
INFO: [ app_init ] --END-- [ RunTime:0.000069s ]

[ 2016-02-27T16:46:06+08:00 ] 127.0.0.1 /js(object)/2-24/ThinkPHP/index.php/Home/Index/show.html
INFO: [ app_init ] --START--
INFO: Run Behavior\BuildLiteBehavior [ RunTime:0.000011s ]
INFO: [ app_init ] --END-- [ RunTime:0.000061s ]

[ 2016-02-27T16:46:07+08:00 ] 127.0.0.1 /js(object)/2-24/ThinkPHP/index.php/Home/Index/Public/Uploads/2016-02-25/56cf11e0b9dac.jpg
INFO: [ app_init ] --START--
INFO: Run Behavior\BuildLiteBehavior [ RunTime:0.000020s ]
INFO: [ app_init ] --END-- [ RunTime:0.000115s ]

[ 2016-02-27T16:46:07+08:00 ] 127.0.0.1 /js(object)/2-24/ThinkPHP/index.php/Home/Index/Public/Uploads/2016-02-25/56cf02f935545.jpg
INFO: [ app_init ] --START--
INFO: Run Behavior\BuildLiteBehavior [ RunTime:0.000022s ]
INFO: [ app_init ] --END-- [ RunTime:0.000122s ]

[ 2016-02-27T16:46:07+08:00 ] 127.0.0.1 /js(object)/2-24/ThinkPHP/index.php/Home/Index/Public/Uploads/2016-02-25/56cf00725c1b3.jpg
INFO: [ app_init ] --START--
INFO: Run Behavior\BuildLiteBehavior [ RunTime:0.000020s ]
INFO: [ app_init ] --END-- [ RunTime:0.000107s ]

[ 2016-02-27T16:46:07+08:00 ] 127.0.0.1 /js(object)/2-24/ThinkPHP/index.php/Home/Index/show.html
INFO: [ app_init ] --START--
INFO: Run Behavior\BuildLiteBehavior [ RunTime:0.000013s ]
INFO: [ app_init ] --END-- [ RunTime:0.000079s ]

[ 2016-02-27T16:46:07+08:00 ] 127.0.0.1 /js(object)/2-24/ThinkPHP/index.php/Home/Index/Public/Uploads/2016-02-25/56cf00725c1b3.jpg
INFO: [ app_init ] --START--
INFO: Run Behavior\BuildLiteBehavior [ RunTime:0.000026s ]
INFO: [ app_init ] --END-- [ RunTime:0.000333s ]

[ 2016-02-27T16:46:07+08:00 ] 127.0.0.1 /js(object)/2-24/ThinkPHP/index.php/Home/Index/Public/Uploads/2016-02-25/56cf11e0b9dac.jpg
INFO: [ app_init ] --START--
INFO: Run Behavior\BuildLiteBehavior [ RunTime:0.000069s ]
INFO: [ app_init ] --END-- [ RunTime:0.000280s ]

[ 2016-02-27T16:46:07+08:00 ] 127.0.0.1 /js(object)/2-24/ThinkPHP/index.php/Home/Index/Public/Uploads/2016-02-25/56cf02f935545.jpg
INFO: [ app_init ] --START--
INFO: Run Behavior\BuildLiteBehavior [ RunTime:0.000029s ]
INFO: [ app_init ] --END-- [ RunTime:0.000120s ]

[ 2016-02-27T16:46:48+08:00 ] 127.0.0.1 /js(object)/2-24/ThinkPHP/index.php/Home/Index/show.html
INFO: [ app_init ] --START--
INFO: Run Behavior\BuildLiteBehavior [ RunTime:0.000018s ]
INFO: [ app_init ] --END-- [ RunTime:0.000102s ]

[ 2016-02-27T16:46:48+08:00 ] 127.0.0.1 /js(object)/2-24/ThinkPHP/index.php/Home/Index/Public/Uploads/2016-02-25/56cf02f935545.jpg
INFO: [ app_init ] --START--
INFO: Run Behavior\BuildLiteBehavior [ RunTime:0.000022s ]
INFO: [ app_init ] --END-- [ RunTime:0.000120s ]

[ 2016-02-27T16:46:48+08:00 ] 127.0.0.1 /js(object)/2-24/ThinkPHP/index.php/Home/Index/Public/Uploads/2016-02-25/56cf00725c1b3.jpg
INFO: [ app_init ] --START--
INFO: Run Behavior\BuildLiteBehavior [ RunTime:0.000021s ]
INFO: [ app_init ] --END-- [ RunTime:0.000132s ]

[ 2016-02-27T16:46:48+08:00 ] 127.0.0.1 /js(object)/2-24/ThinkPHP/index.php/Home/Index/Public/Uploads/2016-02-25/56cf11e0b9dac.jpg
INFO: [ app_init ] --START--
INFO: Run Behavior\BuildLiteBehavior [ RunTime:0.000014s ]
INFO: [ app_init ] --END-- [ RunTime:0.000073s ]

[ 2016-02-27T20:07:08+08:00 ] 127.0.0.1 /js(object)/2-24/ThinkPHP/index.php
INFO: [ app_init ] --START--
INFO: Run Behavior\BuildLiteBehavior [ RunTime:0.000014s ]
INFO: [ app_init ] --END-- [ RunTime:0.000078s ]

[ 2016-02-27T20:07:12+08:00 ] 127.0.0.1 /js(object)/2-24/ThinkPHP/index.php
INFO: [ app_init ] --START--
INFO: Run Behavior\BuildLiteBehavior [ RunTime:0.000012s ]
INFO: [ app_init ] --END-- [ RunTime:0.000062s ]

[ 2016-02-27T20:07:22+08:00 ] 127.0.0.1 /js(object)/2-24/ThinkPHP/index.php/Home/Index/upload
INFO: [ app_init ] --START--
INFO: Run Behavior\BuildLiteBehavior [ RunTime:0.000012s ]
INFO: [ app_init ] --END-- [ RunTime:0.000064s ]

[ 2016-02-27T20:07:24+08:00 ] 127.0.0.1 /js(object)/2-24/ThinkPHP/index.php/Home/Index/show.html
INFO: [ app_init ] --START--
INFO: Run Behavior\BuildLiteBehavior [ RunTime:0.000037s ]
INFO: [ app_init ] --END-- [ RunTime:0.000202s ]

[ 2016-02-27T20:07:24+08:00 ] 127.0.0.1 /js(object)/2-24/ThinkPHP/index.php/Home/Index/Public/Uploads/2016-02-25/56cf00725c1b3.jpg
INFO: [ app_init ] --START--
INFO: Run Behavior\BuildLiteBehavior [ RunTime:0.000020s ]
INFO: [ app_init ] --END-- [ RunTime:0.000109s ]

[ 2016-02-27T20:07:24+08:00 ] 127.0.0.1 /js(object)/2-24/ThinkPHP/index.php/Home/Index/Public/Uploads/2016-02-25/56cf11e0b9dac.jpg
INFO: [ app_init ] --START--
INFO: Run Behavior\BuildLiteBehavior [ RunTime:0.000024s ]
INFO: [ app_init ] --END-- [ RunTime:0.000117s ]

[ 2016-02-27T20:07:24+08:00 ] 127.0.0.1 /js(object)/2-24/ThinkPHP/index.php/Home/Index/Public/Uploads/2016-02-25/56cf02f935545.jpg
INFO: [ app_init ] --START--
INFO: Run Behavior\BuildLiteBehavior [ RunTime:0.000015s ]
INFO: [ app_init ] --END-- [ RunTime:0.000074s ]

[ 2016-02-27T20:07:42+08:00 ] 127.0.0.1 /js(object)/2-24/ThinkPHP/index.php/Home/Index/show.html
INFO: [ app_init ] --START--
INFO: Run Behavior\BuildLiteBehavior [ RunTime:0.000014s ]
INFO: [ app_init ] --END-- [ RunTime:0.000082s ]

[ 2016-02-27T20:07:42+08:00 ] 127.0.0.1 /js(object)/2-24/ThinkPHP/index.php/Home/Index/Public/Uploads/2016-02-25/56cf00725c1b3.jpg
INFO: [ app_init ] --START--
INFO: Run Behavior\BuildLiteBehavior [ RunTime:0.000013s ]
INFO: [ app_init ] --END-- [ RunTime:0.000068s ]

[ 2016-02-27T20:07:42+08:00 ] 127.0.0.1 /js(object)/2-24/ThinkPHP/index.php/Home/Index/Public/Uploads/2016-02-25/56cf02f935545.jpg
INFO: [ app_init ] --START--
INFO: Run Behavior\BuildLiteBehavior [ RunTime:0.000015s ]
INFO: [ app_init ] --END-- [ RunTime:0.000076s ]

[ 2016-02-27T20:07:43+08:00 ] 127.0.0.1 /js(object)/2-24/ThinkPHP/index.php/Home/Index/Public/Uploads/2016-02-25/56cf11e0b9dac.jpg
INFO: [ app_init ] --START--
INFO: Run Behavior\BuildLiteBehavior [ RunTime:0.000046s ]
INFO: [ app_init ] --END-- [ RunTime:0.000262s ]

[ 2016-02-27T20:10:13+08:00 ] 127.0.0.1 /js(object)/2-24/ThinkPHP/index.php/Home/Index/show.html
INFO: [ app_init ] --START--
INFO: Run Behavior\BuildLiteBehavior [ RunTime:0.000022s ]
INFO: [ app_init ] --END-- [ RunTime:0.000130s ]

[ 2016-02-27T20:10:14+08:00 ] 127.0.0.1 /js(object)/2-24/ThinkPHP/index.php/Home/Index/Public/Uploads/2016-02-25/56cf00725c1b3.jpg
INFO: [ app_init ] --START--
INFO: Run Behavior\BuildLiteBehavior [ RunTime:0.000020s ]
INFO: [ app_init ] --END-- [ RunTime:0.000107s ]

[ 2016-02-27T20:10:14+08:00 ] 127.0.0.1 /js(object)/2-24/ThinkPHP/index.php/Home/Index/Public/Uploads/2016-02-25/56cf02f935545.jpg
INFO: [ app_init ] --START--
INFO: Run Behavior\BuildLiteBehavior [ RunTime:0.000020s ]
INFO: [ app_init ] --END-- [ RunTime:0.000110s ]

[ 2016-02-27T20:10:14+08:00 ] 127.0.0.1 /js(object)/2-24/ThinkPHP/index.php/Home/Index/Public/Uploads/2016-02-25/56cf11e0b9dac.jpg
INFO: [ app_init ] --START--
INFO: Run Behavior\BuildLiteBehavior [ RunTime:0.000021s ]
INFO: [ app_init ] --END-- [ RunTime:0.000118s ]

[ 2016-02-27T20:11:38+08:00 ] 127.0.0.1 /js(object)/2-24/ThinkPHP/index.php/Home/Index/show.html
INFO: [ app_init ] --START--
INFO: Run Behavior\BuildLiteBehavior [ RunTime:0.000020s ]
INFO: [ app_init ] --END-- [ RunTime:0.000125s ]

[ 2016-02-27T20:11:38+08:00 ] 127.0.0.1 /js(object)/2-24/ThinkPHP/index.php/Home/Index/Public/Uploads/2016-02-25/56cf00725c1b3.jpg
INFO: [ app_init ] --START--
INFO: Run Behavior\BuildLiteBehavior [ RunTime:0.000020s ]
INFO: [ app_init ] --END-- [ RunTime:0.000107s ]

[ 2016-02-27T20:11:38+08:00 ] 127.0.0.1 /js(object)/2-24/ThinkPHP/index.php/Home/Index/Public/Uploads/2016-02-25/56cf02f935545.jpg
INFO: [ app_init ] --START--
INFO: Run Behavior\BuildLiteBehavior [ RunTime:0.000023s ]
INFO: [ app_init ] --END-- [ RunTime:0.000124s ]

[ 2016-02-27T20:11:38+08:00 ] 127.0.0.1 /js(object)/2-24/ThinkPHP/index.php/Home/Index/Public/Uploads/2016-02-25/56cf11e0b9dac.jpg
INFO: [ app_init ] --START--
INFO: Run Behavior\BuildLiteBehavior [ RunTime:0.000024s ]
INFO: [ app_init ] --END-- [ RunTime:0.000117s ]

[ 2016-02-27T20:15:29+08:00 ] 127.0.0.1 /js(object)/2-24/ThinkPHP/index.php/Home/Index/show.html
INFO: [ app_init ] --START--
INFO: Run Behavior\BuildLiteBehavior [ RunTime:0.000012s ]
INFO: [ app_init ] --END-- [ RunTime:0.000068s ]

[ 2016-02-27T20:15:29+08:00 ] 127.0.0.1 /js(object)/2-24/ThinkPHP/index.php/Home/Index./Public/Uploads/2016-02-25/56cf00725c1b3.jpg
INFO: [ app_init ] --START--
INFO: Run Behavior\BuildLiteBehavior [ RunTime:0.000020s ]
INFO: [ app_init ] --END-- [ RunTime:0.000116s ]

[ 2016-02-27T20:15:29+08:00 ] 127.0.0.1 /js(object)/2-24/ThinkPHP/index.php/Home/Index./Public/Uploads/2016-02-25/56cf11e0b9dac.jpg
INFO: [ app_init ] --START--
INFO: Run Behavior\BuildLiteBehavior [ RunTime:0.000021s ]
INFO: [ app_init ] --END-- [ RunTime:0.000113s ]

[ 2016-02-27T20:15:29+08:00 ] 127.0.0.1 /js(object)/2-24/ThinkPHP/index.php/Home/Index./Public/Uploads/2016-02-25/56cf02f935545.jpg
INFO: [ app_init ] --START--
INFO: Run Behavior\BuildLiteBehavior [ RunTime:0.000013s ]
INFO: [ app_init ] --END-- [ RunTime:0.000069s ]

[ 2016-02-27T20:15:33+08:00 ] 127.0.0.1 /js(object)/2-24/ThinkPHP/index.php/Home/Index/show.html
INFO: [ app_init ] --START--
INFO: Run Behavior\BuildLiteBehavior [ RunTime:0.000013s ]
INFO: [ app_init ] --END-- [ RunTime:0.000069s ]

[ 2016-02-27T20:15:33+08:00 ] 127.0.0.1 /js(object)/2-24/ThinkPHP/index.php/Home/Index./Public/Uploads/2016-02-25/56cf00725c1b3.jpg
INFO: [ app_init ] --START--
INFO: Run Behavior\BuildLiteBehavior [ RunTime:0.000021s ]
INFO: [ app_init ] --END-- [ RunTime:0.000110s ]

[ 2016-02-27T20:15:33+08:00 ] 127.0.0.1 /js(object)/2-24/ThinkPHP/index.php/Home/Index./Public/Uploads/2016-02-25/56cf02f935545.jpg
INFO: [ app_init ] --START--
INFO: Run Behavior\BuildLiteBehavior [ RunTime:0.000018s ]
INFO: [ app_init ] --END-- [ RunTime:0.000097s ]

[ 2016-02-27T20:15:33+08:00 ] 127.0.0.1 /js(object)/2-24/ThinkPHP/index.php/Home/Index./Public/Uploads/2016-02-25/56cf11e0b9dac.jpg
INFO: [ app_init ] --START--
INFO: Run Behavior\BuildLiteBehavior [ RunTime:0.000046s ]
INFO: [ app_init ] --END-- [ RunTime:0.000165s ]

[ 2016-02-27T20:16:02+08:00 ] 127.0.0.1 /js(object)/2-24/ThinkPHP/index.php/Home/Index/show.html
INFO: [ app_init ] --START--
INFO: Run Behavior\BuildLiteBehavior [ RunTime:0.000019s ]
INFO: [ app_init ] --END-- [ RunTime:0.000109s ]

[ 2016-02-27T20:16:06+08:00 ] 127.0.0.1 /js(object)/2-24/ThinkPHP/index.php/Home/Index/show.html
INFO: [ app_init ] --START--
INFO: Run Behavior\BuildLiteBehavior [ RunTime:0.000020s ]
INFO: [ app_init ] --END-- [ RunTime:0.000106s ]

[ 2016-02-27T20:16:09+08:00 ] 127.0.0.1 /js(object)/2-24/ThinkPHP/index.php/Home/Index/show/p/2.html
INFO: [ app_init ] --START--
INFO: Run Behavior\BuildLiteBehavior [ RunTime:0.000021s ]
INFO: [ app_init ] --END-- [ RunTime:0.000112s ]

[ 2016-02-27T20:16:36+08:00 ] 127.0.0.1 /js(object)/2-24/ThinkPHP/index.php/Home/Index/upload
INFO: [ app_init ] --START--
INFO: Run Behavior\BuildLiteBehavior [ RunTime:0.000021s ]
INFO: [ app_init ] --END-- [ RunTime:0.000112s ]

[ 2016-02-27T20:16:44+08:00 ] 127.0.0.1 /js(object)/2-24/ThinkPHP/index.php/Home/Index/upload
INFO: [ app_init ] --START--
INFO: Run Behavior\BuildLiteBehavior [ RunTime:0.000013s ]
INFO: [ app_init ] --END-- [ RunTime:0.000069s ]

[ 2016-02-27T20:17:11+08:00 ] 127.0.0.1 /js(object)/2-24/ThinkPHP/index.php
INFO: [ app_init ] --START--
INFO: Run Behavior\BuildLiteBehavior [ RunTime:0.000033s ]
INFO: [ app_init ] --END-- [ RunTime:0.000173s ]

[ 2016-02-27T20:17:18+08:00 ] 127.0.0.1 /js(object)/2-24/ThinkPHP/index.php/Home/Index/upload/
INFO: [ app_init ] --START--
INFO: Run Behavior\BuildLiteBehavior [ RunTime:0.000113s ]
INFO: [ app_init ] --END-- [ RunTime:0.000243s ]

[ 2016-02-27T20:18:38+08:00 ] 127.0.0.1 /js(object)/2-24/ThinkPHP/index.php
INFO: [ app_init ] --START--
INFO: Run Behavior\BuildLiteBehavior [ RunTime:0.000026s ]
INFO: [ app_init ] --END-- [ RunTime:0.000155s ]

[ 2016-02-27T20:18:46+08:00 ] 127.0.0.1 /js(object)/2-24/ThinkPHP/index.php/Home/Index/upload/
INFO: [ app_init ] --START--
INFO: Run Behavior\BuildLiteBehavior [ RunTime:0.000013s ]
INFO: [ app_init ] --END-- [ RunTime:0.000068s ]
ERR: 非法操作:upload

[ 2016-02-27T20:19:26+08:00 ] 127.0.0.1 /js(object)/2-24/ThinkPHP/index.php/Home/Index/upload/
INFO: [ app_init ] --START--
INFO: Run Behavior\BuildLiteBehavior [ RunTime:0.000018s ]
INFO: [ app_init ] --END-- [ RunTime:0.000102s ]

[ 2016-02-27T20:19:29+08:00 ] 127.0.0.1 /js(object)/2-24/ThinkPHP/index.php/Home/Index/upload/
INFO: [ app_init ] --START--
INFO: Run Behavior\BuildLiteBehavior [ RunTime:0.000019s ]
INFO: [ app_init ] --END-- [ RunTime:0.000110s ]

[ 2016-02-27T20:19:32+08:00 ] 127.0.0.1 /js(object)/2-24/ThinkPHP/index.php/Home/Index/upload/
INFO: [ app_init ] --START--
INFO: Run Behavior\BuildLiteBehavior [ RunTime:0.000014s ]
INFO: [ app_init ] --END-- [ RunTime:0.000074s ]

[ 2016-02-27T20:19:37+08:00 ] 127.0.0.1 /js(object)/2-24/ThinkPHP/index.php
INFO: [ app_init ] --START--
INFO: Run Behavior\BuildLiteBehavior [ RunTime:0.000013s ]
INFO: [ app_init ] --END-- [ RunTime:0.000068s ]

[ 2016-02-27T20:19:45+08:00 ] 127.0.0.1 /js(object)/2-24/ThinkPHP/index.php/Home/Index/upload
INFO: [ app_init ] --START--
INFO: Run Behavior\BuildLiteBehavior [ RunTime:0.000013s ]
INFO: [ app_init ] --END-- [ RunTime:0.000068s ]

[ 2016-02-27T20:37:02+08:00 ] 127.0.0.1 /js(object)/2-24/ThinkPHP/index.php/Home/Index/upload
INFO: [ app_init ] --START--
INFO: Run Behavior\BuildLiteBehavior [ RunTime:0.000018s ]
INFO: [ app_init ] --END-- [ RunTime:0.000106s ]

[ 2016-02-27T20:37:08+08:00 ] 127.0.0.1 /js(object)/2-24/ThinkPHP/index.php
INFO: [ app_init ] --START--
INFO: Run Behavior\BuildLiteBehavior [ RunTime:0.000015s ]
INFO: [ app_init ] --END-- [ RunTime:0.000074s ]

[ 2016-02-27T20:37:16+08:00 ] 127.0.0.1 /js(object)/2-24/ThinkPHP/index.php/Home/Index/upload
INFO: [ app_init ] --START--
INFO: Run Behavior\BuildLiteBehavior [ RunTime:0.000012s ]
INFO: [ app_init ] --END-- [ RunTime:0.000067s ]

[ 2016-02-27T20:37:20+08:00 ] 127.0.0.1 /js(object)/2-24/ThinkPHP/index.php
INFO: [ app_init ] --START--
INFO: Run Behavior\BuildLiteBehavior [ RunTime:0.000019s ]
INFO: [ app_init ] --END-- [ RunTime:0.000103s ]

[ 2016-02-27T20:37:47+08:00 ] 127.0.0.1 /js(object)/2-24/ThinkPHP/index.php
INFO: [ app_init ] --START--
INFO: Run Behavior\BuildLiteBehavior [ RunTime:0.000013s ]
INFO: [ app_init ] --END-- [ RunTime:0.000065s ]

[ 2016-02-27T20:37:55+08:00 ] 127.0.0.1 /js(object)/2-24/ThinkPHP/index.php/Home/Index/upload/
INFO: [ app_init ] --START--
INFO: Run Behavior\BuildLiteBehavior [ RunTime:0.000015s ]
INFO: [ app_init ] --END-- [ RunTime:0.000077s ]

[ 2016-02-27T20:38:16+08:00 ] 127.0.0.1 /js(object)/2-24/ThinkPHP/index.php/Home/Index/upload/
INFO: [ app_init ] --START--
INFO: Run Behavior\BuildLiteBehavior [ RunTime:0.000069s ]
INFO: [ app_init ] --END-- [ RunTime:0.000346s ]

[ 2016-02-27T20:41:10+08:00 ] 127.0.0.1 /js(object)/2-24/ThinkPHP/index.php
INFO: [ app_init ] --START--
INFO: Run Behavior\BuildLiteBehavior [ RunTime:0.000013s ]
INFO: [ app_init ] --END-- [ RunTime:0.000071s ]

[ 2016-02-27T20:45:13+08:00 ] 127.0.0.1 /js(object)/2-24/ThinkPHP/index.php
INFO: [ app_init ] --START--
INFO: Run Behavior\BuildLiteBehavior [ RunTime:0.000014s ]
INFO: [ app_init ] --END-- [ RunTime:0.000075s ]

[ 2016-02-27T20:45:15+08:00 ] 127.0.0.1 /js(object)/2-24/ThinkPHP/index.php
INFO: [ app_init ] --START--
INFO: Run Behavior\BuildLiteBehavior [ RunTime:0.000012s ]
INFO: [ app_init ] --END-- [ RunTime:0.000064s ]

[ 2016-02-27T20:45:23+08:00 ] 127.0.0.1 /js(object)/2-24/ThinkPHP/index.php/Home/Index/add/
INFO: [ app_init ] --START--
INFO: Run Behavior\BuildLiteBehavior [ RunTime:0.000017s ]
INFO: [ app_init ] --END-- [ RunTime:0.000098s ]

[ 2016-02-27T20:45:24+08:00 ] 127.0.0.1 /js(object)/2-24/ThinkPHP/index.php/Home/Index/show.html
INFO: [ app_init ] --START--
INFO: Run Behavior\BuildLiteBehavior [ RunTime:0.000036s ]
INFO: [ app_init ] --END-- [ RunTime:0.000189s ]

[ 2016-02-27T20:45:27+08:00 ] 127.0.0.1 /js(object)/2-24/ThinkPHP/index.php/Home/Index/show/p/5.html
INFO: [ app_init ] --START--
INFO: Run Behavior\BuildLiteBehavior [ RunTime:0.000020s ]
INFO: [ app_init ] --END-- [ RunTime:0.000111s ]

[ 2016-02-27T20:45:30+08:00 ] 127.0.0.1 /js(object)/2-24/ThinkPHP/index.php/Home/Index/show/p/5.html
INFO: [ app_init ] --START--
INFO: Run Behavior\BuildLiteBehavior [ RunTime:0.000015s ]
INFO: [ app_init ] --END-- [ RunTime:0.000077s ]

[ 2016-02-27T21:04:04+08:00 ] 127.0.0.1 /js(object)/2-24/ThinkPHP/index.php/Home/Index/show/p/5.html
INFO: [ app_init ] --START--
INFO: Run Behavior\BuildLiteBehavior [ RunTime:0.000025s ]
INFO: [ app_init ] --END-- [ RunTime:0.000106s ]

[ 2016-02-27T21:04:12+08:00 ] 127.0.0.1 /js(object)/2-24/ThinkPHP/index.php/Home/Index/show/p/5.html
INFO: [ app_init ] --START--
INFO: Run Behavior\BuildLiteBehavior [ RunTime:0.000011s ]
INFO: [ app_init ] --END-- [ RunTime:0.000060s ]

[ 2016-02-27T21:04:21+08:00 ] 127.0.0.1 /js(object)/2-24/ThinkPHP/index.php/Home/Index/show.html
INFO: [ app_init ] --START--
INFO: Run Behavior\BuildLiteBehavior [ RunTime:0.000013s ]
INFO: [ app_init ] --END-- [ RunTime:0.000067s ]

[ 2016-02-27T21:04:36+08:00 ] 127.0.0.1 /js(object)/2-24/ThinkPHP/index.php/Home/Index/add/
INFO: [ app_init ] --START--
INFO: Run Behavior\BuildLiteBehavior [ RunTime:0.000014s ]
INFO: [ app_init ] --END-- [ RunTime:0.000079s ]

[ 2016-02-27T21:04:37+08:00 ] 127.0.0.1 /js(object)/2-24/ThinkPHP/index.php/Home/Index/show.html
INFO: [ app_init ] --START--
INFO: Run Behavior\BuildLiteBehavior [ RunTime:0.000056s ]
INFO: [ app_init ] --END-- [ RunTime:0.000309s ]

[ 2016-02-27T21:04:41+08:00 ] 127.0.0.1 /js(object)/2-24/ThinkPHP/index.php/Home/Index/show.html
INFO: [ app_init ] --START--
INFO: Run Behavior\BuildLiteBehavior [ RunTime:0.000013s ]
INFO: [ app_init ] --END-- [ RunTime:0.000070s ]

[ 2016-02-27T21:04:44+08:00 ] 127.0.0.1 /js(object)/2-24/ThinkPHP/index.php/Home/Index/show/p/2.html
INFO: [ app_init ] --START--
INFO: Run Behavior\BuildLiteBehavior [ RunTime:0.000021s ]
INFO: [ app_init ] --END-- [ RunTime:0.000113s ]

[ 2016-02-27T21:04:58+08:00 ] 127.0.0.1 /js(object)/2-24/ThinkPHP/index.php/Home/Index/add/
INFO: [ app_init ] --START--
INFO: Run Behavior\BuildLiteBehavior [ RunTime:0.000023s ]
INFO: [ app_init ] --END-- [ RunTime:0.000117s ]

[ 2016-02-27T21:04:59+08:00 ] 127.0.0.1 /js(object)/2-24/ThinkPHP/index.php/Home/Index/show.html
INFO: [ app_init ] --START--
INFO: Run Behavior\BuildLiteBehavior [ RunTime:0.000024s ]
INFO: [ app_init ] --END-- [ RunTime:0.000137s ]

[ 2016-02-27T21:05:11+08:00 ] 127.0.0.1 /js(object)/2-24/ThinkPHP/index.php/Home/Index/add/
INFO: [ app_init ] --START--
INFO: Run Behavior\BuildLiteBehavior [ RunTime:0.000014s ]
INFO: [ app_init ] --END-- [ RunTime:0.000082s ]

[ 2016-02-27T21:05:12+08:00 ] 127.0.0.1 /js(object)/2-24/ThinkPHP/index.php/Home/Index/show.html
INFO: [ app_init ] --START--
INFO: Run Behavior\BuildLiteBehavior [ RunTime:0.000037s ]
INFO: [ app_init ] --END-- [ RunTime:0.000201s ]

[ 2016-02-27T21:05:15+08:00 ] 127.0.0.1 /js(object)/2-24/ThinkPHP/index.php/Home/Index/show/p/2.html
INFO: [ app_init ] --START--
INFO: Run Behavior\BuildLiteBehavior [ RunTime:0.000015s ]
INFO: [ app_init ] --END-- [ RunTime:0.000072s ]

[ 2016-02-27T21:05:16+08:00 ] 127.0.0.1 /js(object)/2-24/ThinkPHP/index.php/Home/Index/show/p/1.html
INFO: [ app_init ] --START--
INFO: Run Behavior\BuildLiteBehavior [ RunTime:0.000015s ]
INFO: [ app_init ] --END-- [ RunTime:0.000079s ]

[ 2016-02-27T21:05:17+08:00 ] 127.0.0.1 /js(object)/2-24/ThinkPHP/index.php/Home/Index/show/p/2.html
INFO: [ app_init ] --START--
INFO: Run Behavior\BuildLiteBehavior [ RunTime:0.000023s ]
INFO: [ app_init ] --END-- [ RunTime:0.000125s ]

[ 2016-02-27T21:13:00+08:00 ] 127.0.0.1 /js(object)/2-24/ThinkPHP/index.php/Home/Index/show/p/1.html
INFO: [ app_init ] --START--
INFO: Run Behavior\BuildLiteBehavior [ RunTime:0.000015s ]
INFO: [ app_init ] --END-- [ RunTime:0.000085s ]

[ 2016-02-27T21:13:02+08:00 ] 127.0.0.1 /js(object)/2-24/ThinkPHP/index.php/Home/Index/show/p/2.html
INFO: [ app_init ] --START--
INFO: Run Behavior\BuildLiteBehavior [ RunTime:0.000013s ]
INFO: [ app_init ] --END-- [ RunTime:0.000074s ]

[ 2016-02-27T21:13:05+08:00 ] 127.0.0.1 /js(object)/2-24/ThinkPHP/index.php/Home/Index/delete/id/6
INFO: [ app_init ] --START--
INFO: Run Behavior\BuildLiteBehavior [ RunTime:0.000015s ]
INFO: [ app_init ] --END-- [ RunTime:0.000082s ]

[ 2016-02-27T21:13:06+08:00 ] 127.0.0.1 /js(object)/2-24/ThinkPHP/index.php/Home/Index/show.html
INFO: [ app_init ] --START--
INFO: Run Behavior\BuildLiteBehavior [ RunTime:0.000037s ]
INFO: [ app_init ] --END-- [ RunTime:0.000200s ]

[ 2016-02-27T21:13:08+08:00 ] 127.0.0.1 /js(object)/2-24/ThinkPHP/index.php/Home/Index/show/p/2.html
INFO: [ app_init ] --START--
INFO: Run Behavior\BuildLiteBehavior [ RunTime:0.000022s ]
INFO: [ app_init ] --END-- [ RunTime:0.000112s ]

[ 2016-02-27T22:01:21+08:00 ] 127.0.0.1 /js(object)/2-24/ThinkPHP/index.php/Home/Index/show_one/id/5
INFO: [ app_init ] --START--
INFO: Run Behavior\BuildLiteBehavior [ RunTime:0.000026s ]
INFO: [ app_init ] --END-- [ RunTime:0.000140s ]

[ 2016-02-27T22:06:34+08:00 ] 127.0.0.1 /js(object)/2-24/ThinkPHP/index.php/Home/Index/show/p/2.html
INFO: [ app_init ] --START--
INFO: Run Behavior\BuildLiteBehavior [ RunTime:0.000025s ]
INFO: [ app_init ] --END-- [ RunTime:0.000149s ]

[ 2016-02-27T22:06:38+08:00 ] 127.0.0.1 /js(object)/2-24/ThinkPHP/index.php/Home/Index/show/p/2.html
INFO: [ app_init ] --START--
INFO: Run Behavior\BuildLiteBehavior [ RunTime:0.000014s ]
INFO: [ app_init ] --END-- [ RunTime:0.000073s ]

[ 2016-02-27T22:06:45+08:00 ] 127.0.0.1 /js(object)/2-24/ThinkPHP/index.php/Home/Index/show_one/id/5
INFO: [ app_init ] --START--
INFO: Run Behavior\BuildLiteBehavior [ RunTime:0.000019s ]
INFO: [ app_init ] --END-- [ RunTime:0.000108s ]

[ 2016-02-27T22:06:45+08:00 ] 127.0.0.1 /js(object)/2-24/ThinkPHP/index.php/Home/Index/show_one/id/Public/Uploads/2016-02-27/56d19ef9ef289.jpg
INFO: [ app_init ] --START--
INFO: Run Behavior\BuildLiteBehavior [ RunTime:0.000016s ]
INFO: [ app_init ] --END-- [ RunTime:0.000072s ]

[ 2016-02-27T22:08:35+08:00 ] 127.0.0.1 /js(object)/2-24/ThinkPHP/index.php/Home/Index/show_one/id/5
INFO: [ app_init ] --START--
INFO: Run Behavior\BuildLiteBehavior [ RunTime:0.000014s ]
INFO: [ app_init ] --END-- [ RunTime:0.000068s ]

[ 2016-02-27T22:14:42+08:00 ] 127.0.0.1 /js(object)/2-24/ThinkPHP/index.php/Home/Index/show_one/id/5
INFO: [ app_init ] --START--
INFO: Run Behavior\BuildLiteBehavior [ RunTime:0.000012s ]
INFO: [ app_init ] --END-- [ RunTime:0.000066s ]

[ 2016-02-27T22:15:05+08:00 ] 127.0.0.1 /js(object)/2-24/ThinkPHP/index.php/Home/Index/show/p/2.html
INFO: [ app_init ] --START--
INFO: Run Behavior\BuildLiteBehavior [ RunTime:0.000058s ]
INFO: [ app_init ] --END-- [ RunTime:0.000392s ]

[ 2016-02-27T22:15:08+08:00 ] 127.0.0.1 /js(object)/2-24/ThinkPHP/index.php/Home/Index/show/p/2.html
INFO: [ app_init ] --START--
INFO: Run Behavior\BuildLiteBehavior [ RunTime:0.000013s ]
INFO: [ app_init ] --END-- [ RunTime:0.000068s ]

[ 2016-02-27T22:15:14+08:00 ] 127.0.0.1 /js(object)/2-24/ThinkPHP/index.php/Home/Index/show/p/1.html
INFO: [ app_init ] --START--
INFO: Run Behavior\BuildLiteBehavior [ RunTime:0.000013s ]
INFO: [ app_init ] --END-- [ RunTime:0.000069s ]

[ 2016-02-27T22:15:17+08:00 ] 127.0.0.1 /js(object)/2-24/ThinkPHP/index.php/Home/Index/show/p/2.html
INFO: [ app_init ] --START--
INFO: Run Behavior\BuildLiteBehavior [ RunTime:0.000012s ]
INFO: [ app_init ] --END-- [ RunTime:0.000066s ]

[ 2016-02-27T22:15:21+08:00 ] 127.0.0.1 /js(object)/2-24/ThinkPHP/index.php/Home/Index/show_one/id/5
INFO: [ app_init ] --START--
INFO: Run Behavior\BuildLiteBehavior [ RunTime:0.000015s ]
INFO: [ app_init ] --END-- [ RunTime:0.000080s ]

[ 2016-02-27T22:15:31+08:00 ] 127.0.0.1 /js(object)/2-24/ThinkPHP/index.php/Home/Index/update/
INFO: [ app_init ] --START--
INFO: Run Behavior\BuildLiteBehavior [ RunTime:0.000020s ]
INFO: [ app_init ] --END-- [ RunTime:0.000119s ]

[ 2016-02-27T22:18:36+08:00 ] 127.0.0.1 /js(object)/2-24/ThinkPHP/index.php/Home/Index/show_one/id/5
INFO: [ app_init ] --START--
INFO: Run Behavior\BuildLiteBehavior [ RunTime:0.000062s ]
INFO: [ app_init ] --END-- [ RunTime:0.000262s ]

[ 2016-02-27T22:18:43+08:00 ] 127.0.0.1 /js(object)/2-24/ThinkPHP/index.php/Home/Index/show/p/2.html
INFO: [ app_init ] --START--
INFO: Run Behavior\BuildLiteBehavior [ RunTime:0.000012s ]
INFO: [ app_init ] --END-- [ RunTime:0.000063s ]

[ 2016-02-27T22:18:46+08:00 ] 127.0.0.1 /js(object)/2-24/ThinkPHP/index.php/Home/Index/show_one/id/5
INFO: [ app_init ] --START--
INFO: Run Behavior\BuildLiteBehavior [ RunTime:0.000025s ]
INFO: [ app_init ] --END-- [ RunTime:0.000126s ]

[ 2016-02-27T22:18:58+08:00 ] 127.0.0.1 /js(object)/2-24/ThinkPHP/index.php/Home/Index/show_one/id/5
INFO: [ app_init ] --START--
INFO: Run Behavior\BuildLiteBehavior [ RunTime:0.000014s ]
INFO: [ app_init ] --END-- [ RunTime:0.000075s ]

[ 2016-02-27T22:19:36+08:00 ] 127.0.0.1 /js(object)/2-24/ThinkPHP/index.php/Home/Index/update/
INFO: [ app_init ] --START--
INFO: Run Behavior\BuildLiteBehavior [ RunTime:0.000025s ]
INFO: [ app_init ] --END-- [ RunTime:0.000142s ]

[ 2016-02-27T22:20:12+08:00 ] 127.0.0.1 /js(object)/2-24/ThinkPHP/index.php/Home/Index/update/
INFO: [ app_init ] --START--
INFO: Run Behavior\BuildLiteBehavior [ RunTime:0.000013s ]
INFO: [ app_init ] --END-- [ RunTime:0.000072s ]

