[ 2016-03-05T08:00:02+08:00 ] 127.0.0.1 /js(object)/3-5/index.php
INFO: [ app_init ] --START--
INFO: Run Behavior\BuildLiteBehavior [ RunTime:0.000022s ]
INFO: [ app_init ] --END-- [ RunTime:0.000810s ]
INFO: [ app_begin ] --START--
INFO: Run Behavior\ReadHtmlCacheBehavior [ RunTime:0.010040s ]
INFO: [ app_begin ] --END-- [ RunTime:0.010147s ]
ERR: 模板不存在:./Apps/Home/View/Index/index.html

[ 2016-03-05T08:02:16+08:00 ] 127.0.0.1 /js(object)/3-5/index.php
INFO: [ app_init ] --START--
INFO: Run Behavior\BuildLiteBehavior [ RunTime:0.000018s ]
INFO: [ app_init ] --END-- [ RunTime:0.000510s ]
INFO: [ app_begin ] --START--
INFO: Run Behavior\ReadHtmlCacheBehavior [ RunTime:0.001622s ]
INFO: [ app_begin ] --END-- [ RunTime:0.001762s ]
INFO: [ view_parse ] --START--
INFO: [ template_filter ] --START--
INFO: Run Behavior\ContentReplaceBehavior [ RunTime:0.000061s ]
INFO: [ template_filter ] --END-- [ RunTime:0.000169s ]
INFO: Run Behavior\ParseTemplateBehavior [ RunTime:0.076692s ]
INFO: [ view_parse ] --END-- [ RunTime:0.076770s ]
INFO: [ view_filter ] --START--
INFO: Run Behavior\WriteHtmlCacheBehavior [ RunTime:0.000544s ]
INFO: [ view_filter ] --END-- [ RunTime:0.000595s ]
INFO: [ app_end ] --START--
INFO: Run Behavior\ShowPageTraceBehavior [ RunTime:0.009243s ]
INFO: [ app_end ] --END-- [ RunTime:0.009325s ]

[ 2016-03-05T08:24:42+08:00 ] 127.0.0.1 /js(object)/3-5/index.php
INFO: [ app_init ] --START--
INFO: Run Behavior\BuildLiteBehavior [ RunTime:0.000024s ]
INFO: [ app_init ] --END-- [ RunTime:0.000693s ]
INFO: [ app_begin ] --START--
INFO: Run Behavior\ReadHtmlCacheBehavior [ RunTime:0.000654s ]
INFO: [ app_begin ] --END-- [ RunTime:0.000745s ]
INFO: [ view_parse ] --START--
INFO: [ template_filter ] --START--
INFO: Run Behavior\ContentReplaceBehavior [ RunTime:0.000043s ]
INFO: [ template_filter ] --END-- [ RunTime:0.000105s ]
INFO: Run Behavior\ParseTemplateBehavior [ RunTime:0.005679s ]
INFO: [ view_parse ] --END-- [ RunTime:0.005745s ]
INFO: [ view_filter ] --START--
INFO: Run Behavior\WriteHtmlCacheBehavior [ RunTime:0.000284s ]
INFO: [ view_filter ] --END-- [ RunTime:0.000328s ]
INFO: [ app_end ] --START--
INFO: Run Behavior\ShowPageTraceBehavior [ RunTime:0.000582s ]
INFO: [ app_end ] --END-- [ RunTime:0.000633s ]

[ 2016-03-05T08:24:49+08:00 ] 127.0.0.1 /js(object)/3-5/index.php/Home/Index/login/
INFO: [ app_init ] --START--
INFO: Run Behavior\BuildLiteBehavior [ RunTime:0.000027s ]
INFO: [ app_init ] --END-- [ RunTime:0.000590s ]
INFO: [ app_begin ] --START--
INFO: Run Behavior\ReadHtmlCacheBehavior [ RunTime:0.001516s ]
INFO: [ app_begin ] --END-- [ RunTime:0.001656s ]
NOTIC: [2048] Declaration of Home\Model\LoginModel::select() should be compatible with that of Think\Model::select() D:\web\apache\htdocs\js(object)\3-5\Apps\Home\Model\LoginModel.class.php 第 4 行.
ERR: 无法加载数据库驱动: Think\Db\Driver\

[ 2016-03-05T08:29:37+08:00 ] 127.0.0.1 /js(object)/3-5/index.php/Home/Index/login/
INFO: [ app_init ] --START--
INFO: Run Behavior\BuildLiteBehavior [ RunTime:0.000022s ]
INFO: [ app_init ] --END-- [ RunTime:0.000470s ]

[ 2016-03-05T08:30:53+08:00 ] 127.0.0.1 /js(object)/3-5/index.php/Home/Index/login/
INFO: [ app_init ] --START--
INFO: Run Behavior\BuildLiteBehavior [ RunTime:0.000027s ]
INFO: [ app_init ] --END-- [ RunTime:0.000568s ]

[ 2016-03-05T08:31:11+08:00 ] 127.0.0.1 /js(object)/3-5/index.php/Home/Index/login/
INFO: [ app_init ] --START--
INFO: Run Behavior\BuildLiteBehavior [ RunTime:0.000016s ]
INFO: [ app_init ] --END-- [ RunTime:0.000356s ]

[ 2016-03-05T08:31:12+08:00 ] 127.0.0.1 /js(object)/3-5/index.php/Home/Index/show.html
INFO: [ app_init ] --START--
INFO: Run Behavior\BuildLiteBehavior [ RunTime:0.000022s ]
INFO: [ app_init ] --END-- [ RunTime:0.000537s ]
ERR: 非法操作:show

[ 2016-03-05T09:01:53+08:00 ] 127.0.0.1 /js(object)/3-5/index.php/Home/Index/show.html
INFO: [ app_init ] --START--
INFO: Run Behavior\BuildLiteBehavior [ RunTime:0.000027s ]
INFO: [ app_init ] --END-- [ RunTime:0.000620s ]

[ 2016-03-05T09:02:06+08:00 ] 127.0.0.1 /js(object)/3-5/index.php
INFO: [ app_init ] --START--
INFO: Run Behavior\BuildLiteBehavior [ RunTime:0.000016s ]
INFO: [ app_init ] --END-- [ RunTime:0.000373s ]

[ 2016-03-05T09:02:16+08:00 ] 127.0.0.1 /js(object)/3-5/index.php/Home/Index/login/
INFO: [ app_init ] --START--
INFO: Run Behavior\BuildLiteBehavior [ RunTime:0.000028s ]
INFO: [ app_init ] --END-- [ RunTime:0.000557s ]

[ 2016-03-05T09:02:17+08:00 ] 127.0.0.1 /js(object)/3-5/index.php/Home/Index/show.html
INFO: [ app_init ] --START--
INFO: Run Behavior\BuildLiteBehavior [ RunTime:0.000027s ]
INFO: [ app_init ] --END-- [ RunTime:0.000469s ]

[ 2016-03-05T14:16:09+08:00 ] 127.0.0.1 /js(object)/3-5/index.php/Home/Index/show.html
INFO: [ app_init ] --START--
INFO: Run Behavior\BuildLiteBehavior [ RunTime:0.000014s ]
INFO: [ app_init ] --END-- [ RunTime:0.000427s ]

[ 2016-03-05T14:16:17+08:00 ] 127.0.0.1 /js(object)/3-5/index.php/Home/Index/show.html
INFO: [ app_init ] --START--
INFO: Run Behavior\BuildLiteBehavior [ RunTime:0.000016s ]
INFO: [ app_init ] --END-- [ RunTime:0.000339s ]

[ 2016-03-05T14:16:21+08:00 ] 127.0.0.1 /js(object)/3-5/index.php/Home/Index/message_show/
INFO: [ app_init ] --START--
INFO: Run Behavior\BuildLiteBehavior [ RunTime:0.000023s ]
INFO: [ app_init ] --END-- [ RunTime:0.000492s ]

[ 2016-03-05T14:16:51+08:00 ] 127.0.0.1 /js(object)/3-5/index.php/Home/Index/message_add/
INFO: [ app_init ] --START--
INFO: Run Behavior\BuildLiteBehavior [ RunTime:0.000016s ]
INFO: [ app_init ] --END-- [ RunTime:0.000344s ]

[ 2016-03-05T14:16:52+08:00 ] 127.0.0.1 /js(object)/3-5/index.php/Home/Index/message_show/
INFO: [ app_init ] --START--
INFO: Run Behavior\BuildLiteBehavior [ RunTime:0.000022s ]
INFO: [ app_init ] --END-- [ RunTime:0.000413s ]

[ 2016-03-05T14:17:24+08:00 ] 127.0.0.1 /js(object)/3-5/index.php/Home/Index/show/
INFO: [ app_init ] --START--
INFO: Run Behavior\BuildLiteBehavior [ RunTime:0.000014s ]
INFO: [ app_init ] --END-- [ RunTime:0.000362s ]

[ 2016-03-05T14:17:26+08:00 ] 127.0.0.1 /js(object)/3-5/index.php/Home/Index/out/
INFO: [ app_init ] --START--
INFO: Run Behavior\BuildLiteBehavior [ RunTime:0.000016s ]
INFO: [ app_init ] --END-- [ RunTime:0.000377s ]
ERR: 模板不存在:./Apps/Home/View/Index/out.html

[ 2016-03-05T14:17:46+08:00 ] 127.0.0.1 /js(object)/3-5/index.php
INFO: [ app_init ] --START--
INFO: Run Behavior\BuildLiteBehavior [ RunTime:0.000017s ]
INFO: [ app_init ] --END-- [ RunTime:0.000462s ]

[ 2016-03-05T14:18:25+08:00 ] 127.0.0.1 /js(object)/3-5/index.php/Home/Index/login/
INFO: [ app_init ] --START--
INFO: Run Behavior\BuildLiteBehavior [ RunTime:0.000032s ]
INFO: [ app_init ] --END-- [ RunTime:0.000717s ]

[ 2016-03-05T14:18:26+08:00 ] 127.0.0.1 /js(object)/3-5/index.php/Home/Index/show.html
INFO: [ app_init ] --START--
INFO: Run Behavior\BuildLiteBehavior [ RunTime:0.000028s ]
INFO: [ app_init ] --END-- [ RunTime:0.000663s ]

[ 2016-03-05T14:18:29+08:00 ] 127.0.0.1 /js(object)/3-5/index.php/Home/Index/message_show/
INFO: [ app_init ] --START--
INFO: Run Behavior\BuildLiteBehavior [ RunTime:0.000024s ]
INFO: [ app_init ] --END-- [ RunTime:0.000548s ]

[ 2016-03-05T14:18:36+08:00 ] 127.0.0.1 /js(object)/3-5/index.php/Home/Index/message_add/
INFO: [ app_init ] --START--
INFO: Run Behavior\BuildLiteBehavior [ RunTime:0.000022s ]
INFO: [ app_init ] --END-- [ RunTime:0.000463s ]

[ 2016-03-05T14:18:37+08:00 ] 127.0.0.1 /js(object)/3-5/index.php/Home/Index/message_show/
INFO: [ app_init ] --START--
INFO: Run Behavior\BuildLiteBehavior [ RunTime:0.000027s ]
INFO: [ app_init ] --END-- [ RunTime:0.000778s ]

[ 2016-03-05T14:19:47+08:00 ] 127.0.0.1 /js(object)/3-5/index.php/Home/Index/message_show/
INFO: [ app_init ] --START--
INFO: Run Behavior\BuildLiteBehavior [ RunTime:0.000014s ]
INFO: [ app_init ] --END-- [ RunTime:0.000463s ]

[ 2016-03-05T14:19:52+08:00 ] 127.0.0.1 /js(object)/3-5/index.php/Home/Index/show/
INFO: [ app_init ] --START--
INFO: Run Behavior\BuildLiteBehavior [ RunTime:0.000014s ]
INFO: [ app_init ] --END-- [ RunTime:0.000393s ]

[ 2016-03-05T14:19:53+08:00 ] 127.0.0.1 /js(object)/3-5/index.php/Home/Index/message_show/
INFO: [ app_init ] --START--
INFO: Run Behavior\BuildLiteBehavior [ RunTime:0.000023s ]
INFO: [ app_init ] --END-- [ RunTime:0.000616s ]

[ 2016-03-05T14:20:02+08:00 ] 127.0.0.1 /js(object)/3-5/index.php/Home/Index/message_add/
INFO: [ app_init ] --START--
INFO: Run Behavior\BuildLiteBehavior [ RunTime:0.000030s ]
INFO: [ app_init ] --END-- [ RunTime:0.000658s ]

[ 2016-03-05T14:20:39+08:00 ] 127.0.0.1 /js(object)/3-5/index.php/Home/Index/message_show/
INFO: [ app_init ] --START--
INFO: Run Behavior\BuildLiteBehavior [ RunTime:0.000014s ]
INFO: [ app_init ] --END-- [ RunTime:0.000451s ]

[ 2016-03-05T14:20:48+08:00 ] 127.0.0.1 /js(object)/3-5/index.php/Home/Index/message_add/
INFO: [ app_init ] --START--
INFO: Run Behavior\BuildLiteBehavior [ RunTime:0.000024s ]
INFO: [ app_init ] --END-- [ RunTime:0.000602s ]

[ 2016-03-05T14:21:17+08:00 ] 127.0.0.1 /js(object)/3-5/index.php/Home/Index/message_add/
INFO: [ app_init ] --START--
INFO: Run Behavior\BuildLiteBehavior [ RunTime:0.000023s ]
INFO: [ app_init ] --END-- [ RunTime:0.000570s ]

[ 2016-03-05T14:21:27+08:00 ] 127.0.0.1 /js(object)/3-5/index.php
INFO: [ app_init ] --START--
INFO: Run Behavior\BuildLiteBehavior [ RunTime:0.000025s ]
INFO: [ app_init ] --END-- [ RunTime:0.000587s ]

[ 2016-03-05T14:21:34+08:00 ] 127.0.0.1 /js(object)/3-5/index.php/Home/Index/login/
INFO: [ app_init ] --START--
INFO: Run Behavior\BuildLiteBehavior [ RunTime:0.000029s ]
INFO: [ app_init ] --END-- [ RunTime:0.000643s ]

[ 2016-03-05T14:21:35+08:00 ] 127.0.0.1 /js(object)/3-5/index.php/Home/Index/show.html
INFO: [ app_init ] --START--
INFO: Run Behavior\BuildLiteBehavior [ RunTime:0.000025s ]
INFO: [ app_init ] --END-- [ RunTime:0.000544s ]

[ 2016-03-05T14:21:37+08:00 ] 127.0.0.1 /js(object)/3-5/index.php/Home/Index/message_show/
INFO: [ app_init ] --START--
INFO: Run Behavior\BuildLiteBehavior [ RunTime:0.000015s ]
INFO: [ app_init ] --END-- [ RunTime:0.000410s ]

[ 2016-03-05T14:21:46+08:00 ] 127.0.0.1 /js(object)/3-5/index.php/Home/Index/message_add/
INFO: [ app_init ] --START--
INFO: Run Behavior\BuildLiteBehavior [ RunTime:0.000040s ]
INFO: [ app_init ] --END-- [ RunTime:0.000463s ]

[ 2016-03-05T14:21:57+08:00 ] 127.0.0.1 /js(object)/3-5/index.php/Home/Index/message_add/
INFO: [ app_init ] --START--
INFO: Run Behavior\BuildLiteBehavior [ RunTime:0.000025s ]
INFO: [ app_init ] --END-- [ RunTime:0.000623s ]

[ 2016-03-05T14:22:35+08:00 ] 127.0.0.1 /js(object)/3-5/index.php
INFO: [ app_init ] --START--
INFO: Run Behavior\BuildLiteBehavior [ RunTime:0.000013s ]
INFO: [ app_init ] --END-- [ RunTime:0.000331s ]

[ 2016-03-05T14:22:46+08:00 ] 127.0.0.1 /js(object)/3-5/index.php/Home/Index/login/
INFO: [ app_init ] --START--
INFO: Run Behavior\BuildLiteBehavior [ RunTime:0.000019s ]
INFO: [ app_init ] --END-- [ RunTime:0.000463s ]

[ 2016-03-05T14:22:47+08:00 ] 127.0.0.1 /js(object)/3-5/index.php/Home/Index/show.html
INFO: [ app_init ] --START--
INFO: Run Behavior\BuildLiteBehavior [ RunTime:0.000026s ]
INFO: [ app_init ] --END-- [ RunTime:0.000639s ]

[ 2016-03-05T14:22:48+08:00 ] 127.0.0.1 /js(object)/3-5/index.php/Home/Index/message_show/
INFO: [ app_init ] --START--
INFO: Run Behavior\BuildLiteBehavior [ RunTime:0.000014s ]
INFO: [ app_init ] --END-- [ RunTime:0.000342s ]

[ 2016-03-05T14:22:53+08:00 ] 127.0.0.1 /js(object)/3-5/index.php/Home/Index/message_add/
INFO: [ app_init ] --START--
INFO: Run Behavior\BuildLiteBehavior [ RunTime:0.000018s ]
INFO: [ app_init ] --END-- [ RunTime:0.000427s ]

[ 2016-03-05T14:23:33+08:00 ] 127.0.0.1 /js(object)/3-5/index.php/Home/Index/message_show/
INFO: [ app_init ] --START--
INFO: Run Behavior\BuildLiteBehavior [ RunTime:0.000024s ]
INFO: [ app_init ] --END-- [ RunTime:0.000560s ]

[ 2016-03-05T14:23:36+08:00 ] 127.0.0.1 /js(object)/3-5/index.php/Home/Index/message_add/
INFO: [ app_init ] --START--
INFO: Run Behavior\BuildLiteBehavior [ RunTime:0.000031s ]
INFO: [ app_init ] --END-- [ RunTime:0.000695s ]

[ 2016-03-05T14:23:39+08:00 ] 127.0.0.1 /js(object)/3-5/index.php/Home/Index/message_add/
INFO: [ app_init ] --START--
INFO: Run Behavior\BuildLiteBehavior [ RunTime:0.000016s ]
INFO: [ app_init ] --END-- [ RunTime:0.000365s ]

[ 2016-03-05T14:24:23+08:00 ] 127.0.0.1 /js(object)/3-5/index.php/Home/Index/message_show/
INFO: [ app_init ] --START--
INFO: Run Behavior\BuildLiteBehavior [ RunTime:0.000028s ]
INFO: [ app_init ] --END-- [ RunTime:0.000707s ]

[ 2016-03-05T14:24:27+08:00 ] 127.0.0.1 /js(object)/3-5/index.php/Home/Index/message_add/
INFO: [ app_init ] --START--
INFO: Run Behavior\BuildLiteBehavior [ RunTime:0.000015s ]
INFO: [ app_init ] --END-- [ RunTime:0.000344s ]

[ 2016-03-05T14:24:51+08:00 ] 127.0.0.1 /js(object)/3-5/index.php/Home/Index/message_show/
INFO: [ app_init ] --START--
INFO: Run Behavior\BuildLiteBehavior [ RunTime:0.000016s ]
INFO: [ app_init ] --END-- [ RunTime:0.000439s ]

[ 2016-03-05T14:24:53+08:00 ] 127.0.0.1 /js(object)/3-5/index.php/Home/Index/message_add/
INFO: [ app_init ] --START--
INFO: Run Behavior\BuildLiteBehavior [ RunTime:0.000017s ]
INFO: [ app_init ] --END-- [ RunTime:0.000381s ]

[ 2016-03-05T14:25:48+08:00 ] 127.0.0.1 /js(object)/3-5/index.php/Home/Index/message_show/
INFO: [ app_init ] --START--
INFO: Run Behavior\BuildLiteBehavior [ RunTime:0.000018s ]
INFO: [ app_init ] --END-- [ RunTime:0.000363s ]

[ 2016-03-05T14:25:50+08:00 ] 127.0.0.1 /js(object)/3-5/index.php/Home/Index/message_add/
INFO: [ app_init ] --START--
INFO: Run Behavior\BuildLiteBehavior [ RunTime:0.000027s ]
INFO: [ app_init ] --END-- [ RunTime:0.000541s ]

[ 2016-03-05T14:26:22+08:00 ] 127.0.0.1 /js(object)/3-5/index.php/Home/Index/message_show/
INFO: [ app_init ] --START--
INFO: Run Behavior\BuildLiteBehavior [ RunTime:0.000020s ]
INFO: [ app_init ] --END-- [ RunTime:0.000474s ]

[ 2016-03-05T14:26:25+08:00 ] 127.0.0.1 /js(object)/3-5/index.php/Home/Index/message_add/
INFO: [ app_init ] --START--
INFO: Run Behavior\BuildLiteBehavior [ RunTime:0.000031s ]
INFO: [ app_init ] --END-- [ RunTime:0.000743s ]

[ 2016-03-05T14:26:36+08:00 ] 127.0.0.1 /js(object)/3-5/index.php/Home/Index/show.html
INFO: [ app_init ] --START--
INFO: Run Behavior\BuildLiteBehavior [ RunTime:0.000015s ]
INFO: [ app_init ] --END-- [ RunTime:0.000348s ]

[ 2016-03-05T14:26:36+08:00 ] 127.0.0.1 /js(object)/3-5/index.php/Home/Index/message_show/
INFO: [ app_init ] --START--
INFO: Run Behavior\BuildLiteBehavior [ RunTime:0.000014s ]
INFO: [ app_init ] --END-- [ RunTime:0.000339s ]

[ 2016-03-05T14:27:46+08:00 ] 127.0.0.1 /js(object)/3-5/index.php/Home/Index/show.html
INFO: [ app_init ] --START--
INFO: Run Behavior\BuildLiteBehavior [ RunTime:0.000018s ]
INFO: [ app_init ] --END-- [ RunTime:0.000382s ]

[ 2016-03-05T14:27:50+08:00 ] 127.0.0.1 /js(object)/3-5/index.php/Home/Index/user/
INFO: [ app_init ] --START--
INFO: Run Behavior\BuildLiteBehavior [ RunTime:0.000014s ]
INFO: [ app_init ] --END-- [ RunTime:0.000359s ]

[ 2016-03-05T14:27:58+08:00 ] 127.0.0.1 /js(object)/3-5/index.php/Home/Index/user/
INFO: [ app_init ] --START--
INFO: Run Behavior\BuildLiteBehavior [ RunTime:0.000015s ]
INFO: [ app_init ] --END-- [ RunTime:0.000403s ]

[ 2016-03-05T14:28:02+08:00 ] 127.0.0.1 /js(object)/3-5/index.php/Home/Index/photoshow/
INFO: [ app_init ] --START--
INFO: Run Behavior\BuildLiteBehavior [ RunTime:0.000028s ]
INFO: [ app_init ] --END-- [ RunTime:0.000574s ]

[ 2016-03-05T14:28:06+08:00 ] 127.0.0.1 /js(object)/3-5/index.php/Home/Index/user/
INFO: [ app_init ] --START--
INFO: Run Behavior\BuildLiteBehavior [ RunTime:0.000023s ]
INFO: [ app_init ] --END-- [ RunTime:0.000526s ]

[ 2016-03-05T14:28:23+08:00 ] 127.0.0.1 /js(object)/3-5/index.php/Home/Index/message_look/
INFO: [ app_init ] --START--
INFO: Run Behavior\BuildLiteBehavior [ RunTime:0.000025s ]
INFO: [ app_init ] --END-- [ RunTime:0.000478s ]

[ 2016-03-05T14:28:25+08:00 ] 127.0.0.1 /js(object)/3-5/index.php/Home/Index/show/
INFO: [ app_init ] --START--
INFO: Run Behavior\BuildLiteBehavior [ RunTime:0.000016s ]
INFO: [ app_init ] --END-- [ RunTime:0.000395s ]

[ 2016-03-05T14:28:42+08:00 ] 127.0.0.1 /js(object)/3-5/index.php/Home/Index/out/
INFO: [ app_init ] --START--
INFO: Run Behavior\BuildLiteBehavior [ RunTime:0.000019s ]
INFO: [ app_init ] --END-- [ RunTime:0.000511s ]
ERR: 模板不存在:./Apps/Home/View/Index/out.html

[ 2016-03-05T14:29:06+08:00 ] 127.0.0.1 /js(object)/3-5/index.php/Home/Index/photoshow/
INFO: [ app_init ] --START--
INFO: Run Behavior\BuildLiteBehavior [ RunTime:0.000018s ]
INFO: [ app_init ] --END-- [ RunTime:0.000509s ]

[ 2016-03-05T14:30:16+08:00 ] 127.0.0.1 /js(object)/3-5/index.php/Home/Index/user/
INFO: [ app_init ] --START--
INFO: Run Behavior\BuildLiteBehavior [ RunTime:0.000030s ]
INFO: [ app_init ] --END-- [ RunTime:0.000639s ]

