[ 2016-02-29T08:39:01+08:00 ] 127.0.0.1 /js(object)/zhoukao3/index.php
INFO: [ app_init ] --START--
INFO: Run Behavior\BuildLiteBehavior [ RunTime:0.000018s ]
INFO: [ app_init ] --END-- [ RunTime:0.000117s ]
INFO: [ app_begin ] --START--
INFO: Run Behavior\ReadHtmlCacheBehavior [ RunTime:0.000945s ]
INFO: [ app_begin ] --END-- [ RunTime:0.001056s ]
INFO: [ view_parse ] --START--
INFO: [ template_filter ] --START--
INFO: Run Behavior\ContentReplaceBehavior [ RunTime:0.000043s ]
INFO: [ template_filter ] --END-- [ RunTime:0.000110s ]
INFO: Run Behavior\ParseTemplateBehavior [ RunTime:0.006648s ]
INFO: [ view_parse ] --END-- [ RunTime:0.006761s ]
INFO: [ view_filter ] --START--
INFO: Run Behavior\WriteHtmlCacheBehavior [ RunTime:0.001118s ]
INFO: [ view_filter ] --END-- [ RunTime:0.001211s ]
INFO: [ app_end ] --START--
INFO: Run Behavior\ShowPageTraceBehavior [ RunTime:0.000789s ]
INFO: [ app_end ] --END-- [ RunTime:0.000858s ]

[ 2016-02-29T09:06:08+08:00 ] 127.0.0.1 /js(object)/zhoukao3/index.php
INFO: [ app_init ] --START--
INFO: Run Behavior\BuildLiteBehavior [ RunTime:0.000015s ]
INFO: [ app_init ] --END-- [ RunTime:0.000450s ]

[ 2016-02-29T09:07:43+08:00 ] 127.0.0.1 /js(object)/zhoukao3/index.php
INFO: [ app_init ] --START--
INFO: Run Behavior\BuildLiteBehavior [ RunTime:0.000051s ]
INFO: [ app_init ] --END-- [ RunTime:0.001061s ]

[ 2016-02-29T09:08:23+08:00 ] 127.0.0.1 /js(object)/zhoukao3/index.php
INFO: [ app_init ] --START--
INFO: Run Behavior\BuildLiteBehavior [ RunTime:0.000019s ]
INFO: [ app_init ] --END-- [ RunTime:0.000492s ]

[ 2016-02-29T09:08:26+08:00 ] 127.0.0.1 /js(object)/zhoukao3/index.php
INFO: [ app_init ] --START--
INFO: Run Behavior\BuildLiteBehavior [ RunTime:0.000082s ]
INFO: [ app_init ] --END-- [ RunTime:0.000822s ]

[ 2016-02-29T09:09:26+08:00 ] 127.0.0.1 /js(object)/zhoukao3/index.php
INFO: [ app_init ] --START--
INFO: Run Behavior\BuildLiteBehavior [ RunTime:0.000022s ]
INFO: [ app_init ] --END-- [ RunTime:0.000587s ]

[ 2016-02-29T09:09:52+08:00 ] 127.0.0.1 /js(object)/zhoukao3/index.php
INFO: [ app_init ] --START--
INFO: Run Behavior\BuildLiteBehavior [ RunTime:0.000017s ]
INFO: [ app_init ] --END-- [ RunTime:0.000388s ]

[ 2016-02-29T09:09:56+08:00 ] 127.0.0.1 /js(object)/zhoukao3/index.php
INFO: [ app_init ] --START--
INFO: Run Behavior\BuildLiteBehavior [ RunTime:0.000014s ]
INFO: [ app_init ] --END-- [ RunTime:0.000310s ]

[ 2016-02-29T09:09:58+08:00 ] 127.0.0.1 /js(object)/zhoukao3/index.php
INFO: [ app_init ] --START--
INFO: Run Behavior\BuildLiteBehavior [ RunTime:0.000014s ]
INFO: [ app_init ] --END-- [ RunTime:0.000341s ]

[ 2016-02-29T09:10:00+08:00 ] 127.0.0.1 /js(object)/zhoukao3/index.php
INFO: [ app_init ] --START--
INFO: Run Behavior\BuildLiteBehavior [ RunTime:0.000016s ]
INFO: [ app_init ] --END-- [ RunTime:0.000339s ]

[ 2016-02-29T09:10:32+08:00 ] 127.0.0.1 /js(object)/zhoukao3/index.php
INFO: [ app_init ] --START--
INFO: Run Behavior\BuildLiteBehavior [ RunTime:0.000027s ]
INFO: [ app_init ] --END-- [ RunTime:0.000743s ]

[ 2016-02-29T09:10:51+08:00 ] 127.0.0.1 /js(object)/zhoukao3/index.php/Home/Index/add/
INFO: [ app_init ] --START--
INFO: Run Behavior\BuildLiteBehavior [ RunTime:0.000012s ]
INFO: [ app_init ] --END-- [ RunTime:0.000310s ]

[ 2016-02-29T09:11:59+08:00 ] 127.0.0.1 /js(object)/zhoukao3/index.php
INFO: [ app_init ] --START--
INFO: Run Behavior\BuildLiteBehavior [ RunTime:0.000020s ]
INFO: [ app_init ] --END-- [ RunTime:0.000475s ]

[ 2016-02-29T09:12:01+08:00 ] 127.0.0.1 /js(object)/zhoukao3/index.php
INFO: [ app_init ] --START--
INFO: Run Behavior\BuildLiteBehavior [ RunTime:0.000032s ]
INFO: [ app_init ] --END-- [ RunTime:0.000711s ]

[ 2016-02-29T09:12:13+08:00 ] 127.0.0.1 /js(object)/zhoukao3/index.php
INFO: [ app_init ] --START--
INFO: Run Behavior\BuildLiteBehavior [ RunTime:0.000016s ]
INFO: [ app_init ] --END-- [ RunTime:0.000467s ]

[ 2016-02-29T09:12:32+08:00 ] 127.0.0.1 /js(object)/zhoukao3/index.php/Home/Index/add/
INFO: [ app_init ] --START--
INFO: Run Behavior\BuildLiteBehavior [ RunTime:0.000020s ]
INFO: [ app_init ] --END-- [ RunTime:0.000499s ]
ERR: 1146:Table 'test.day29' doesn't exist
 [ SQL语句 ] : SHOW COLUMNS FROM `day29`

[ 2016-02-29T09:13:29+08:00 ] 127.0.0.1 /js(object)/zhoukao3/index.php/Home/Index/add/
INFO: [ app_init ] --START--
INFO: Run Behavior\BuildLiteBehavior [ RunTime:0.000014s ]
INFO: [ app_init ] --END-- [ RunTime:0.000392s ]

[ 2016-02-29T09:13:32+08:00 ] 127.0.0.1 /js(object)/zhoukao3/index.php/Home/Index/add/
INFO: [ app_init ] --START--
INFO: Run Behavior\BuildLiteBehavior [ RunTime:0.000019s ]
INFO: [ app_init ] --END-- [ RunTime:0.000542s ]

[ 2016-02-29T09:13:38+08:00 ] 127.0.0.1 /js(object)/zhoukao3/index.php/Home/Index/add/
INFO: [ app_init ] --START--
INFO: Run Behavior\BuildLiteBehavior [ RunTime:0.000015s ]
INFO: [ app_init ] --END-- [ RunTime:0.000351s ]
ERR: 1146:Table 'test.day29' doesn't exist
 [ SQL语句 ] : SHOW COLUMNS FROM `day29`

[ 2016-02-29T09:18:17+08:00 ] 127.0.0.1 /js(object)/zhoukao3/index.php/Home/Index/add/
INFO: [ app_init ] --START--
INFO: Run Behavior\BuildLiteBehavior [ RunTime:0.000016s ]
INFO: [ app_init ] --END-- [ RunTime:0.000454s ]

[ 2016-02-29T09:18:26+08:00 ] 127.0.0.1 /js(object)/zhoukao3/index.php
INFO: [ app_init ] --START--
INFO: Run Behavior\BuildLiteBehavior [ RunTime:0.000018s ]
INFO: [ app_init ] --END-- [ RunTime:0.000363s ]

[ 2016-02-29T09:18:42+08:00 ] 127.0.0.1 /js(object)/zhoukao3/index.php/Home/Index/add/
INFO: [ app_init ] --START--
INFO: Run Behavior\BuildLiteBehavior [ RunTime:0.000023s ]
INFO: [ app_init ] --END-- [ RunTime:0.000520s ]
ERR: 1146:Table 'test.day29' doesn't exist
 [ SQL语句 ] : SHOW COLUMNS FROM `day29`

[ 2016-02-29T09:19:10+08:00 ] 127.0.0.1 /js(object)/zhoukao3/index.php/Home/Index/add/
INFO: [ app_init ] --START--
INFO: Run Behavior\BuildLiteBehavior [ RunTime:0.000015s ]
INFO: [ app_init ] --END-- [ RunTime:0.000343s ]

[ 2016-02-29T09:20:25+08:00 ] 127.0.0.1 /js(object)/zhoukao3/index.php
INFO: [ app_init ] --START--
INFO: Run Behavior\BuildLiteBehavior [ RunTime:0.000021s ]
INFO: [ app_init ] --END-- [ RunTime:0.000621s ]

[ 2016-02-29T09:20:35+08:00 ] 127.0.0.1 /js(object)/zhoukao3/index.php/Home/Index/add/
INFO: [ app_init ] --START--
INFO: Run Behavior\BuildLiteBehavior [ RunTime:0.000022s ]
INFO: [ app_init ] --END-- [ RunTime:0.000505s ]
ERR: 1146:Table 'test.day29' doesn't exist
 [ SQL语句 ] : SHOW COLUMNS FROM `day29`

[ 2016-02-29T09:21:26+08:00 ] 127.0.0.1 /js(object)/zhoukao3/index.php
INFO: [ app_init ] --START--
INFO: Run Behavior\BuildLiteBehavior [ RunTime:0.000021s ]
INFO: [ app_init ] --END-- [ RunTime:0.000548s ]

[ 2016-02-29T09:21:36+08:00 ] 127.0.0.1 /js(object)/zhoukao3/index.php/Home/Index/add/
INFO: [ app_init ] --START--
INFO: Run Behavior\BuildLiteBehavior [ RunTime:0.000023s ]
INFO: [ app_init ] --END-- [ RunTime:0.000605s ]

[ 2016-02-29T09:22:37+08:00 ] 127.0.0.1 /js(object)/zhoukao3/index.php/Home/Index/add/
INFO: [ app_init ] --START--
INFO: Run Behavior\BuildLiteBehavior [ RunTime:0.000015s ]
INFO: [ app_init ] --END-- [ RunTime:0.000461s ]

[ 2016-02-29T09:22:39+08:00 ] 127.0.0.1 /js(object)/zhoukao3/index.php/Home/Index/add/
INFO: [ app_init ] --START--
INFO: Run Behavior\BuildLiteBehavior [ RunTime:0.000015s ]
INFO: [ app_init ] --END-- [ RunTime:0.000350s ]

[ 2016-02-29T09:24:23+08:00 ] 127.0.0.1 /js(object)/zhoukao3/index.php
INFO: [ app_init ] --START--
INFO: Run Behavior\BuildLiteBehavior [ RunTime:0.000027s ]
INFO: [ app_init ] --END-- [ RunTime:0.000544s ]

[ 2016-02-29T09:24:25+08:00 ] 127.0.0.1 /js(object)/zhoukao3/index.php
INFO: [ app_init ] --START--
INFO: Run Behavior\BuildLiteBehavior [ RunTime:0.000026s ]
INFO: [ app_init ] --END-- [ RunTime:0.000557s ]

[ 2016-02-29T09:24:36+08:00 ] 127.0.0.1 /js(object)/zhoukao3/index.php/Home/Index/Upload/
INFO: [ app_init ] --START--
INFO: Run Behavior\BuildLiteBehavior [ RunTime:0.000016s ]
INFO: [ app_init ] --END-- [ RunTime:0.000400s ]
ERR: 1146:Table 'test.day29' doesn't exist
 [ SQL语句 ] : SHOW COLUMNS FROM `day29`

[ 2016-02-29T09:26:28+08:00 ] 127.0.0.1 /js(object)/zhoukao3/index.php
INFO: [ app_init ] --START--
INFO: Run Behavior\BuildLiteBehavior [ RunTime:0.000021s ]
INFO: [ app_init ] --END-- [ RunTime:0.000727s ]

[ 2016-02-29T09:26:38+08:00 ] 127.0.0.1 /js(object)/zhoukao3/index.php/Home/Index/add/
INFO: [ app_init ] --START--
INFO: Run Behavior\BuildLiteBehavior [ RunTime:0.000070s ]
INFO: [ app_init ] --END-- [ RunTime:0.001551s ]
ERR: 1146:Table 'test.day29' doesn't exist
 [ SQL语句 ] : SHOW COLUMNS FROM `day29`

[ 2016-02-29T09:28:00+08:00 ] 127.0.0.1 /js(object)/zhoukao3/index.php/Home/Index/add/
INFO: [ app_init ] --START--
INFO: Run Behavior\BuildLiteBehavior [ RunTime:0.000029s ]
INFO: [ app_init ] --END-- [ RunTime:0.000670s ]

[ 2016-02-29T09:30:06+08:00 ] 127.0.0.1 /js(object)/zhoukao3/index.php
INFO: [ app_init ] --START--
INFO: Run Behavior\BuildLiteBehavior [ RunTime:0.000021s ]
INFO: [ app_init ] --END-- [ RunTime:0.000611s ]

[ 2016-02-29T09:30:16+08:00 ] 127.0.0.1 /js(object)/zhoukao3/index.php/Home/Index/add/
INFO: [ app_init ] --START--
INFO: Run Behavior\BuildLiteBehavior [ RunTime:0.000016s ]
INFO: [ app_init ] --END-- [ RunTime:0.000610s ]

[ 2016-02-29T09:32:35+08:00 ] 127.0.0.1 /js(object)/zhoukao3/index.php
INFO: [ app_init ] --START--
INFO: Run Behavior\BuildLiteBehavior [ RunTime:0.000017s ]
INFO: [ app_init ] --END-- [ RunTime:0.000445s ]

[ 2016-02-29T09:32:38+08:00 ] 127.0.0.1 /js(object)/zhoukao3/index.php
INFO: [ app_init ] --START--
INFO: Run Behavior\BuildLiteBehavior [ RunTime:0.000016s ]
INFO: [ app_init ] --END-- [ RunTime:0.000441s ]

[ 2016-02-29T09:32:48+08:00 ] 127.0.0.1 /js(object)/zhoukao3/index.php/Home/Index/add/
INFO: [ app_init ] --START--
INFO: Run Behavior\BuildLiteBehavior [ RunTime:0.000025s ]
INFO: [ app_init ] --END-- [ RunTime:0.000568s ]
ERR: 1146:Table 'test.day29' doesn't exist
 [ SQL语句 ] : SHOW COLUMNS FROM `day29`

[ 2016-02-29T09:32:52+08:00 ] 127.0.0.1 /js(object)/zhoukao3/index.php/Home/Index/add/
INFO: [ app_init ] --START--
INFO: Run Behavior\BuildLiteBehavior [ RunTime:0.000014s ]
INFO: [ app_init ] --END-- [ RunTime:0.000330s ]

[ 2016-02-29T09:33:33+08:00 ] 127.0.0.1 /js(object)/zhoukao3/index.php
INFO: [ app_init ] --START--
INFO: Run Behavior\BuildLiteBehavior [ RunTime:0.000029s ]
INFO: [ app_init ] --END-- [ RunTime:0.000633s ]

[ 2016-02-29T09:33:43+08:00 ] 127.0.0.1 /js(object)/zhoukao3/index.php/Home/Index/add/
INFO: [ app_init ] --START--
INFO: Run Behavior\BuildLiteBehavior [ RunTime:0.000025s ]
INFO: [ app_init ] --END-- [ RunTime:0.000668s ]

[ 2016-02-29T09:35:21+08:00 ] 127.0.0.1 /js(object)/zhoukao3/index.php/Home/Index/add/
INFO: [ app_init ] --START--
INFO: Run Behavior\BuildLiteBehavior [ RunTime:0.000020s ]
INFO: [ app_init ] --END-- [ RunTime:0.000823s ]

[ 2016-02-29T09:35:23+08:00 ] 127.0.0.1 /js(object)/zhoukao3/index.php/Home/Index/add/
INFO: [ app_init ] --START--
INFO: Run Behavior\BuildLiteBehavior [ RunTime:0.000038s ]
INFO: [ app_init ] --END-- [ RunTime:0.000873s ]

[ 2016-02-29T09:35:28+08:00 ] 127.0.0.1 /js(object)/zhoukao3/index.php
INFO: [ app_init ] --START--
INFO: Run Behavior\BuildLiteBehavior [ RunTime:0.000021s ]
INFO: [ app_init ] --END-- [ RunTime:0.000766s ]

[ 2016-02-29T09:35:39+08:00 ] 127.0.0.1 /js(object)/zhoukao3/index.php/Home/Index/add/
INFO: [ app_init ] --START--
INFO: Run Behavior\BuildLiteBehavior [ RunTime:0.000016s ]
INFO: [ app_init ] --END-- [ RunTime:0.000417s ]
ERR: 1146:Table 'test.day29' doesn't exist
 [ SQL语句 ] : SHOW COLUMNS FROM `day29`

[ 2016-02-29T09:37:56+08:00 ] 127.0.0.1 /js(object)/zhoukao3/index.php/Home/Index/add/
INFO: [ app_init ] --START--
INFO: Run Behavior\BuildLiteBehavior [ RunTime:0.000020s ]
INFO: [ app_init ] --END-- [ RunTime:0.000542s ]

[ 2016-02-29T09:38:01+08:00 ] 127.0.0.1 /js(object)/zhoukao3/index.php
INFO: [ app_init ] --START--
INFO: Run Behavior\BuildLiteBehavior [ RunTime:0.000015s ]
INFO: [ app_init ] --END-- [ RunTime:0.000341s ]

[ 2016-02-29T09:38:13+08:00 ] 127.0.0.1 /js(object)/zhoukao3/index.php
INFO: [ app_init ] --START--
INFO: Run Behavior\BuildLiteBehavior [ RunTime:0.000026s ]
INFO: [ app_init ] --END-- [ RunTime:0.000564s ]

[ 2016-02-29T09:38:25+08:00 ] 127.0.0.1 /js(object)/zhoukao3/index.php/Home/Index/add/
INFO: [ app_init ] --START--
INFO: Run Behavior\BuildLiteBehavior [ RunTime:0.000023s ]
INFO: [ app_init ] --END-- [ RunTime:0.000468s ]
ERR: 1146:Table 'test.day29' doesn't exist
 [ SQL语句 ] : SHOW COLUMNS FROM `day29`

[ 2016-02-29T09:38:28+08:00 ] 127.0.0.1 /js(object)/zhoukao3/index.php/Home/Index/add/
INFO: [ app_init ] --START--
INFO: Run Behavior\BuildLiteBehavior [ RunTime:0.000018s ]
INFO: [ app_init ] --END-- [ RunTime:0.000540s ]
ERR: 1146:Table 'test.day29' doesn't exist
 [ SQL语句 ] : SHOW COLUMNS FROM `day29`

[ 2016-02-29T09:38:33+08:00 ] 127.0.0.1 /js(object)/zhoukao3/index.php/Home/Index/add/
INFO: [ app_init ] --START--
INFO: Run Behavior\BuildLiteBehavior [ RunTime:0.000014s ]
INFO: [ app_init ] --END-- [ RunTime:0.000394s ]
ERR: 1146:Table 'test.day29' doesn't exist
 [ SQL语句 ] : SHOW COLUMNS FROM `day29`

[ 2016-02-29T09:39:51+08:00 ] 127.0.0.1 /js(object)/zhoukao3/index.php/Home/Index/add/
INFO: [ app_init ] --START--
INFO: Run Behavior\BuildLiteBehavior [ RunTime:0.000014s ]
INFO: [ app_init ] --END-- [ RunTime:0.000336s ]

[ 2016-02-29T09:40:04+08:00 ] 127.0.0.1 /js(object)/zhoukao3/index.php/Home/Index/add/
INFO: [ app_init ] --START--
INFO: Run Behavior\BuildLiteBehavior [ RunTime:0.000013s ]
INFO: [ app_init ] --END-- [ RunTime:0.000372s ]
ERR: 1146:Table 'test.day29' doesn't exist
 [ SQL语句 ] : SHOW COLUMNS FROM `day29`

[ 2016-02-29T09:40:07+08:00 ] 127.0.0.1 /js(object)/zhoukao3/index.php/Home/Index/add/
INFO: [ app_init ] --START--
INFO: Run Behavior\BuildLiteBehavior [ RunTime:0.000025s ]
INFO: [ app_init ] --END-- [ RunTime:0.000635s ]

[ 2016-02-29T09:40:35+08:00 ] 127.0.0.1 /js(object)/zhoukao3/index.php
INFO: [ app_init ] --START--
INFO: Run Behavior\BuildLiteBehavior [ RunTime:0.000049s ]
INFO: [ app_init ] --END-- [ RunTime:0.001012s ]

[ 2016-02-29T09:40:35+08:00 ] 127.0.0.1 /js(object)/zhoukao3/index.php
INFO: [ app_init ] --START--
INFO: Run Behavior\BuildLiteBehavior [ RunTime:0.000018s ]
INFO: [ app_init ] --END-- [ RunTime:0.000424s ]

[ 2016-02-29T09:40:36+08:00 ] 127.0.0.1 /js(object)/zhoukao3/index.php
INFO: [ app_init ] --START--
INFO: Run Behavior\BuildLiteBehavior [ RunTime:0.000016s ]
INFO: [ app_init ] --END-- [ RunTime:0.000404s ]

[ 2016-02-29T09:40:37+08:00 ] 127.0.0.1 /js(object)/zhoukao3/index.php
INFO: [ app_init ] --START--
INFO: Run Behavior\BuildLiteBehavior [ RunTime:0.000033s ]
INFO: [ app_init ] --END-- [ RunTime:0.000659s ]

[ 2016-02-29T09:40:47+08:00 ] 127.0.0.1 /js(object)/zhoukao3/index.php/Home/Index/add/
INFO: [ app_init ] --START--
INFO: Run Behavior\BuildLiteBehavior [ RunTime:0.000013s ]
INFO: [ app_init ] --END-- [ RunTime:0.000326s ]
ERR: 1146:Table 'test.day29' doesn't exist
 [ SQL语句 ] : SHOW COLUMNS FROM `day29`

[ 2016-02-29T09:44:28+08:00 ] 127.0.0.1 /js(object)/zhoukao3/index.php/Home/Index/add/
INFO: [ app_init ] --START--
INFO: Run Behavior\BuildLiteBehavior [ RunTime:0.000032s ]
INFO: [ app_init ] --END-- [ RunTime:0.000803s ]
ERR: 非法操作:add

[ 2016-02-29T09:45:32+08:00 ] 127.0.0.1 /js(object)/zhoukao3/index.php/Home/Index/add/
INFO: [ app_init ] --START--
INFO: Run Behavior\BuildLiteBehavior [ RunTime:0.000076s ]
INFO: [ app_init ] --END-- [ RunTime:0.001215s ]
ERR: 非法操作:add

[ 2016-02-29T09:45:34+08:00 ] 127.0.0.1 /js(object)/zhoukao3/index.php/Home/Index/add/
INFO: [ app_init ] --START--
INFO: Run Behavior\BuildLiteBehavior [ RunTime:0.000014s ]
INFO: [ app_init ] --END-- [ RunTime:0.000338s ]
ERR: 非法操作:add

[ 2016-02-29T09:45:38+08:00 ] 127.0.0.1 /js(object)/zhoukao3/index.php
INFO: [ app_init ] --START--
INFO: Run Behavior\BuildLiteBehavior [ RunTime:0.000015s ]
INFO: [ app_init ] --END-- [ RunTime:0.000364s ]

[ 2016-02-29T09:45:48+08:00 ] 127.0.0.1 /js(object)/zhoukao3/index.php/Home/Index/Upload/
INFO: [ app_init ] --START--
INFO: Run Behavior\BuildLiteBehavior [ RunTime:0.000020s ]
INFO: [ app_init ] --END-- [ RunTime:0.000486s ]
ERR: 1146:Table 'test.day29' doesn't exist
 [ SQL语句 ] : SHOW COLUMNS FROM `day29`

[ 2016-02-29T09:46:44+08:00 ] 127.0.0.1 /js(object)/zhoukao3/index.php
INFO: [ app_init ] --START--
INFO: Run Behavior\BuildLiteBehavior [ RunTime:0.000035s ]
INFO: [ app_init ] --END-- [ RunTime:0.000798s ]

[ 2016-02-29T09:46:46+08:00 ] 127.0.0.1 /js(object)/zhoukao3/index.php
INFO: [ app_init ] --START--
INFO: Run Behavior\BuildLiteBehavior [ RunTime:0.000032s ]
INFO: [ app_init ] --END-- [ RunTime:0.000756s ]

[ 2016-02-29T09:46:48+08:00 ] 127.0.0.1 /js(object)/zhoukao3/index.php
INFO: [ app_init ] --START--
INFO: Run Behavior\BuildLiteBehavior [ RunTime:0.000013s ]
INFO: [ app_init ] --END-- [ RunTime:0.000318s ]

[ 2016-02-29T09:46:58+08:00 ] 127.0.0.1 /js(object)/zhoukao3/index.php/Home/Index/Upload/
INFO: [ app_init ] --START--
INFO: Run Behavior\BuildLiteBehavior [ RunTime:0.000016s ]
INFO: [ app_init ] --END-- [ RunTime:0.000370s ]
ERR: 1146:Table 'test.day29' doesn't exist
 [ SQL语句 ] : SHOW COLUMNS FROM `day29`

[ 2016-02-29T09:51:04+08:00 ] 127.0.0.1 /js(object)/zhoukao3/index.php/Home/Index/Upload/
INFO: [ app_init ] --START--
INFO: Run Behavior\BuildLiteBehavior [ RunTime:0.000016s ]
INFO: [ app_init ] --END-- [ RunTime:0.000411s ]
ERR: 非法操作:Upload

[ 2016-02-29T09:51:07+08:00 ] 127.0.0.1 /js(object)/zhoukao3/index.php/Home/Index/Upload/
INFO: [ app_init ] --START--
INFO: Run Behavior\BuildLiteBehavior [ RunTime:0.000025s ]
INFO: [ app_init ] --END-- [ RunTime:0.000555s ]
ERR: 非法操作:Upload

[ 2016-02-29T09:51:09+08:00 ] 127.0.0.1 /js(object)/zhoukao3/index.php/Home/Index/Upload/
INFO: [ app_init ] --START--
INFO: Run Behavior\BuildLiteBehavior [ RunTime:0.000014s ]
INFO: [ app_init ] --END-- [ RunTime:0.000340s ]
ERR: 非法操作:Upload

[ 2016-02-29T09:52:09+08:00 ] 127.0.0.1 /js(object)/zhoukao3/index.php/Home/Index/Upload/
INFO: [ app_init ] --START--
INFO: Run Behavior\BuildLiteBehavior [ RunTime:0.000034s ]
INFO: [ app_init ] --END-- [ RunTime:0.000811s ]
ERR: 非法操作:Upload

[ 2016-02-29T09:52:11+08:00 ] 127.0.0.1 /js(object)/zhoukao3/index.php/Home/Index/Upload/
INFO: [ app_init ] --START--
INFO: Run Behavior\BuildLiteBehavior [ RunTime:0.000022s ]
INFO: [ app_init ] --END-- [ RunTime:0.000518s ]
ERR: 非法操作:Upload

[ 2016-02-29T09:52:27+08:00 ] 127.0.0.1 /js(object)/zhoukao3/index.php
INFO: [ app_init ] --START--
INFO: Run Behavior\BuildLiteBehavior [ RunTime:0.000022s ]
INFO: [ app_init ] --END-- [ RunTime:0.000527s ]

[ 2016-02-29T09:52:30+08:00 ] 127.0.0.1 /js(object)/zhoukao3/index.php
INFO: [ app_init ] --START--
INFO: Run Behavior\BuildLiteBehavior [ RunTime:0.000070s ]
INFO: [ app_init ] --END-- [ RunTime:0.001058s ]

[ 2016-02-29T09:52:41+08:00 ] 127.0.0.1 /js(object)/zhoukao3/index.php/Home/Index/add/
INFO: [ app_init ] --START--
INFO: Run Behavior\BuildLiteBehavior [ RunTime:0.000014s ]
INFO: [ app_init ] --END-- [ RunTime:0.000347s ]

[ 2016-02-29T09:52:42+08:00 ] 127.0.0.1 /js(object)/zhoukao3/index.php/Home/Index/show.html
INFO: [ app_init ] --START--
INFO: Run Behavior\BuildLiteBehavior [ RunTime:0.000031s ]
INFO: [ app_init ] --END-- [ RunTime:0.000785s ]

[ 2016-02-29T09:59:26+08:00 ] 127.0.0.1 /js(object)/zhoukao3/index.php/Home/Index/add/
INFO: [ app_init ] --START--
INFO: Run Behavior\BuildLiteBehavior [ RunTime:0.000023s ]
INFO: [ app_init ] --END-- [ RunTime:0.000672s ]

[ 2016-02-29T09:59:27+08:00 ] 127.0.0.1 /js(object)/zhoukao3/index.php/Home/Index/show.html
INFO: [ app_init ] --START--
INFO: Run Behavior\BuildLiteBehavior [ RunTime:0.000015s ]
INFO: [ app_init ] --END-- [ RunTime:0.000355s ]

[ 2016-02-29T10:00:00+08:00 ] 127.0.0.1 /js(object)/zhoukao3/index.php/Home/Index/add/
INFO: [ app_init ] --START--
INFO: Run Behavior\BuildLiteBehavior [ RunTime:0.000014s ]
INFO: [ app_init ] --END-- [ RunTime:0.000471s ]

[ 2016-02-29T10:00:01+08:00 ] 127.0.0.1 /js(object)/zhoukao3/index.php/Home/Index/show.html
INFO: [ app_init ] --START--
INFO: Run Behavior\BuildLiteBehavior [ RunTime:0.000022s ]
INFO: [ app_init ] --END-- [ RunTime:0.000508s ]

[ 2016-02-29T10:00:06+08:00 ] 127.0.0.1 /js(object)/zhoukao3/index.php/Home/Index/add/
INFO: [ app_init ] --START--
INFO: Run Behavior\BuildLiteBehavior [ RunTime:0.000016s ]
INFO: [ app_init ] --END-- [ RunTime:0.000351s ]

[ 2016-02-29T10:00:07+08:00 ] 127.0.0.1 /js(object)/zhoukao3/index.php/Home/Index/show.html
INFO: [ app_init ] --START--
INFO: Run Behavior\BuildLiteBehavior [ RunTime:0.000018s ]
INFO: [ app_init ] --END-- [ RunTime:0.000351s ]

[ 2016-02-29T10:00:22+08:00 ] 127.0.0.1 /js(object)/zhoukao3/index.php/Home/Index/show/p/2.html
INFO: [ app_init ] --START--
INFO: Run Behavior\BuildLiteBehavior [ RunTime:0.000015s ]
INFO: [ app_init ] --END-- [ RunTime:0.000336s ]

[ 2016-02-29T10:00:28+08:00 ] 127.0.0.1 /js(object)/zhoukao3/index.php/Home/Index/add/
INFO: [ app_init ] --START--
INFO: Run Behavior\BuildLiteBehavior [ RunTime:0.000021s ]
INFO: [ app_init ] --END-- [ RunTime:0.000529s ]

[ 2016-02-29T10:00:29+08:00 ] 127.0.0.1 /js(object)/zhoukao3/index.php/Home/Index/show.html
INFO: [ app_init ] --START--
INFO: Run Behavior\BuildLiteBehavior [ RunTime:0.000037s ]
INFO: [ app_init ] --END-- [ RunTime:0.001655s ]

[ 2016-02-29T10:00:35+08:00 ] 127.0.0.1 /js(object)/zhoukao3/index.php/Home/Index/add/
INFO: [ app_init ] --START--
INFO: Run Behavior\BuildLiteBehavior [ RunTime:0.000025s ]
INFO: [ app_init ] --END-- [ RunTime:0.001704s ]

[ 2016-02-29T10:00:36+08:00 ] 127.0.0.1 /js(object)/zhoukao3/index.php/Home/Index/show.html
INFO: [ app_init ] --START--
INFO: Run Behavior\BuildLiteBehavior [ RunTime:0.000016s ]
INFO: [ app_init ] --END-- [ RunTime:0.000384s ]

[ 2016-02-29T10:00:39+08:00 ] 127.0.0.1 /js(object)/zhoukao3/index.php/Home/Index/show.html
INFO: [ app_init ] --START--
INFO: Run Behavior\BuildLiteBehavior [ RunTime:0.000015s ]
INFO: [ app_init ] --END-- [ RunTime:0.000351s ]

[ 2016-02-29T10:00:41+08:00 ] 127.0.0.1 /js(object)/zhoukao3/index.php/Home/Index/show/p/2.html
INFO: [ app_init ] --START--
INFO: Run Behavior\BuildLiteBehavior [ RunTime:0.000017s ]
INFO: [ app_init ] --END-- [ RunTime:0.000389s ]

[ 2016-02-29T10:00:54+08:00 ] 127.0.0.1 /js(object)/zhoukao3/index.php/Home/Index/add/
INFO: [ app_init ] --START--
INFO: Run Behavior\BuildLiteBehavior [ RunTime:0.000024s ]
INFO: [ app_init ] --END-- [ RunTime:0.000577s ]

[ 2016-02-29T10:00:55+08:00 ] 127.0.0.1 /js(object)/zhoukao3/index.php/Home/Index/show.html
INFO: [ app_init ] --START--
INFO: Run Behavior\BuildLiteBehavior [ RunTime:0.000030s ]
INFO: [ app_init ] --END-- [ RunTime:0.000574s ]

[ 2016-02-29T10:00:57+08:00 ] 127.0.0.1 /js(object)/zhoukao3/index.php/Home/Index/show/p/3.html
INFO: [ app_init ] --START--
INFO: Run Behavior\BuildLiteBehavior [ RunTime:0.000015s ]
INFO: [ app_init ] --END-- [ RunTime:0.000332s ]

[ 2016-02-29T10:01:03+08:00 ] 127.0.0.1 /js(object)/zhoukao3/index.php/Home/Index/add/
INFO: [ app_init ] --START--
INFO: Run Behavior\BuildLiteBehavior [ RunTime:0.000093s ]
INFO: [ app_init ] --END-- [ RunTime:0.003188s ]

[ 2016-02-29T10:01:04+08:00 ] 127.0.0.1 /js(object)/zhoukao3/index.php/Home/Index/show.html
INFO: [ app_init ] --START--
INFO: Run Behavior\BuildLiteBehavior [ RunTime:0.000068s ]
INFO: [ app_init ] --END-- [ RunTime:0.002981s ]

[ 2016-02-29T10:01:08+08:00 ] 127.0.0.1 /js(object)/zhoukao3/index.php/Home/Index/add/
INFO: [ app_init ] --START--
INFO: Run Behavior\BuildLiteBehavior [ RunTime:0.000014s ]
INFO: [ app_init ] --END-- [ RunTime:0.000341s ]

[ 2016-02-29T10:01:09+08:00 ] 127.0.0.1 /js(object)/zhoukao3/index.php/Home/Index/show.html
INFO: [ app_init ] --START--
INFO: Run Behavior\BuildLiteBehavior [ RunTime:0.000028s ]
INFO: [ app_init ] --END-- [ RunTime:0.000813s ]

[ 2016-02-29T10:01:11+08:00 ] 127.0.0.1 /js(object)/zhoukao3/index.php/Home/Index/show/p/3.html
INFO: [ app_init ] --START--
INFO: Run Behavior\BuildLiteBehavior [ RunTime:0.000014s ]
INFO: [ app_init ] --END-- [ RunTime:0.000355s ]

[ 2016-02-29T10:42:26+08:00 ] 127.0.0.1 /js(object)/zhoukao3/index.php
INFO: [ app_init ] --START--
INFO: Run Behavior\BuildLiteBehavior [ RunTime:0.000016s ]
INFO: [ app_init ] --END-- [ RunTime:0.000453s ]

[ 2016-02-29T10:42:37+08:00 ] 127.0.0.1 /js(object)/zhoukao3/index.php/Home/Index/add/
INFO: [ app_init ] --START--
INFO: Run Behavior\BuildLiteBehavior [ RunTime:0.000014s ]
INFO: [ app_init ] --END-- [ RunTime:0.000348s ]

[ 2016-02-29T10:42:39+08:00 ] 127.0.0.1 /js(object)/zhoukao3/index.php/Home/Index/show.html
INFO: [ app_init ] --START--
INFO: Run Behavior\BuildLiteBehavior [ RunTime:0.000044s ]
INFO: [ app_init ] --END-- [ RunTime:0.000612s ]

[ 2016-02-29T10:42:42+08:00 ] 127.0.0.1 /js(object)/zhoukao3/index.php/Home/Index/show/p/4.html
INFO: [ app_init ] --START--
INFO: Run Behavior\BuildLiteBehavior [ RunTime:0.000022s ]
INFO: [ app_init ] --END-- [ RunTime:0.000653s ]

[ 2016-02-29T10:42:44+08:00 ] 127.0.0.1 /js(object)/zhoukao3/index.php/Home/Index/show/p/3.html
INFO: [ app_init ] --START--
INFO: Run Behavior\BuildLiteBehavior [ RunTime:0.000020s ]
INFO: [ app_init ] --END-- [ RunTime:0.000601s ]

[ 2016-02-29T10:42:46+08:00 ] 127.0.0.1 /js(object)/zhoukao3/index.php/Home/Index/delete/id/9
INFO: [ app_init ] --START--
INFO: Run Behavior\BuildLiteBehavior [ RunTime:0.000016s ]
INFO: [ app_init ] --END-- [ RunTime:0.000401s ]

[ 2016-02-29T10:42:49+08:00 ] 127.0.0.1 /js(object)/zhoukao3/index.php/Home/Index/show.html
INFO: [ app_init ] --START--
INFO: Run Behavior\BuildLiteBehavior [ RunTime:0.000015s ]
INFO: [ app_init ] --END-- [ RunTime:0.000439s ]

[ 2016-02-29T10:57:32+08:00 ] 127.0.0.1 /js(object)/zhoukao3/index.php/Home/Index/show.html
INFO: [ app_init ] --START--
INFO: Run Behavior\BuildLiteBehavior [ RunTime:0.000015s ]
INFO: [ app_init ] --END-- [ RunTime:0.000458s ]

[ 2016-02-29T10:57:36+08:00 ] 127.0.0.1 /js(object)/zhoukao3/index.php/Home/Index/show_one/id/3
INFO: [ app_init ] --START--
INFO: Run Behavior\BuildLiteBehavior [ RunTime:0.000015s ]
INFO: [ app_init ] --END-- [ RunTime:0.000388s ]

[ 2016-02-29T10:58:19+08:00 ] 127.0.0.1 /js(object)/zhoukao3/index.php/Home/Index/show_one/id/3
INFO: [ app_init ] --START--
INFO: Run Behavior\BuildLiteBehavior [ RunTime:0.000013s ]
INFO: [ app_init ] --END-- [ RunTime:0.000389s ]

[ 2016-02-29T10:58:31+08:00 ] 127.0.0.1 /js(object)/zhoukao3/index.php/Home/Index/update/
INFO: [ app_init ] --START--
INFO: Run Behavior\BuildLiteBehavior [ RunTime:0.000014s ]
INFO: [ app_init ] --END-- [ RunTime:0.000409s ]

[ 2016-02-29T11:01:33+08:00 ] 127.0.0.1 /js(object)/zhoukao3/index.php/Home/Index/show_one/id/3
INFO: [ app_init ] --START--
INFO: Run Behavior\BuildLiteBehavior [ RunTime:0.000028s ]
INFO: [ app_init ] --END-- [ RunTime:0.000741s ]

[ 2016-02-29T11:01:35+08:00 ] 127.0.0.1 /js(object)/zhoukao3/index.php/Home/Index/show_one/id/3
INFO: [ app_init ] --START--
INFO: Run Behavior\BuildLiteBehavior [ RunTime:0.000014s ]
INFO: [ app_init ] --END-- [ RunTime:0.000409s ]

[ 2016-02-29T11:01:35+08:00 ] 127.0.0.1 /js(object)/zhoukao3/index.php/Home/Index/show_one/id/3
INFO: [ app_init ] --START--
INFO: Run Behavior\BuildLiteBehavior [ RunTime:0.000032s ]
INFO: [ app_init ] --END-- [ RunTime:0.000703s ]

[ 2016-02-29T11:01:36+08:00 ] 127.0.0.1 /js(object)/zhoukao3/index.php/Home/Index/show_one/id/3
INFO: [ app_init ] --START--
INFO: Run Behavior\BuildLiteBehavior [ RunTime:0.000014s ]
INFO: [ app_init ] --END-- [ RunTime:0.000334s ]

[ 2016-02-29T11:01:36+08:00 ] 127.0.0.1 /js(object)/zhoukao3/index.php/Home/Index/show_one/id/3
INFO: [ app_init ] --START--
INFO: Run Behavior\BuildLiteBehavior [ RunTime:0.000029s ]
INFO: [ app_init ] --END-- [ RunTime:0.000898s ]

[ 2016-02-29T11:01:44+08:00 ] 127.0.0.1 /js(object)/zhoukao3/index.php/Home/Index/update/
INFO: [ app_init ] --START--
INFO: Run Behavior\BuildLiteBehavior [ RunTime:0.000014s ]
INFO: [ app_init ] --END-- [ RunTime:0.000359s ]

[ 2016-02-29T11:01:53+08:00 ] 127.0.0.1 /js(object)/zhoukao3/index.php/Home/Index/show.html
INFO: [ app_init ] --START--
INFO: Run Behavior\BuildLiteBehavior [ RunTime:0.000020s ]
INFO: [ app_init ] --END-- [ RunTime:0.000500s ]

[ 2016-02-29T11:01:55+08:00 ] 127.0.0.1 /js(object)/zhoukao3/index.php/Home/Index/show_one/id/3
INFO: [ app_init ] --START--
INFO: Run Behavior\BuildLiteBehavior [ RunTime:0.000015s ]
INFO: [ app_init ] --END-- [ RunTime:0.000360s ]

[ 2016-02-29T11:02:03+08:00 ] 127.0.0.1 /js(object)/zhoukao3/index.php/Home/Index/update/
INFO: [ app_init ] --START--
INFO: Run Behavior\BuildLiteBehavior [ RunTime:0.000014s ]
INFO: [ app_init ] --END-- [ RunTime:0.000372s ]

[ 2016-02-29T11:04:40+08:00 ] 127.0.0.1 /js(object)/zhoukao3/index.php/Home/Index/show_one/id/3
INFO: [ app_init ] --START--
INFO: Run Behavior\BuildLiteBehavior [ RunTime:0.000017s ]
INFO: [ app_init ] --END-- [ RunTime:0.000467s ]

[ 2016-02-29T11:04:42+08:00 ] 127.0.0.1 /js(object)/zhoukao3/index.php/Home/Index/show_one/id/3
INFO: [ app_init ] --START--
INFO: Run Behavior\BuildLiteBehavior [ RunTime:0.000030s ]
INFO: [ app_init ] --END-- [ RunTime:0.000429s ]

[ 2016-02-29T11:04:44+08:00 ] 127.0.0.1 /js(object)/zhoukao3/index.php/Home/Index/show_one/id/3
INFO: [ app_init ] --START--
INFO: Run Behavior\BuildLiteBehavior [ RunTime:0.000015s ]
INFO: [ app_init ] --END-- [ RunTime:0.000342s ]

[ 2016-02-29T11:04:52+08:00 ] 127.0.0.1 /js(object)/zhoukao3/index.php/Home/Index/update/
INFO: [ app_init ] --START--
INFO: Run Behavior\BuildLiteBehavior [ RunTime:0.000025s ]
INFO: [ app_init ] --END-- [ RunTime:0.000669s ]

[ 2016-02-29T11:07:06+08:00 ] 127.0.0.1 /js(object)/zhoukao3/index.php/Home/Index/update/
INFO: [ app_init ] --START--
INFO: Run Behavior\BuildLiteBehavior [ RunTime:0.000021s ]
INFO: [ app_init ] --END-- [ RunTime:0.000461s ]

[ 2016-02-29T11:11:31+08:00 ] 127.0.0.1 /js(object)/zhoukao3/index.php/Home/Index/show_one/id/3
INFO: [ app_init ] --START--
INFO: Run Behavior\BuildLiteBehavior [ RunTime:0.000025s ]
INFO: [ app_init ] --END-- [ RunTime:0.000601s ]

[ 2016-02-29T11:11:32+08:00 ] 127.0.0.1 /js(object)/zhoukao3/index.php/Home/Index/update/
INFO: [ app_init ] --START--
INFO: Run Behavior\BuildLiteBehavior [ RunTime:0.000031s ]
INFO: [ app_init ] --END-- [ RunTime:0.000638s ]

[ 2016-02-29T11:12:39+08:00 ] 127.0.0.1 /js(object)/zhoukao3/index.php/Home/Index/show.html
INFO: [ app_init ] --START--
INFO: Run Behavior\BuildLiteBehavior [ RunTime:0.000020s ]
INFO: [ app_init ] --END-- [ RunTime:0.000488s ]

[ 2016-02-29T11:12:39+08:00 ] 127.0.0.1 /js(object)/zhoukao3/index.php/Home/Index/show.html
INFO: [ app_init ] --START--
INFO: Run Behavior\BuildLiteBehavior [ RunTime:0.000025s ]
INFO: [ app_init ] --END-- [ RunTime:0.000623s ]

[ 2016-02-29T11:12:40+08:00 ] 127.0.0.1 /js(object)/zhoukao3/index.php/Home/Index/show_one/id/1
INFO: [ app_init ] --START--
INFO: Run Behavior\BuildLiteBehavior [ RunTime:0.000014s ]
INFO: [ app_init ] --END-- [ RunTime:0.000398s ]

[ 2016-02-29T11:12:43+08:00 ] 127.0.0.1 /js(object)/zhoukao3/index.php/Home/Index/update/
INFO: [ app_init ] --START--
INFO: Run Behavior\BuildLiteBehavior [ RunTime:0.000016s ]
INFO: [ app_init ] --END-- [ RunTime:0.000451s ]

[ 2016-02-29T11:12:56+08:00 ] 127.0.0.1 /js(object)/zhoukao3/index.php/Home/Index/delete/id/9
INFO: [ app_init ] --START--
INFO: Run Behavior\BuildLiteBehavior [ RunTime:0.000018s ]
INFO: [ app_init ] --END-- [ RunTime:0.000376s ]

[ 2016-02-29T11:12:56+08:00 ] 127.0.0.1 /js(object)/zhoukao3/index.php/Home/Index/delete/id/9
INFO: [ app_init ] --START--
INFO: Run Behavior\BuildLiteBehavior [ RunTime:0.000026s ]
INFO: [ app_init ] --END-- [ RunTime:0.000591s ]

[ 2016-02-29T11:12:59+08:00 ] 127.0.0.1 /js(object)/zhoukao3/index.php/Home/Index/show/p/3.html
INFO: [ app_init ] --START--
INFO: Run Behavior\BuildLiteBehavior [ RunTime:0.000015s ]
INFO: [ app_init ] --END-- [ RunTime:0.000385s ]

[ 2016-02-29T11:12:59+08:00 ] 127.0.0.1 /js(object)/zhoukao3/index.php/Home/Index/show/p/3.html
INFO: [ app_init ] --START--
INFO: Run Behavior\BuildLiteBehavior [ RunTime:0.000013s ]
INFO: [ app_init ] --END-- [ RunTime:0.000390s ]

[ 2016-02-29T11:13:00+08:00 ] 127.0.0.1 /js(object)/zhoukao3/index.php/Home/Index/show_one/id/8
INFO: [ app_init ] --START--
INFO: Run Behavior\BuildLiteBehavior [ RunTime:0.000014s ]
INFO: [ app_init ] --END-- [ RunTime:0.000344s ]

[ 2016-02-29T11:13:03+08:00 ] 127.0.0.1 /js(object)/zhoukao3/index.php/Home/Index/update/
INFO: [ app_init ] --START--
INFO: Run Behavior\BuildLiteBehavior [ RunTime:0.000139s ]
INFO: [ app_init ] --END-- [ RunTime:0.001243s ]

[ 2016-02-29T11:13:39+08:00 ] 127.0.0.1 /js(object)/zhoukao3/index.php/Home/Index/show_one/id/8
INFO: [ app_init ] --START--
INFO: Run Behavior\BuildLiteBehavior [ RunTime:0.000017s ]
INFO: [ app_init ] --END-- [ RunTime:0.000449s ]

[ 2016-02-29T11:13:39+08:00 ] 127.0.0.1 /js(object)/zhoukao3/index.php/Home/Index/show_one/id/8
INFO: [ app_init ] --START--
INFO: Run Behavior\BuildLiteBehavior [ RunTime:0.000022s ]
INFO: [ app_init ] --END-- [ RunTime:0.000507s ]

[ 2016-02-29T11:13:43+08:00 ] 127.0.0.1 /js(object)/zhoukao3/index.php/Home/Index/update/
INFO: [ app_init ] --START--
INFO: Run Behavior\BuildLiteBehavior [ RunTime:0.000076s ]
INFO: [ app_init ] --END-- [ RunTime:0.001043s ]

[ 2016-02-29T11:14:53+08:00 ] 127.0.0.1 /js(object)/zhoukao3/index.php/Home/Index/show_one/id/8
INFO: [ app_init ] --START--
INFO: Run Behavior\BuildLiteBehavior [ RunTime:0.000020s ]
INFO: [ app_init ] --END-- [ RunTime:0.000562s ]

[ 2016-02-29T11:14:53+08:00 ] 127.0.0.1 /js(object)/zhoukao3/index.php/Home/Index/show_one/id/8
INFO: [ app_init ] --START--
INFO: Run Behavior\BuildLiteBehavior [ RunTime:0.000034s ]
INFO: [ app_init ] --END-- [ RunTime:0.000688s ]

[ 2016-02-29T11:14:56+08:00 ] 127.0.0.1 /js(object)/zhoukao3/index.php/Home/Index/update/
INFO: [ app_init ] --START--
INFO: Run Behavior\BuildLiteBehavior [ RunTime:0.000024s ]
INFO: [ app_init ] --END-- [ RunTime:0.000714s ]

[ 2016-02-29T11:15:07+08:00 ] 127.0.0.1 /js(object)/zhoukao3/index.php/Home/Index/show_one/id/8
INFO: [ app_init ] --START--
INFO: Run Behavior\BuildLiteBehavior [ RunTime:0.000026s ]
INFO: [ app_init ] --END-- [ RunTime:0.000533s ]

[ 2016-02-29T11:15:10+08:00 ] 127.0.0.1 /js(object)/zhoukao3/index.php/Home/Index/update/
INFO: [ app_init ] --START--
INFO: Run Behavior\BuildLiteBehavior [ RunTime:0.000014s ]
INFO: [ app_init ] --END-- [ RunTime:0.000351s ]

[ 2016-02-29T11:15:38+08:00 ] 127.0.0.1 /js(object)/zhoukao3/index.php/Home/Index/update/
INFO: [ app_init ] --START--
INFO: Run Behavior\BuildLiteBehavior [ RunTime:0.000014s ]
INFO: [ app_init ] --END-- [ RunTime:0.000368s ]

[ 2016-02-29T11:15:57+08:00 ] 127.0.0.1 /js(object)/zhoukao3/index.php/Home/Index/show_one/id/8
INFO: [ app_init ] --START--
INFO: Run Behavior\BuildLiteBehavior [ RunTime:0.000014s ]
INFO: [ app_init ] --END-- [ RunTime:0.000356s ]

[ 2016-02-29T11:15:57+08:00 ] 127.0.0.1 /js(object)/zhoukao3/index.php/Home/Index/show_one/id/8
INFO: [ app_init ] --START--
INFO: Run Behavior\BuildLiteBehavior [ RunTime:0.000032s ]
INFO: [ app_init ] --END-- [ RunTime:0.001536s ]

[ 2016-02-29T11:15:57+08:00 ] 127.0.0.1 /js(object)/zhoukao3/index.php/Home/Index/show_one/id/8
INFO: [ app_init ] --START--
INFO: Run Behavior\BuildLiteBehavior [ RunTime:0.000024s ]
INFO: [ app_init ] --END-- [ RunTime:0.000703s ]

[ 2016-02-29T11:16:00+08:00 ] 127.0.0.1 /js(object)/zhoukao3/index.php/Home/Index/update/
INFO: [ app_init ] --START--
INFO: Run Behavior\BuildLiteBehavior [ RunTime:0.000016s ]
INFO: [ app_init ] --END-- [ RunTime:0.000388s ]

[ 2016-02-29T11:16:08+08:00 ] 127.0.0.1 /js(object)/zhoukao3/index.php/Home/Index/show_one/id/8
INFO: [ app_init ] --START--
INFO: Run Behavior\BuildLiteBehavior [ RunTime:0.000023s ]
INFO: [ app_init ] --END-- [ RunTime:0.000474s ]

[ 2016-02-29T11:16:13+08:00 ] 127.0.0.1 /js(object)/zhoukao3/index.php/Home/Index/update/
INFO: [ app_init ] --START--
INFO: Run Behavior\BuildLiteBehavior [ RunTime:0.000025s ]
INFO: [ app_init ] --END-- [ RunTime:0.000589s ]

[ 2016-02-29T11:16:31+08:00 ] 127.0.0.1 /js(object)/zhoukao3/index.php/Home/Index/show_one/id/8
INFO: [ app_init ] --START--
INFO: Run Behavior\BuildLiteBehavior [ RunTime:0.000026s ]
INFO: [ app_init ] --END-- [ RunTime:0.000624s ]

[ 2016-02-29T11:16:31+08:00 ] 127.0.0.1 /js(object)/zhoukao3/index.php/Home/Index/show_one/id/8
INFO: [ app_init ] --START--
INFO: Run Behavior\BuildLiteBehavior [ RunTime:0.000024s ]
INFO: [ app_init ] --END-- [ RunTime:0.000607s ]

[ 2016-02-29T11:16:36+08:00 ] 127.0.0.1 /js(object)/zhoukao3/index.php/Home/Index/update/
INFO: [ app_init ] --START--
INFO: Run Behavior\BuildLiteBehavior [ RunTime:0.000023s ]
INFO: [ app_init ] --END-- [ RunTime:0.000517s ]

[ 2016-02-29T11:16:47+08:00 ] 127.0.0.1 /js(object)/zhoukao3/index.php/Home/Index/show_one/id/8
INFO: [ app_init ] --START--
INFO: Run Behavior\BuildLiteBehavior [ RunTime:0.000014s ]
INFO: [ app_init ] --END-- [ RunTime:0.000428s ]

[ 2016-02-29T11:16:48+08:00 ] 127.0.0.1 /js(object)/zhoukao3/index.php/Home/Index/show_one/id/8
INFO: [ app_init ] --START--
INFO: Run Behavior\BuildLiteBehavior [ RunTime:0.000030s ]
INFO: [ app_init ] --END-- [ RunTime:0.000698s ]

[ 2016-02-29T11:16:54+08:00 ] 127.0.0.1 /js(object)/zhoukao3/index.php/Home/Index/update/
INFO: [ app_init ] --START--
INFO: Run Behavior\BuildLiteBehavior [ RunTime:0.000016s ]
INFO: [ app_init ] --END-- [ RunTime:0.000406s ]

[ 2016-02-29T11:42:00+08:00 ] 127.0.0.1 /js(object)/zhoukao3/index.php
INFO: [ app_init ] --START--
INFO: Run Behavior\BuildLiteBehavior [ RunTime:0.000015s ]
INFO: [ app_init ] --END-- [ RunTime:0.000420s ]

[ 2016-02-29T11:42:02+08:00 ] 127.0.0.1 /js(object)/zhoukao3/index.php
INFO: [ app_init ] --START--
INFO: Run Behavior\BuildLiteBehavior [ RunTime:0.000016s ]
INFO: [ app_init ] --END-- [ RunTime:0.000640s ]

[ 2016-02-29T11:42:12+08:00 ] 127.0.0.1 /js(object)/zhoukao3/index.php/Home/Index/add/
INFO: [ app_init ] --START--
INFO: Run Behavior\BuildLiteBehavior [ RunTime:0.000025s ]
INFO: [ app_init ] --END-- [ RunTime:0.000629s ]

[ 2016-02-29T11:42:13+08:00 ] 127.0.0.1 /js(object)/zhoukao3/index.php/Home/Index/show.html
INFO: [ app_init ] --START--
INFO: Run Behavior\BuildLiteBehavior [ RunTime:0.000027s ]
INFO: [ app_init ] --END-- [ RunTime:0.000638s ]

[ 2016-02-29T11:42:17+08:00 ] 127.0.0.1 /js(object)/zhoukao3/index.php/Home/Index/show.html
INFO: [ app_init ] --START--
INFO: Run Behavior\BuildLiteBehavior [ RunTime:0.000014s ]
INFO: [ app_init ] --END-- [ RunTime:0.000317s ]

[ 2016-02-29T11:42:19+08:00 ] 127.0.0.1 /js(object)/zhoukao3/index.php/Home/Index/show/p/4.html
INFO: [ app_init ] --START--
INFO: Run Behavior\BuildLiteBehavior [ RunTime:0.000014s ]
INFO: [ app_init ] --END-- [ RunTime:0.000315s ]

[ 2016-02-29T11:42:22+08:00 ] 127.0.0.1 /js(object)/zhoukao3/index.php/Home/Index/show/p/3.html
INFO: [ app_init ] --START--
INFO: Run Behavior\BuildLiteBehavior [ RunTime:0.000025s ]
INFO: [ app_init ] --END-- [ RunTime:0.000597s ]

[ 2016-02-29T11:42:23+08:00 ] 127.0.0.1 /js(object)/zhoukao3/index.php/Home/Index/delete/id/10
INFO: [ app_init ] --START--
INFO: Run Behavior\BuildLiteBehavior [ RunTime:0.000032s ]
INFO: [ app_init ] --END-- [ RunTime:0.000548s ]

[ 2016-02-29T11:42:26+08:00 ] 127.0.0.1 /js(object)/zhoukao3/index.php/Home/Index/show.html
INFO: [ app_init ] --START--
INFO: Run Behavior\BuildLiteBehavior [ RunTime:0.000022s ]
INFO: [ app_init ] --END-- [ RunTime:0.000454s ]

[ 2016-02-29T11:42:29+08:00 ] 127.0.0.1 /js(object)/zhoukao3/index.php/Home/Index/show.html
INFO: [ app_init ] --START--
INFO: Run Behavior\BuildLiteBehavior [ RunTime:0.000015s ]
INFO: [ app_init ] --END-- [ RunTime:0.000383s ]

