[ 2016-02-28T18:50:59+08:00 ] 127.0.0.1 /js(object)/2-28/index.php
INFO: [ app_init ] --START--
INFO: Run Behavior\BuildLiteBehavior [ RunTime:0.000014s ]
INFO: [ app_init ] --END-- [ RunTime:0.000088s ]
INFO: [ app_begin ] --START--
INFO: Run Behavior\ReadHtmlCacheBehavior [ RunTime:0.000616s ]
INFO: [ app_begin ] --END-- [ RunTime:0.000678s ]
INFO: [ view_parse ] --START--
INFO: [ template_filter ] --START--
INFO: Run Behavior\ContentReplaceBehavior [ RunTime:0.000041s ]
INFO: [ template_filter ] --END-- [ RunTime:0.000107s ]
INFO: Run Behavior\ParseTemplateBehavior [ RunTime:0.006565s ]
INFO: [ view_parse ] --END-- [ RunTime:0.006637s ]
INFO: [ view_filter ] --START--
INFO: Run Behavior\WriteHtmlCacheBehavior [ RunTime:0.000303s ]
INFO: [ view_filter ] --END-- [ RunTime:0.000348s ]
INFO: [ app_end ] --START--
INFO: Run Behavior\ShowPageTraceBehavior [ RunTime:0.000626s ]
INFO: [ app_end ] --END-- [ RunTime:0.000677s ]

[ 2016-02-28T19:08:18+08:00 ] 127.0.0.1 /js(object)/2-28/index.php
INFO: [ app_init ] --START--
INFO: Run Behavior\BuildLiteBehavior [ RunTime:0.000055s ]
INFO: [ app_init ] --END-- [ RunTime:0.001071s ]

[ 2016-02-28T19:28:21+08:00 ] 127.0.0.1 /js(object)/2-28/index.php
INFO: [ app_init ] --START--
INFO: Run Behavior\BuildLiteBehavior [ RunTime:0.000014s ]
INFO: [ app_init ] --END-- [ RunTime:0.000389s ]

[ 2016-02-28T19:28:22+08:00 ] 127.0.0.1 /js(object)/2-28/index.php
INFO: [ app_init ] --START--
INFO: Run Behavior\BuildLiteBehavior [ RunTime:0.000014s ]
INFO: [ app_init ] --END-- [ RunTime:0.000350s ]

[ 2016-02-28T19:28:25+08:00 ] 127.0.0.1 /js(object)/2-28/index.php
INFO: [ app_init ] --START--
INFO: Run Behavior\BuildLiteBehavior [ RunTime:0.000014s ]
INFO: [ app_init ] --END-- [ RunTime:0.000379s ]

[ 2016-02-28T19:28:26+08:00 ] 127.0.0.1 /js(object)/2-28/index.php
INFO: [ app_init ] --START--
INFO: Run Behavior\BuildLiteBehavior [ RunTime:0.000016s ]
INFO: [ app_init ] --END-- [ RunTime:0.000436s ]

[ 2016-02-28T19:28:43+08:00 ] 127.0.0.1 /js(object)/2-28/index.php/Home/Index/Upload/
INFO: [ app_init ] --START--
INFO: Run Behavior\BuildLiteBehavior [ RunTime:0.000016s ]
INFO: [ app_init ] --END-- [ RunTime:0.000402s ]
ERR: 1017:Can't find file: '.\test\$this->table.frm' (errno: 22)
 [ SQL语句 ] : SHOW COLUMNS FROM `$this->table`

[ 2016-02-28T19:29:20+08:00 ] 127.0.0.1 /js(object)/2-28/index.php/Home/Index/Upload/
INFO: [ app_init ] --START--
INFO: Run Behavior\BuildLiteBehavior [ RunTime:0.000017s ]
INFO: [ app_init ] --END-- [ RunTime:0.000428s ]
ERR: 1017:Can't find file: '.\test\$this->table.frm' (errno: 22)
 [ SQL语句 ] : SHOW COLUMNS FROM `$this->table`

[ 2016-02-28T19:30:48+08:00 ] 127.0.0.1 /js(object)/2-28/index.php/Home/Index/Upload/
INFO: [ app_init ] --START--
INFO: Run Behavior\BuildLiteBehavior [ RunTime:0.000016s ]
INFO: [ app_init ] --END-- [ RunTime:0.000429s ]

[ 2016-02-28T19:31:00+08:00 ] 127.0.0.1 /js(object)/2-28/index.php
INFO: [ app_init ] --START--
INFO: Run Behavior\BuildLiteBehavior [ RunTime:0.000013s ]
INFO: [ app_init ] --END-- [ RunTime:0.000293s ]

[ 2016-02-28T19:31:07+08:00 ] 127.0.0.1 /js(object)/2-28/index.php
INFO: [ app_init ] --START--
INFO: Run Behavior\BuildLiteBehavior [ RunTime:0.000020s ]
INFO: [ app_init ] --END-- [ RunTime:0.000383s ]

[ 2016-02-28T19:31:07+08:00 ] 127.0.0.1 /js(object)/2-28/index.php
INFO: [ app_init ] --START--
INFO: Run Behavior\BuildLiteBehavior [ RunTime:0.000032s ]
INFO: [ app_init ] --END-- [ RunTime:0.000640s ]

[ 2016-02-28T19:31:13+08:00 ] 127.0.0.1 /js(object)/2-28/index.php
INFO: [ app_init ] --START--
INFO: Run Behavior\BuildLiteBehavior [ RunTime:0.000014s ]
INFO: [ app_init ] --END-- [ RunTime:0.000373s ]

[ 2016-02-28T19:31:28+08:00 ] 127.0.0.1 /js(object)/2-28/index.php/Home/Index/Upload/
INFO: [ app_init ] --START--
INFO: Run Behavior\BuildLiteBehavior [ RunTime:0.000026s ]
INFO: [ app_init ] --END-- [ RunTime:0.000903s ]
ERR: 1017:Can't find file: '.\test\$this->table.frm' (errno: 22)
 [ SQL语句 ] : SHOW COLUMNS FROM `$this->table`

[ 2016-02-28T19:32:46+08:00 ] 127.0.0.1 /js(object)/2-28/index.php
INFO: [ app_init ] --START--
INFO: Run Behavior\BuildLiteBehavior [ RunTime:0.000027s ]
INFO: [ app_init ] --END-- [ RunTime:0.000590s ]

[ 2016-02-28T19:33:00+08:00 ] 127.0.0.1 /js(object)/2-28/index.php/Home/Index/add/
INFO: [ app_init ] --START--
INFO: Run Behavior\BuildLiteBehavior [ RunTime:0.000013s ]
INFO: [ app_init ] --END-- [ RunTime:0.000377s ]
ERR: 1017:Can't find file: '.\test\$this->table.frm' (errno: 22)
 [ SQL语句 ] : SHOW COLUMNS FROM `$this->table`

[ 2016-02-28T19:35:50+08:00 ] 127.0.0.1 /js(object)/2-28/index.php/Home/Index/add/
INFO: [ app_init ] --START--
INFO: Run Behavior\BuildLiteBehavior [ RunTime:0.000013s ]
INFO: [ app_init ] --END-- [ RunTime:0.000501s ]
ERR: 1017:Can't find file: '.\test\$this->table.frm' (errno: 22)
 [ SQL语句 ] : SHOW COLUMNS FROM `$this->table`

[ 2016-02-28T19:35:52+08:00 ] 127.0.0.1 /js(object)/2-28/index.php/Home/Index/add/
INFO: [ app_init ] --START--
INFO: Run Behavior\BuildLiteBehavior [ RunTime:0.000028s ]
INFO: [ app_init ] --END-- [ RunTime:0.000508s ]

[ 2016-02-28T19:35:55+08:00 ] 127.0.0.1 /js(object)/2-28/index.php/Home/Index/add/
INFO: [ app_init ] --START--
INFO: Run Behavior\BuildLiteBehavior [ RunTime:0.000021s ]
INFO: [ app_init ] --END-- [ RunTime:0.000745s ]

[ 2016-02-28T19:35:57+08:00 ] 127.0.0.1 /js(object)/2-28/index.php/Home/Index/add/
INFO: [ app_init ] --START--
INFO: Run Behavior\BuildLiteBehavior [ RunTime:0.000018s ]
INFO: [ app_init ] --END-- [ RunTime:0.000450s ]
ERR: 1017:Can't find file: '.\test\$this->table.frm' (errno: 22)
 [ SQL语句 ] : SHOW COLUMNS FROM `$this->table`

[ 2016-02-28T19:38:59+08:00 ] 127.0.0.1 /js(object)/2-28/index.php
INFO: [ app_init ] --START--
INFO: Run Behavior\BuildLiteBehavior [ RunTime:0.000024s ]
INFO: [ app_init ] --END-- [ RunTime:0.000577s ]

[ 2016-02-28T19:39:01+08:00 ] 127.0.0.1 /js(object)/2-28/index.php
INFO: [ app_init ] --START--
INFO: Run Behavior\BuildLiteBehavior [ RunTime:0.000015s ]
INFO: [ app_init ] --END-- [ RunTime:0.000363s ]

[ 2016-02-28T19:39:58+08:00 ] 127.0.0.1 /js(object)/2-28/index.php
INFO: [ app_init ] --START--
INFO: Run Behavior\BuildLiteBehavior [ RunTime:0.000015s ]
INFO: [ app_init ] --END-- [ RunTime:0.000362s ]

[ 2016-02-28T19:40:11+08:00 ] 127.0.0.1 /js(object)/2-28/index.php/Home/Index/add/
INFO: [ app_init ] --START--
INFO: Run Behavior\BuildLiteBehavior [ RunTime:0.000014s ]
INFO: [ app_init ] --END-- [ RunTime:0.000335s ]
ERR: 1017:Can't find file: '.\test\$this->table.frm' (errno: 22)
 [ SQL语句 ] : SHOW COLUMNS FROM `$this->table`

[ 2016-02-28T19:40:34+08:00 ] 127.0.0.1 /js(object)/2-28/index.php/Home/Index/add/
INFO: [ app_init ] --START--
INFO: Run Behavior\BuildLiteBehavior [ RunTime:0.000015s ]
INFO: [ app_init ] --END-- [ RunTime:0.000395s ]

[ 2016-02-28T19:40:59+08:00 ] 127.0.0.1 /js(object)/2-28/index.php/Home/Index/add/
INFO: [ app_init ] --START--
INFO: Run Behavior\BuildLiteBehavior [ RunTime:0.000023s ]
INFO: [ app_init ] --END-- [ RunTime:0.000483s ]

[ 2016-02-28T19:41:55+08:00 ] 127.0.0.1 /js(object)/2-28/index.php/Home/Index/add/
INFO: [ app_init ] --START--
INFO: Run Behavior\BuildLiteBehavior [ RunTime:0.000014s ]
INFO: [ app_init ] --END-- [ RunTime:0.000389s ]
ERR: 1017:Can't find file: '.\test\$this->table.frm' (errno: 22)
 [ SQL语句 ] : SHOW COLUMNS FROM `$this->table`

[ 2016-02-28T19:46:06+08:00 ] 127.0.0.1 /js(object)/2-28/index.php/Home/Index/add/
INFO: [ app_init ] --START--
INFO: Run Behavior\BuildLiteBehavior [ RunTime:0.000016s ]
INFO: [ app_init ] --END-- [ RunTime:0.000468s ]

[ 2016-02-28T19:47:28+08:00 ] 127.0.0.1 /js(object)/2-28/index.php/Home/Index/add/
INFO: [ app_init ] --START--
INFO: Run Behavior\BuildLiteBehavior [ RunTime:0.000015s ]
INFO: [ app_init ] --END-- [ RunTime:0.000556s ]
ERR: 1017:Can't find file: '.\test\$this->table.frm' (errno: 22)
 [ SQL语句 ] : SHOW COLUMNS FROM `$this->table`

[ 2016-02-28T19:48:00+08:00 ] 127.0.0.1 /js(object)/2-28/index.php/Home/Index/add/
INFO: [ app_init ] --START--
INFO: Run Behavior\BuildLiteBehavior [ RunTime:0.000014s ]
INFO: [ app_init ] --END-- [ RunTime:0.000397s ]

[ 2016-02-28T19:48:01+08:00 ] 127.0.0.1 /js(object)/2-28/index.php/Home/Index/show.html
INFO: [ app_init ] --START--
INFO: Run Behavior\BuildLiteBehavior [ RunTime:0.000013s ]
INFO: [ app_init ] --END-- [ RunTime:0.000340s ]
ERR: 非法操作:show

[ 2016-02-28T19:48:44+08:00 ] 127.0.0.1 /js(object)/2-28/index.php/Home/Index/add/
INFO: [ app_init ] --START--
INFO: Run Behavior\BuildLiteBehavior [ RunTime:0.000015s ]
INFO: [ app_init ] --END-- [ RunTime:0.000494s ]

[ 2016-02-28T19:48:45+08:00 ] 127.0.0.1 /js(object)/2-28/index.php/Home/Index/show.html
INFO: [ app_init ] --START--
INFO: Run Behavior\BuildLiteBehavior [ RunTime:0.000026s ]
INFO: [ app_init ] --END-- [ RunTime:0.000671s ]
ERR: 非法操作:show

[ 2016-02-28T20:12:49+08:00 ] 127.0.0.1 /js(object)/2-28/index.php
INFO: [ app_init ] --START--
INFO: Run Behavior\BuildLiteBehavior [ RunTime:0.000023s ]
INFO: [ app_init ] --END-- [ RunTime:0.000610s ]

[ 2016-02-28T20:13:05+08:00 ] 127.0.0.1 /js(object)/2-28/index.php/Home/Index/add/
INFO: [ app_init ] --START--
INFO: Run Behavior\BuildLiteBehavior [ RunTime:0.000013s ]
INFO: [ app_init ] --END-- [ RunTime:0.000308s ]

[ 2016-02-28T20:13:07+08:00 ] 127.0.0.1 /js(object)/2-28/index.php/Home/Index/show.html
INFO: [ app_init ] --START--
INFO: Run Behavior\BuildLiteBehavior [ RunTime:0.000037s ]
INFO: [ app_init ] --END-- [ RunTime:0.000848s ]

[ 2016-02-28T20:13:09+08:00 ] 127.0.0.1 /js(object)/2-28/index.php/Home/Index/show.html
INFO: [ app_init ] --START--
INFO: Run Behavior\BuildLiteBehavior [ RunTime:0.000018s ]
INFO: [ app_init ] --END-- [ RunTime:0.000378s ]

[ 2016-02-28T20:14:01+08:00 ] 127.0.0.1 /js(object)/2-28/index.php/Home/Index/show.html
INFO: [ app_init ] --START--
INFO: Run Behavior\BuildLiteBehavior [ RunTime:0.000015s ]
INFO: [ app_init ] --END-- [ RunTime:0.000386s ]

[ 2016-02-28T20:14:03+08:00 ] 127.0.0.1 /js(object)/2-28/index.php/Home/Index/show.html
INFO: [ app_init ] --START--
INFO: Run Behavior\BuildLiteBehavior [ RunTime:0.000027s ]
INFO: [ app_init ] --END-- [ RunTime:0.000582s ]

[ 2016-02-28T20:16:08+08:00 ] 127.0.0.1 /js(object)/2-28/index.php/Home/Index/show.html
INFO: [ app_init ] --START--
INFO: Run Behavior\BuildLiteBehavior [ RunTime:0.000017s ]
INFO: [ app_init ] --END-- [ RunTime:0.000477s ]

[ 2016-02-28T20:16:08+08:00 ] 127.0.0.1 /js(object)/2-28/index.php/Home/Index./Public/Uploads/2016-02-28/56d2de700fc4a.jpg
INFO: [ app_init ] --START--
INFO: Run Behavior\BuildLiteBehavior [ RunTime:0.000023s ]
INFO: [ app_init ] --END-- [ RunTime:0.000513s ]

[ 2016-02-28T20:16:08+08:00 ] 127.0.0.1 /js(object)/2-28/index.php/Home/Index./Public/Uploads/2016-02-28/56d2de701293d.jpg
INFO: [ app_init ] --START--
INFO: Run Behavior\BuildLiteBehavior [ RunTime:0.000094s ]
INFO: [ app_init ] --END-- [ RunTime:0.001193s ]

[ 2016-02-28T20:16:08+08:00 ] 127.0.0.1 /js(object)/2-28/index.php/Home/Index./Public/Uploads/2016-02-28/56d2de7010666.jpg
INFO: [ app_init ] --START--
INFO: Run Behavior\BuildLiteBehavior [ RunTime:0.000021s ]
INFO: [ app_init ] --END-- [ RunTime:0.000607s ]

[ 2016-02-28T20:16:08+08:00 ] 127.0.0.1 /js(object)/2-28/index.php/Home/Index./Public/Uploads/2016-02-28/56d2de9c854fa.jpg
INFO: [ app_init ] --START--
INFO: Run Behavior\BuildLiteBehavior [ RunTime:0.000021s ]
INFO: [ app_init ] --END-- [ RunTime:0.000555s ]

[ 2016-02-28T20:16:08+08:00 ] 127.0.0.1 /js(object)/2-28/index.php/Home/Index./Public/Uploads/2016-02-28/56d2de9c85dc2.jpg
INFO: [ app_init ] --START--
INFO: Run Behavior\BuildLiteBehavior [ RunTime:0.000027s ]
INFO: [ app_init ] --END-- [ RunTime:0.000625s ]

[ 2016-02-28T20:16:08+08:00 ] 127.0.0.1 /js(object)/2-28/index.php/Home/Index./Public/Uploads/2016-02-28/56d2de9c86eef.jpg
INFO: [ app_init ] --START--
INFO: Run Behavior\BuildLiteBehavior [ RunTime:0.000022s ]
INFO: [ app_init ] --END-- [ RunTime:0.000532s ]

[ 2016-02-28T20:16:08+08:00 ] 127.0.0.1 /js(object)/2-28/index.php/Home/Index./Public/Uploads/2016-02-28/56d2e451c5984.jpg
INFO: [ app_init ] --START--
INFO: Run Behavior\BuildLiteBehavior [ RunTime:0.000029s ]
INFO: [ app_init ] --END-- [ RunTime:0.000669s ]

[ 2016-02-28T20:16:08+08:00 ] 127.0.0.1 /js(object)/2-28/index.php/Home/Index./Public/Uploads/2016-02-28/56d2de7011805.jpg
INFO: [ app_init ] --START--
INFO: Run Behavior\BuildLiteBehavior [ RunTime:0.000023s ]
INFO: [ app_init ] --END-- [ RunTime:0.000632s ]

[ 2016-02-28T20:16:08+08:00 ] 127.0.0.1 /js(object)/2-28/index.php/Home/Index./Public/Uploads/2016-02-28/56d2e451c4f84.jpg
INFO: [ app_init ] --START--
INFO: Run Behavior\BuildLiteBehavior [ RunTime:0.000021s ]
INFO: [ app_init ] --END-- [ RunTime:0.000524s ]

[ 2016-02-28T20:16:08+08:00 ] 127.0.0.1 /js(object)/2-28/index.php/Home/Index./Public/Uploads/2016-02-28/56d2e451c62bd.jpg
INFO: [ app_init ] --START--
INFO: Run Behavior\BuildLiteBehavior [ RunTime:0.000036s ]
INFO: [ app_init ] --END-- [ RunTime:0.000703s ]

[ 2016-02-28T20:16:08+08:00 ] 127.0.0.1 /js(object)/2-28/index.php/Home/Index./Public/Uploads/2016-02-28/56d2e451c6ba1.jpg
INFO: [ app_init ] --START--
INFO: Run Behavior\BuildLiteBehavior [ RunTime:0.000021s ]
INFO: [ app_init ] --END-- [ RunTime:0.000545s ]

[ 2016-02-28T20:16:08+08:00 ] 127.0.0.1 /js(object)/2-28/index.php/Home/Index./Public/Uploads/2016-02-28/56d2de9c86689.jpg
INFO: [ app_init ] --START--
INFO: Run Behavior\BuildLiteBehavior [ RunTime:0.000023s ]
INFO: [ app_init ] --END-- [ RunTime:0.000728s ]

[ 2016-02-28T20:16:43+08:00 ] 127.0.0.1 /js(object)/2-28/index.php/Home/Index/show.html
INFO: [ app_init ] --START--
INFO: Run Behavior\BuildLiteBehavior [ RunTime:0.000016s ]
INFO: [ app_init ] --END-- [ RunTime:0.000362s ]

[ 2016-02-28T20:17:34+08:00 ] 127.0.0.1 /js(object)/2-28/index.php/Home/Index/show.html
INFO: [ app_init ] --START--
INFO: Run Behavior\BuildLiteBehavior [ RunTime:0.000019s ]
INFO: [ app_init ] --END-- [ RunTime:0.000546s ]

[ 2016-02-28T20:17:38+08:00 ] 127.0.0.1 /js(object)/2-28/index.php/Home/Index/show.html
INFO: [ app_init ] --START--
INFO: Run Behavior\BuildLiteBehavior [ RunTime:0.000078s ]
INFO: [ app_init ] --END-- [ RunTime:0.001163s ]

[ 2016-02-28T20:21:14+08:00 ] 127.0.0.1 /js(object)/2-28/index.php/Home/Index/show.html
INFO: [ app_init ] --START--
INFO: Run Behavior\BuildLiteBehavior [ RunTime:0.000016s ]
INFO: [ app_init ] --END-- [ RunTime:0.000428s ]

[ 2016-02-28T20:21:15+08:00 ] 127.0.0.1 /js(object)/2-28/index.php/Home/Index/show.html
INFO: [ app_init ] --START--
INFO: Run Behavior\BuildLiteBehavior [ RunTime:0.000016s ]
INFO: [ app_init ] --END-- [ RunTime:0.000368s ]

[ 2016-02-28T22:40:07+08:00 ] 127.0.0.1 /js(object)/2-28/index.php
INFO: [ app_init ] --START--
INFO: Run Behavior\BuildLiteBehavior [ RunTime:0.000022s ]
INFO: [ app_init ] --END-- [ RunTime:0.000514s ]

[ 2016-02-28T22:40:44+08:00 ] 127.0.0.1 /js(object)/2-28/index.php/Home/Index/add/
INFO: [ app_init ] --START--
INFO: Run Behavior\BuildLiteBehavior [ RunTime:0.000014s ]
INFO: [ app_init ] --END-- [ RunTime:0.000336s ]

[ 2016-02-28T22:40:45+08:00 ] 127.0.0.1 /js(object)/2-28/index.php/Home/Index/show.html
INFO: [ app_init ] --START--
INFO: Run Behavior\BuildLiteBehavior [ RunTime:0.000040s ]
INFO: [ app_init ] --END-- [ RunTime:0.001071s ]

[ 2016-02-28T22:40:51+08:00 ] 127.0.0.1 /js(object)/2-28/index.php/Home/Index/show.html
INFO: [ app_init ] --START--
INFO: Run Behavior\BuildLiteBehavior [ RunTime:0.000014s ]
INFO: [ app_init ] --END-- [ RunTime:0.000422s ]

[ 2016-02-28T22:40:54+08:00 ] 127.0.0.1 /js(object)/2-28/index.php/Home/Index/show/p/2.html
INFO: [ app_init ] --START--
INFO: Run Behavior\BuildLiteBehavior [ RunTime:0.000029s ]
INFO: [ app_init ] --END-- [ RunTime:0.000564s ]

[ 2016-02-28T22:40:58+08:00 ] 127.0.0.1 /js(object)/2-28/index.php/Home/Index/show/p/1.html
INFO: [ app_init ] --START--
INFO: Run Behavior\BuildLiteBehavior [ RunTime:0.000015s ]
INFO: [ app_init ] --END-- [ RunTime:0.000440s ]

[ 2016-02-28T22:48:29+08:00 ] 127.0.0.1 /js(object)/2-28/index.php/Home/Index/show/p/1.html
INFO: [ app_init ] --START--
INFO: Run Behavior\BuildLiteBehavior [ RunTime:0.000054s ]
INFO: [ app_init ] --END-- [ RunTime:0.000997s ]

[ 2016-02-28T22:48:59+08:00 ] 127.0.0.1 /js(object)/2-28/index.php/Home/Index/show/p/1.html
INFO: [ app_init ] --START--
INFO: Run Behavior\BuildLiteBehavior [ RunTime:0.000032s ]
INFO: [ app_init ] --END-- [ RunTime:0.000570s ]

[ 2016-02-28T22:49:01+08:00 ] 127.0.0.1 /js(object)/2-28/index.php/Home/Index/show/p/2.html
INFO: [ app_init ] --START--
INFO: Run Behavior\BuildLiteBehavior [ RunTime:0.000016s ]
INFO: [ app_init ] --END-- [ RunTime:0.000433s ]

[ 2016-02-28T22:49:05+08:00 ] 127.0.0.1 /js(object)/2-28/index.php/Home/Index/show/p/1.html
INFO: [ app_init ] --START--
INFO: Run Behavior\BuildLiteBehavior [ RunTime:0.000017s ]
INFO: [ app_init ] --END-- [ RunTime:0.000433s ]

[ 2016-02-28T23:25:22+08:00 ] 127.0.0.1 /js(object)/2-28/index.php
INFO: [ app_init ] --START--
INFO: Run Behavior\BuildLiteBehavior [ RunTime:0.000013s ]
INFO: [ app_init ] --END-- [ RunTime:0.000462s ]

[ 2016-02-28T23:25:28+08:00 ] 127.0.0.1 /js(object)/2-28/index.php
INFO: [ app_init ] --START--
INFO: Run Behavior\BuildLiteBehavior [ RunTime:0.000049s ]
INFO: [ app_init ] --END-- [ RunTime:0.000782s ]

[ 2016-02-28T23:25:59+08:00 ] 127.0.0.1 /js(object)/2-28/index.php/Home/Index/add/
INFO: [ app_init ] --START--
INFO: Run Behavior\BuildLiteBehavior [ RunTime:0.000021s ]
INFO: [ app_init ] --END-- [ RunTime:0.000439s ]

[ 2016-02-28T23:26:01+08:00 ] 127.0.0.1 /js(object)/2-28/index.php/Home/Index/show.html
INFO: [ app_init ] --START--
INFO: Run Behavior\BuildLiteBehavior [ RunTime:0.000042s ]
INFO: [ app_init ] --END-- [ RunTime:0.001271s ]

[ 2016-02-28T23:26:03+08:00 ] 127.0.0.1 /js(object)/2-28/index.php/Home/Index/show/p/2.html
INFO: [ app_init ] --START--
INFO: Run Behavior\BuildLiteBehavior [ RunTime:0.000019s ]
INFO: [ app_init ] --END-- [ RunTime:0.000444s ]

[ 2016-02-28T23:39:55+08:00 ] 127.0.0.1 /js(object)/2-28/index.php/Home/Index/show/p/2.html
INFO: [ app_init ] --START--
INFO: Run Behavior\BuildLiteBehavior [ RunTime:0.000024s ]
INFO: [ app_init ] --END-- [ RunTime:0.000645s ]

[ 2016-02-28T23:39:57+08:00 ] 127.0.0.1 /js(object)/2-28/index.php/Home/Index/show/p/2.html
INFO: [ app_init ] --START--
INFO: Run Behavior\BuildLiteBehavior [ RunTime:0.000021s ]
INFO: [ app_init ] --END-- [ RunTime:0.000525s ]

[ 2016-02-28T23:40:00+08:00 ] 127.0.0.1 /js(object)/2-28/index.php/Home/Index/show_one/id/5
INFO: [ app_init ] --START--
INFO: Run Behavior\BuildLiteBehavior [ RunTime:0.000015s ]
INFO: [ app_init ] --END-- [ RunTime:0.000346s ]

[ 2016-02-28T23:40:32+08:00 ] 127.0.0.1 /js(object)/2-28/index.php/Home/Index/update/
INFO: [ app_init ] --START--
INFO: Run Behavior\BuildLiteBehavior [ RunTime:0.000015s ]
INFO: [ app_init ] --END-- [ RunTime:0.000402s ]

[ 2016-02-28T23:40:42+08:00 ] 127.0.0.1 /js(object)/2-28/index.php/Home/Index/show_one/id/5
INFO: [ app_init ] --START--
INFO: Run Behavior\BuildLiteBehavior [ RunTime:0.000027s ]
INFO: [ app_init ] --END-- [ RunTime:0.000752s ]

[ 2016-02-28T23:41:46+08:00 ] 127.0.0.1 /js(object)/2-28/index.php/Home/Index/show_one/id/5
INFO: [ app_init ] --START--
INFO: Run Behavior\BuildLiteBehavior [ RunTime:0.000028s ]
INFO: [ app_init ] --END-- [ RunTime:0.001090s ]

[ 2016-02-28T23:41:49+08:00 ] 127.0.0.1 /js(object)/2-28/index.php/Home/Index/show_one/id/5
INFO: [ app_init ] --START--
INFO: Run Behavior\BuildLiteBehavior [ RunTime:0.000041s ]
INFO: [ app_init ] --END-- [ RunTime:0.001182s ]

[ 2016-02-28T23:42:16+08:00 ] 127.0.0.1 /js(object)/2-28/index.php/Home/Index/update/
INFO: [ app_init ] --START--
INFO: Run Behavior\BuildLiteBehavior [ RunTime:0.000019s ]
INFO: [ app_init ] --END-- [ RunTime:0.000579s ]

[ 2016-02-28T23:42:17+08:00 ] 127.0.0.1 /js(object)/2-28/index.php/Home/Index/show.html
INFO: [ app_init ] --START--
INFO: Run Behavior\BuildLiteBehavior [ RunTime:0.000040s ]
INFO: [ app_init ] --END-- [ RunTime:0.000894s ]

[ 2016-02-28T23:42:20+08:00 ] 127.0.0.1 /js(object)/2-28/index.php/Home/Index/show/p/2.html
INFO: [ app_init ] --START--
INFO: Run Behavior\BuildLiteBehavior [ RunTime:0.000020s ]
INFO: [ app_init ] --END-- [ RunTime:0.000496s ]

[ 2016-02-28T23:42:25+08:00 ] 127.0.0.1 /js(object)/2-28/index.php/Home/Index/delete/id/5
INFO: [ app_init ] --START--
INFO: Run Behavior\BuildLiteBehavior [ RunTime:0.000026s ]
INFO: [ app_init ] --END-- [ RunTime:0.000655s ]

[ 2016-02-28T23:42:26+08:00 ] 127.0.0.1 /js(object)/2-28/index.php/Home/Index/show.html
INFO: [ app_init ] --START--
INFO: Run Behavior\BuildLiteBehavior [ RunTime:0.000016s ]
INFO: [ app_init ] --END-- [ RunTime:0.000479s ]

[ 2016-02-28T23:42:28+08:00 ] 127.0.0.1 /js(object)/2-28/index.php/Home/Index/show/p/2.html
INFO: [ app_init ] --START--
INFO: Run Behavior\BuildLiteBehavior [ RunTime:0.000016s ]
INFO: [ app_init ] --END-- [ RunTime:0.000508s ]

[ 2016-02-28T23:42:32+08:00 ] 127.0.0.1 /js(object)/2-28/index.php/Home/Index/show/p/2.html
INFO: [ app_init ] --START--
INFO: Run Behavior\BuildLiteBehavior [ RunTime:0.000019s ]
INFO: [ app_init ] --END-- [ RunTime:0.000536s ]

